-------------start-pca---------------------
1)agra_fort(id:10)===>0.0
2)neues_museum(id:6)===>874.279740767923
3)brandenburg_gate(id:20)===>874.3872664129804
4)altes_museum(id:12)===>874.8991712774995
5)castillo_de_san_marcos(id:24)===>876.8490448900275
6)berlin_cathedral(id:18)===>877.9951156254908
-------------end-pca---------------------
-------------start-svd---------------------
1)agra_fort(id:10)===>0.0
2)castillo_de_san_marcos(id:24)===>0.994814092928357
3)bok_tower_gardens(id:19)===>0.9998970887084152
4)big_ben(id:2)===>0.9999363313405644
5)neues_museum(id:6)===>0.9999802316934301
6)altes_museum(id:12)===>0.9999890715396516
-------------end-svd---------------------
-------------start-lda---------------------
1)agra_fort(id:10)===>0.0
2)cologne_cathedral(id:29)===>14.474515860602114
3)civic_center_san_francisco(id:28)===>40.19820001268788
4)neues_museum(id:6)===>60.537406555121386
5)castillo_de_san_marcos(id:24)===>60.930558186708524
6)big_ben(id:2)===>61.28213178214181
-------------end-lda---------------------
-------------------------------------------------------
Total execution time 0.24 sec
