Total execution time till reading dataframe 2.9822943210601807
----------------Topic-1-----------------
"moulage" ===> 0.003973959367170778
"zodiaque" ===> 0.0022353738763521975
"thinker" ===> 0.001987004520520972
"reel" ===> 0.001987004520520972
"prêcheur" ===> 0.001987004520520972
"pince" ===> 0.001987004520520972
"waterfall" ===> 0.0014902658088585205
"fleche" ===> 0.0014902658088585205
"砲" ===> 0.0014902658088585205
"l'architecture" ===> 0.0014902658088585205
------------------------------------
----------------Topic-2-----------------
"skelett" ===> 0.00510990579278693
"exemplar" ===> 0.004846348400529193
"archaeopteryx" ===> 0.0034066169741660264
"whistle" ===> 0.0023602547899785886
"brandhorst" ===> 0.0022186418627953264
"poseidon" ===> 0.0021635701688907244
"coyolxhauhqui" ===> 0.00196688554780286
"eh" ===> 0.00196688554780286
"solnhofen" ===> 0.0019590181629593455
"câmara" ===> 0.0019590181629593455
------------------------------------
----------------Topic-3-----------------
"martigue" ===> 0.005992815683428352
"walnut" ===> 0.003664855190715744
"wilcox" ===> 0.0027659397529356277
"哥" ===> 0.0025677173743482175
"kaua'i" ===> 0.0022957378316352593
"mp3" ===> 0.0018439752013662781
"coji" ===> 0.0018439752013662781
"canal" ===> 0.0018439752013662781
"brauhaus" ===> 0.0018439752013662781
"spencer" ===> 0.0018393653786084312
------------------------------------
----------------Topic-4-----------------
"cwt" ===> 0.00404206565566437
"beulé" ===> 0.002526309981736155
"weigh" ===> 0.0020210580904267503
"kite" ===> 0.0020210580904267503
"l'alte" ===> 0.0020210580904267503
"vento" ===> 0.0020210580904267503
"kap" ===> 0.0015158061991173454
"キリスト" ===> 0.0015158061991173454
"dassel" ===> 0.0015158061991173454
"pipa" ===> 0.0015158061991173454
------------------------------------
----------------Topic-5-----------------
"provence" ===> 0.003177420617762197
"aix" ===> 0.002931523815732073
"cabin" ===> 0.0028929517683547986
"thommanon" ===> 0.0019286505839229396
"underwood" ===> 0.0019286505839229396
"arsinoe" ===> 0.0019286505839229396
"stanley" ===> 0.0019286505839229396
"download" ===> 0.0018804355247013466
"lodge" ===> 0.0018081129358689572
"pilgrim" ===> 0.001740611852958727
------------------------------------
----------------Topic-6-----------------
"belgian" ===> 0.009436047554394304
"belgium" ===> 0.007228241141103609
"martyr" ===> 0.0059016063596270185
"brussel" ===> 0.003992943083335946
"knock" ===> 0.003901899519901278
"martelaarsplaat" ===> 0.003901899519901278
"1830" ===> 0.003241833684999936
"jenneval" ===> 0.003219072794141269
"dutch" ===> 0.0030857590048262197
"heaven'" ===> 0.002926432768815551
------------------------------------
----------------Topic-7-----------------
"guacharaca" ===> 0.006756304070289682
"su" ===> 0.0035920802059716014
"lópez" ===> 0.002809096239545954
"marienkirche" ===> 0.0024216402561600663
"ave" ===> 0.002332848259967467
"lo" ===> 0.0022400202639479313
"gable" ===> 0.0020180402734664336
"bando" ===> 0.002001896274158688
"digiensemble" ===> 0.001997860274331752
"ruficauda" ===> 0.0016991962871384634
------------------------------------
----------------Topic-8-----------------
"infrared" ===> 0.0031728630891061397
"comalcalco" ===> 0.001813084047761242
"lamb" ===> 0.001813084047761242
"elder" ===> 0.001813084047761242
"liturgy" ===> 0.001813084047761242
"congress" ===> 0.001813084047761242
"mètre" ===> 0.001776823273325378
"secretary" ===> 0.0013598243673129426
"bladderpod" ===> 0.0013598243673129426
"sing" ===> 0.0013598243673129426
------------------------------------
----------------Topic-9-----------------
"maraca" ===> 0.00653038669171939
"totumo" ===> 0.003918245763141785
"alvarado" ===> 0.0037807646616377
"lo" ===> 0.003230840255621362
"tapara" ===> 0.00316209970486932
"indígena" ===> 0.0030933591541172775
"indio" ===> 0.0030933591541172775
"calcaño" ===> 0.002749656400357066
"piache" ===> 0.002749656400357066
"1984" ===> 0.002749656400357066
------------------------------------
----------------Topic-10-----------------
"footbridge" ===> 0.00328660820849719
"metope" ===> 0.0031222798521767844
"astor" ===> 0.0020459291182781283
"charing" ===> 0.001643324645293135
"temperature" ===> 0.001643324645293135
"kléber" ===> 0.001643324645293135
"holocaust" ===> 0.0016268918096610943
"doric" ===> 0.0015200783780528308
"ansley" ===> 0.0012325037544921212
"randy" ===> 0.0012325037544921212
------------------------------------
Total execution time 30.066791534423828 sec
