Total execution time till reading dataframe 8.004452228546143
----------------pc1-----------------
"maraca" ===> 0.3463252330037371
"totumo" ===> 0.20780268121000514
"alvarado" ===> 0.20050408226532132
"lo" ===> 0.17823914592127313
"tapara" ===> 0.16769987739534015
"indígena" ===> 0.16404879458071758
"indio" ===> 0.16404879458071758
"piache" ===> 0.14582115073841545
"1984" ===> 0.14582115073841545
"calcaño" ===> 0.14582115073841545
------------------------------------
----------------pc2-----------------
"knock" ===> 0.6977755239973373
"heaven'" ===> 0.5233316429980025
"knockin" ===> 0.46518368266489135
"mama" ===> 0.11629592066622284
"comin" ===> 0.05814796033311142
"gettin" ===> 0.05814796033311142
"badge" ===> 0.029098544175754422
"157" ===> 0.029096191941820917
"dylan" ===> 0.01939924514808507
"bob" ===> 0.009698663115504455
------------------------------------
----------------pc3-----------------
"martigue" ===> 0.759259927263813
"canal" ===> 0.2336184391580964
"d'azur" ===> 0.17521382936857255
"marseille" ===> 0.1172050198276316
"martegue" ===> 0.1168092195790482
"ziem" ===> 0.1168092195790482
"berre" ===> 0.1168092195790482
"camargue" ===> 0.1168092195790482
"côte" ===> 0.1168092195790482
"norm" ===> 0.1168092195790482
------------------------------------
----------------pc4-----------------
"skelett" ===> 0.47018645986896057
"exemplar" ===> 0.44659517195010673
"archaeopteryx" ===> 0.31385609046929935
"solnhofen" ===> 0.18084094610344648
"urvogel" ===> 0.14467275688275746
"jura" ===> 0.1357954523982083
"eichstätt" ===> 0.12135753184894758
"fund" ===> 0.10859607721070241
"plattenkalken" ===> 0.10850456766206794
"schädel" ===> 0.10850456766206794
------------------------------------
----------------pc5-----------------
"belgian" ===> 0.48463009863725093
"belgium" ===> 0.37177744811999436
"martyr" ===> 0.3027645178884708
"martelaarsplaat" ===> 0.20007154550605483
"brussel" ===> 0.19784009414790157
"1830" ===> 0.16673100374625158
"jenneval" ===> 0.16672628792171215
"dutch" ===> 0.15838695925023955
"territory" ===> 0.125055446601646
"flemish" ===> 0.11670840154519847
------------------------------------
----------------pc6-----------------
"π.χ" ===> 0.3540506965881392
"και" ===> 0.2836588939327882
"ο" ===> 0.2124304179528835
"που" ===> 0.2124304179528835
"β" ===> 0.2124304179528835
"την" ===> 0.1419434406520221
"σε" ===> 0.14162027863525584
"έργο" ===> 0.14162027863525584
"ένα" ===> 0.14162027863525584
"με" ===> 0.14162027863525584
------------------------------------
----------------pc7-----------------
"guacharaca" ===> 0.4229244568188472
"su" ===> 0.19636731028415308
"lópez" ===> 0.17178453944517327
"ave" ===> 0.1352791370358392
"ejemplar" ===> 0.13094099006510893
"bando" ===> 0.12270324246083783
"ruficauda" ===> 0.10094168388100411
"ceballo" ===> 0.09816259396867054
"loreto" ===> 0.09816259396867054
"gallo" ===> 0.09382461113197954
------------------------------------
----------------pc8-----------------
"footbridge" ===> 0.607397996606034
"charing" ===> 0.303698998303017
"suspension" ===> 0.22777424872726273
"upstream" ===> 0.22777424872726273
"bridge'" ===> 0.22777424872726273
"renata" ===> 0.1518494991515085
"railtrack" ===> 0.1518494991515085
"brunel" ===> 0.1518494991515085
"márcio" ===> 0.1518494991515085
"railway" ===> 0.08210081913924742
------------------------------------
----------------pc9-----------------
"moulage" ===> 0.618025322373027
"l'architecture" ===> 0.23175949588988484
"cité" ===> 0.23175949588988484
"victoire" ===> 0.15450633059325675
"dossier" ===> 0.15450633059325675
"geste" ===> 0.15450633059325675
"surmoulage" ===> 0.15450633059325675
"cri" ===> 0.15450633059325675
"l'éphèbe" ===> 0.15450633059325675
"maquette" ===> 0.07791825672548669
------------------------------------
----------------pc10-----------------
"zodiaque" ===> 0.35295743188340933
"gény" ===> 0.23422399398986943
"quatre" ===> 0.19563719354784165
"oiseaux" ===> 0.1561493293265798
"calendrier" ===> 0.1561493293265798
"cardinaux" ===> 0.1561493293265798
"ptolémaïque" ===> 0.1561493293265798
"verseau" ===> 0.1561493293265798
"symboliseraient" ===> 0.1561493293265798
"représenté" ===> 0.1561493293265798
------------------------------------
Total execution time 36.92482304573059 sec
