Total execution time till reading dataframe 6.628087997436523
----------------sv1-----------------
"zodiaque" ===> 0.35250073024416423
"gény" ===> 0.2339188143858139
"quatre" ===> 0.19538858519124777
"faucon" ===> 0.15594587625720926
"symboliseraient" ===> 0.15594587625720926
"ptolémaïque" ===> 0.15594587625720926
"verseau" ===> 0.15594587625720926
"cardinaux" ===> 0.15594587625720926
"oiseaux" ===> 0.15594587625720926
"représenté" ===> 0.15594587625720926
------------------------------------
----------------sv2-----------------
"guacharaca" ===> 0.001364773621120621
"su" ===> 0.0006791534990696883
"lópez" ===> 0.0005509995573111604
"ejemplar" ===> 0.00046041657524718946
"ave" ===> 0.0004365254989392974
"bando" ===> 0.00039357111236511445
"belgian" ===> 0.00039142598819094773
"lo" ===> 0.00035597465149516414
"ruficauda" ===> 0.00032133656619603545
"ceballo" ===> 0.0003148568898920917
------------------------------------
----------------sv3-----------------
"guacharaca" ===> 0.0014489483836746238
"belgian" ===> 0.0007716316103365266
"su" ===> 0.0006783943669766124
"lópez" ===> 0.000585742948538614
"belgium" ===> 0.0004853108483430991
"ejemplar" ===> 0.000479424794752315
"martyr" ===> 0.00047711844313326517
"ave" ===> 0.00046176902276645436
"bando" ===> 0.00041838782038472423
"ruficauda" ===> 0.0003435450371041819
------------------------------------
----------------sv4-----------------
"guacharaca" ===> 0.42286238431988504
"su" ===> 0.19627536563098566
"lópez" ===> 0.17175397957977762
"ave" ===> 0.13526046935092104
"ejemplar" ===> 0.13098513223315825
"bando" ===> 0.12268141398555543
"ruficauda" ===> 0.10091964488416627
"ceballo" ===> 0.09814513118844434
"loreto" ===> 0.09814513118844434
"gallo" ===> 0.09383697570911774
------------------------------------
----------------sv5-----------------
"martigue" ===> 0.00042123801595453375
"canal" ===> 0.00012961169721677963
"d'azur" ===> 9.720877291258472e-05
"belgian" ===> 7.330965506847712e-05
"marseille" ===> 6.513387822467742e-05
"ziem" ===> 6.480584860838982e-05
"norm" ===> 6.480584860838982e-05
"martegue" ===> 6.480584860838982e-05
"etang" ===> 6.480584860838982e-05
"provençale" ===> 6.480584860838982e-05
------------------------------------
----------------sv6-----------------
"skelett" ===> 0.00101718148542525
"exemplar" ===> 0.0009662138162891455
"archaeopteryx" ===> 0.0006790209404456045
"martigue" ===> 0.0006506830649174151
"solnhofen" ===> 0.0003912236482404809
"maraca" ===> 0.00037017420185443613
"urvogel" ===> 0.0003129789185923846
"jura" ===> 0.0002767357755858589
"eichstätt" ===> 0.00026261566581786287
"feder" ===> 0.0002347341889442885
------------------------------------
----------------sv7-----------------
"skelett" ===> 0.47020691820499433
"exemplar" ===> 0.44661440270736963
"archaeopteryx" ===> 0.31386960940302594
"solnhofen" ===> 0.18084881469422862
"urvogel" ===> 0.14467905175538287
"jura" ===> 0.13581608051013275
"eichstätt" ===> 0.1213625376622118
"fund" ===> 0.10861967110674686
"altmühltal" ===> 0.10850928881653718
"schädel" ===> 0.10850928881653718
------------------------------------
----------------sv8-----------------
"maraca" ===> 0.00027264125687257926
"totumo" ===> 0.00016363665858758203
"alvarado" ===> 0.000157844938189388
"tapara" ===> 0.00013194473238147008
"indio" ===> 0.00012914585851859015
"indígena" ===> 0.00012914585851859015
"calcaño" ===> 0.00011479631868319126
"piache" ===> 0.00011479631868319126
"1984" ===> 0.00011479631868319126
"fruto" ===> 0.00010324565271067229
------------------------------------
----------------sv9-----------------
"knock" ===> 0.6978380478906131
"heaven'" ===> 0.5233785359179598
"knockin" ===> 0.46522536526040875
"mama" ===> 0.11630634131510219
"gettin" ===> 0.058153170657551094
"comin" ===> 0.058153170657551094
"badge" ===> 0.02910498511854773
"157" ===> 0.029102116357346622
"dylan" ===> 0.019406866129783863
"bob" ===> 0.009707264509273195
------------------------------------
----------------sv10-----------------
"maraca" ===> 0.346269245069886
"totumo" ===> 0.20776908061086913
"alvarado" ===> 0.20047166819835507
"lo" ===> 0.17830320364688926
"tapara" ===> 0.16767276155504596
"indio" ===> 0.1640222739804723
"indígena" ===> 0.1640222739804723
"calcaño" ===> 0.14579757687153097
"piache" ===> 0.14579757687153097
"1984" ===> 0.14579757687153097
------------------------------------
Total execution time 30.44862699508667 sec
