Total execution time till reading dataframe 0.17789649963378906
----------------sv1-----------------
0.08333333333333333 ===> 0.1919022040270959
4.0 ===> 0.17922262213870427
0.1111111111111111 ===> 0.14228306316156974
1.1333333333333333 ===> 0.1410297162855259
0.6666666666666666 ===> 0.13563025286682995
7.0 ===> 0.12480539867680344
0.9375 ===> 0.11364192193576918
0.045454545454545456 ===> 0.10813573089963657
0.6956521739130435 ===> 0.10754910634003556
0.26666666666666666 ===> 0.1065071016479848
------------------------------------
----------------sv2-----------------
0.0625 ===> 0.1743790428607228
3.75 ===> 0.14827089302535754
1.1428571428571428 ===> 0.12800905963845272
0.05555555555555555 ===> 0.12695017663058333
0.5769230769230769 ===> 0.12493446675574671
0.6923076923076923 ===> 0.12480432310904717
4.5 ===> 0.12319606615268708
0.05263157894736842 ===> 0.12302886111377538
1.25 ===> 0.12071841372347393
0.29411764705882354 ===> 0.11621691903468254
------------------------------------
----------------sv3-----------------
0.043478260869565216 ===> 0.35729119459378494
2.25 ===> 0.20798135210736335
0.2857142857142857 ===> 0.12380049667336493
0.5769230769230769 ===> 0.1158796797933207
3.6 ===> 0.11509382663996434
0.0625 ===> 0.11426907431626238
2.75 ===> 0.113766013826452
0.05263157894736842 ===> 0.1111731785195088
0.08333333333333333 ===> 0.10928747004817739
0.07407407407407407 ===> 0.10889602194866967
------------------------------------
----------------sv4-----------------
0.6956521739130435 ===> 0.2096371813522475
14.0 ===> 0.1763548078348459
0.5 ===> 0.16196469408531924
30.0 ===> 0.15950386061868804
0.045454545454545456 ===> 0.15672384688787871
0.04 ===> 0.13861657219913626
0.3076923076923077 ===> 0.1349960577768039
1.3636363636363635 ===> 0.13344142062110734
1.1666666666666667 ===> 0.1322728233145832
2.2222222222222223 ===> 0.13088950289587564
------------------------------------
----------------sv5-----------------
0.1111111111111111 ===> 0.2038131351959746
0.18181818181818182 ===> 0.14160176777937916
0.0625 ===> 0.13761616482015954
2.3333333333333335 ===> 0.11957206156152246
0.07142857142857142 ===> 0.10612443022146958
0.125 ===> 0.10603632549144772
60.0 ===> 0.10579312634553138
0.4782608695652174 ===> 0.10411240222505129
0.25 ===> 0.10193476134526215
0.8823529411764706 ===> 0.09953974678148342
------------------------------------
----------------sv6-----------------
0.3076923076923077 ===> 0.16222357519512162
0.6956521739130435 ===> 0.1400068108662138
0.05555555555555555 ===> 0.1393153803304049
0.043478260869565216 ===> 0.12926231268829333
3.3333333333333335 ===> 0.12120044807202923
2.3333333333333335 ===> 0.11081000421949784
0.8181818181818182 ===> 0.10250118784243636
0.07142857142857142 ===> 0.10102432049465064
1.1666666666666667 ===> 0.09754985599641154
0.16666666666666666 ===> 0.09577707797447706
------------------------------------
----------------sv7-----------------
0.06666666666666667 ===> 0.2072130941824349
0.043478260869565216 ===> 0.1805692869749557
0.2 ===> 0.1653022747060693
0.1 ===> 0.1450447580891809
0.125 ===> 0.14450455600166115
0.1111111111111111 ===> 0.13887630929653463
5.0 ===> 0.13602735774163158
0.08333333333333333 ===> 0.1341941508507489
8.0 ===> 0.13188804400808954
0.16666666666666666 ===> 0.1316876678779088
------------------------------------
----------------sv8-----------------
15 ===> 0.9900794069705641
1 ===> 0.05617987500257904
17 ===> 0.05348278677720867
20 ===> 0.051459926628143665
5 ===> 0.04914813672068334
12 ===> 0.04876283840277328
19 ===> 0.04876283840277328
8 ===> 0.047968200937117914
25 ===> 0.016334562167166028
27 ===> 0.015288202360211995
------------------------------------
----------------sv9-----------------
"cabrillo" ===> 0.9139998933133043
"sandiego" ===> 0.19812136415750817
"diego" ===> 0.17170518226984038
"cabrillonationalmonument" ===> 0.13208090943833878
"pointloma" ===> 0.0752861183798531
"morro" ===> 0.06141762288882753
"hike" ===> 0.06141762288882753
"lincoln" ===> 0.05943640924725244
"1542" ===> 0.05943640924725244
"marine" ===> 0.05679479105848567
------------------------------------
----------------sv10-----------------
6.0 ===> 6.127132525794676e-17
2.75 ===> 4.8734585190798015e-17
1.6666666666666667 ===> 4.2791890304420184e-17
0.17647058823529413 ===> 3.8827834787853796e-17
4.5 ===> 3.870865153910279e-17
0.047619047619047616 ===> 3.7949521325894433e-17
0.9444444444444444 ===> 3.4067297599539354e-17
13.333333333333334 ===> 3.368374729057485e-17
pacis ===> 3.33051337640799e-17
0.15 ===> 3.043295613429414e-17
------------------------------------
Total execution time 0.26184868812561035 sec
