Total execution time till reading dataframe 0.10360217094421387
----------------pc1-----------------
0.125 ===> 0.20896909173298134
0.2 ===> 0.15163775712695907
1.0434782608695652 ===> 0.15094811246289364
4.4 ===> 0.1469623470539331
0.29411764705882354 ===> 0.14566031415667224
9.0 ===> 0.13832823490334786
0.25 ===> 0.12357096186139643
1.625 ===> 0.11369694792633771
1.92 ===> 0.10796860089455895
0.09090909090909091 ===> 0.10739251069705844
------------------------------------
----------------pc2-----------------
8.666666666666666 ===> 0.19014535627218598
0.45 ===> 0.17649642102996055
0.08695652173913043 ===> 0.14824876178322807
1.0434782608695652 ===> 0.14644520043476866
0.7777777777777778 ===> 0.14512560592033186
4.4 ===> 0.14226651556765477
0.21428571428571427 ===> 0.13336490193977468
4.5 ===> 0.13082188861356886
1.45 ===> 0.12854022777503815
0.75 ===> 0.12774095848909167
------------------------------------
----------------pc3-----------------
0.08695652173913043 ===> 0.27563622792009035
6.0 ===> 0.2126531645400475
0.7777777777777778 ===> 0.19999052357354266
0.13043478260869565 ===> 0.18650385965519523
0.06666666666666667 ===> 0.18641250012438357
2.0 ===> 0.15458413297362253
0.5 ===> 0.15194706136328173
0.45454545454545453 ===> 0.14318099298991097
8.2 ===> 0.1351640976642692
1.2307692307692308 ===> 0.13131513678810966
------------------------------------
Total execution time 0.13692545890808105 sec
