Total execution time till reading dataframe 0.2588539123535156
----------------pc1-----------------
"colosseum" ===> 0.9071237839757526
"coliseum" ===> 0.11368965630302964
"flavian" ===> 0.09095172504242374
"roma" ===> 0.08436969230909046
"italy" ===> 0.07946308608969657
"rome" ===> 0.05654564484545422
"colosseo" ===> 0.05385299509090879
"anfiteatro" ===> 0.04906606219393912
"ancientrome" ===> 0.0478693289696967
"vespasian" ===> 0.04667259574545428
------------------------------------
----------------pc2-----------------
"cabrillo" ===> 0.8767997308656088
"colosseum" ===> 0.256658808888831
"sandiego" ===> 0.19005774512982856
"diego" ===> 0.1647167124458514
"cabrillonationalmonument" ===> 0.1267051634198857
"pointloma" ===> 0.07222194314933487
"morro" ===> 0.05891790099024685
"hike" ===> 0.05891790099024685
"lincoln" ===> 0.05701732353894856
"1542" ===> 0.05701732353894856
------------------------------------
----------------pc3-----------------
15 ===> 0.9761677493303307
1 ===> 0.05227581904094904
17 ===> 0.05060167431632131
20 ===> 0.04882740555996638
5 ===> 0.04739242436742836
19 ===> 0.04715326083533866
12 ===> 0.04715326083533866
8 ===> 0.04713542457888084
25 ===> 0.01591165162898828
27 ===> 0.010436768441841852
------------------------------------
----------------pc4-----------------
27 ===> 0.2793425328772497
1 ===> 0.18454069035533552
24 ===> 0.13223994428830974
17 ===> 0.1235240906324867
3 ===> 0.11409642203992168
16 ===> 0.10083687563521554
6 ===> 0.09714899736480066
9 ===> 0.09714899736480066
20 ===> 0.09212102197939251
alexandre ===> 0.07409158537774503
------------------------------------
----------------pc5-----------------
0.3076923076923077 ===> 0.22258565385736703
1.3703703703703705 ===> 0.1708023104305997
1.8 ===> 0.1608708437806934
0.15 ===> 0.1552254813528045
4.5 ===> 0.14763488340388362
2.1666666666666665 ===> 0.1464456362889376
0.8181818181818182 ===> 0.13984218663678605
8.0 ===> 0.13891774247204935
1.2 ===> 0.1364034818548386
0.7777777777777778 ===> 0.12381008265453006
------------------------------------
----------------pc6-----------------
0.1111111111111111 ===> 0.24909369392230513
2.3333333333333335 ===> 0.1883495198517326
0.07142857142857142 ===> 0.17664350688899008
0.18181818181818182 ===> 0.14905827017885606
0.16666666666666666 ===> 0.14846991007280835
0.05555555555555555 ===> 0.13599433788855297
0.4782608695652174 ===> 0.13495047929824966
0.0625 ===> 0.12399124186547252
0.043478260869565216 ===> 0.11652211086245501
0.04 ===> 0.11324365197680139
------------------------------------
----------------pc7-----------------
0.6956521739130435 ===> 0.21721588753073226
14.0 ===> 0.18415025460593018
0.5 ===> 0.16976110303297343
30.0 ===> 0.15431610045240216
0.045454545454545456 ===> 0.1505936631516472
1.3636363636363635 ===> 0.13840383467918532
0.04 ===> 0.13785347494331518
1.1666666666666667 ===> 0.13521179000125122
0.3076923076923077 ===> 0.13358513781880135
2.2222222222222223 ===> 0.13282363127047023
------------------------------------
----------------pc8-----------------
0.043478260869565216 ===> 0.3776023294420147
2.25 ===> 0.17590960270437966
0.2857142857142857 ===> 0.1307638842464941
2.75 ===> 0.12782726035573985
11.0 ===> 0.12186400055146017
0.08333333333333333 ===> 0.12114596443686322
6.0 ===> 0.11411721780652674
1.875 ===> 0.10936281644243656
0.9444444444444444 ===> 0.10359391592401719
0.07407407407407407 ===> 0.09819192407449047
------------------------------------
----------------pc9-----------------
0.0625 ===> 0.18262542144506044
3.75 ===> 0.14341544041733648
0.6923076923076923 ===> 0.14066052469468443
0.5769230769230769 ===> 0.13650435250398965
0.05555555555555555 ===> 0.13455634121863685
4.5 ===> 0.13386159344993512
0.05263157894736842 ===> 0.1270756418888001
1.1428571428571428 ===> 0.12219228379679846
0.29411764705882354 ===> 0.12121868247144445
2.5 ===> 0.12091844562253881
------------------------------------
----------------pc10-----------------
2.0625 ===> 0.1972176254410651
0.07692307692307693 ===> 0.17114302096882414
4.75 ===> 0.16962738924194412
0.2 ===> 0.13508691723302862
0.25 ===> 0.13308711252251793
0.7692307692307693 ===> 0.13102101479986528
0.5714285714285714 ===> 0.12836799395172607
2.037037037037037 ===> 0.12793825192324199
0.8 ===> 0.12300629291232791
0.06666666666666667 ===> 0.11827593503785568
------------------------------------
Total execution time 0.3228151798248291 sec
