Total execution time till reading dataframe 0.09688305854797363
----------------pc1-----------------
"colosseum" ===> 0.907123784000059
"coliseum" ===> 0.11368965630607594
"flavian" ===> 0.0909517250448608
"roma" ===> 0.0843696923113511
"italy" ===> 0.07946308609182576
"rome" ===> 0.05654564484696938
"colosseo" ===> 0.05385299509235179
"anfiteatro" ===> 0.049066062195253834
"ancientrome" ===> 0.04786932897097937
"vespasian" ===> 0.04667259574670488
------------------------------------
----------------pc2-----------------
"cabrillo" ===> 0.8767997308954337
"colosseum" ===> 0.2566588089178321
"sandiego" ===> 0.1900577451362934
"diego" ===> 0.16471671245145433
"cabrillonationalmonument" ===> 0.1267051634241956
"pointloma" ===> 0.07222194315179148
"morro" ===> 0.058917900992250964
"hike" ===> 0.058917900992250964
"lincoln" ===> 0.057017323540888044
"1542" ===> 0.057017323540888044
------------------------------------
----------------pc3-----------------
15 ===> 0.9761678934518359
1 ===> 0.05227473613090493
17 ===> 0.05060094075593685
20 ===> 0.04882695724356983
5 ===> 0.04739227549359721
19 ===> 0.04715316186860177
12 ===> 0.04715316186860177
8 ===> 0.04713540724976124
25 ===> 0.015911601789502686
27 ===> 0.010435210665301847
------------------------------------
Total execution time 0.25825953483581543 sec
