Total execution time till reading dataframe 5.921358823776245
----------------pc1-----------------
"maraca" ===> 0.34632523248570735
"totumo" ===> 0.20780268089923495
"alvarado" ===> 0.20050408196540914
"lo" ===> 0.17823914694027349
"tapara" ===> 0.16769987714439175
"indígena" ===> 0.16404879433533445
"indio" ===> 0.16404879433533445
"calcaño" ===> 0.14582115052029773
"1984" ===> 0.14582115052029773
"piache" ===> 0.14582115052029773
------------------------------------
----------------pc2-----------------
"knock" ===> 0.6977755208479446
"heaven'" ===> 0.5233316406359584
"knockin" ===> 0.4651836805652963
"mama" ===> 0.11629592014132407
"gettin" ===> 0.05814796007066204
"comin" ===> 0.05814796007066204
"badge" ===> 0.029098565528549038
"157" ===> 0.02909619058073716
"dylan" ===> 0.01939935399056859
"bob" ===> 0.009698916259537886
------------------------------------
----------------pc3-----------------
"martigue" ===> 0.7592599342584894
"canal" ===> 0.23361844131030457
"d'azur" ===> 0.17521383098272847
"marseille" ===> 0.11720502106774748
"côte" ===> 0.11680922065515228
"martegue" ===> 0.11680922065515228
"etang" ===> 0.11680922065515228
"ziem" ===> 0.11680922065515228
"provençale" ===> 0.11680922065515228
"camargue" ===> 0.11680922065515228
------------------------------------
----------------pc4-----------------
"skelett" ===> 0.4701865051357612
"exemplar" ===> 0.4465952163194669
"archaeopteryx" ===> 0.31385612025250587
"solnhofen" ===> 0.18084096351375425
"urvogel" ===> 0.14467277081100352
"jura" ===> 0.13579501019488782
"eichstätt" ===> 0.12135754266649902
"fund" ===> 0.1085959461921324
"altmühltal" ===> 0.10850457810825259
"schädel" ===> 0.10850457810825259
------------------------------------
----------------pc5-----------------
"belgian" ===> 0.48463034145604106
"belgium" ===> 0.3717770048455021
"martyr" ===> 0.30276464858386426
"martelaarsplaat" ===> 0.20007164576011807
"brussel" ===> 0.1978397778524319
"1830" ===> 0.16673140114381726
"jenneval" ===> 0.1667263714667648
"dutch" ===> 0.15838704138519394
"territory" ===> 0.12505556715106428
"flemish" ===> 0.11670846002673535
------------------------------------
----------------pc6-----------------
"π.χ" ===> 0.35405123735936994
"και" ===> 0.2836593176600334
"β" ===> 0.21243074241562185
"ο" ===> 0.21243074241562185
"που" ===> 0.21243074241562185
"την" ===> 0.14194364770883883
"πνεύματος" ===> 0.14162049494374793
"σε" ===> 0.14162049494374793
"έργο" ===> 0.14162049494374793
"πιο" ===> 0.14162049494374793
------------------------------------
----------------pc7-----------------
"guacharaca" ===> 0.42290318000222415
"su" ===> 0.19635349611013783
"lópez" ===> 0.17177083649800076
"ave" ===> 0.13526928743440822
"ejemplar" ===> 0.13099278213419185
"bando" ===> 0.12269345464142926
"ruficauda" ===> 0.10092991529544292
"loreto" ===> 0.09815476371314295
"ceballo" ===> 0.09815476371314295
"gallo" ===> 0.09383230164042726
------------------------------------
----------------pc8-----------------
"footbridge" ===> 0.6073977677931607
"charing" ===> 0.30369888389658034
"bridge'" ===> 0.22777416292243605
"suspension" ===> 0.22777416292243605
"upstream" ===> 0.22777416292243605
"márcio" ===> 0.15184944194829017
"brunel" ===> 0.15184944194829017
"railtrack" ===> 0.15184944194829017
"renata" ===> 0.15184944194829017
"railway" ===> 0.08208978115278633
------------------------------------
----------------pc9-----------------
"moulage" ===> 0.6179072907793213
"cité" ===> 0.2317152340422452
"l'architecture" ===> 0.2317152340422452
"dossier" ===> 0.15447682269483032
"l'éphèbe" ===> 0.15447682269483032
"cri" ===> 0.15447682269483032
"geste" ===> 0.15447682269483032
"victoire" ===> 0.15447682269483032
"surmoulage" ===> 0.15447682269483032
"maquette" ===> 0.0779061025610811
------------------------------------
----------------pc10-----------------
"zodiaque" ===> 0.35288921214131713
"gény" ===> 0.23418115521100943
"quatre" ===> 0.19560278231436026
"a9rah" ===> 0.15612077014067302
"cardinaux" ===> 0.15612077014067302
"représenté" ===> 0.15612077014067302
"verseau" ===> 0.15612077014067302
"faucon" ===> 0.15612077014067302
"calendrier" ===> 0.15612077014067302
"oiseaux" ===> 0.15612077014067302
------------------------------------
Total execution time 21.1 sec
