Total execution time till reading dataframe 4.983277082443237
----------------pc1-----------------
"maraca" ===> 0.34632523506392915
"totumo" ===> 0.2078026824463922
"alvarado" ===> 0.20050408345806361
"lo" ===> 0.1782391427340645
"tapara" ===> 0.167699878393212
"indígena" ===> 0.16404879555659752
"indio" ===> 0.16404879555659752
"1984" ===> 0.14582115160586478
"calcaño" ===> 0.14582115160586478
"piache" ===> 0.14582115160586478
------------------------------------
----------------pc2-----------------
"knock" ===> 0.6977755256752285
"heaven'" ===> 0.5233316442564208
"knockin" ===> 0.46518368378348557
"mama" ===> 0.11629592094587139
"gettin" ===> 0.058147960472935696
"comin" ===> 0.058147960472935696
"badge" ===> 0.029098549899005063
"157" ===> 0.029096191885827415
"dylan" ===> 0.019399283210436716
"bob" ===> 0.00969846304544673
------------------------------------
----------------pc3-----------------
"martigue" ===> 0.7592599215355373
"canal" ===> 0.23361843739555016
"d'azur" ===> 0.17521382804666247
"marseille" ===> 0.11720501896445693
"norm" ===> 0.11680921869777508
"caronte" ===> 0.11680921869777508
"ziem" ===> 0.11680921869777508
"côte" ===> 0.11680921869777508
"camargue" ===> 0.11680921869777508
"etang" ===> 0.11680921869777508
------------------------------------
----------------pc4-----------------
"skelett" ===> 0.47018658300272553
"exemplar" ===> 0.4465952914699287
"archaeopteryx" ===> 0.3138561720246702
"solnhofen" ===> 0.18084099346258634
"urvogel" ===> 0.14467279477006934
"jura" ===> 0.13579469789389284
"eichstätt" ===> 0.12135756235409915
"fund" ===> 0.1085961180834069
"gefunden" ===> 0.10850459607755178
"plattenkalken" ===> 0.10850459607755178
------------------------------------
----------------pc5-----------------
"belgian" ===> 0.4846303105630219
"belgium" ===> 0.37177670885446396
"martyr" ===> 0.3027646326071809
"martelaarsplaat" ===> 0.20007163301532274
"brussel" ===> 0.1978395822747343
"1830" ===> 0.1667317584164751
"jenneval" ===> 0.16672636084610234
"dutch" ===> 0.1583870289432433
"territory" ===> 0.1250555548896392
"flemish" ===> 0.1167084525922715
------------------------------------
----------------pc6-----------------
"π.χ" ===> 0.3540498507317384
"και" ===> 0.28365822008199576
"ο" ===> 0.21242991043904308
"που" ===> 0.21242991043904308
"β" ===> 0.21242991043904308
"την" ===> 0.14194310556958697
"σε" ===> 0.14161994029269587
"με" ===> 0.14161994029269587
"ένα" ===> 0.14161994029269587
"πνεύματος" ===> 0.14161994029269587
------------------------------------
----------------pc7-----------------
"guacharaca" ===> 0.4229666355886825
"su" ===> 0.19639386440761572
"lópez" ===> 0.17180930196518582
"ave" ===> 0.13530271295852608
"ejemplar" ===> 0.13086595969642897
"bando" ===> 0.12272092997513219
"ruficauda" ===> 0.10096187186389888
"ceballo" ===> 0.09817674398010603
"loreto" ===> 0.09817674398010603
"gallo" ===> 0.09382752891860215
------------------------------------
----------------pc8-----------------
"footbridge" ===> 0.6073968504647352
"charing" ===> 0.3036984252323676
"suspension" ===> 0.22777381892427534
"bridge'" ===> 0.22777381892427534
"upstream" ===> 0.22777381892427534
"brunel" ===> 0.1518492126161838
"renata" ===> 0.1518492126161838
"márcio" ===> 0.1518492126161838
"railtrack" ===> 0.1518492126161838
"railway" ===> 0.08209449113487756
------------------------------------
----------------pc9-----------------
"moulage" ===> 0.6179745609787903
"cité" ===> 0.23174046036704654
"l'architecture" ===> 0.23174046036704654
"dossier" ===> 0.15449364024469758
"victoire" ===> 0.15449364024469758
"geste" ===> 0.15449364024469758
"cri" ===> 0.15449364024469758
"l'éphèbe" ===> 0.15449364024469758
"surmoulage" ===> 0.15449364024469758
"maquette" ===> 0.07790914075406741
------------------------------------
----------------pc10-----------------
"zodiaque" ===> 0.3529352891185845
"gény" ===> 0.23420730626288394
"quatre" ===> 0.19562518629953685
"a9rah" ===> 0.15613820417525637
"symboliseraient" ===> 0.15613820417525637
"calendrier" ===> 0.15613820417525637
"faucon" ===> 0.15613820417525637
"verseau" ===> 0.15613820417525637
"ptolémaïque" ===> 0.15613820417525637
"cardinaux" ===> 0.15613820417525637
------------------------------------
Total execution time 20.0 sec
