Total execution time till reading dataframe 3.9724864959716797
----------------pc1-----------------
"maraca" ===> 0.3463252351227064
"totumo" ===> 0.20780268248189004
"alvarado" ===> 0.20050408349209306
"lo" ===> 0.17823914261701282
"tapara" ===> 0.16769987842166512
"indio" ===> 0.16404879558444035
"indígena" ===> 0.16404879558444035
"calcaño" ===> 0.14582115163061365
"piache" ===> 0.14582115163061365
"1984" ===> 0.14582115163061365
------------------------------------
----------------pc2-----------------
"knock" ===> 0.6977755350645841
"heaven'" ===> 0.5233316512984377
"knockin" ===> 0.465183690043056
"mama" ===> 0.116295922510764
"comin" ===> 0.058147961255382
"gettin" ===> 0.058147961255382
"badge" ===> 0.029098502172662848
"157" ===> 0.029096191799209758
"dylan" ===> 0.019399133845704627
"bob" ===> 0.009699402041268049
------------------------------------
----------------pc3-----------------
"martigue" ===> 0.7592599281106572
"canal" ===> 0.23361843941866367
"d'azur" ===> 0.17521382956399756
"marseille" ===> 0.11720502106499411
"martegue" ===> 0.11680921970933184
"camargue" ===> 0.11680921970933184
"berre" ===> 0.11680921970933184
"caronte" ===> 0.11680921970933184
"norm" ===> 0.11680921970933184
"ziem" ===> 0.11680921970933184
------------------------------------
----------------pc4-----------------
"skelett" ===> 0.47018649422694964
"exemplar" ===> 0.44659520593365065
"archaeopteryx" ===> 0.3138561128594656
"solnhofen" ===> 0.18084095931805758
"urvogel" ===> 0.144672767454446
"jura" ===> 0.1357949605448892
"eichstätt" ===> 0.12135753962837009
"fund" ===> 0.10859601459434676
"gefunden" ===> 0.10850457559083447
"altmühltal" ===> 0.10850457559083447
------------------------------------
----------------pc5-----------------
"belgian" ===> 0.48463015203922727
"belgium" ===> 0.3717773199063081
"martyr" ===> 0.3027645329014621
"martelaarsplaat" ===> 0.2000715675542181
"brussel" ===> 0.19784000394780973
"1830" ===> 0.16673147720165543
"jenneval" ===> 0.1667263062951817
"dutch" ===> 0.15838697688713715
"territory" ===> 0.1250554560396441
"flemish" ===> 0.11670841440662727
------------------------------------
----------------pc6-----------------
"π.χ" ===> 0.3540521729824146
"και" ===> 0.2836600794239829
"β" ===> 0.21243130378944813
"ο" ===> 0.21243130378944813
"που" ===> 0.21243130378944813
"την" ===> 0.1419440343431635
"έργο" ===> 0.14162086919296515
"ένα" ===> 0.14162086919296515
"σε" ===> 0.14162086919296515
"πνεύματος" ===> 0.14162086919296515
------------------------------------
----------------pc7-----------------
"guacharaca" ===> 0.4228851206202831
"su" ===> 0.19634172180388645
"lópez" ===> 0.17175915401524447
"ave" ===> 0.1352592008641358
"ejemplar" ===> 0.13103735406724273
"bando" ===> 0.1226851100108893
"ruficauda" ===> 0.10091985601961316
"ceballo" ===> 0.09814808800871073
"loreto" ===> 0.09814808800871073
"gallo" ===> 0.09383772209579244
------------------------------------
----------------pc8-----------------
"footbridge" ===> 0.607397736707741
"charing" ===> 0.3036988683538705
"suspension" ===> 0.2277741512654033
"upstream" ===> 0.2277741512654033
"bridge'" ===> 0.2277741512654033
"márcio" ===> 0.15184943417693525
"brunel" ===> 0.15184943417693525
"renata" ===> 0.15184943417693525
"railtrack" ===> 0.15184943417693525
"railway" ===> 0.08208709643333383
------------------------------------
----------------pc9-----------------
"moulage" ===> 0.6178501501512527
"l'architecture" ===> 0.23169380630671985
"cité" ===> 0.23169380630671985
"dossier" ===> 0.15446253753781317
"victoire" ===> 0.15446253753781317
"cri" ===> 0.15446253753781317
"surmoulage" ===> 0.15446253753781317
"l'éphèbe" ===> 0.15446253753781317
"geste" ===> 0.15446253753781317
"maquette" ===> 0.07789988887845821
------------------------------------
----------------pc10-----------------
"zodiaque" ===> 0.35293130644585285
"gény" ===> 0.23420670358967607
"quatre" ===> 0.1956241000455468
"verseau" ===> 0.1561378023931178
"représenté" ===> 0.1561378023931178
"ptolémaïque" ===> 0.1561378023931178
"calendrier" ===> 0.1561378023931178
"cardinaux" ===> 0.1561378023931178
"oiseaux" ===> 0.1561378023931178
"faucon" ===> 0.1561378023931178
------------------------------------
----------------sv1-----------------
"zodiaque" ===> 0.35250073024416423
"gény" ===> 0.2339188143858139
"quatre" ===> 0.19538858519124777
"faucon" ===> 0.15594587625720926
"symboliseraient" ===> 0.15594587625720926
"ptolémaïque" ===> 0.15594587625720926
"verseau" ===> 0.15594587625720926
"cardinaux" ===> 0.15594587625720926
"oiseaux" ===> 0.15594587625720926
"représenté" ===> 0.15594587625720926
------------------------------------
----------------sv2-----------------
"guacharaca" ===> 0.001364773621120621
"su" ===> 0.0006791534990696883
"lópez" ===> 0.0005509995573111604
"ejemplar" ===> 0.00046041657524718946
"ave" ===> 0.0004365254989392974
"bando" ===> 0.00039357111236511445
"belgian" ===> 0.00039142598819094773
"lo" ===> 0.00035597465149516414
"ruficauda" ===> 0.00032133656619603545
"ceballo" ===> 0.0003148568898920917
------------------------------------
----------------sv3-----------------
"guacharaca" ===> 0.0014489483836746238
"belgian" ===> 0.0007716316103365266
"su" ===> 0.0006783943669766124
"lópez" ===> 0.000585742948538614
"belgium" ===> 0.0004853108483430991
"ejemplar" ===> 0.000479424794752315
"martyr" ===> 0.00047711844313326517
"ave" ===> 0.00046176902276645436
"bando" ===> 0.00041838782038472423
"ruficauda" ===> 0.0003435450371041819
------------------------------------
----------------sv4-----------------
"guacharaca" ===> 0.42286238431988504
"su" ===> 0.19627536563098566
"lópez" ===> 0.17175397957977762
"ave" ===> 0.13526046935092104
"ejemplar" ===> 0.13098513223315825
"bando" ===> 0.12268141398555543
"ruficauda" ===> 0.10091964488416627
"ceballo" ===> 0.09814513118844434
"loreto" ===> 0.09814513118844434
"gallo" ===> 0.09383697570911774
------------------------------------
----------------sv5-----------------
"martigue" ===> 0.00042123801595453375
"canal" ===> 0.00012961169721677963
"d'azur" ===> 9.720877291258472e-05
"belgian" ===> 7.330965506847712e-05
"marseille" ===> 6.513387822467742e-05
"ziem" ===> 6.480584860838982e-05
"norm" ===> 6.480584860838982e-05
"martegue" ===> 6.480584860838982e-05
"etang" ===> 6.480584860838982e-05
"provençale" ===> 6.480584860838982e-05
------------------------------------
----------------sv6-----------------
"skelett" ===> 0.00101718148542525
"exemplar" ===> 0.0009662138162891455
"archaeopteryx" ===> 0.0006790209404456045
"martigue" ===> 0.0006506830649174151
"solnhofen" ===> 0.0003912236482404809
"maraca" ===> 0.00037017420185443613
"urvogel" ===> 0.0003129789185923846
"jura" ===> 0.0002767357755858589
"eichstätt" ===> 0.00026261566581786287
"feder" ===> 0.0002347341889442885
------------------------------------
----------------sv7-----------------
"skelett" ===> 0.47020691820499433
"exemplar" ===> 0.44661440270736963
"archaeopteryx" ===> 0.31386960940302594
"solnhofen" ===> 0.18084881469422862
"urvogel" ===> 0.14467905175538287
"jura" ===> 0.13581608051013275
"eichstätt" ===> 0.1213625376622118
"fund" ===> 0.10861967110674686
"altmühltal" ===> 0.10850928881653718
"schädel" ===> 0.10850928881653718
------------------------------------
----------------sv8-----------------
"maraca" ===> 0.00027264125687257926
"totumo" ===> 0.00016363665858758203
"alvarado" ===> 0.000157844938189388
"tapara" ===> 0.00013194473238147008
"indio" ===> 0.00012914585851859015
"indígena" ===> 0.00012914585851859015
"calcaño" ===> 0.00011479631868319126
"piache" ===> 0.00011479631868319126
"1984" ===> 0.00011479631868319126
"fruto" ===> 0.00010324565271067229
------------------------------------
----------------sv9-----------------
"knock" ===> 0.6978380478906131
"heaven'" ===> 0.5233785359179598
"knockin" ===> 0.46522536526040875
"mama" ===> 0.11630634131510219
"gettin" ===> 0.058153170657551094
"comin" ===> 0.058153170657551094
"badge" ===> 0.02910498511854773
"157" ===> 0.029102116357346622
"dylan" ===> 0.019406866129783863
"bob" ===> 0.009707264509273195
------------------------------------
----------------sv10-----------------
"maraca" ===> 0.346269245069886
"totumo" ===> 0.20776908061086913
"alvarado" ===> 0.20047166819835507
"lo" ===> 0.17830320364688926
"tapara" ===> 0.16767276155504596
"indio" ===> 0.1640222739804723
"indígena" ===> 0.1640222739804723
"calcaño" ===> 0.14579757687153097
"piache" ===> 0.14579757687153097
"1984" ===> 0.14579757687153097
------------------------------------
----------------Topic-1-----------------
"moulage" ===> 0.003928317353792803
"zodiaque" ===> 0.002209699994225446
"prêcheur" ===> 0.0019641832285729665
"thinker" ===> 0.0019641832285729665
"pince" ===> 0.0019641832285729665
"reel" ===> 0.0019641832285729665
"cité" ===> 0.0014731496972680076
"gény" ===> 0.0014731496972680076
"precheur" ===> 0.0014731496972680076
"waterfall" ===> 0.0014731496972680076
------------------------------------
----------------Topic-2-----------------
"skelett" ===> 0.0050126360675181066
"exemplar" ===> 0.004754095627857355
"archaeopteryx" ===> 0.0033417702410538453
"whistle" ===> 0.0023153261074753385
"brandhorst" ===> 0.0021764088563143375
"poseidon" ===> 0.002122385480862837
"coyolxhauhqui" ===> 0.0019294448542503356
"eh" ===> 0.0019294448542503356
"câmara" ===> 0.0019217272291858357
"solnhofen" ===> 0.0019217272291858357
------------------------------------
----------------Topic-3-----------------
"martigue" ===> 0.006013773841654298
"walnut" ===> 0.003677671973179886
"wilcox" ===> 0.002775612835848182
"哥" ===> 0.0025766972312058064
"kaua'i" ===> 0.002303766517859291
"canal" ===> 0.0018504239770464348
"mp3" ===> 0.0018504239770464348
"brauhaus" ===> 0.0018504239770464348
"coji" ===> 0.0018504239770464348
"spencer" ===> 0.001845798032752426
------------------------------------
----------------Topic-4-----------------
"cwt" ===> 0.004027536324399498
"beulé" ===> 0.0025172290815902213
"l'alte" ===> 0.002013793333987129
"vento" ===> 0.002013793333987129
"weigh" ===> 0.002013793333987129
"kite" ===> 0.002013793333987129
"kap" ===> 0.0015103575863840367
"rainald" ===> 0.0015103575863840367
"mostro" ===> 0.0015103575863840367
"olton" ===> 0.0015103575863840367
------------------------------------
----------------Topic-5-----------------
"provence" ===> 0.003145225905882906
"aix" ===> 0.002901820614309139
"cabin" ===> 0.002863639392101489
"stanley" ===> 0.001909108836910246
"arsinoe" ===> 0.001909108836910246
"underwood" ===> 0.001909108836910246
"thommanon" ===> 0.001909108836910246
"download" ===> 0.0018613823091506838
"pilgrim" ===> 0.0017229753786479536
"lodge" ===> 0.0016704761981124353
------------------------------------
----------------Topic-6-----------------
"belgian" ===> 0.009460471989210276
"belgium" ===> 0.007237170933513911
"martyr" ===> 0.005916882183430292
"brussel" ===> 0.004006538461087081
"martelaarsplaat" ===> 0.00391199926663665
"knock" ===> 0.00391199926663665
"1830" ===> 0.003260004822150912
"jenneval" ===> 0.003227405099926625
"dutch" ===> 0.00309048626658462
"heaven'" ===> 0.002934007599908043
------------------------------------
----------------Topic-7-----------------
"guacharaca" ===> 0.006806548950667372
"su" ===> 0.0036594537195656788
"lópez" ===> 0.0028299867594303485
"marienkirche" ===> 0.0024396493664254875
"ave" ===> 0.002317668931111468
"lo" ===> 0.002260744727964926
"gable" ===> 0.002033047915378757
"bando" ===> 0.0020167838573368875
"digiensemble" ===> 0.0020127178428264204
"ruficauda" ===> 0.0017118327690518397
------------------------------------
----------------Topic-8-----------------
"infrared" ===> 0.0031865844163316863
"lamb" ===> 0.0018209248901827656
"elder" ===> 0.0018209248901827656
"liturgy" ===> 0.0018209248901827656
"comalcalco" ===> 0.0018209248901827656
"congress" ===> 0.0018209248901827656
"mètre" ===> 0.0017845073028187944
"campsite" ===> 0.0013657050481331254
"diplomat" ===> 0.0013657050481331254
"lafayette" ===> 0.0013657050481331254
------------------------------------
----------------Topic-9-----------------
"maraca" ===> 0.006624720089615953
"totumo" ===> 0.0039748460004753045
"alvarado" ===> 0.0038353789431521124
"lo" ===> 0.0032461306259616257
"tapara" ===> 0.003207777185197748
"indio" ===> 0.003138043656536152
"indígena" ===> 0.003138043656536152
"piache" ===> 0.0027893760132281717
"1984" ===> 0.0027893760132281717
"calcaño" ===> 0.0027893760132281717
------------------------------------
----------------Topic-10-----------------
"footbridge" ===> 0.003308860753629941
"metope" ===> 0.0031434197839605646
"astor" ===> 0.0020597814326261507
"temperature" ===> 0.001654451056936179
"charing" ===> 0.001654451056936179
"kléber" ===> 0.001654451056936179
"holocaust" ===> 0.0016379069599692414
"doric" ===> 0.001489010087266803
"stelae" ===> 0.0012408486327627386
"upstream" ===> 0.0012408486327627386
------------------------------------
Total execution time 79.07 sec
