Total execution time till reading dataframe 5.239734411239624
----------------pc1-----------------
"maraca" ===> 0.34632523379228336
"totumo" ===> 0.20780268168335636
"alvarado" ===> 0.20050408272184927
"lo" ===> 0.17823914475770683
"tapara" ===> 0.16769987777727866
"indio" ===> 0.1640487949542399
"indígena" ===> 0.1640487949542399
"calcaño" ===> 0.14582115107043536
"piache" ===> 0.14582115107043536
"1984" ===> 0.14582115107043536
------------------------------------
----------------pc2-----------------
"knock" ===> 0.6977755207310932
"heaven'" ===> 0.5233316405483196
"knockin" ===> 0.4651836804873953
"mama" ===> 0.11629592012184882
"gettin" ===> 0.05814796006092441
"comin" ===> 0.05814796006092441
"badge" ===> 0.029098546092016453
"157" ===> 0.029096191916998655
"dylan" ===> 0.019399580225548125
"bob" ===> 0.009698913841472966
------------------------------------
----------------pc3-----------------
"martigue" ===> 0.7592599250762782
"canal" ===> 0.23361843848500868
"d'azur" ===> 0.17521382886375692
"marseille" ===> 0.11720501927535325
"provençale" ===> 0.11680921924250434
"caronte" ===> 0.11680921924250434
"etang" ===> 0.11680921924250434
"norm" ===> 0.11680921924250434
"camargue" ===> 0.11680921924250434
"berre" ===> 0.11680921924250434
------------------------------------
----------------pc4-----------------
"skelett" ===> 0.47018647048190865
"exemplar" ===> 0.4465951809414374
"archaeopteryx" ===> 0.31385609819862026
"solnhofen" ===> 0.18084095018534949
"urvogel" ===> 0.1446727601482797
"jura" ===> 0.13579591757518156
"eichstätt" ===> 0.12135753587826226
"fund" ===> 0.10859598315874519
"schädel" ===> 0.10850457011120974
"altmühltal" ===> 0.10850457011120974
------------------------------------
----------------pc5-----------------
"belgian" ===> 0.4846303749045532
"belgium" ===> 0.3717774422049096
"martyr" ===> 0.30276463868327874
"martelaarsplaat" ===> 0.20007165955683437
"brussel" ===> 0.19784006415116812
"1830" ===> 0.16673127631856877
"jenneval" ===> 0.16672638296402859
"dutch" ===> 0.1583870507173868
"territory" ===> 0.1250554889900249
"flemish" ===> 0.1167084680748201
------------------------------------
----------------pc6-----------------
"π.χ" ===> 0.3540512023607486
"και" ===> 0.2836593053285283
"ο" ===> 0.21243072141644853
"που" ===> 0.21243072141644853
"β" ===> 0.21243072141644853
"την" ===> 0.14194364921663533
"με" ===> 0.1416204809442992
"πνεύματος" ===> 0.1416204809442992
"σε" ===> 0.1416204809442992
"πιο" ===> 0.1416204809442992
------------------------------------
----------------pc7-----------------
"guacharaca" ===> 0.4229145119043699
"su" ===> 0.1963610692573644
"lópez" ===> 0.17177922198757606
"ave" ===> 0.1352770514077179
"ejemplar" ===> 0.13095264196838596
"bando" ===> 0.12269944427683993
"ruficauda" ===> 0.1009376317555202
"loreto" ===> 0.09815955542147183
"ceballo" ===> 0.09815955542147183
"gallo" ===> 0.09382701986244876
------------------------------------
----------------pc8-----------------
"footbridge" ===> 0.6073978749200459
"charing" ===> 0.30369893746002297
"upstream" ===> 0.22777420309501684
"bridge'" ===> 0.22777420309501684
"suspension" ===> 0.22777420309501684
"railtrack" ===> 0.15184946873001148
"renata" ===> 0.15184946873001148
"brunel" ===> 0.15184946873001148
"márcio" ===> 0.15184946873001148
"railway" ===> 0.0820923012929285
------------------------------------
----------------pc9-----------------
"moulage" ===> 0.6180414952050062
"l'architecture" ===> 0.23176556070187707
"cité" ===> 0.23176556070187707
"surmoulage" ===> 0.15451037380125154
"victoire" ===> 0.15451037380125154
"cri" ===> 0.15451037380125154
"dossier" ===> 0.15451037380125154
"l'éphèbe" ===> 0.15451037380125154
"geste" ===> 0.15451037380125154
"maquette" ===> 0.07792288481716748
------------------------------------
----------------pc10-----------------
"zodiaque" ===> 0.3529944187388623
"gény" ===> 0.2342511444441786
"quatre" ===> 0.19566024607122823
"a9rah" ===> 0.15616742962945235
"oiseaux" ===> 0.15616742962945235
"ptolémaïque" ===> 0.15616742962945235
"faucon" ===> 0.15616742962945235
"cardinaux" ===> 0.15616742962945235
"calendrier" ===> 0.15616742962945235
"représenté" ===> 0.15616742962945235
------------------------------------
Total execution time 19.3 sec
