Total execution time till reading dataframe 0.11602926254272461
----------------sv1-----------------
"brandenburg" ===> 0.3634344261373655
"brandenburgertor" ===> 0.29296379357383234
"brandenburggate" ===> 0.2790390715522003
"brandenburger" ===> 0.2685501441093463
"tor" ===> 0.1691595221074455
"censorship" ===> 0.10462992627636869
"unrestricted" ===> 0.10462992627636869
"sperrwache" ===> 0.10462992627636869
"brandenberg" ===> 0.10462992627636869
"06121987" ===> 0.10462992627636869
------------------------------------
----------------sv2-----------------
"berlincathedral" ===> 0.16404294791501436
"digiensemble" ===> 0.13373066406115303
"dom" ===> 0.12843091874665596
"berlinerdom" ===> 0.1260516016048698
"brandenburg" ===> 0.12414507067126432
"brandenburggate" ===> 0.1010878569484256
"berliner" ===> 0.0974205568157962
"evangelical" ===> 0.0945030026032148
"brandenburgertor" ===> 0.08719576811306588
"brandenburger" ===> 0.07992945410364372
------------------------------------
----------------sv3-----------------
"coliseum" ===> 0.23374431638280455
"flavian" ===> 0.18699545310624363
"roma" ===> 0.16667494840684152
"italy" ===> 0.16077246309415053
"rome" ===> 0.11296482310941246
"colosseo" ===> 0.11072099197080214
"anfiteatro" ===> 0.10087912601784195
"ancientrome" ===> 0.09841865952960191
"vespasian" ===> 0.09595819304136186
"flavio" ===> 0.09349772655312182
------------------------------------
----------------sv4-----------------
"berlin" ===> 0.6891646866723996
"altesmuseum" ===> 0.19009042903925175
"berlincathedral" ===> 0.17105091789218416
"neuesmuseum" ===> 0.14389702066978421
"digiensemble" ===> 0.13944368306428057
"brandenburg" ===> 0.13763296154289748
"dom" ===> 0.13619691445740387
"berlinerdom" ===> 0.13598362547696655
"germany" ===> 0.1346760015850395
"alte" ===> 0.12938734440656546
------------------------------------
----------------sv5-----------------
"bok" ===> 0.21400536568181025
"boktowergarden" ===> 0.13347372981548442
"bigben" ===> 0.1203549915910613
"lakewale" ===> 0.07978597257126722
"ben" ===> 0.07861314046425835
"parliament" ===> 0.05978897478657552
"whitehall" ===> 0.04391330774268454
"westminster" ===> 0.04122038524908077
"londre" ===> 0.03794977212330762
"housesofparliament" ===> 0.03740763252154609
------------------------------------
----------------sv6-----------------
"bok" ===> 0.6581442214195179
"boktowergarden" ===> 0.4104801938470164
"lakewale" ===> 0.2453708421320154
"albert" ===> 0.14129825810862595
"albertmemorial" ===> 0.1341433095877219
"kensington" ===> 0.12223709867756906
"boktower" ===> 0.11236608658382015
"orlando" ===> 0.06879556321458376
"kensingtongarden" ===> 0.06826227588487623
"hydepark" ===> 0.05714981236873357
------------------------------------
----------------sv7-----------------
"bigben" ===> 0.5102409814092334
"ben" ===> 0.33326288230247453
"parliament" ===> 0.2539858417991172
"westminster" ===> 0.20757456291954354
"whitehall" ===> 0.1861690067303959
"london" ===> 0.16332740024121514
"londre" ===> 0.16088679593984836
"housesofparliament" ===> 0.15858841314070765
"clocktower" ===> 0.15399164754242628
"inglaterra" ===> 0.11032237435875315
------------------------------------
----------------sv8-----------------
"sanfrancisco" ===> 0.01107554760488418
"agra" ===> 0.009435255150956183
"civic" ===> 0.008486491487734657
"civiccenter" ===> 0.008417416179711978
"francisco" ===> 0.007723216676114995
"pont" ===> 0.006428916805901802
"pontalexandreiii" ===> 0.004740312279254447
"alexandre" ===> 0.004505174177009218
"montezuma" ===> 0.004421958570819936
"triomphe" ===> 0.003785429501959794
------------------------------------
----------------sv9-----------------
"triomphe" ===> 0.07233188249328304
"arcdetriomphe" ===> 0.05183410757303766
"arc" ===> 0.04722471750634562
"madeleine" ===> 0.033314144216830016
"l'étoile" ===> 0.02026242386946018
"françoi" ===> 0.018141937650563184
"rude" ===> 0.01625706101154363
"antoine" ===> 0.015785841851788742
"cortot" ===> 0.015550232271911298
"marseillaise" ===> 0.013900965212769192
------------------------------------
----------------sv10-----------------
"hearst" ===> 0.022327013435325595
"aztec" ===> 0.02005649901696633
"montezuma" ===> 0.019660847538564077
"hearstcastle" ===> 0.012032014830422143
"madeleine" ===> 0.009464856220935071
"arizona" ===> 0.009025740218762764
"sinagua" ===> 0.008577253600393393
"castle" ===> 0.007620837069877736
"triomphe" ===> 0.006939636054414365
"walnut" ===> 0.0066835742340727745
------------------------------------
----------------sv11-----------------
"aztec" ===> 0.05559140190663231
"hearst" ===> 0.04557077656096891
"hearstcastle" ===> 0.024558065547087612
"newmexico" ===> 0.018070342831952715
"belgian" ===> 0.015426200002257017
"aztecruin" ===> 0.011795918237524688
"sansimeon" ===> 0.011673728341045166
"belgium" ===> 0.008279675114925309
"mitla" ===> 0.008031263480867874
"gateshead" ===> 0.006757807799153877
------------------------------------
----------------sv12-----------------
"madeleine" ===> 0.8568048943865213
"provence" ===> 0.17713719164844932
"aix" ===> 0.14055451076453046
"îlesdelamadeleine" ===> 0.09627021285241812
"chevreuse" ===> 0.0866431915671763
"eglise" ===> 0.08086697879603123
"québec" ===> 0.08086697879603123
"senegal" ===> 0.07894157453898286
"dakar" ===> 0.07123995751078942
"dominican" ===> 0.06931455325374106
------------------------------------
----------------sv13-----------------
"itza" ===> 0.026957544153009945
"chichen" ===> 0.02589830862636908
"triomphe" ===> 0.007332730883253763
"arcdetriomphe" ===> 0.005254443569580205
"hearst" ===> 0.0047837680330293855
"arc" ===> 0.004766566382593569
"athen" ===> 0.004342573127620453
"acropoli" ===> 0.004034183060353781
"chichénitzá" ===> 0.003972133224903234
"brazil" ===> 0.0033099759336083757
------------------------------------
----------------sv14-----------------
"batllo" ===> 0.09139459220092043
"gaudi" ===> 0.08666100774429905
"barcelona" ===> 0.07160363809425457
"batlló" ===> 0.06590606051142071
"casabatllo" ===> 0.05643889159817796
"casabatlló" ===> 0.05097706337899944
"gaudí" ===> 0.03859691941552815
"casa" ===> 0.02317692486818679
"catalunya" ===> 0.018934337826485508
"antoni" ===> 0.018206094063928372
------------------------------------
----------------sv15-----------------
"rosada" ===> 0.013678757787283483
"buenosaire" ===> 0.011962603673749763
"aire" ===> 0.008328394962737176
"bueno" ===> 0.007823643752874317
"guacharaca" ===> 0.006763666212162313
"casarosada" ===> 0.006127282012900845
"venezuela" ===> 0.0060570145183543094
"caraca" ===> 0.004946561856656019
"también" ===> 0.0048960867356697335
"maraca" ===> 0.0047951364936971615
------------------------------------
----------------sv16-----------------
"hearst" ===> 0.01524644442440084
"hearstcastle" ===> 0.008216300221119239
"paci" ===> 0.006076639510067794
"ara" ===> 0.0053634189102945784
"amien" ===> 0.00525365692260311
"brazil" ===> 0.004818712384733867
"sansimeon" ===> 0.0039056356684897793
"redeemer" ===> 0.003088918195342223
"riodejaneiro" ===> 0.0030477326194043265
"christtheredeemer" ===> 0.002622148334712731
------------------------------------
----------------sv17-----------------
"brazil" ===> 0.5534437212341866
"redeemer" ===> 0.35477161617576064
"riodejaneiro" ===> 0.3500413279600838
"christtheredeemer" ===> 0.3011616830647568
"corcovado" ===> 0.26331937733934235
"janeiro" ===> 0.19869007461995433
"rio" ===> 0.16008688759358972
"brasil" ===> 0.14348540920886318
"jardim" ===> 0.11037339169912554
"download" ===> 0.09460576431353616
------------------------------------
----------------sv18-----------------
"" ===> 0.004898375712036119
"belgian" ===> 0.0026498032034513955
"amien" ===> 0.002589999330190819
"rosada" ===> 0.0015428915697814352
"belgium" ===> 0.0014260765602287608
"buenosaire" ===> 0.0013493184577055355
"toronto" ===> 0.0012334537039811102
"gateshead" ===> 0.0011608082840807719
"angelofthenorth" ===> 0.0011061105115324633
"martelaarsplaat" ===> 0.0010939554509661724
------------------------------------
----------------sv19-----------------
"paci" ===> 0.6639002125849519
"ara" ===> 0.5859776524223989
"arapaci" ===> 0.2789627653819399
"augustae" ===> 0.1589620227316082
"roma" ===> 0.13010768581422563
"richardmeier" ===> 0.0919486209918126
"dell'ara" ===> 0.07636410895930199
"augusto" ===> 0.0716887553495488
"mostro" ===> 0.07013030414629774
"rome" ===> 0.06323715899739149
------------------------------------
----------------sv20-----------------
"toronto" ===> 0.626723594229291
"cn" ===> 0.5116728861099042
"cntower" ===> 0.41630190437936004
"ontario" ===> 0.3421244741444922
"canada" ===> 0.09037035724370032
"debby" ===> 0.04844240341868916
"kanada" ===> 0.04541475320502109
"naomi" ===> 0.04541475320502109
"http:en.wikipedia.orgwikicn_tower" ===> 0.04087327788451898
"_new" ===> 0.03935945277768494
------------------------------------
----------------sv21-----------------
"chartre" ===> 0.4329642193809905
"chartrescathedral" ===> 0.03894037948700982
"1194" ===> 0.025080244415362253
"cathédralenotredamedechartre" ===> 0.019800192959496518
"eureetloir" ===> 0.019800192959496518
"eure" ===> 0.0191401865275133
"loir" ===> 0.016500160799580433
"377" ===> 0.012540122207681127
"cologne" ===> 0.0117505012883039
"1145" ===> 0.011220109343714695
------------------------------------
----------------sv22-----------------
"chartre" ===> 0.869050335712493
"amien" ===> 0.41584671286080005
"cathedral" ===> 0.09408570195217986
"chartrescathedral" ===> 0.07816153933999556
"picardie" ===> 0.05206218627365259
"1194" ===> 0.050341330422370024
"france" ===> 0.04586555322406309
"cathédralenotredamedechartre" ===> 0.03974315559660792
"eureetloir" ===> 0.03974315559660792
"cathédrale" ===> 0.03927911294900473
------------------------------------
----------------sv23-----------------
"itza" ===> 0.01556015705006777
"chichen" ===> 0.014948755987196737
"belgian" ===> 0.014920309924237008
"belgium" ===> 0.00805467599514045
"gateshead" ===> 0.006536190815434103
"angelofthenorth" ===> 0.006228202766539301
"martelaarsplaat" ===> 0.006159760977896012
"martyr" ===> 0.00590119580214703
"cologne" ===> 0.00584343984198795
"jenneval" ===> 0.005133134148246677
------------------------------------
----------------sv24-----------------
"cologne" ===> 0.8972179875955826
"köln" ===> 0.32268366220542877
"colognecathedral" ===> 0.17314733093949838
"kölner" ===> 0.10624949853105582
"cathedral" ===> 0.0731013406021415
"kölnerdom" ===> 0.06165094359209412
"dom" ===> 0.053949370641716766
"germany" ===> 0.05382811910427485
"koln" ===> 0.034104777306264836
"rhine" ===> 0.02492272187765507
------------------------------------
----------------sv25-----------------
"belgian" ===> 0.005128057341383089
"belgium" ===> 0.002721663439209806
"gateshead" ===> 0.0022464654867068124
"angelofthenorth" ===> 0.002140611092045235
"martelaarsplaat" ===> 0.002117087893231551
"martyr" ===> 0.0020281927829777307
"jenneval" ===> 0.0017642399110262923
"dutch" ===> 0.0016754435002784554
"" ===> 0.0014210067493503984
"brussel" ===> 0.0012789133464653091
------------------------------------
----------------sv26-----------------
"belgian" ===> 0.5317017063126537
"belgium" ===> 0.2855238882154803
"gateshead" ===> 0.23292437134338728
"angelofthenorth" ===> 0.22194887740574074
"martelaarsplaat" ===> 0.2195098787529304
"martyr" ===> 0.21037416717350707
"jenneval" ===> 0.18292489896077535
"dutch" ===> 0.1737995542637236
"brussel" ===> 0.1350800349081381
"flemish" ===> 0.12804742927254273
------------------------------------
----------------sv27-----------------
"angkor" ===> 0.0011146635524732955
"wat" ===> 0.000821203917315104
"cambodia" ===> 0.0007306299558465264
"angkorwat" ===> 0.0003453887064001761
"" ===> 0.0003180777244200002
"siemreap" ===> 0.00024877648083369326
"khmer" ===> 0.00016424078346302082
"reap" ===> 0.0001437106855301432
"siem" ===> 0.0001437106855301432
"buddhist" ===> 0.00010627344812313111
------------------------------------
----------------sv28-----------------
"" ===> 0.9657897454326091
"sandiego" ===> 0.09579425557734599
"diego" ===> 0.08302168816703319
"coliseum" ===> 0.06565514081583072
"flavian" ===> 0.05252411265266457
"roma" ===> 0.049622163188858814
"italy" ===> 0.046234195378068624
"pointloma" ===> 0.03640181711939147
"rome" ===> 0.033091615923160046
"colosseo" ===> 0.031099803544340866
------------------------------------
----------------sv29-----------------
"palmetto" ===> -1.969545084174606e-08
"img_3954" ===> -1.969545084174606e-08
"img_1076" ===> -1.969545084174606e-08
"img_0997_hdr" ===> -1.969545084174606e-08
"img_0994_hdr" ===> -1.969545084174606e-08
"214" ===> -1.969545084174606e-08
"raked" ===> -1.969545084174606e-08
"img_0954_hdr" ===> -1.969545084174606e-08
"vision:mountain0733" ===> -1.969545084174606e-08
"vision:mountain0718" ===> -1.969545084174606e-08
------------------------------------
Total execution time 0.3988494873046875 sec
