Total execution time till reading dataframe 0.09765028953552246
----------------sv1-----------------
0.5714285714285714 ===> 0.16600843794247444
0.2608695652173913 ===> 0.16327190228643157
0.6538461538461539 ===> 0.13372606376266738
0.6956521739130435 ===> 0.13137206395148168
1.2857142857142858 ===> 0.12554010565627188
1.0714285714285714 ===> 0.12236135522266951
4.333333333333333 ===> 0.10776942548583206
3.5 ===> 0.1028088227967354
13.0 ===> 0.10259076361655234
15.0 ===> 0.08916402127382651
------------------------------------
----------------sv2-----------------
0.2608695652173913 ===> 0.12694944696961774
0.4583333333333333 ===> 0.12684227380656765
1.2857142857142858 ===> 0.12468276250420202
3.5 ===> 0.12401493233290396
 ===> 0.11658493381225933
0.75 ===> 0.11630133457172821
0.6538461538461539 ===> 0.10950114351874765
0.1111111111111111 ===> 0.10602874499183461
4.0 ===> 0.10085357371583244
0.04 ===> 0.10064457835819306
------------------------------------
----------------sv3-----------------
0.2608695652173913 ===> 0.2153581685520697
2.2 ===> 0.20948475705599082
0.5714285714285714 ===> 0.20833994032716371
3.5 ===> 0.19974790995053032
58.0 ===> 0.1975797557483083
1.7037037037037037 ===> 0.19480223604443692
1.2857142857142858 ===> 0.18740341827837545
0.6538461538461539 ===> 0.1777358628847642
0.14285714285714285 ===> 0.16589240379453765
71.14285714285714 ===> 0.16233519670369745
------------------------------------
----------------sv4-----------------
7.0 ===> 0.13187751724622437
0.043478260869565216 ===> 0.1304085207664718
0.09090909090909091 ===> 0.12491610449962247
0.2727272727272727 ===> 0.12287085536436546
0.5714285714285714 ===> 0.11779565340494999
0.18181818181818182 ===> 0.1123763903743772
0.38461538461538464 ===> 0.11135209043273814
0.1875 ===> 0.10689180580362169
0.8571428571428571 ===> 0.10347475140201792
0.42105263157894735 ===> 0.10294317360918898
------------------------------------
----------------sv5-----------------
0.16666666666666666 ===> 0.16723619491595834
0.18181818181818182 ===> 0.15125830392095294
0.125 ===> 0.1429233130221484
0.07407407407407407 ===> 0.137855812464896
0.1111111111111111 ===> 0.13072084850561516
0.7619047619047619 ===> 0.1256580932135921
0.5555555555555556 ===> 0.11663832332479092
0.17647058823529413 ===> 0.11306377069216825
13.333333333333334 ===> 0.109632576140274
17.0 ===> 0.10607050565366193
------------------------------------
----------------sv6-----------------
1.5 ===> 0.13243966045448635
 ===> 0.12129543433802346
1.2727272727272727 ===> 0.11709501248698136
3.0 ===> 0.11555877364009011
0.6666666666666666 ===> 0.108574504827954
0.8571428571428571 ===> 0.10294234262971094
0.7692307692307693 ===> 0.09578565223172926
3.5 ===> 0.0935923297660485
0.4583333333333333 ===> 0.09015622281991403
0.10526315789473684 ===> 0.08905934871704126
------------------------------------
----------------sv7-----------------
0.9 ===> 0.14901494629337536
1.6666666666666667 ===> 0.10810951511490488
2.75 ===> 0.09916475848165163
2.3333333333333335 ===> 0.09314417859087518
0.047619047619047616 ===> 0.09236896647125645
5.666666666666667 ===> 0.09131563550627017
1.1333333333333333 ===> 0.0892994989840524
0.06666666666666667 ===> 0.08555721549411303
0.10526315789473684 ===> 0.08415476953739116
9.0 ===> 0.08414375980257781
------------------------------------
----------------sv8-----------------
0.6923076923076923 ===> 0.13522567927664317
0.10526315789473684 ===> 0.13216603882072478
0.29411764705882354 ===> 0.13048835694516922
0.09523809523809523 ===> 0.11015158550964906
0.2727272727272727 ===> 0.10736344112988161
0.06666666666666667 ===> 0.09860921126535085
0.8571428571428571 ===> 0.09801622158494432
0.65 ===> 0.09767028857364904
60.0 ===> 0.09206465482969282
0.05263157894736842 ===> 0.08500692624993883
------------------------------------
----------------sv9-----------------
0.35294117647058826 ===> 0.21882790555538964
1.0 ===> 0.2153656175999329
1.6153846153846154 ===> 0.20195894975764042
0.18181818181818182 ===> 0.18069551169643738
1.3928571428571428 ===> 0.1661751678642952
0.3333333333333333 ===> 0.15306762577411742
8.833333333333334 ===> 0.14771126032381796
1.3636363636363635 ===> 0.1310591140420775
0.4166666666666667 ===> 0.12972242769778214
0.06666666666666667 ===> 0.11896079651380985
------------------------------------
----------------sv10-----------------
0.14285714285714285 ===> 0.1582660130005209
28.0 ===> 0.1288839806802233
3.6 ===> 0.12156219295079189
0.6956521739130435 ===> 0.11521878613213776
1.1333333333333333 ===> 0.1095416369073208
0.0625 ===> 0.1057829739662969
0.8260869565217391 ===> 0.10117608016150054
0.11764705882352941 ===> 0.10051455335696695
14.0 ===> 0.100177788978603
0.16666666666666666 ===> 0.0892560066923088
------------------------------------
----------------sv11-----------------
0.06666666666666667 ===> 0.1458454198086788
0.7692307692307693 ===> 0.13059165248795207
0.043478260869565216 ===> 0.12703698503394387
0.08695652173913043 ===> 0.12703036067536738
0.125 ===> 0.12147839123550223
0.8823529411764706 ===> 0.11344163258832475
60.0 ===> 0.10583042063486714
0.07142857142857142 ===> 0.10579191466682557
3.3333333333333335 ===> 0.10483101065453891
0.2727272727272727 ===> 0.1047287918578091
------------------------------------
----------------sv12-----------------
0.9 ===> 0.20350739813159563
0.06666666666666667 ===> 0.16688773781655405
6.0 ===> 0.15379263655306674
0.8181818181818182 ===> 0.13213223980177308
0.8333333333333334 ===> 0.13067989825038281
0.17857142857142858 ===> 0.12530228718431982
0.16666666666666666 ===> 0.12489614600916099
18.0 ===> 0.12394596605813389
6.375 ===> 0.11814322546546323
0.4117647058823529 ===> 0.1174374222499966
------------------------------------
----------------sv13-----------------
0.14285714285714285 ===> 0.1634272465492467
2.142857142857143 ===> 0.1613048138711674
0.13333333333333333 ===> 0.15956403050696175
2.3333333333333335 ===> 0.1494352969958963
1.75 ===> 0.1447789931482732
0.85 ===> 0.12864228223769486
14.0 ===> 0.12258794227083183
0.05555555555555555 ===> 0.1186799739761103
1.3703703703703705 ===> 0.1167936847027218
0.7857142857142857 ===> 0.11539495210921161
------------------------------------
----------------sv14-----------------
3.75 ===> 0.23125091367556844
0.6956521739130435 ===> 0.18359748559254405
0.10526315789473684 ===> 0.15091058020304499
1.875 ===> 0.12771595594164956
0.2857142857142857 ===> 0.12140702735744816
0.05555555555555555 ===> 0.10783812151579346
2.0 ===> 0.09645720986285314
0.2 ===> 0.09504963160003695
1.1428571428571428 ===> 0.09496641885033637
0.6 ===> 0.09308068784890737
------------------------------------
----------------sv15-----------------
0.6666666666666666 ===> 0.13569724786338372
0.14285714285714285 ===> 0.13231535461631816
0.4444444444444444 ===> 0.11871172705422207
7.0 ===> 0.11670404176401336
0.35294117647058826 ===> 0.11584173279499906
0.2 ===> 0.11578089162371817
14.5 ===> 0.11096624555090362
0.08333333333333333 ===> 0.1056389315227151
0.6296296296296297 ===> 0.10212714993616585
1.0714285714285714 ===> 0.09346740556447819
------------------------------------
----------------sv16-----------------
1.0714285714285714 ===> 0.20748882537792365
0.14285714285714285 ===> 0.1523214111795838
0.2727272727272727 ===> 0.14690367455736691
0.06666666666666667 ===> 0.14128774038999953
1.3703703703703705 ===> 0.1332255495533076
0.0625 ===> 0.12703546787367165
0.4 ===> 0.12374782702447139
60.0 ===> 0.11274425271307977
11.0 ===> 0.10551397639323035
0.17647058823529413 ===> 0.10336334909922008
------------------------------------
----------------sv17-----------------
0.2 ===> 0.23518482121746082
14.0 ===> 0.19386902322459312
1.1 ===> 0.18932935855771804
4.75 ===> 0.1807182985942776
1.2857142857142858 ===> 0.15827124650153107
2.037037037037037 ===> 0.14964067951315513
2.3333333333333335 ===> 0.1413322194789333
0.06666666666666667 ===> 0.1412925590470995
3.3333333333333335 ===> 0.13675616124165893
2.0625 ===> 0.13078781674830556
------------------------------------
----------------sv18-----------------
 ===> 0.1317515663563286
0.045454545454545456 ===> 0.1208134651668329
3.75 ===> 0.11916388664126146
0.08695652173913043 ===> 0.11721982106970483
1.0714285714285714 ===> 0.1144881872426217
0.5 ===> 0.11092226895427607
1.2857142857142858 ===> 0.10070009955415696
8.0 ===> 0.1002468170235756
0.5714285714285714 ===> 0.09947177190532075
2.0625 ===> 0.0979553264812777
------------------------------------
----------------sv19-----------------
0.1 ===> 0.18902293924382668
0.13043478260869565 ===> 0.15977771288763298
0.5 ===> 0.14409392851510516
1.875 ===> 0.13545244289732275
2.2222222222222223 ===> 0.12525083355969835
30.0 ===> 0.11875539006267052
0.6956521739130435 ===> 0.11304075151649895
1.3636363636363635 ===> 0.11295762293176649
7.4 ===> 0.11145705810866656
0.045454545454545456 ===> 0.10606954213158681
------------------------------------
----------------sv20-----------------
0.17647058823529413 ===> 0.13422105801584305
0.041666666666666664 ===> 0.13295370322565525
4.75 ===> 0.121812553446516
1.875 ===> 0.11458796788334275
0.11764705882352941 ===> 0.11116370784722086
0.12 ===> 0.11059578010665877
0.07142857142857142 ===> 0.10833281209177903
11.0 ===> 0.10508099644870769
0.2727272727272727 ===> 0.09999628301721537
2.75 ===> 0.09794997630221772
------------------------------------
----------------sv21-----------------
2.0 ===> 0.199940561153426
0.1111111111111111 ===> 0.1754934575942905
8.0 ===> 0.17228142396990076
0.9375 ===> 0.15179223663911498
0.4782608695652174 ===> 0.1271729711589187
5.0 ===> 0.12256153301407338
2.3333333333333335 ===> 0.11137164683893096
2.142857142857143 ===> 0.09340272544238097
1.1333333333333333 ===> 0.0927924462534545
0.18181818181818182 ===> 0.09003603828359366
------------------------------------
----------------sv22-----------------
8.666666666666666 ===> 0.16066926225931125
26.0 ===> 0.12519412690923917
3.0 ===> 0.12277146654054832
2.5 ===> 0.12239135488651592
0.1111111111111111 ===> 0.12044272455110468
0.8571428571428571 ===> 0.1189850480924433
0.07407407407407407 ===> 0.11376757627318322
0.65 ===> 0.10809656554241683
0.5 ===> 0.10799862957220635
0.0625 ===> 0.10219957946830993
------------------------------------
----------------sv23-----------------
1.2307692307692308 ===> 0.190372492155512
0.2 ===> 0.17201137247968984
0.3 ===> 0.15824296240093
1.8 ===> 0.13412566908520093
0.19230769230769232 ===> 0.11394984839274082
0.6875 ===> 0.1089194329173139
1.4545454545454546 ===> 0.10829712597558006
1.0 ===> 0.10673013644843626
0.8260869565217391 ===> 0.10499937922239742
0.8 ===> 0.10286779187144066
------------------------------------
----------------sv24-----------------
8.0 ===> 0.23047535776179776
0.21428571428571427 ===> 0.22612769614182607
1.875 ===> 0.16188713609453304
1.2857142857142858 ===> 0.14638858924709314
0.08695652173913043 ===> 0.14044444018048494
0.6 ===> 0.13495908331700132
1.1333333333333333 ===> 0.12939528422451557
8.285714285714286 ===> 0.12035568016720577
0.9375 ===> 0.11896622429827919
0.07407407407407407 ===> 0.1159428954529508
------------------------------------
----------------sv25-----------------
0.8 ===> 0.14579786648036475
1.2307692307692308 ===> 0.13881506255005807
0.8571428571428571 ===> 0.13843187900771728
0.8823529411764706 ===> 0.13793683836088133
0.08695652173913043 ===> 0.13328257756828785
3.2 ===> 0.13125129466452073
3.25 ===> 0.13008641736283832
0.3 ===> 0.12808551774200938
1.3333333333333333 ===> 0.1264711253140693
1.3636363636363635 ===> 0.1238354751659623
------------------------------------
----------------sv26-----------------
0.08695652173913043 ===> 0.25805398040093447
6.0 ===> 0.21597416154668586
0.7777777777777778 ===> 0.21262781395171754
4.5 ===> 0.16388488975700372
0.13043478260869565 ===> 0.14552403345429923
8.2 ===> 0.13976732416282403
0.45454545454545453 ===> 0.12958426647696103
0.06666666666666667 ===> 0.1255858650201487
31.333333333333332 ===> 0.12475366918324629
0.25925925925925924 ===> 0.11722122601972633
------------------------------------
----------------sv27-----------------
2.0 ===> 0.13714726955197165
0.043478260869565216 ===> 0.10823164191794009
0.13043478260869565 ===> 0.10814148366667493
0.047619047619047616 ===> 0.10510546047631607
14.0 ===> 0.10180243828124638
1.3636363636363635 ===> 0.10017661799906497
0.3 ===> 0.09913321266411602
0.2 ===> 0.09909541050175777
0.6956521739130435 ===> 0.09635879408952094
0.18181818181818182 ===> 0.09546515643478952
------------------------------------
----------------sv28-----------------
0.125 ===> 0.20746115520404299
0.2 ===> 0.14820007693875362
1.0434782608695652 ===> 0.14818503795883017
0.29411764705882354 ===> 0.14606351009579452
4.4 ===> 0.1446042259524964
9.0 ===> 0.135976264370992
0.25 ===> 0.12525627056548105
1.625 ===> 0.11147156596052653
0.09090909090909091 ===> 0.10654239217018499
1.92 ===> 0.10616944807909136
------------------------------------
----------------sv29-----------------
0.06666666666666667 ===> 0.20576388028314005
0.2 ===> 0.1544197100956558
8.0 ===> 0.15426893066762823
0.043478260869565216 ===> 0.1463251987607457
0.1111111111111111 ===> 0.14288955156000915
0.08333333333333333 ===> 0.14190188630916328
0.1 ===> 0.13867797329287745
0.08695652173913043 ===> 0.1367675132781024
 ===> 0.13662087507423817
0.07142857142857142 ===> 0.13015061183106552
------------------------------------
Total execution time 0.2985072135925293 sec
