Total execution time till reading dataframe 0.0984029769897461
----------------pc1-----------------
0.125 ===> 0.21004752024035342
1.0434782608695652 ===> 0.15297264144140532
0.2 ===> 0.14974615709392128
4.4 ===> 0.14929200570479093
0.29411764705882354 ===> 0.14739859845106973
9.0 ===> 0.1392546842310633
0.25 ===> 0.1263510238472358
1.625 ===> 0.11489204210110193
1.92 ===> 0.10963708997849071
0.09090909090909091 ===> 0.1090581299378505
------------------------------------
----------------pc2-----------------
8.666666666666666 ===> 0.19067169543457524
0.45 ===> 0.1790891804513505
0.08695652173913043 ===> 0.14579126608113127
1.0434782608695652 ===> 0.1448605141304692
0.7777777777777778 ===> 0.1440981357263491
4.4 ===> 0.14245142595137206
1.8 ===> 0.13489536284031448
4.5 ===> 0.13047853129413065
1.45 ===> 0.1291275758472749
0.75 ===> 0.12863766167331775
------------------------------------
----------------pc3-----------------
0.08695652173913043 ===> 0.2799581319203572
6.0 ===> 0.21857955873142612
0.7777777777777778 ===> 0.20237667466839246
0.06666666666666667 ===> 0.19868978400516982
0.13043478260869565 ===> 0.17527167703080412
2.0 ===> 0.1634264300298528
0.5 ===> 0.15136195365977043
0.45454545454545453 ===> 0.14764913861408557
8.2 ===> 0.14028449889236624
1.2307692307692308 ===> 0.12741197847896163
------------------------------------
----------------pc4-----------------
0.8 ===> 0.16811428725710933
0.8823529411764706 ===> 0.16438039541069177
 ===> 0.1588641113280739
1.1428571428571428 ===> 0.15614285006019635
1.3636363636363635 ===> 0.1547410378152927
3.25 ===> 0.1458611781900616
0.8571428571428571 ===> 0.14563958291647583
1.3333333333333333 ===> 0.14499411732799167
0.8888888888888888 ===> 0.14215214440455246
1.2307692307692308 ===> 0.14028113709325948
------------------------------------
----------------pc5-----------------
8.0 ===> 0.2648678916313459
0.21428571428571427 ===> 0.20607272995900763
1.875 ===> 0.15841278222566696
0.6 ===> 0.15307040887111495
0.07142857142857142 ===> 0.15244156032081707
1.1333333333333333 ===> 0.15118893031877176
0.9375 ===> 0.14456857835031767
1.2857142857142858 ===> 0.12896441745951231
4.0 ===> 0.12646226492518572
8.285714285714286 ===> 0.11051564666961845
------------------------------------
----------------pc6-----------------
0.1111111111111111 ===> 0.24247003482013202
1.0 ===> 0.14695567468076928
5.0 ===> 0.13742479179465886
8.0 ===> 0.1280897926163284
1.2592592592592593 ===> 0.12531004971727633
0.2 ===> 0.12393543176464236
0.19230769230769232 ===> 0.1177084065460461
1.8 ===> 0.11629164030725195
0.7692307692307693 ===> 0.11546809866872515
1.3636363636363635 ===> 0.11463347744860028
------------------------------------
----------------pc7-----------------
0.1111111111111111 ===> 0.21593140362588373
0.8823529411764706 ===> 0.17318551723412354
8.0 ===> 0.15781669366623302
0.18181818181818182 ===> 0.15322007711992536
2.0 ===> 0.14900021177907574
0.4782608695652174 ===> 0.13992506039581676
0.07142857142857142 ===> 0.13708013197583452
2.3333333333333335 ===> 0.12932203790592753
0.0625 ===> 0.10576003364739302
3.8 ===> 0.09889844203478254
------------------------------------
----------------pc8-----------------
8.0 ===> 0.2271246056174996
1.2 ===> 0.18112762298523993
1.3703703703703705 ===> 0.1561097636842486
10.0 ===> 0.14241912314312075
0.9375 ===> 0.1375158916869605
0.375 ===> 0.12803046331856047
1.1538461538461537 ===> 0.12162324327407541
1.25 ===> 0.11851931691249161
1.1333333333333333 ===> 0.11031311511110985
7.5 ===> 0.10720093625972052
------------------------------------
----------------pc9-----------------
0.043478260869565216 ===> 0.23481396719441847
0.1 ===> 0.1590508150968192
1.875 ===> 0.15103321527593436
11.0 ===> 0.13954891577746542
2.75 ===> 0.13024856300132215
0.9444444444444444 ===> 0.1213359546175071
0.17647058823529413 ===> 0.11854418910020478
0.041666666666666664 ===> 0.11698269892091095
0.2727272727272727 ===> 0.11362172804038219
0.3333333333333333 ===> 0.11286519517989117
------------------------------------
----------------pc10-----------------
0.043478260869565216 ===> 0.22456646766826033
0.6956521739130435 ===> 0.21575909371102125
0.3076923076923077 ===> 0.2146619904836128
0.16666666666666666 ===> 0.1655798168418651
2.2222222222222223 ===> 0.1610619986413242
7.4 ===> 0.1460849903329754
0.04 ===> 0.141115398377536
30.0 ===> 0.14103913127846232
0.13043478260869565 ===> 0.13281042632514192
0.045454545454545456 ===> 0.13146045231694736
------------------------------------
----------------pc11-----------------
0.05 ===> 0.17066173481272182
0.043478260869565216 ===> 0.15176322183762844
1.2727272727272727 ===> 0.1344552120561535
6.0 ===> 0.13283495175843804
1.25 ===> 0.1242367553947536
0.8823529411764706 ===> 0.12376704703990475
2.3333333333333335 ===> 0.11645242158089848
60.0 ===> 0.11590496632038313
0.7692307692307693 ===> 0.11562873016341953
0.05555555555555555 ===> 0.11535703064555662
------------------------------------
----------------pc12-----------------
6.0 ===> 0.17262488390938738
1.875 ===> 0.162511365328895
0.05 ===> 0.12388010688314174
1.2727272727272727 ===> 0.11571798711362621
0.4166666666666667 ===> 0.11331039389932807
0.5925925925925926 ===> 0.11277090093919934
0.2727272727272727 ===> 0.10512515200517221
0.55 ===> 0.10337332586093276
11.0 ===> 0.10271762802142284
0.45454545454545453 ===> 0.1014879160520216
------------------------------------
----------------pc13-----------------
0.2 ===> 0.2339990917406917
14.0 ===> 0.1946242902498554
1.1 ===> 0.1933334638769098
4.75 ===> 0.18541477835614484
1.2857142857142858 ===> 0.16071381874642132
2.037037037037037 ===> 0.15375153377484613
2.3333333333333335 ===> 0.14549400139081164
3.3333333333333335 ===> 0.14129753384574123
2.0625 ===> 0.13818046850613472
0.06666666666666667 ===> 0.13582385773446934
------------------------------------
----------------pc14-----------------
0.6666666666666666 ===> 0.1445103989371171
0.14285714285714285 ===> 0.12156036731869672
0.35294117647058826 ===> 0.12131890325672967
7.0 ===> 0.12025954874197557
0.2 ===> 0.11769528866062826
0.08333333333333333 ===> 0.11351823108608937
0.4444444444444444 ===> 0.11212460395697833
14.5 ===> 0.11180937425287377
0.6296296296296297 ===> 0.10767608527979801
5.666666666666667 ===> 0.09323802969588056
------------------------------------
----------------pc15-----------------
7.0 ===> 0.23046617208010192
0.5 ===> 0.17652216362442963
0.4444444444444444 ===> 0.166651355695049
0.037037037037037035 ===> 0.1577397471922054
0.17647058823529413 ===> 0.1498958440809289
0.4 ===> 0.13319973156717937
0.6818181818181818 ===> 0.12525238209905856
0.38461538461538464 ===> 0.12337883781604948
0.07692307692307693 ===> 0.11669710026638065
2.4 ===> 0.11423238377740161
------------------------------------
----------------pc16-----------------
2.142857142857143 ===> 0.18624619512280854
0.6666666666666666 ===> 0.1372313673836068
0.13333333333333333 ===> 0.13598152452457263
2.3333333333333335 ===> 0.12999753005570466
0.6956521739130435 ===> 0.12760602186786058
1.1 ===> 0.12082861120639395
0.42105263157894735 ===> 0.10874078814660258
0.85 ===> 0.1083974877697051
1.7142857142857142 ===> 0.10625021458992066
0.7857142857142857 ===> 0.10599324800231995
------------------------------------
----------------pc17-----------------
6.0 ===> 0.16659902590389378
0.9 ===> 0.15849586255609316
0.5 ===> 0.13197714308974656
0.9375 ===> 0.12407013366012079
30.0 ===> 0.12127635812832455
0.8181818181818182 ===> 0.11570383053415047
1.2727272727272727 ===> 0.11282962326416522
0.26666666666666666 ===> 0.10222612338198508
1.3 ===> 0.10095610357379455
18.0 ===> 0.09611758606841592
------------------------------------
----------------pc18-----------------
0.06666666666666667 ===> 0.26989781614427644
0.2727272727272727 ===> 0.14350735428009287
0.14285714285714285 ===> 0.1379390113134689
2.5 ===> 0.13099136402142394
60.0 ===> 0.1307334025668514
0.0625 ===> 0.1271550253654676
1.0666666666666667 ===> 0.11624022261428693
0.07407407407407407 ===> 0.11228509154138913
0.9 ===> 0.1093601118339238
0.4117647058823529 ===> 0.1092721946320884
------------------------------------
----------------pc19-----------------
28.0 ===> 0.17347244691699482
0.6956521739130435 ===> 0.1675662360461888
0.14285714285714285 ===> 0.16666117193187607
0.11764705882352941 ===> 0.16468278717316268
2.25 ===> 0.14452694574111533
0.25925925925925924 ===> 0.13386770493028122
0.6 ===> 0.12531673969656473
2.0 ===> 0.1250867151835057
3.6 ===> 0.12439603421421275
1.1333333333333333 ===> 0.12264942528430026
------------------------------------
----------------pc20-----------------
0.35294117647058826 ===> 0.22462883341504897
1.6153846153846154 ===> 0.16795993213006447
0.18181818181818182 ===> 0.16559174442407432
1.0 ===> 0.16538225061212283
1.3928571428571428 ===> 0.13863632887520283
8.833333333333334 ===> 0.12323229233351367
8.0 ===> 0.11893149807271938
0.06666666666666667 ===> 0.11672588816567511
0.85 ===> 0.1109968744263219
0.4166666666666667 ===> 0.10785520071466378
------------------------------------
----------------pc21-----------------
1.0 ===> 0.16316295360500632
0.18181818181818182 ===> 0.16309699967702393
0.058823529411764705 ===> 0.15547426381010943
26.0 ===> 0.15289483728635556
1.3636363636363635 ===> 0.13918603790361272
1.6153846153846154 ===> 0.13900011231861364
0.3333333333333333 ===> 0.12739490662498623
11.25 ===> 0.12300239251437234
66.0 ===> 0.1171432035995209
1.3928571428571428 ===> 0.11384877093929517
------------------------------------
----------------pc22-----------------
0.2962962962962963 ===> 0.16931320877392916
2.3333333333333335 ===> 0.1521362681608725
1.6666666666666667 ===> 0.13911332347571437
2.75 ===> 0.1266549731324171
4.5 ===> 0.11939525445635771
0.9 ===> 0.11721604920499001
0.85 ===> 0.11395234797473704
0.41379310344827586 ===> 0.10325772932348622
1.1 ===> 0.10299427733760495
6.0 ===> 0.10226880022626088
------------------------------------
----------------pc23-----------------
3.4814814814814814 ===> 0.16037978890548368
8.571428571428571 ===> 0.1470148064966933
1.1666666666666667 ===> 0.1455524232358491
0.09090909090909091 ===> 0.13644185732503533
0.08333333333333333 ===> 0.13191020888962132
0.3 ===> 0.12688214356005167
0.2962962962962963 ===> 0.12599928821999445
0.25925925925925924 ===> 0.11636518927979823
0.95 ===> 0.11461417567527134
1.2 ===> 0.11262067291928429
------------------------------------
----------------pc24-----------------
0.8823529411764706 ===> 0.17093514517501857
0.09523809523809523 ===> 0.15284747740948867
0.35294117647058826 ===> 0.13791766194590863
1.5 ===> 0.13333923539424886
0.6 ===> 0.1332207458333025
3.4814814814814814 ===> 0.1254231062953275
0.95 ===> 0.11667960525595458
8.571428571428571 ===> 0.11497118077071679
2.0 ===> 0.11359406348243523
13.0 ===> 0.10747634929003223
------------------------------------
----------------pc25-----------------
0.16 ===> 0.1789281036314243
13.333333333333334 ===> 0.16035499543296297
0.125 ===> 0.11647300120586523
2.2 ===> 0.11421122478604545
0.4375 ===> 0.11186897747572817
2.3529411764705883 ===> 0.10778229736757965
0.08333333333333333 ===> 0.10472472817716642
5.214285714285714 ===> 0.10144216222831022
1.2857142857142858 ===> 0.09849691293315545
0.36363636363636365 ===> 0.09636232314389105
------------------------------------
----------------pc26-----------------
0.5714285714285714 ===> 0.2086655640561501
3.5 ===> 0.18188198168288483
0.2608695652173913 ===> 0.18167672213659372
1.2857142857142858 ===> 0.1458486014169914
0.6538461538461539 ===> 0.14189853682010156
0.18181818181818182 ===> 0.1270901318053526
0.09090909090909091 ===> 0.12583377258181425
0.6818181818181818 ===> 0.12020342996292606
4.333333333333333 ===> 0.12020165949542223
58.0 ===> 0.11489911425392217
------------------------------------
----------------pc27-----------------
0.6818181818181818 ===> 0.2003486429256679
1.7037037037037037 ===> 0.1847992972577103
58.0 ===> 0.183071029684243
2.2 ===> 0.1744385062210953
71.14285714285714 ===> 0.15399941438142525
19.0 ===> 0.12587029567337354
0.043478260869565216 ===> 0.1211330379968436
32.0 ===> 0.1202819935964968
1.1 ===> 0.11311651064006784
0.47368421052631576 ===> 0.11304091270617704
------------------------------------
----------------pc28-----------------
2.2 ===> 0.17136295109257668
58.0 ===> 0.15207079530200104
1.7037037037037037 ===> 0.15005622003213157
30.0 ===> 0.14690874585940372
2.0454545454545454 ===> 0.1292108697688007
 ===> 0.12519563194163313
71.14285714285714 ===> 0.12504685002677635
0.8571428571428571 ===> 0.12376749062797833
32.0 ===> 0.11648430797115991
0.25925925925925924 ===> 0.1112254270476171
------------------------------------
----------------pc29-----------------
0.35294117647058826 ===> 0.2461865738627043
0.5714285714285714 ===> 0.23392741623932012
2.25 ===> 0.2115817421394936
0.16 ===> 0.2052001595989631
0.9 ===> 0.1911768961583906
0.14285714285714285 ===> 0.18089659332983574
0.65 ===> 0.17497322832782425
0.043478260869565216 ===> 0.17361286344008345
0.36363636363636365 ===> 0.12009563721083123
0.09523809523809523 ===> 0.11743211751683595
------------------------------------
Total execution time 0.1533658504486084 sec
