Total execution time till reading dataframe 0.11068129539489746
----------------Topic-1-----------------
"albert" ===> 0.03320828789612309
"albertmemorial" ===> 0.03147087325848857
"kensington" ===> 0.028677602136889656
"kensingtongarden" ===> 0.016014773052307914
"hydepark" ===> 0.013407720005482262
"memorial" ===> 0.012638639356668695
"prince" ===> 0.008938486210924001
"belfast" ===> 0.008566050061377478
"randy" ===> 0.008379831986604218
"london" ===> 0.008100504874444327
------------------------------------
----------------Topic-2-----------------
"angkor" ===> 0.14783830943467788
"wat" ===> 0.10891663521966238
"cambodia" ===> 0.09690377280762057
"angkorwat" ===> 0.045809064681736025
"siemreap" ===> 0.03299534477555808
"khmer" ===> 0.021783339857652385
"reap" ===> 0.01906042437758957
"siem" ===> 0.01906042437758957
"hindu" ===> 0.014815879658668128
"buddhist" ===> 0.01409510791394562
------------------------------------
----------------Topic-3-----------------
"altesmuseum" ===> 0.04066160972096497
"alte" ===> 0.026684190115270515
"berlin" ===> 0.026493588938829225
"pinakothek" ===> 0.013469175215341212
"skelett" ===> 0.009911286588437169
"exemplar" ===> 0.009403016784593734
"münchen" ===> 0.009148881882672016
"moderne" ===> 0.008640612078828583
"brandhorst" ===> 0.008640612078828583
"berlijn" ===> 0.007624072471141713
------------------------------------
----------------Topic-4-----------------
"montezuma" ===> 0.09665573973382166
"arizona" ===> 0.04367307588048425
"sinagua" ===> 0.0421671086908545
"walnut" ===> 0.03285749333677971
"montezumacastle" ===> 0.02491693906418651
"tuzigoot" ===> 0.024643126847890193
"canyon" ===> 0.022542987148897436
"castle" ===> 0.018400208316334158
"dwelling" ===> 0.018071633656778576
"montezumacastlenationalmonument" ===> 0.016154948142704354
------------------------------------
----------------Topic-5-----------------
"itza" ===> 0.11609323311151697
"chichen" ===> 0.11153161384615663
"yucatan" ===> 0.028282062253330433
"maya" ===> 0.025659131175748237
"chichén" ===> 0.025091209577210876
"itzá" ===> 0.022696359462896696
"chichenitza" ===> 0.022240197536360664
"mexico" ===> 0.019329884445060765
"chichénitzá" ===> 0.0171060950531976
"yucatán" ===> 0.010719828081693125
------------------------------------
----------------Topic-6-----------------
"paci" ===> 0.03927637264897313
"ara" ===> 0.03466647083803774
"brazil" ===> 0.03236151993257005
"redeemer" ===> 0.020744567369012864
"riodejaneiro" ===> 0.02046797326035674
"christtheredeemer" ===> 0.017609834137576802
"arapaci" ===> 0.016503457702952307
"corcovado" ===> 0.015397081268327815
"janeiro" ===> 0.011616961783360798
"augustae" ===> 0.009404208914111813
------------------------------------
----------------Topic-7-----------------
"toronto" ===> 0.03634692268941177
"cn" ===> 0.029674542358114033
"cntower" ===> 0.024143490241380385
"castillodesanmarco" ===> 0.0230021620268163
"ontario" ===> 0.019841560817254217
"bigben" ===> 0.01949038290508065
"marco" ===> 0.014003228027368702
"ben" ===> 0.012730208095739529
"florida" ===> 0.01233513294454427
"parliament" ===> 0.009701298603242533
------------------------------------
----------------Topic-8-----------------
"hearst" ===> 0.07456924595083414
"hearstcastle" ===> 0.04018533071808049
"batllo" ===> 0.03551591013091641
"gaudi" ===> 0.033676441414760866
"barcelona" ===> 0.027804291282418164
"batlló" ===> 0.025611078582386555
"casabatllo" ===> 0.021932141150075468
"casabatlló" ===> 0.01980967724681907
"sansimeon" ===> 0.019102189279066935
"gaudí" ===> 0.014998759066104567
------------------------------------
----------------Topic-9-----------------
"" ===> 0.0803191711619861
"madeleine" ===> 0.051650338199374445
"sandiego" ===> 0.017410234053745127
"diego" ===> 0.015088871060821105
"provence" ===> 0.010678281374265464
"aix" ===> 0.008472986530987643
"pointloma" ===> 0.0066158961366484265
"îlesdelamadeleine" ===> 0.005803419089125019
"morro" ===> 0.005397180565363315
"hike" ===> 0.005397180565363315
------------------------------------
----------------Topic-10-----------------
"triomphe" ===> 0.029280022599973598
"arcdetriomphe" ===> 0.0209824293216727
"arc" ===> 0.019106410243693635
"neuesmuseum" ===> 0.012017213595692423
"berlin" ===> 0.010749684691455425
"neue" ===> 0.00824991549807305
"l'étoile" ===> 0.008202228180381667
"françoi" ===> 0.007343856461936746
"rude" ===> 0.0065808593788745946
"antoine" ===> 0.0063901101081090565
------------------------------------
----------------Topic-11-----------------
"chartre" ===> 0.08848630175604816
"amien" ===> 0.08619321196863378
"bok" ===> 0.038712764605700514
"boktowergarden" ===> 0.024144900073891445
"lakewale" ===> 0.014432990386018736
"cathedral" ===> 0.013328260659023216
"picardie" ===> 0.010791024253066469
"florida" ===> 0.008430490648375186
"d'amien" ===> 0.008093271561990715
"chartrescathedral" ===> 0.007958383927436929
------------------------------------
----------------Topic-12-----------------
"belgian" ===> 0.035015340891933686
"belgium" ===> 0.018792640805005714
"gateshead" ===> 0.015339293756798274
"angelofthenorth" ===> 0.01461650018856881
"martelaarsplaat" ===> 0.014455879395628929
"martyr" ===> 0.013853551422104374
"jenneval" ===> 0.012046567501530716
"dutch" ===> 0.011444239528006163
"brussel" ===> 0.008887156504403259
"flemish" ===> 0.008432599660383394
------------------------------------
----------------Topic-13-----------------
"rosada" ===> 0.015240866337764015
"buenosaire" ===> 0.013328728831231816
"aire" ===> 0.009279496464457748
"bueno" ===> 0.008717103080183574
"guacharaca" ===> 0.0075360769732078035
"venezuela" ===> 0.006748726235223957
"casarosada" ===> 0.006720606566010248
"su" ===> 0.00596137549724011
"caraca" ===> 0.005511460789820769
"también" ===> 0.005455221451393351
------------------------------------
----------------Topic-14-----------------
"" ===> 0.17302114509852617
"coliseum" ===> 0.02168472812401278
"flavian" ===> 0.017347787064411337
"roma" ===> 0.016092356757684605
"italy" ===> 0.01515649052903377
"rome" ===> 0.010785310461067054
"colosseo" ===> 0.010271725335587937
"anfiteatro" ===> 0.009358685112513948
"ancientrome" ===> 0.009130425056745451
"vespasian" ===> 0.008902165000976955
------------------------------------
----------------Topic-15-----------------
"berlin" ===> 0.04565222255388891
"berlincathedral" ===> 0.023391850186549802
"digiensemble" ===> 0.019069447785124732
"dom" ===> 0.0187490814894897
"berlinerdom" ===> 0.01843380037315046
"berliner" ===> 0.01415207940609174
"evangelical" ===> 0.013475750559751112
"cathedral" ===> 0.00953219401586271
"gendarmenmarkt" ===> 0.00940760712311575
"germany" ===> 0.008133769709519303
------------------------------------
----------------Topic-16-----------------
"aztec" ===> 0.11846892718521639
"newmexico" ===> 0.03850910499018822
"aztecruin" ===> 0.025137897265267117
"mitla" ===> 0.01711517263031446
"mexico" ===> 0.014173506930831815
"anasazi" ===> 0.01203411369484444
"farmington" ===> 0.01203411369484444
"aztecruinsnationalmonument" ===> 0.01203411369484444
"ancestral" ===> 0.01203411369484444
"kiva" ===> 0.011499265385847595
------------------------------------
----------------Topic-17-----------------
"brandenburg" ===> 0.028530434536025096
"berlin" ===> 0.02638527131457283
"brandenburggate" ===> 0.022186842928890862
"brandenburgertor" ===> 0.022055559990001496
"brandenburger" ===> 0.020217598845550352
"tor" ===> 0.01286575426774578
"germany" ===> 0.01115382474462843
"zensursula" ===> 0.007877002589949821
"06121987" ===> 0.007877002589949821
"unrestricted" ===> 0.007877002589949821
------------------------------------
----------------Topic-18-----------------
"pont" ===> 0.03096732366417456
"pontalexandreiii" ===> 0.022842237814210867
"alexandre" ===> 0.021232550994878436
"palai" ===> 0.0170167045632935
"iii" ===> 0.012877509885010106
"pari" ===> 0.010673005460057691
"seine" ===> 0.008661663453425167
"mètre" ===> 0.008585011700123624
"tsar" ===> 0.008125101180314358
"nymph" ===> 0.007358583647298914
------------------------------------
----------------Topic-19-----------------
"athen" ===> 0.07075269143534323
"acropoli" ===> 0.06517657636772962
"parthenon" ===> 0.027972005342832357
"greece" ===> 0.02029159242511278
"αθήνα" ===> 0.017551068986964326
"ακρόπολη" ===> 0.012614835976289995
"scrapbook" ===> 0.010786601527892094
"athena" ===> 0.010786601527892094
"ελλάδα" ===> 0.010420954638212515
"erechtheion" ===> 0.009689660858853356
------------------------------------
----------------Topic-20-----------------
"agra" ===> 0.06442363118285863
"cologne" ===> 0.05380435261416747
"sanfrancisco" ===> 0.019665338548893675
"köln" ===> 0.01935069325796949
"agrafort" ===> 0.016204240348727666
"civic" ===> 0.015063651169127506
"civiccenter" ===> 0.014945659185030937
"francisco" ===> 0.013660333171605652
"colognecathedral" ===> 0.010383302466630294
"india" ===> 0.008836034248510627
------------------------------------
Total execution time 68.67941284179688 sec
