Total execution time till reading dataframe 50.86081790924072
----------------pc1-----------------
"angkor" ===> 0.6618260508614737
"wat" ===> 0.48758582295319847
"cambodia" ===> 0.43380797483336053
"angkorwat" ===> 0.20507286083031576
"siemreap" ===> 0.14770982283582185
"khmer" ===> 0.09751716459063971
"reap" ===> 0.08532751901680971
"siem" ===> 0.08532751901680971
"hindu" ===> 0.0660967604096517
"buddhist" ===> 0.06309934179394333
------------------------------------
----------------pc2-----------------
"" ===> 0.947835937744322
"sandiego" ===> 0.09382082680204314
"diego" ===> 0.08131138322843737
"coliseum" ===> 0.06454600667449664
"flavian" ===> 0.05163680533959732
"roma" ===> 0.04459673114497952
"italy" ===> 0.04381943934893901
"angkor" ===> 0.03706922562394506
"pointloma" ===> 0.035651914184776375
"colosseo" ===> 0.03057442421423527
------------------------------------
----------------pc3-----------------
"agra" ===> 0.9119226145998407
"agrafort" ===> 0.22937247693231652
"india" ===> 0.1248108769152409
"fort" ===> 0.12235670375209719
"uttarpradesh" ===> 0.06680751755310191
"mughal" ===> 0.062353683049561764
"mahal" ===> 0.06124022442367674
"" ===> 0.05760930297703644
"taj" ===> 0.05678638992013662
"shah" ===> 0.033403758776550954
------------------------------------
----------------pc4-----------------
"belgian" ===> 0.5067680799439365
"belgium" ===> 0.2711499540310306
"gateshead" ===> 0.22200161300296298
"angelofthenorth" ===> 0.21154080401329461
"martelaarsplaat" ===> 0.20921617979336812
"martyr" ===> 0.20045400586021542
"jenneval" ===> 0.17434681649447362
"dutch" ===> 0.16543627313774886
"brussel" ===> 0.12798032441030968
"flemish" ===> 0.1220427715461315
------------------------------------
----------------pc5-----------------
"itza" ===> 0.5899710087277394
"chichen" ===> 0.5667894366755689
"yucatan" ===> 0.14373081878585528
"maya" ===> 0.13042423913664927
"chichén" ===> 0.12750371834933594
"itzá" ===> 0.11533339302194642
"chichenitza" ===> 0.11301523581672944
"mexico" ===> 0.09841486440895458
"chichénitzá" ===> 0.0869308951956394
"belgian" ===> 0.06963470635525153
------------------------------------
----------------pc6-----------------
"cologne" ===> 0.6968353315979594
"köln" ===> 0.2506162157501432
"colognecathedral" ===> 0.13447699381714995
"itza" ===> 0.10044136153758154
"chichen" ===> 0.09649474615300087
"kölner" ===> 0.08251997347870572
"cathedral" ===> 0.05069051232770092
"kölnerdom" ===> 0.0478819599197428
"dom" ===> 0.040760570519332184
"germany" ===> 0.04040495082952233
------------------------------------
----------------pc7-----------------
"cologne" ===> 0.4288139929288616
"rosada" ===> 0.26681009131230865
"buenosaire" ===> 0.2333357625129786
"itza" ===> 0.1686552449347894
"aire" ===> 0.16244894858498504
"chichen" ===> 0.16202831979000404
"köln" ===> 0.15422257640423964
"bueno" ===> 0.15260355776165266
"guacharaca" ===> 0.13192823703265455
"venezuela" ===> 0.11814468987998918
------------------------------------
----------------pc8-----------------
"chartre" ===> 0.8984783416716081
"chartrescathedral" ===> 0.08080826548570866
"cathedral" ===> 0.05461822758269195
"1194" ===> 0.05204600149927
"cathédralenotredamedechartre" ===> 0.04108894855205526
"eureetloir" ===> 0.04108894855205526
"eure" ===> 0.03971931693365344
"loir" ===> 0.03424079046004605
"377" ===> 0.026023000749635
"1145" ===> 0.023283737512831304
------------------------------------
----------------pc9-----------------
"amien" ===> 0.8550020647997716
"picardie" ===> 0.1070425120250105
"d'amien" ===> 0.08028188401875788
"somme" ===> 0.07894385261844523
"cathedral" ===> 0.06627400452428679
"anger" ===> 0.06021141301406838
"cathédrale" ===> 0.05295809367184619
"http:en.wikipedia.orgwikiamiens_cathedral" ===> 0.041478973409691575
"cathédralenotredamedamien" ===> 0.04014094200937894
"cornell" ===> 0.04014094200937894
------------------------------------
----------------pc10-----------------
"toronto" ===> 0.49433214897832206
"cn" ===> 0.403585184431577
"cntower" ===> 0.3283607269783541
"ontario" ===> 0.26985281562584734
"amien" ===> 0.24865953694053328
"chartre" ===> 0.1863242373189707
"canada" ===> 0.0709206717673425
"debby" ===> 0.03820924823020848
"naomi" ===> 0.035821170215820444
"kanada" ===> 0.035821170215820444
------------------------------------
Total execution time 51.3 sec
