Total execution time till reading dataframe 39.421677589416504
----------------pc1-----------------
"angkor" ===> 0.6618259106426201
"wat" ===> 0.48758571965003444
"cambodia" ===> 0.4338078829239278
"angkorwat" ===> 0.20507281738222036
"siemreap" ===> 0.14770979154103991
"khmer" ===> 0.09751714393000686
"siem" ===> 0.08532750093875602
"reap" ===> 0.08532750093875602
"hindu" ===> 0.06609674249398825
"buddhist" ===> 0.06309932842529854
------------------------------------
----------------pc2-----------------
"" ===> 0.9478324898341283
"sandiego" ===> 0.0938249095303443
"diego" ===> 0.08131492159296509
"coliseum" ===> 0.06454321396316816
"flavian" ===> 0.05163457117053456
"roma" ===> 0.044593632849823484
"italy" ===> 0.04381722538410184
"angkor" ===> 0.03706809280388998
"pointloma" ===> 0.03565346562153087
"colosseo" ===> 0.0305731013509744
------------------------------------
----------------pc3-----------------
"agra" ===> 0.9119477044972958
"agrafort" ===> 0.22937878770017453
"india" ===> 0.12481449403941526
"fort" ===> 0.12235150690096867
"uttarpradesh" ===> 0.06680935564082752
"mughal" ===> 0.062355398598105724
"mahal" ===> 0.06124190933742525
"" ===> 0.05763122455653401
"taj" ===> 0.05678795229470342
"shah" ===> 0.03340467782041376
------------------------------------
----------------pc4-----------------
"belgian" ===> 0.5067732283560527
"belgium" ===> 0.27115244762386237
"gateshead" ===> 0.22200386838533495
"angelofthenorth" ===> 0.21154295312110455
"martelaarsplaat" ===> 0.20921830528460886
"martyr" ===> 0.200456795580861
"jenneval" ===> 0.17434858773717396
"dutch" ===> 0.16545026028978602
"brussel" ===> 0.12797779924901787
"flemish" ===> 0.1220440114160218
------------------------------------
----------------pc5-----------------
"itza" ===> 0.5900761073287514
"chichen" ===> 0.5668904056655392
"yucatan" ===> 0.14375976183386846
"maya" ===> 0.13046583522630845
"chichén" ===> 0.12752977066961996
"itzá" ===> 0.11535727729643347
"chichenitza" ===> 0.11303870713011227
"mexico" ===> 0.09852067303520977
"chichénitzá" ===> 0.08694638123704587
"belgian" ===> 0.06965218601385287
------------------------------------
----------------pc6-----------------
"cologne" ===> 0.696113255476791
"köln" ===> 0.2503565217065653
"colognecathedral" ===> 0.13433764579376675
"itza" ===> 0.09914566325000879
"chichen" ===> 0.09524995938949764
"kölner" ===> 0.08243446446435687
"cathedral" ===> 0.05075782693261345
"kölnerdom" ===> 0.04783234357808359
"dom" ===> 0.040677096662914254
"germany" ===> 0.04026595829335539
------------------------------------
----------------pc7-----------------
"cologne" ===> 0.4307379515856247
"rosada" ===> 0.26612749868419744
"buenosaire" ===> 0.23273880881237938
"itza" ===> 0.1692714215835389
"chichen" ===> 0.16262028517554128
"aire" ===> 0.16203334790735274
"köln" ===> 0.15491452644746156
"bueno" ===> 0.1522131450038768
"guacharaca" ===> 0.13159071890657734
"venezuela" ===> 0.11784243484171102
------------------------------------
----------------pc8-----------------
"chartre" ===> 0.9003790460115435
"chartrescathedral" ===> 0.08097921297969678
"cathedral" ===> 0.05301571872268086
"1194" ===> 0.05215610327505893
"cathédralenotredamedechartre" ===> 0.04117587100662547
"eureetloir" ===> 0.04117587100662547
"eure" ===> 0.0398033419730713
"loir" ===> 0.03431322583885454
"377" ===> 0.026078051637529465
"1145" ===> 0.0233329935704211
------------------------------------
----------------pc9-----------------
"amien" ===> 0.8500512584032331
"picardie" ===> 0.10642269275783822
"d'amien" ===> 0.07981701956837871
"somme" ===> 0.07848673590890576
"cathedral" ===> 0.06747839219834634
"anger" ===> 0.059862764676284035
"cathédrale" ===> 0.05295577366459865
"http:en.wikipedia.orgwikiamiens_cathedral" ===> 0.04123879344366232
"cornell" ===> 0.039908509784189354
"en.wikipedia.orgwikiamiens_cathedral" ===> 0.039908509784189354
------------------------------------
----------------pc10-----------------
"toronto" ===> 0.4935095335271784
"cn" ===> 0.40291358051252746
"cntower" ===> 0.32781430367143494
"ontario" ===> 0.26940375501725206
"amien" ===> 0.25430178584458574
"chartre" ===> 0.18182054867317737
"canada" ===> 0.07069082842592138
"debby" ===> 0.03814566442722153
"naomi" ===> 0.03576156040052017
"kanada" ===> 0.03576156040052017
------------------------------------
----------------pc11-----------------
"paci" ===> 0.5398712308206626
"ara" ===> 0.47650606288396524
"arapaci" ===> 0.22684730121337696
"augustae" ===> 0.12926494259086288
"roma" ===> 0.1065019089422062
"richardmeier" ===> 0.07477089816530305
"dell'ara" ===> 0.06209786457796356
"augusto" ===> 0.05829595450176171
"mostro" ===> 0.057028651143027714
"rome" ===> 0.05187796164375896
------------------------------------
----------------pc12-----------------
"brazil" ===> 0.42573354008825126
"redeemer" ===> 0.27290611544118676
"riodejaneiro" ===> 0.2692673672353043
"christtheredeemer" ===> 0.23166696910785173
"corcovado" ===> 0.20255698346079196
"janeiro" ===> 0.15285684047612294
"rio" ===> 0.12320205297447
"brasil" ===> 0.11037536224510215
"jardim" ===> 0.08490412480392476
"download" ===> 0.0727749641176498
------------------------------------
----------------pc13-----------------
"athen" ===> 0.48316745245001486
"acropoli" ===> 0.4483762767382986
"parthenon" ===> 0.19268976626125947
"greece" ===> 0.13938942542861965
"αθήνα" ===> 0.1209033827521628
"ακρόπολη" ===> 0.086899306353117
"athena" ===> 0.07430520398310007
"scrapbook" ===> 0.07430520398310007
"ελλάδα" ===> 0.07178638350909669
"erechtheion" ===> 0.06674874256108987
------------------------------------
----------------pc14-----------------
"athen" ===> 0.36016445939813735
"acropoli" ===> 0.334638198962329
"hearst" ===> 0.24198432717884605
"brazil" ===> 0.16288025180476556
"paci" ===> 0.15865345727852104
"amien" ===> 0.152103862283418
"chartre" ===> 0.144643485227892
"parthenon" ===> 0.14384270751754297
"ara" ===> 0.1400321594758778
"hearstcastle" ===> 0.13040521616469125
------------------------------------
----------------pc15-----------------
"batllo" ===> 0.35798618035918006
"gaudi" ===> 0.3394450634481469
"barcelona" ===> 0.28023090865221145
"batlló" ===> 0.2581493969920783
"casabatllo" ===> 0.22106716317001165
"casabatlló" ===> 0.1996735667342041
"gaudí" ===> 0.1511814148130403
"casa" ===> 0.0860077295257201
"catalunya" ===> 0.074164467644133
"antoni" ===> 0.07131198811935857
------------------------------------
----------------pc16-----------------
"triomphe" ===> 0.357277958317941
"arcdetriomphe" ===> 0.25602030400698506
"arc" ===> 0.23298013422786532
"batllo" ===> 0.19817281381447208
"gaudi" ===> 0.18790888321850344
"barcelona" ===> 0.1552035634448369
"batlló" ===> 0.1429054952207946
"casabatllo" ===> 0.12237763402885729
"casabatlló" ===> 0.11053463718735496
"l'étoile" ===> 0.10008066429363967
------------------------------------
----------------pc17-----------------
"madeleine" ===> 0.6102297599883388
"provence" ===> 0.1261598604919712
"aix" ===> 0.10010510669471623
"îlesdelamadeleine" ===> 0.06856514157172348
"chevreuse" ===> 0.06170862741455112
"québec" ===> 0.05759471892024771
"eglise" ===> 0.05759471892024771
"senegal" ===> 0.05622341608881326
"dakar" ===> 0.050738204763075355
"dominican" ===> 0.04936690193164088
------------------------------------
----------------pc18-----------------
"montezuma" ===> 0.4546302066439388
"arizona" ===> 0.20478438844967634
"sinagua" ===> 0.19833725728942375
"sanfrancisco" ===> 0.17548288551734242
"walnut" ===> 0.15454851217357699
"civic" ===> 0.1343513943948825
"civiccenter" ===> 0.13336699299318028
"francisco" ===> 0.12185147130437612
"montezumacastle" ===> 0.11719928839829585
"tuzigoot" ===> 0.11591138413018272
------------------------------------
----------------pc19-----------------
"sanfrancisco" ===> 0.3906649430088997
"civic" ===> 0.29921544820370044
"civiccenter" ===> 0.2969053566867638
"francisco" ===> 0.27135872238655745
"california" ===> 0.08523154265659708
"san" ===> 0.07615510063029059
"supervisor" ===> 0.07344500928567313
"sanfranciscocityhall" ===> 0.07344500928567313
"marin" ===> 0.07031968974160194
"bayarea" ===> 0.07031968974160194
------------------------------------
----------------pc20-----------------
"pont" ===> 0.28275465221991575
"pontalexandreiii" ===> 0.2087148725323691
"alexandre" ===> 0.19227777570751872
"palai" ===> 0.15504068093809567
"berlin" ===> 0.13934722704806496
"iii" ===> 0.11806199025020087
"castillodesanmarco" ===> 0.11102142615220367
"bok" ===> 0.10682981108831209
"bigben" ===> 0.09928175139810926
"florida" ===> 0.08280063082186735
------------------------------------
----------------pc21-----------------
"pont" ===> 0.32572535235335764
"pontalexandreiii" ===> 0.24018778411955094
"alexandre" ===> 0.2235933661781728
"palai" ===> 0.17898399877385912
"iii" ===> 0.13479389653771573
"pari" ===> 0.11895324258264829
"aztec" ===> 0.11281523095830412
"montezuma" ===> 0.1117500649738099
"madeleine" ===> 0.1024514329392422
"sanfrancisco" ===> 0.09192216610157727
------------------------------------
----------------pc22-----------------
"bigben" ===> 0.39793622196368106
"ben" ===> 0.25991131311558835
"parliament" ===> 0.19809023455595393
"westminster" ===> 0.16191200298667932
"whitehall" ===> 0.14519294585161333
"london" ===> 0.1277198894770752
"londre" ===> 0.12547538530386346
"housesofparliament" ===> 0.12368287979952244
"clocktower" ===> 0.12009786879084068
"inglaterra" ===> 0.08604026420836351
------------------------------------
----------------pc23-----------------
"castillodesanmarco" ===> 0.34797865401757594
"bigben" ===> 0.2899363247456459
"marco" ===> 0.21185270158150843
"ben" ===> 0.18939474713073268
"florida" ===> 0.18425640621213632
"parliament" ===> 0.14377566512306925
"staugustine" ===> 0.13946660870297314
"castillo" ===> 0.11650186752548936
"westminster" ===> 0.1151441185163212
"whitehall" ===> 0.10578757794773566
------------------------------------
----------------pc24-----------------
"bok" ===> 0.6497071296878829
"boktowergarden" ===> 0.4052180355893068
"lakewale" ===> 0.2422253061902559
"boktower" ===> 0.11092560750768726
"orlando" ===> 0.06791363724960449
"bigben" ===> 0.04759146174946303
"garden" ===> 0.04609126745129256
"pinewood" ===> 0.04301197025808283
"wale" ===> 0.03646779688513453
"olmsted" ===> 0.036220606533122375
------------------------------------
----------------pc25-----------------
"albert" ===> 0.3984884124735439
"albertmemorial" ===> 0.3780774940742758
"kensington" ===> 0.34452032004401467
"kensingtongarden" ===> 0.19239446444016403
"bok" ===> 0.17441003805051092
"hydepark" ===> 0.1610744353452536
"memorial" ===> 0.14825471843362503
"boktowergarden" ===> 0.10877838610118971
"prince" ===> 0.10693706177376883
"belfast" ===> 0.10290866702613427
------------------------------------
----------------pc26-----------------
"sandiego" ===> 0.3989228517788719
"diego" ===> 0.34573313820835566
"pointloma" ===> 0.1515906836759713
"morro" ===> 0.1236531624903611
"hike" ===> 0.12364172932064417
"lincoln" ===> 0.11967685553366157
"1542" ===> 0.11967685553366157
"marine" ===> 0.11435788417660993
"lighthouse" ===> 0.11301404335745406
"california" ===> 0.10815396009046105
------------------------------------
----------------pc27-----------------
"altesmuseum" ===> 0.4877753495107558
"alte" ===> 0.31851415689551177
"pinakothek" ===> 0.16157558452543785
"skelett" ===> 0.11889524144324674
"exemplar" ===> 0.11279804957436229
"münchen" ===> 0.10974945363992006
"moderne" ===> 0.10365226177103565
"brandhorst" ===> 0.10365226177103565
"neuesmuseum" ===> 0.0979389089883096
"berlijn" ===> 0.09145787803326673
------------------------------------
----------------pc28-----------------
"brandenburg" ===> 0.35289045131892316
"brandenburgertor" ===> 0.2843041942937857
"brandenburggate" ===> 0.2703602944895874
"brandenburger" ===> 0.2606121781026368
"tor" ===> 0.16415190146952405
"censorship" ===> 0.10153721224778059
"brandenberg" ===> 0.10153721224778059
"sperrwache" ===> 0.10153721224778059
"zensursula" ===> 0.10153721224778059
"06121987" ===> 0.10153721224778059
------------------------------------
----------------pc29-----------------
"neuesmuseum" ===> 0.45775473149233664
"neue" ===> 0.3063574637992398
"museum.de" ===> 0.23015405292802052
"davidchipperfield" ===> 0.21901756649601956
"nürnberg" ===> 0.21159324220801887
"chipperfield" ===> 0.21159324220801887
"www.neue" ===> 0.11507702646401026
"http:www.neue" ===> 0.11507702646401026
"ägyptischesmuseum" ===> 0.11507702646401026
"amarna" ===> 0.1039405400320093
------------------------------------
Total execution time 39.747135162353516 sec
