Total execution time till reading dataframe 0.13161659240722656
----------------pc1-----------------
"angkor" ===> 0.6618259106426216
"wat" ===> 0.4875857196500355
"cambodia" ===> 0.43380788292392847
"angkorwat" ===> 0.20507281738222066
"siemreap" ===> 0.14770979154104005
"khmer" ===> 0.097517143930007
"reap" ===> 0.08532750093875616
"siem" ===> 0.08532750093875616
"hindu" ===> 0.06609674249398839
"buddhist" ===> 0.06309932842529864
------------------------------------
----------------pc2-----------------
"" ===> 0.9478324898341854
"sandiego" ===> 0.09382490953034466
"diego" ===> 0.08131492159296544
"coliseum" ===> 0.06454321396316862
"flavian" ===> 0.05163457117053491
"roma" ===> 0.044593632849824
"italy" ===> 0.04381722538410222
"angkor" ===> 0.03706809280389362
"pointloma" ===> 0.03565346562153097
"colosseo" ===> 0.030573101350974616
------------------------------------
----------------pc3-----------------
"agra" ===> 0.9119477044972929
"agrafort" ===> 0.22937878770017384
"india" ===> 0.12481449403941493
"fort" ===> 0.12235150690096834
"uttarpradesh" ===> 0.06680935564082735
"mughal" ===> 0.062355398598105516
"mahal" ===> 0.06124190933742505
"" ===> 0.05763122455657487
"taj" ===> 0.056787952294703244
"shah" ===> 0.033404677820413675
------------------------------------
----------------pc4-----------------
"belgian" ===> 0.5067732283560543
"belgium" ===> 0.2711524476238633
"gateshead" ===> 0.22200386838533576
"angelofthenorth" ===> 0.2115429531211053
"martelaarsplaat" ===> 0.20921830528460947
"martyr" ===> 0.2004567955808616
"jenneval" ===> 0.17434858773717457
"dutch" ===> 0.16545026028978657
"brussel" ===> 0.1279777992490184
"flemish" ===> 0.12204401141602227
------------------------------------
----------------pc5-----------------
"itza" ===> 0.5900761073287502
"chichen" ===> 0.566890405665538
"yucatan" ===> 0.14375976183386827
"maya" ===> 0.13046583522630814
"chichén" ===> 0.12752977066961968
"itzá" ===> 0.11535727729643332
"chichenitza" ===> 0.11303870713011213
"mexico" ===> 0.09852067303520985
"chichénitzá" ===> 0.08694638123704569
"belgian" ===> 0.0696521860138482
------------------------------------
----------------pc6-----------------
"cologne" ===> 0.6961132554767888
"köln" ===> 0.2503565217065644
"colognecathedral" ===> 0.13433764579376625
"itza" ===> 0.09914566325002254
"chichen" ===> 0.09524995938951084
"kölner" ===> 0.08243446446435661
"cathedral" ===> 0.05075782693261288
"kölnerdom" ===> 0.047832343578083455
"dom" ===> 0.04067709666291424
"germany" ===> 0.040265958293355296
------------------------------------
----------------pc7-----------------
"cologne" ===> 0.4307379515856168
"rosada" ===> 0.26612749868419894
"buenosaire" ===> 0.23273880881238054
"itza" ===> 0.16927142158354325
"chichen" ===> 0.1626202851755455
"aire" ===> 0.16203334790735352
"köln" ===> 0.15491452644745868
"bueno" ===> 0.15221314500387745
"guacharaca" ===> 0.13159071890657803
"venezuela" ===> 0.11784243484171171
------------------------------------
----------------pc8-----------------
"chartre" ===> 0.9003790460115423
"chartrescathedral" ===> 0.08097921297969662
"cathedral" ===> 0.053015718722681265
"1194" ===> 0.05215610327505884
"cathédralenotredamedechartre" ===> 0.04117587100662541
"eureetloir" ===> 0.04117587100662541
"eure" ===> 0.03980334197307123
"loir" ===> 0.03431322583885451
"377" ===> 0.02607805163752942
"1145" ===> 0.023332993570421068
------------------------------------
----------------pc9-----------------
"amien" ===> 0.8500512584032367
"picardie" ===> 0.10642269275783872
"d'amien" ===> 0.07981701956837904
"somme" ===> 0.07848673590890608
"cathedral" ===> 0.06747839219834578
"anger" ===> 0.05986276467628429
"cathédrale" ===> 0.052955773664598756
"http:en.wikipedia.orgwikiamiens_cathedral" ===> 0.041238793443662505
"cornell" ===> 0.03990850978418952
"en.wikipedia.orgwikiamiens_cathedral" ===> 0.03990850978418952
------------------------------------
----------------pc10-----------------
"toronto" ===> 0.49350953352717664
"cn" ===> 0.40291358051252596
"cntower" ===> 0.32781430367143394
"ontario" ===> 0.2694037550172512
"amien" ===> 0.2543017858445702
"chartre" ===> 0.18182054867318492
"canada" ===> 0.07069082842592112
"debby" ===> 0.0381456644272214
"naomi" ===> 0.035761560400520045
"kanada" ===> 0.035761560400520045
------------------------------------
----------------pc11-----------------
"paci" ===> 0.5398712308207023
"ara" ===> 0.47650606288400016
"arapaci" ===> 0.2268473012133938
"augustae" ===> 0.1292649425908724
"roma" ===> 0.10650190894221417
"richardmeier" ===> 0.07477089816530855
"dell'ara" ===> 0.06209786457796814
"augusto" ===> 0.05829595450176597
"mostro" ===> 0.057028651143031926
"rome" ===> 0.05187796164376288
------------------------------------
----------------pc12-----------------
"brazil" ===> 0.4257335400881762
"redeemer" ===> 0.2729061154411385
"riodejaneiro" ===> 0.26926736723525685
"christtheredeemer" ===> 0.23166696910781104
"corcovado" ===> 0.20255698346075623
"janeiro" ===> 0.15285684047609593
"rio" ===> 0.12320205297444833
"brasil" ===> 0.11037536224508274
"jardim" ===> 0.0849041248039098
"download" ===> 0.07277496411763698
------------------------------------
----------------pc13-----------------
"athen" ===> 0.4831674524500164
"acropoli" ===> 0.44837627673829983
"parthenon" ===> 0.19268976626126005
"greece" ===> 0.1393894254286201
"αθήνα" ===> 0.12090338275216314
"ακρόπολη" ===> 0.08689930635311725
"athena" ===> 0.0743052039831003
"scrapbook" ===> 0.0743052039831003
"ελλάδα" ===> 0.07178638350909688
"erechtheion" ===> 0.06674874256109009
------------------------------------
----------------pc14-----------------
"athen" ===> 0.36016445939812886
"acropoli" ===> 0.334638198962321
"hearst" ===> 0.24198432717884913
"brazil" ===> 0.16288025180477034
"paci" ===> 0.15865345727851993
"amien" ===> 0.1521038622834186
"chartre" ===> 0.14464348522789358
"parthenon" ===> 0.14384270751753941
"ara" ===> 0.14003215947587677
"hearstcastle" ===> 0.13040521616469283
------------------------------------
----------------pc15-----------------
"batllo" ===> 0.357986180359181
"gaudi" ===> 0.3394450634481478
"barcelona" ===> 0.2802309086522121
"batlló" ===> 0.25814939699207895
"casabatllo" ===> 0.22106716317001227
"casabatlló" ===> 0.19967356673420458
"gaudí" ===> 0.15118141481304057
"casa" ===> 0.08600772952572022
"catalunya" ===> 0.07416446764413312
"antoni" ===> 0.07131198811935878
------------------------------------
----------------pc16-----------------
"triomphe" ===> 0.3572779583179438
"arcdetriomphe" ===> 0.25602030400698744
"arc" ===> 0.23298013422786723
"batllo" ===> 0.19817281381446888
"gaudi" ===> 0.18790888321850038
"barcelona" ===> 0.15520356344483444
"batlló" ===> 0.1429054952207923
"casabatllo" ===> 0.12237763402885526
"casabatlló" ===> 0.11053463718735317
"l'étoile" ===> 0.10008066429364049
------------------------------------
----------------pc17-----------------
"madeleine" ===> 0.6102297599883393
"provence" ===> 0.12615986049197123
"aix" ===> 0.10010510669471633
"îlesdelamadeleine" ===> 0.06856514157172351
"chevreuse" ===> 0.06170862741455115
"québec" ===> 0.05759471892024775
"eglise" ===> 0.05759471892024775
"senegal" ===> 0.05622341608881327
"dakar" ===> 0.05073820476307541
"dominican" ===> 0.04936690193164093
------------------------------------
----------------pc18-----------------
"montezuma" ===> 0.45463020664393244
"arizona" ===> 0.20478438844967353
"sinagua" ===> 0.19833725728942092
"sanfrancisco" ===> 0.1754828855173468
"walnut" ===> 0.15454851217357474
"civic" ===> 0.1343513943948859
"civiccenter" ===> 0.1333669929931836
"francisco" ===> 0.12185147130437923
"montezumacastle" ===> 0.1171992883982942
"tuzigoot" ===> 0.11591138413018107
------------------------------------
----------------pc19-----------------
"sanfrancisco" ===> 0.3906649430088963
"civic" ===> 0.29921544820369794
"civiccenter" ===> 0.2969053566867614
"francisco" ===> 0.2713587223865553
"california" ===> 0.08523154265659631
"san" ===> 0.07615510063029006
"supervisor" ===> 0.07344500928567255
"sanfranciscocityhall" ===> 0.07344500928567255
"marin" ===> 0.07031968974160137
"bayarea" ===> 0.07031968974160137
------------------------------------
----------------pc20-----------------
"pont" ===> 0.28275465221991536
"pontalexandreiii" ===> 0.2087148725323689
"alexandre" ===> 0.19227777570751842
"palai" ===> 0.15504068093809537
"berlin" ===> 0.13934722704806504
"iii" ===> 0.11806199025020064
"castillodesanmarco" ===> 0.11102142615220473
"bok" ===> 0.10682981108831148
"bigben" ===> 0.0992817513981086
"florida" ===> 0.08280063082186774
------------------------------------
----------------sv1-----------------
"hearst" ===> 0.02232701343532562
"aztec" ===> 0.020056499016966257
"montezuma" ===> 0.01966084753856393
"hearstcastle" ===> 0.012032014830422157
"madeleine" ===> 0.009464856220935078
"arizona" ===> 0.009025740218762698
"sinagua" ===> 0.008577253600393329
"castle" ===> 0.007620837069877712
"triomphe" ===> 0.00693963605441433
"walnut" ===> 0.006683574234072723
------------------------------------
----------------sv2-----------------
"aztec" ===> 0.05559140190663222
"hearst" ===> 0.045570776560968834
"hearstcastle" ===> 0.02455806554708757
"newmexico" ===> 0.018070342831952687
"belgian" ===> 0.01542620000225692
"aztecruin" ===> 0.01179591823752467
"sansimeon" ===> 0.011673728341045147
"belgium" ===> 0.008279675114925257
"mitla" ===> 0.008031263480867861
"gateshead" ===> 0.006757807799153834
------------------------------------
----------------sv3-----------------
"madeleine" ===> 0.8568048943865211
"provence" ===> 0.1771371916484493
"aix" ===> 0.14055451076453043
"îlesdelamadeleine" ===> 0.09627021285241809
"chevreuse" ===> 0.08664319156717629
"eglise" ===> 0.0808669787960312
"québec" ===> 0.0808669787960312
"senegal" ===> 0.07894157453898284
"dakar" ===> 0.0712399575107894
"dominican" ===> 0.06931455325374103
------------------------------------
----------------sv4-----------------
"aztec" ===> 0.8494747281753381
"newmexico" ===> 0.2761272254113966
"aztecruin" ===> 0.180249716587995
"mitla" ===> 0.12272321129395404
"mexico" ===> 0.09713861402714463
"aztecruinsnationalmonument" ===> 0.08628975794106143
"anasazi" ===> 0.08628975794106143
"farmington" ===> 0.08628975794106143
"ancestral" ===> 0.08628975794106143
"kiva" ===> 0.08245465758812537
------------------------------------
----------------sv5-----------------
"triomphe" ===> 0.5428010019435999
"arcdetriomphe" ===> 0.38897735546276735
"arc" ===> 0.354255388908267
"l'étoile" ===> 0.1520547844081727
"françoi" ===> 0.13614207441196857
"rude" ===> 0.12199744330423158
"antoine" ===> 0.11846128552729732
"cortot" ===> 0.11669320663883022
"pari" ===> 0.10776677693393015
"marseillaise" ===> 0.10431665441956033
------------------------------------
----------------sv6-----------------
"batllo" ===> 0.4461448871423169
"gaudi" ===> 0.42303778143375076
"barcelona" ===> 0.3491466023308621
"batlló" ===> 0.3217220102500373
"casabatllo" ===> 0.27550779883290494
"casabatlló" ===> 0.24884575378455925
"gaudí" ===> 0.18841178500830918
"triomphe" ===> 0.10930458989754074
"casa" ===> 0.1051060351458159
"catalunya" ===> 0.09242842283426488
------------------------------------
----------------sv7-----------------
"athen" ===> 0.6287475934006848
"acropoli" ===> 0.5836329232153482
"parthenon" ===> 0.2508287782657496
"greece" ===> 0.1814304423328408
"αθήνα" ===> 0.15738276283341152
"ακρόπολη" ===> 0.11311886078651454
"athena" ===> 0.0967248229913675
"scrapbook" ===> 0.0967248229913675
"ελλάδα" ===> 0.09344601543233809
"erechtheion" ===> 0.08688840031427929
------------------------------------
----------------sv8-----------------
"brazil" ===> 0.5534437212341865
"redeemer" ===> 0.35477161617576053
"riodejaneiro" ===> 0.35004132796008375
"christtheredeemer" ===> 0.3011616830647567
"corcovado" ===> 0.2633193773393423
"janeiro" ===> 0.19869007461995428
"rio" ===> 0.1600868875935897
"brasil" ===> 0.14348540920886316
"jardim" ===> 0.11037339169912551
"download" ===> 0.09460576431353615
------------------------------------
----------------sv9-----------------
"" ===> 0.0048983757120360195
"belgian" ===> 0.002649803203451275
"amien" ===> 0.0025899993301907414
"rosada" ===> 0.0015428915697814356
"belgium" ===> 0.001426076560228696
"buenosaire" ===> 0.0013493184577055358
"toronto" ===> 0.0012334537039811735
"gateshead" ===> 0.0011608082840807192
"angelofthenorth" ===> 0.001106110511532413
"martelaarsplaat" ===> 0.001093955450966123
------------------------------------
----------------sv10-----------------
"paci" ===> 0.6639002125849521
"ara" ===> 0.5859776524223991
"arapaci" ===> 0.27896276538194
"augustae" ===> 0.15896202273160828
"roma" ===> 0.13010768581422566
"richardmeier" ===> 0.09194862099181261
"dell'ara" ===> 0.07636410895930201
"augusto" ===> 0.07168875534954883
"mostro" ===> 0.07013030414629777
"rome" ===> 0.06323715899739149
------------------------------------
----------------sv11-----------------
"amien" ===> 0.007189628496713857
"chartre" ===> 0.001876738240416998
"cologne" ===> 0.0015160013264340771
"rosada" ===> 0.0012484901924094294
"buenosaire" ===> 0.0010918530464982831
"picardie" ===> 0.000900109983939137
"cathedral" ===> 0.0007798296967700797
"aire" ===> 0.0007601508551570326
"itza" ===> 0.000725521757105269
"bueno" ===> 0.0007140811063596367
------------------------------------
----------------sv12-----------------
"amien" ===> 0.857252216252707
"picardie" ===> 0.10732422112709948
"d'amien" ===> 0.0804931658453246
"somme" ===> 0.07915161308123586
"anger" ===> 0.060369874383993445
"cathédrale" ===> 0.04706229687370748
"http:en.wikipedia.orgwikiamiens_cathedral" ===> 0.04158813568675104
"cornell" ===> 0.0402465829226623
"cathédralenotredamedamien" ===> 0.0402465829226623
"en.wikipedia.orgwikiamiens_cathedral" ===> 0.0402465829226623
------------------------------------
----------------sv13-----------------
"cologne" ===> 0.032209278706303045
"köln" ===> 0.011584038832968638
"colognecathedral" ===> 0.006215825715251464
"kölner" ===> 0.0038142566889043075
"belgian" ===> 0.0028063218488659954
"kölnerdom" ===> 0.0022132106713395367
"belgium" ===> 0.001765137950600255
"rosada" ===> 0.0015808739416952207
"germany" ===> 0.001513872680919655
"buenosaire" ===> 0.0013825355135858573
------------------------------------
----------------sv14-----------------
"rosada" ===> 0.35975603645803506
"buenosaire" ===> 0.3146205927695731
"aire" ===> 0.2190396531940066
"bueno" ===> 0.20576452269740014
"guacharaca" ===> 0.17788674865452658
"venezuela" ===> 0.15930156595927752
"casarosada" ===> 0.15886509330468365
"su" ===> 0.14078236582330916
"caraca" ===> 0.1300962788667433
"también" ===> 0.12876876581708266
------------------------------------
----------------sv15-----------------
"cologne" ===> 0.8972179875955829
"köln" ===> 0.32268366220542893
"colognecathedral" ===> 0.17314733093949844
"kölner" ===> 0.10624949853105586
"cathedral" ===> 0.07310134060214153
"kölnerdom" ===> 0.06165094359209415
"dom" ===> 0.053949370641716794
"germany" ===> 0.053828119104274895
"koln" ===> 0.03410477730626485
"rhine" ===> 0.024922721877655082
------------------------------------
----------------sv16-----------------
"itza" ===> 0.6514982267947991
"chichen" ===> 0.6258990823234907
"yucatan" ===> 0.15878535780821115
"maya" ===> 0.14438382912465444
"chichén" ===> 0.14086595667829527
"itzá" ===> 0.12742640583085837
"chichenitza" ===> 0.12486649138372752
"mexico" ===> 0.11034562645177368
"chichénitzá" ===> 0.09599679176740653
"yucatán" ===> 0.06015798950757476
------------------------------------
----------------sv17-----------------
"" ===> 0.004227512761068034
"agra" ===> 0.0019486317406606966
"angkor" ===> 0.0007603331359324352
"wat" ===> 0.0005601587566999523
"cambodia" ===> 0.0004983765408874576
"agrafort" ===> 0.0004901320373334597
"sandiego" ===> 0.00036719502969153353
"diego" ===> 0.00031823569239932905
"coliseum" ===> 0.00031752555491027336
"flavian" ===> 0.00025402044392821866
------------------------------------
----------------sv18-----------------
"angkor" ===> 0.001114663552473339
"wat" ===> 0.0008212039173151361
"cambodia" ===> 0.0007306299558465549
"angkorwat" ===> 0.0003453887064001896
"" ===> 0.0003180777244201848
"siemreap" ===> 0.000248776480833703
"khmer" ===> 0.00016424078346302721
"reap" ===> 0.00014371068553014883
"siem" ===> 0.00014371068553014883
"buddhist" ===> 0.00010627344812313527
------------------------------------
----------------sv19-----------------
"angkor" ===> 0.0003943586328368191
"wat" ===> 0.00029053507077902166
"cambodia" ===> 0.00025849076150192375
"angkorwat" ===> 0.0001221956327100003
"siemreap" ===> 8.801503614776245e-05
"khmer" ===> 5.810701415580434e-05
"reap" ===> 5.0843637386328797e-05
"siem" ===> 5.0843637386328797e-05
"hindu" ===> 3.773964503652212e-05
"buddhist" ===> 3.759865621846163e-05
------------------------------------
----------------sv20-----------------
"palmetto" ===> -1.969545084181363e-08
"img_3954" ===> -1.969545084181363e-08
"img_1076" ===> -1.969545084181363e-08
"img_0997_hdr" ===> -1.969545084181363e-08
"img_0994_hdr" ===> -1.969545084181363e-08
"214" ===> -1.969545084181363e-08
"raked" ===> -1.969545084181363e-08
"img_0954_hdr" ===> -1.969545084181363e-08
"vision:mountain0733" ===> -1.969545084181363e-08
"vision:mountain0718" ===> -1.969545084181363e-08
------------------------------------
----------------Topic-1-----------------
"albert" ===> 0.03320822605640386
"albertmemorial" ===> 0.0314708146541434
"kensington" ===> 0.028677548734110513
"kensingtongarden" ===> 0.01601474322996139
"hydepark" ===> 0.01340769503793069
"memorial" ===> 0.012638615821281634
"prince" ===> 0.008940331743158083
"belfast" ===> 0.008566034109873675
"randy" ===> 0.008379816381871482
"london" ===> 0.008100489789868192
------------------------------------
----------------Topic-2-----------------
"angkor" ===> 0.14783830943467788
"wat" ===> 0.10891663521966238
"cambodia" ===> 0.09690377280762057
"angkorwat" ===> 0.045809064681736025
"siemreap" ===> 0.03299534477555808
"khmer" ===> 0.021783339857652385
"reap" ===> 0.01906042437758957
"siem" ===> 0.01906042437758957
"hindu" ===> 0.014815879658668128
"buddhist" ===> 0.01409510791394562
------------------------------------
----------------Topic-3-----------------
"altesmuseum" ===> 0.04066160972096497
"alte" ===> 0.026684190115270515
"berlin" ===> 0.026493588938829225
"pinakothek" ===> 0.013469175215341212
"skelett" ===> 0.009911286588437169
"exemplar" ===> 0.009403016784593734
"münchen" ===> 0.009148881882672016
"moderne" ===> 0.008640612078828583
"brandhorst" ===> 0.008640612078828583
"berlijn" ===> 0.007624072471141713
------------------------------------
----------------Topic-4-----------------
"montezuma" ===> 0.09667162165640888
"arizona" ===> 0.043680251992448106
"sinagua" ===> 0.04217403735083682
"walnut" ===> 0.0328628922936034
"montezumacastle" ===> 0.02492103327419843
"tuzigoot" ===> 0.02464717606663274
"canyon" ===> 0.02254669128460391
"castle" ===> 0.01840323173413504
"dwelling" ===> 0.018074603085056214
"montezumacastlenationalmonument" ===> 0.016157602632096393
------------------------------------
----------------Topic-5-----------------
"itza" ===> 0.11609429226743738
"chichen" ===> 0.11153263138495671
"yucatan" ===> 0.028282320279684546
"maya" ===> 0.025659365272258164
"chichén" ===> 0.02508915766194808
"itzá" ===> 0.02269428569864573
"chichenitza" ===> 0.022238119610397664
"mexico" ===> 0.019330060797816236
"chichénitzá" ===> 0.017106251117606913
"yucatán" ===> 0.010719925882133979
------------------------------------
----------------Topic-6-----------------
"paci" ===> 0.03927637264897313
"ara" ===> 0.03466647083803774
"brazil" ===> 0.03236151993257005
"redeemer" ===> 0.020744567369012864
"riodejaneiro" ===> 0.02046797326035674
"christtheredeemer" ===> 0.017609834137576802
"arapaci" ===> 0.016503457702952307
"corcovado" ===> 0.015397081268327815
"janeiro" ===> 0.011616961783360798
"augustae" ===> 0.009404208914111813
------------------------------------
----------------Topic-7-----------------
"toronto" ===> 0.03611810547845225
"cn" ===> 0.029487730228875325
"cntower" ===> 0.023991498114094453
"castillodesanmarco" ===> 0.0228573549792984
"ontario" ===> 0.019716650913709333
"bigben" ===> 0.019367683795310547
"marco" ===> 0.013915072570329527
"ben" ===> 0.01265006676613393
"florida" ===> 0.012257478757935297
"parliament" ===> 0.009640225369944406
------------------------------------
----------------Topic-8-----------------
"hearst" ===> 0.07456935146467199
"hearstcastle" ===> 0.04018538757943687
"batllo" ===> 0.03551596038514568
"gaudi" ===> 0.03367648906618249
"barcelona" ===> 0.027804330624876902
"batlló" ===> 0.025611114821497707
"casabatllo" ===> 0.02193217218357132
"casabatlló" ===> 0.019809705277075325
"sansimeon" ===> 0.01910221630824333
"gaudí" ===> 0.014998780289017738
------------------------------------
----------------Topic-9-----------------
"" ===> 0.0803191711619861
"madeleine" ===> 0.051650338199374445
"sandiego" ===> 0.017410234053745127
"diego" ===> 0.015088871060821105
"provence" ===> 0.010678281374265464
"aix" ===> 0.008472986530987643
"pointloma" ===> 0.0066158961366484265
"îlesdelamadeleine" ===> 0.005803419089125019
"morro" ===> 0.005397180565363315
"hike" ===> 0.005397180565363315
------------------------------------
----------------Topic-10-----------------
"triomphe" ===> 0.029275331831487048
"arcdetriomphe" ===> 0.02097906785848061
"arc" ===> 0.019103349325733064
"neuesmuseum" ===> 0.012015288393393199
"berlin" ===> 0.010799456604245703
"neue" ===> 0.008248593830936254
"l'étoile" ===> 0.008200914152930469
"françoi" ===> 0.007342679948826355
"rude" ===> 0.0065798051007338095
"antoine" ===> 0.006389086388710673
------------------------------------
----------------Topic-11-----------------
"chartre" ===> 0.08848630175604816
"amien" ===> 0.08619321196863378
"bok" ===> 0.038712764605700514
"boktowergarden" ===> 0.024144900073891445
"lakewale" ===> 0.014432990386018736
"cathedral" ===> 0.013328260659023216
"picardie" ===> 0.010791024253066469
"florida" ===> 0.008430490648375186
"d'amien" ===> 0.008093271561990715
"chartrescathedral" ===> 0.007958383927436929
------------------------------------
----------------Topic-12-----------------
"belgian" ===> 0.035015340891933686
"belgium" ===> 0.018792640805005714
"gateshead" ===> 0.015339293756798274
"angelofthenorth" ===> 0.01461650018856881
"martelaarsplaat" ===> 0.014455879395628929
"martyr" ===> 0.013853551422104374
"jenneval" ===> 0.012046567501530716
"dutch" ===> 0.011444239528006163
"brussel" ===> 0.008887156504403259
"flemish" ===> 0.008432599660383394
------------------------------------
----------------Topic-13-----------------
"rosada" ===> 0.015240866337764015
"buenosaire" ===> 0.013328728831231816
"aire" ===> 0.009279496464457748
"bueno" ===> 0.008717103080183574
"guacharaca" ===> 0.0075360769732078035
"venezuela" ===> 0.006748726235223957
"casarosada" ===> 0.006720606566010248
"su" ===> 0.00596137549724011
"caraca" ===> 0.005511460789820769
"también" ===> 0.005455221451393351
------------------------------------
----------------Topic-14-----------------
"" ===> 0.17302114509852617
"coliseum" ===> 0.02168472812401278
"flavian" ===> 0.017347787064411337
"roma" ===> 0.016092356757684605
"italy" ===> 0.01515649052903377
"rome" ===> 0.010785310461067054
"colosseo" ===> 0.010271725335587937
"anfiteatro" ===> 0.009358685112513948
"ancientrome" ===> 0.009130425056745451
"vespasian" ===> 0.008902165000976955
------------------------------------
----------------Topic-15-----------------
"berlin" ===> 0.045544804612897366
"berlincathedral" ===> 0.02340851529617592
"digiensemble" ===> 0.01908303347566713
"dom" ===> 0.0187420837321682
"berlinerdom" ===> 0.01844693320794525
"berliner" ===> 0.014162161804570661
"evangelical" ===> 0.01348535111971458
"cathedral" ===> 0.009528807454484482
"gendarmenmarkt" ===> 0.009414309406294544
"germany" ===> 0.00810394285478747
------------------------------------
----------------Topic-16-----------------
"aztec" ===> 0.11846892718521639
"newmexico" ===> 0.03850910499018822
"aztecruin" ===> 0.025137897265267117
"mitla" ===> 0.01711517263031446
"mexico" ===> 0.014173506930831815
"anasazi" ===> 0.01203411369484444
"farmington" ===> 0.01203411369484444
"aztecruinsnationalmonument" ===> 0.01203411369484444
"ancestral" ===> 0.01203411369484444
"kiva" ===> 0.011499265385847595
------------------------------------
----------------Topic-17-----------------
"brandenburg" ===> 0.029435311722535742
"berlin" ===> 0.027224820993593916
"brandenburggate" ===> 0.02289052544664916
"brandenburgertor" ===> 0.022755078710807137
"brandenburger" ===> 0.020858824409018806
"tor" ===> 0.013138360466023461
"germany" ===> 0.01094954121481636
"06121987" ===> 0.008126831239868586
"brandenberg" ===> 0.008126831239868586
"censorship" ===> 0.008126831239868586
------------------------------------
----------------Topic-18-----------------
"pont" ===> 0.03096732366417456
"pontalexandreiii" ===> 0.022842237814210867
"alexandre" ===> 0.021232550994878436
"palai" ===> 0.0170167045632935
"iii" ===> 0.012877509885010106
"pari" ===> 0.010673005460057691
"seine" ===> 0.008661663453425167
"mètre" ===> 0.008585011700123624
"tsar" ===> 0.008125101180314358
"nymph" ===> 0.007358583647298914
------------------------------------
----------------Topic-19-----------------
"athen" ===> 0.07017079585555104
"acropoli" ===> 0.06513899303195946
"parthenon" ===> 0.027995139461447063
"greece" ===> 0.020247992859597334
"αθήνα" ===> 0.017565584518002695
"ακρόπολη" ===> 0.012625269018476416
"scrapbook" ===> 0.010795522537170386
"athena" ===> 0.010795522537170386
"ελλάδα" ===> 0.01042957324090918
"erechtheion" ===> 0.00969767464838677
------------------------------------
----------------Topic-20-----------------
"agra" ===> 0.06416520839039518
"cologne" ===> 0.05358852698009578
"sanfrancisco" ===> 0.01958645489068882
"köln" ===> 0.01927307173779106
"agrafort" ===> 0.016139240208813462
"civic" ===> 0.01500322627955908
"civiccenter" ===> 0.01488570759722242
"francisco" ===> 0.013605537417635072
"colognecathedral" ===> 0.010341651880204902
"india" ===> 0.008800590225830168
------------------------------------
Total execution time 233.04 sec
