Total execution time till reading dataframe 320.7467188835144
----------------pc1-----------------
"belgian" ===> 0.5859419261734125
"belgium" ===> 0.31448346099427155
"martelaarsplaat" ===> 0.2419026300715924
"martyr" ===> 0.2318300313336269
"jenneval" ===> 0.2015855250596603
"dutch" ===> 0.19150645984148174
"brussel" ===> 0.148725169788019
"flemish" ===> 0.1411098675417621
"brabançonne" ===> 0.1209513150357962
"mérode" ===> 0.1209513150357962
------------------------------------
----------------pc2-----------------
"guacharaca" ===> 0.2682449770303412
"venezuela" ===> 0.24021938241523086
"su" ===> 0.21219171365085063
"caraca" ===> 0.19617916230577187
"maraca" ===> 0.19017367774539115
"pero" ===> 0.13812614488875788
"cual" ===> 0.1341224885151706
"otra" ===> 0.12411334758120265
"mucho" ===> 0.11810786302082198
"ya" ===> 0.11610603483402836
------------------------------------
----------------pc3-----------------
"frieden" ===> 0.17138993205570652
"étex" ===> 0.12854244904177986
"bogen" ===> 0.12854244904177986
"triumphbogen" ===> 0.12854244904177986
"earthquake" ===> 0.11391449264485434
"cortot" ===> 0.10838442411975924
"metope" ===> 0.09619446045565475
"walnut" ===> 0.09585701428784568
"bildhauern" ===> 0.09228688649153427
"gegeben" ===> 0.08569496602785326
------------------------------------
----------------pc4-----------------
"walnut" ===> 0.25009980370191004
"earthquake" ===> 0.12252169190272941
"metope" ===> 0.10346276205119359
"canyon" ===> 0.09514744488312345
"anasazi" ===> 0.09378742638821617
"ancestral" ===> 0.09378742638821617
"cella" ===> 0.0898492407286681
"http:en.wikipedia.orgwikiwikipedia:text_of_creative_commons_attribution" ===> 0.08545076626481929
"en.wikipedia.orgwikiwikipedia:text_of_creative_commons_" ===> 0.08545076626481929
"sharealike_3.0_unported_license" ===> 0.08545076626481929
------------------------------------
----------------pc5-----------------
"walnut" ===> 0.44867882980782037
"canyon" ===> 0.17075364918805405
"ancestral" ===> 0.16825456117793253
"anasazi" ===> 0.16825456117793253
"en.wikipedia.orgwikiwikipedia:text_of_creative_commons_" ===> 0.15329860018433875
"http:en.wikipedia.orgwikiwikipedia:text_of_creative_commons_attribution" ===> 0.15329860018433875
"sharealike_3.0_unported_license" ===> 0.15329860018433875
"coconino" ===> 0.13086465869394764
"p.m" ===> 0.11216970745195509
"mst" ===> 0.11216970745195509
------------------------------------
----------------pc6-----------------
"ambrareview" ===> 0.43114333957795226
"http:pinterest.compauldambraboard" ===> 0.21557166978897613
"pinterest.compauldambraboard" ===> 0.21557166978897613
"facebook" ===> 0.21557166978897613
"https:www.facebook.compdambra" ===> 0.21557166978897613
"http:instagram.compauldambraau" ===> 0.21557166978897613
"http:www.flickr.comphotosbehindthesteeringwheelset" ===> 0.21557166978897613
"www.flickr.comphotosbehindthesteeringwheelset" ===> 0.21557166978897613
"www.facebook.compdambra" ===> 0.21557166978897613
"triptease.comprofilepaul" ===> 0.21557166978897613
------------------------------------
----------------pc7-----------------
"provence" ===> 0.4427592487558832
"aix" ===> 0.3513198386867332
"dominican" ===> 0.173253619078389
"emmanuel" ===> 0.15881581748852303
"jule" ===> 0.14437801589865754
"l'eglise" ===> 0.11550241271892599
"jarente" ===> 0.11550241271892599
"fame" ===> 0.08945471180639866
"classified" ===> 0.07700160847928399
"socle" ===> 0.07296606221141348
------------------------------------
----------------pc8-----------------
"jardim" ===> 0.35803187244010165
"botânico" ===> 0.3068844620915159
"botanical" ===> 0.17901220330563528
"botanische" ===> 0.15344223104575794
"garten" ===> 0.12788124930233277
"botany" ===> 0.10229482069717193
"histórico" ===> 0.10229482069717193
"prevhp" ===> 0.10229482069717193
"artístico" ===> 0.10229482069717193
"2f" ===> 0.10229482069717193
------------------------------------
----------------pc9-----------------
"digiensemble" ===> 0.5512907477138966
"aria" ===> 0.2205162990855587
"motion" ===> 0.2205162990855587
"thumbjam" ===> 0.2205162990855587
"midi" ===> 0.16549580387040844
"device" ===> 0.165382683913988
"instrumental" ===> 0.11025814954277935
"geo" ===> 0.11025814954277935
"ipodtouch" ===> 0.11025814954277935
"ipad" ===> 0.11025814954277935
------------------------------------
----------------pc10-----------------
"pinakothek" ===> 0.40868194497020255
"skelett" ===> 0.3007282236573193
"exemplar" ===> 0.28530626346976407
"münchen" ===> 0.27759528337598677
"moderne" ===> 0.26217332318843195
"brandhorst" ===> 0.26217332318843195
"archaeopteryx" ===> 0.2004854824382127
"bayern" ===> 0.12337568150043857
"solnhofen" ===> 0.11566470140666124
"fund" ===> 0.11564494408992615
------------------------------------
Total execution time 321.82 sec
