Total execution time till reading dataframe 0.5227224826812744
----------------pc1-----------------
"belgian" ===> 0.5859419261734125
"belgium" ===> 0.31448346099427144
"martelaarsplaat" ===> 0.24190263007159246
"martyr" ===> 0.23183003133362712
"jenneval" ===> 0.20158552505966032
"dutch" ===> 0.19150645984148157
"brussel" ===> 0.14872516978801897
"flemish" ===> 0.1411098675417623
"mérode" ===> 0.12095131503579623
"brabançonne" ===> 0.12095131503579623
------------------------------------
----------------pc2-----------------
"guacharaca" ===> 0.2682449770303701
"venezuela" ===> 0.24021938241525695
"su" ===> 0.21219171365087944
"caraca" ===> 0.19617916230579321
"maraca" ===> 0.19017367774541155
"pero" ===> 0.13812614488877256
"cual" ===> 0.13412248851518505
"otra" ===> 0.12411334758121607
"mucho" ===> 0.11810786302083459
"ya" ===> 0.1161060348340408
------------------------------------
----------------pc3-----------------
"frieden" ===> 0.17138991928132977
"étex" ===> 0.12854243946099733
"bogen" ===> 0.12854243946099733
"triumphbogen" ===> 0.12854243946099733
"earthquake" ===> 0.11391449522432744
"cortot" ===> 0.10838441616443482
"metope" ===> 0.09619446263387646
"walnut" ===> 0.09585701897459227
"bildhauern" ===> 0.0922868796130237
"gegeben" ===> 0.08569495964066488
------------------------------------
----------------pc4-----------------
"walnut" ===> 0.2500998078350653
"earthquake" ===> 0.12252168828475772
"metope" ===> 0.10346275899601756
"canyon" ===> 0.09514744553896085
"anasazi" ===> 0.09378742793814937
"ancestral" ===> 0.09378742793814937
"cella" ===> 0.08984923807548892
"en.wikipedia.orgwikiwikipedia:text_of_creative_commons_" ===> 0.08545076767698048
"http:en.wikipedia.orgwikiwikipedia:text_of_creative_commons_attribution" ===> 0.08545076767698048
"sharealike_3.0_unported_license" ===> 0.08545076767698048
------------------------------------
----------------pc5-----------------
"walnut" ===> 0.4486788374335979
"canyon" ===> 0.17075365743476134
"anasazi" ===> 0.16825456403759903
"ancestral" ===> 0.16825456403759903
"http:en.wikipedia.orgwikiwikipedia:text_of_creative_commons_attribution" ===> 0.1532986027898123
"sharealike_3.0_unported_license" ===> 0.1532986027898123
"en.wikipedia.orgwikiwikipedia:text_of_creative_commons_" ===> 0.1532986027898123
"coconino" ===> 0.1308646609181325
"mst" ===> 0.11216970935839947
"a.m" ===> 0.11216970935839947
------------------------------------
----------------pc6-----------------
"ambrareview" ===> 0.4311433294908779
"http:instagram.compauldambraau" ===> 0.21557166474543896
"http:triptease.comprofilepaul" ===> 0.21557166474543896
"instagram.compauldambraau" ===> 0.21557166474543896
"http:www.flickr.comphotosbehindthesteeringwheelset" ===> 0.21557166474543896
"triptease" ===> 0.21557166474543896
"www.facebook.compdambra" ===> 0.21557166474543896
"www.flickr.comphotosbehindthesteeringwheelset" ===> 0.21557166474543896
"facebook" ===> 0.21557166474543896
"pinterest" ===> 0.21557166474543896
------------------------------------
----------------pc7-----------------
"provence" ===> 0.44275918702757094
"aix" ===> 0.3513197897066597
"dominican" ===> 0.17325359492383213
"emmanuel" ===> 0.1588157953468462
"jule" ===> 0.14437799576986005
"jarente" ===> 0.11550239661588807
"l'eglise" ===> 0.11550239661588807
"fame" ===> 0.08945469875302159
"classified" ===> 0.07700159774392533
"socle" ===> 0.07296605549631527
------------------------------------
----------------pc8-----------------
"jardim" ===> 0.35803191984868704
"botânico" ===> 0.30688450272744594
"botanical" ===> 0.17901222635761566
"botanische" ===> 0.15344225136372297
"garten" ===> 0.12788121471703678
"histórico" ===> 0.10229483424248191
"institute" ===> 0.10229483424248191
"botany" ===> 0.10229483424248191
"br" ===> 0.10229483424248191
"prevhp" ===> 0.10229483424248191
------------------------------------
----------------pc9-----------------
"digiensemble" ===> 0.5512527345393681
"aria" ===> 0.22050109381574734
"motion" ===> 0.22050109381574734
"thumbjam" ===> 0.22050109381574734
"midi" ===> 0.1654870834793271
"device" ===> 0.1653716090900412
"musikmachen" ===> 0.11025054690787367
"musizieren" ===> 0.11025054690787367
"mobiledevice" ===> 0.11025054690787367
"großer" ===> 0.11025054690787367
------------------------------------
----------------pc10-----------------
"pinakothek" ===> 0.4083710379319191
"skelett" ===> 0.3004994430065065
"exemplar" ===> 0.2850892151600188
"münchen" ===> 0.2773841012367749
"brandhorst" ===> 0.2619738733902875
"moderne" ===> 0.2619738733902875
"archaeopteryx" ===> 0.2003329620043376
"bayern" ===> 0.12328182277190003
"solnhofen" ===> 0.11557670884865623
"fund" ===> 0.11555613686809359
------------------------------------
Total execution time 1.63 sec
