Total execution time till reading dataframe 0.5078437328338623
----------------pc1-----------------
"belgian" ===> 0.5859419261734126
"belgium" ===> 0.31448346099427155
"martelaarsplaat" ===> 0.24190263007159246
"martyr" ===> 0.23183003133362712
"jenneval" ===> 0.2015855250596604
"dutch" ===> 0.19150645984148162
"brussel" ===> 0.14872516978801892
"flemish" ===> 0.14110986754176233
"mérode" ===> 0.12095131503579623
"brabançonne" ===> 0.12095131503579623
------------------------------------
----------------pc2-----------------
"guacharaca" ===> 0.26824497703039824
"venezuela" ===> 0.24021938241528232
"su" ===> 0.21219171365089487
"caraca" ===> 0.196179162305814
"maraca" ===> 0.19017367774543167
"pero" ===> 0.13812614488878733
"cual" ===> 0.13412248851519912
"otra" ===> 0.12411334758122916
"mucho" ===> 0.11810786302084711
"ya" ===> 0.11610603483405306
------------------------------------
----------------pc3-----------------
"frieden" ===> 0.17138994318577033
"étex" ===> 0.1285424573893278
"bogen" ===> 0.1285424573893278
"triumphbogen" ===> 0.1285424573893278
"earthquake" ===> 0.1139144985453371
"cortot" ===> 0.10838443114161012
"metope" ===> 0.09619446543828468
"walnut" ===> 0.09585702803501989
"bildhauern" ===> 0.0922868924846456
"gegeben" ===> 0.08569497159288517
------------------------------------
----------------pc4-----------------
"walnut" ===> 0.25009979668802723
"earthquake" ===> 0.12252169075333792
"metope" ===> 0.10346276108059649
"canyon" ===> 0.09514745055808345
"anasazi" ===> 0.09378742375801016
"ancestral" ===> 0.09378742375801016
"cella" ===> 0.08984923988578115
"en.wikipedia.orgwikiwikipedia:text_of_creative_commons_" ===> 0.0854507638684093
"http:en.wikipedia.orgwikiwikipedia:text_of_creative_commons_attribution" ===> 0.0854507638684093
"sharealike_3.0_unported_license" ===> 0.0854507638684093
------------------------------------
----------------pc5-----------------
"walnut" ===> 0.44867885042071454
"canyon" ===> 0.1707536531472896
"anasazi" ===> 0.16825456890776783
"ancestral" ===> 0.16825456890776783
"sharealike_3.0_unported_license" ===> 0.15329860722707755
"en.wikipedia.orgwikiwikipedia:text_of_creative_commons_" ===> 0.15329860722707755
"http:en.wikipedia.orgwikiwikipedia:text_of_creative_commons_attribution" ===> 0.15329860722707755
"coconino" ===> 0.13086466470604166
"neighboring" ===> 0.11216971260517863
"a.m" ===> 0.11216971260517863
------------------------------------
----------------pc6-----------------
"ambrareview" ===> 0.4311433083050277
"instagram.compauldambraau" ===> 0.21557165415251384
"http:www.flickr.comphotosbehindthesteeringwheelset" ===> 0.21557165415251384
"http:pinterest.compauldambraboard" ===> 0.21557165415251384
"http:triptease.comprofilepaul" ===> 0.21557165415251384
"triptease" ===> 0.21557165415251384
"triptease.comprofilepaul" ===> 0.21557165415251384
"http:instagram.compauldambraau" ===> 0.21557165415251384
"www.facebook.compdambra" ===> 0.21557165415251384
"pinterest" ===> 0.21557165415251384
------------------------------------
----------------pc7-----------------
"provence" ===> 0.4427590693679455
"aix" ===> 0.3513196963463045
"dominican" ===> 0.17325354888310915
"emmanuel" ===> 0.15881575314284974
"jule" ===> 0.1443779574025909
"jarente" ===> 0.11550236592207269
"l'eglise" ===> 0.11550236592207269
"fame" ===> 0.08945467449269726
"classified" ===> 0.07700157728138189
"socle" ===> 0.07296602535742966
------------------------------------
----------------pc8-----------------
"jardim" ===> 0.3580319042186822
"botânico" ===> 0.30688448933029894
"botanical" ===> 0.17901221884527718
"botanische" ===> 0.15344224466514947
"garten" ===> 0.1278812163592593
"prevhp" ===> 0.10229482977676632
"institute" ===> 0.10229482977676632
"botany" ===> 0.10229482977676632
"tropical" ===> 0.10229482977676632
"br" ===> 0.10229482977676632
------------------------------------
----------------pc9-----------------
"digiensemble" ===> 0.5509679704294604
"motion" ===> 0.22038718817178418
"thumbjam" ===> 0.22038718817178418
"aria" ===> 0.22038718817178418
"midi" ===> 0.16539763040248237
"device" ===> 0.1652857194367874
"synth" ===> 0.11019359408589209
"ipodtouch" ===> 0.11019359408589209
"physically" ===> 0.11019359408589209
"beta" ===> 0.11019359408589209
------------------------------------
----------------pc10-----------------
"pinakothek" ===> 0.4086638498346337
"skelett" ===> 0.30071490836888176
"exemplar" ===> 0.2852936310166311
"münchen" ===> 0.27758299234050576
"brandhorst" ===> 0.2621617149882555
"moderne" ===> 0.2621617149882555
"archaeopteryx" ===> 0.2004766055792542
"bayern" ===> 0.1233702188180026
"solnhofen" ===> 0.11565958014187748
"fund" ===> 0.11564103196252055
------------------------------------
Total execution time 1.8 sec
