Total execution time till reading dataframe 0.5032618045806885
----------------sv1-----------------
"pinakothek" ===> 0.4088917735457248
"skelett" ===> 0.3008826258166654
"exemplar" ===> 0.28545274756965694
"münchen" ===> 0.2777378084461527
"moderne" ===> 0.26230793019914417
"brandhorst" ===> 0.26230793019914417
"archaeopteryx" ===> 0.2005884172111103
"bayern" ===> 0.12343902597606786
"solnhofen" ===> 0.11572408685256362
"fund" ===> 0.11566410031380796
------------------------------------
----------------sv2-----------------
"digiensemble" ===> 0.5515002233938691
"aria" ===> 0.2206000893575476
"thumbjam" ===> 0.2206000893575476
"motion" ===> 0.2206000893575476
"midi" ===> 0.16562229363997838
"device" ===> 0.16545239522671135
"bach" ===> 0.110308824870509
"ipodtouch" ===> 0.1103000446787738
"herr" ===> 0.1103000446787738
"singer" ===> 0.1103000446787738
------------------------------------
----------------sv3-----------------
"jardim" ===> 0.35794169134834886
"botânico" ===> 0.30680716401287045
"botanical" ===> 0.17897205598870883
"botanische" ===> 0.15340358200643522
"garten" ===> 0.12785566819763736
"hlpt" ===> 0.1022690546709568
"institute" ===> 0.1022690546709568
"área" ===> 0.1022690546709568
"botany" ===> 0.1022690546709568
"2f" ===> 0.1022690546709568
------------------------------------
----------------sv4-----------------
"ambrareview" ===> 0.04896168473823864
"pinterest" ===> 0.02448084236911932
"pinterest.compauldambraboard" ===> 0.02448084236911932
"http:pinterest.compauldambraboard" ===> 0.02448084236911932
"www.facebook.compdambra" ===> 0.02448084236911932
"http:triptease.comprofilepaul" ===> 0.02448084236911932
"http:www.flickr.comphotosbehindthesteeringwheelset" ===> 0.02448084236911932
"https:www.facebook.compdambra" ===> 0.02448084236911932
"http:instagram.compauldambraau" ===> 0.02448084236911932
"triptease" ===> 0.02448084236911932
------------------------------------
----------------sv5-----------------
"walnut" ===> 0.011372326191949124
"earthquake" ===> 0.005221323418563694
"metope" ===> 0.004409117553453786
"canyon" ===> 0.004328349569427336
"ancestral" ===> 0.004264622321980921
"anasazi" ===> 0.004264622321980921
"en.wikipedia.orgwikiwikipedia:text_of_creative_commons_" ===> 0.003885544782249284
"sharealike_3.0_unported_license" ===> 0.003885544782249284
"http:en.wikipedia.orgwikiwikipedia:text_of_creative_commons_attribution" ===> 0.003885544782249284
"cella" ===> 0.003828970506946709
------------------------------------
----------------sv6-----------------
"earthquake" ===> 0.1025341048668837
"metope" ===> 0.08658435522092402
"cella" ===> 0.07519167690238139
"treasury" ===> 0.06835606991125581
"taylor'" ===> 0.06835606991125581
"italianate" ===> 0.06835606991125581
"sarmiento" ===> 0.06835606991125581
"usnationalregisterofhistoricplace" ===> 0.05240632026529612
"nrhp" ===> 0.05240632026529612
"supervisor" ===> 0.051269974688763806
------------------------------------
----------------sv7-----------------
"frieden" ===> 0.14503625751302532
"bogen" ===> 0.10877719313476898
"étex" ===> 0.10877719313476898
"triumphbogen" ===> 0.10877719313476898
"cortot" ===> 0.08938411367024335
"bildhauern" ===> 0.07809644635316747
"zeigen" ===> 0.07251812875651266
"auszug" ===> 0.07251812875651266
"28pari" ===> 0.07251812875651266
"auftrag" ===> 0.07251812875651266
------------------------------------
----------------sv8-----------------
"belgian" ===> 0.009542212138633505
"belgium" ===> 0.005097835673467334
"martelaarsplaat" ===> 0.0039394453783349334
"jenneval" ===> 0.0032828711486124445
"dutch" ===> 0.0030969272365462984
"brussel" ===> 0.0024053029524246437
"flemish" ===> 0.0022980098040287114
"brabançonne" ===> 0.0019697226891674667
"mérode" ===> 0.0019697226891674667
"sach" ===> 0.0016414355743062223
------------------------------------
----------------sv9-----------------
"belgian" ===> 0.00043195440142282826
"belgium" ===> 0.00023132739722301495
"martelaarsplaat" ===> 0.00017832979875254375
"martyr" ===> 0.00016438497573694058
"jenneval" ===> 0.00014860816562711982
"dutch" ===> 0.00014119520181332922
"brussel" ===> 0.00010920539294469509
"flemish" ===> 0.00010402571593898387
"mérode" ===> 8.916489937627188e-05
"brabançonne" ===> 8.916489937627188e-05
------------------------------------
----------------sv10-----------------
"belgian" ===> 0.5859127321968722
"belgium" ===> 0.3144821192086727
"martelaarsplaat" ===> 0.2418905775124702
"martyr" ===> 0.2318243163015388
"jenneval" ===> 0.20157548126039185
"dutch" ===> 0.19151646409172393
"brussel" ===> 0.14873855317832346
"flemish" ===> 0.1411028368822743
"mérode" ===> 0.1209452887562351
"brabançonne" ===> 0.1209452887562351
------------------------------------
Total execution time 1.7 sec
