Total execution time till reading dataframe 0.2520937919616699
----------------pc1-----------------
"belgian" ===> 0.5859419261734125
"belgium" ===> 0.31448346099427155
"martelaarsplaat" ===> 0.24190263007159243
"martyr" ===> 0.23183003133362715
"jenneval" ===> 0.20158552505966032
"dutch" ===> 0.19150645984148168
"brussel" ===> 0.14872516978801906
"flemish" ===> 0.1411098675417623
"brabançonne" ===> 0.12095131503579622
"mérode" ===> 0.12095131503579622
------------------------------------
----------------pc2-----------------
"guacharaca" ===> 0.26824497703035477
"venezuela" ===> 0.24021938241524293
"su" ===> 0.21219171365086437
"caraca" ===> 0.19617916230578172
"maraca" ===> 0.1901736777454005
"pero" ===> 0.13812614488876476
"cual" ===> 0.13412248851517738
"otra" ===> 0.12411334758120879
"mucho" ===> 0.11810786302082772
"ya" ===> 0.11610603483403407
------------------------------------
----------------pc3-----------------
"frieden" ===> 0.17138992852877916
"étex" ===> 0.12854244639658421
"bogen" ===> 0.12854244639658421
"triumphbogen" ===> 0.12854244639658421
"earthquake" ===> 0.11391449438898868
"cortot" ===> 0.10838442193480895
"metope" ===> 0.09619446192847934
"walnut" ===> 0.09585701815450402
"bildhauern" ===> 0.09228688459241943
"gegeben" ===> 0.08569496426438958
------------------------------------
----------------pc4-----------------
"walnut" ===> 0.25009980243891855
"earthquake" ===> 0.12252169174813134
"metope" ===> 0.10346276192064424
"canyon" ===> 0.09514744578767044
"anasazi" ===> 0.09378742591459445
"ancestral" ===> 0.09378742591459445
"cella" ===> 0.0898492406152963
"en.wikipedia.orgwikiwikipedia:text_of_creative_commons_" ===> 0.08545076583329721
"http:en.wikipedia.orgwikiwikipedia:text_of_creative_commons_attribution" ===> 0.08545076583329721
"sharealike_3.0_unported_license" ===> 0.08545076583329721
------------------------------------
----------------pc5-----------------
"walnut" ===> 0.448678835842698
"canyon" ===> 0.17075365326670666
"anasazi" ===> 0.16825456344101183
"ancestral" ===> 0.16825456344101183
"sharealike_3.0_unported_license" ===> 0.1532986022462552
"en.wikipedia.orgwikiwikipedia:text_of_creative_commons_" ===> 0.1532986022462552
"http:en.wikipedia.orgwikiwikipedia:text_of_creative_commons_attribution" ===> 0.1532986022462552
"coconino" ===> 0.13086466045412035
"neighboring" ===> 0.1121697089606745
"a.m" ===> 0.1121697089606745
------------------------------------
----------------pc6-----------------
"ambrareview" ===> 0.4311433270785417
"http:pinterest.compauldambraboard" ===> 0.21557166353927085
"facebook" ===> 0.21557166353927085
"http:instagram.compauldambraau" ===> 0.21557166353927085
"triptease" ===> 0.21557166353927085
"www.facebook.compdambra" ===> 0.21557166353927085
"www.flickr.comphotosbehindthesteeringwheelset" ===> 0.21557166353927085
"https:www.facebook.compdambra" ===> 0.21557166353927085
"http:triptease.comprofilepaul" ===> 0.21557166353927085
"pinterest" ===> 0.21557166353927085
------------------------------------
----------------pc7-----------------
"provence" ===> 0.442759241092911
"aix" ===> 0.35131983260633204
"dominican" ===> 0.17325361607983472
"emmanuel" ===> 0.15881581473984863
"jule" ===> 0.1443780133998624
"jarente" ===> 0.11550241071988988
"l'eglise" ===> 0.11550241071988988
"fame" ===> 0.08945470977469719
"classified" ===> 0.07700160714659329
"socle" ===> 0.07296605801128518
------------------------------------
----------------pc8-----------------
"jardim" ===> 0.3580319182907665
"botânico" ===> 0.3068845013920855
"botanical" ===> 0.17901222630735256
"botanische" ===> 0.15344225069604275
"garten" ===> 0.12788117320570042
"artístico" ===> 0.10229483379736176
"tropical" ===> 0.10229483379736176
"brazilian" ===> 0.10229483379736176
"2f" ===> 0.10229483379736176
"br" ===> 0.10229483379736176
------------------------------------
----------------pc9-----------------
"digiensemble" ===> 0.5513248031401448
"thumbjam" ===> 0.22052992125605786
"motion" ===> 0.22052992125605786
"aria" ===> 0.22052992125605786
"midi" ===> 0.16550700426468348
"device" ===> 0.16539301699177
"aspiration" ===> 0.11026496062802893
"ipodtouch" ===> 0.11026496062802893
"musizieren" ===> 0.11026496062802893
"musikmachen" ===> 0.11026496062802893
------------------------------------
----------------pc10-----------------
"pinakothek" ===> 0.40871943862572485
"skelett" ===> 0.300755813328364
"exemplar" ===> 0.28533243828588395
"münchen" ===> 0.27762075076464376
"brandhorst" ===> 0.2621973757221633
"moderne" ===> 0.2621973757221633
"archaeopteryx" ===> 0.2005038755522425
"bayern" ===> 0.12338700033984157
"solnhofen" ===> 0.11567531281860147
"fund" ===> 0.11565566025442736
------------------------------------
----------------pc11-----------------
"哥" ===> 0.5914760063814138
"吴" ===> 0.38081331917707495
"窟" ===> 0.3321988528991502
"粒" ===> 0.21876509825065996
"暹" ===> 0.21876509825065996
"柬" ===> 0.21066268720433906
"埔" ===> 0.21066268720433906
"吳" ===> 0.21066268720433906
"寨" ===> 0.21066268720433906
"佛" ===> 0.21066268720433906
------------------------------------
----------------pc12-----------------
"morro" ===> 0.38022295584000976
"cerro" ===> 0.29438160176696987
"baird" ===> 0.2698586302974231
"http:santalucia.sierraclub.orgninesis.html" ===> 0.2453260275431119
"hike" ===> 0.1883092135750664
"tiki" ===> 0.18808328778305253
"estuary" ===> 0.18808328778305253
"oso" ===> 0.17172821928017837
"fitness" ===> 0.17172821928017837
"mikebaird" ===> 0.13084054802299297
------------------------------------
----------------pc13-----------------
"dalbera" ===> 0.3830612937265588
"objid24" ===> 0.24450720876163326
"égyptien" ===> 0.15485456554903448
"museum.de" ===> 0.13334471456752386
"p2" ===> 0.12259368816079053
"collectionneuesmuseum" ===> 0.12225360438081663
"musicienne" ===> 0.12225360438081663
"n2" ===> 0.12225360438081663
"http:www.smb.museumsmbstandorteindex.php" ===> 0.12225360438081663
"www.smb.museumsmbstandorteindex.php" ===> 0.12225360438081663
------------------------------------
----------------pc14-----------------
"tula" ===> 0.34218297740015535
"puuc" ===> 0.28076551991807647
"http:archaeology.about.comodttermsgtula.htm" ===> 0.20180021744111726
"950" ===> 0.20180021744111726
"toltec" ===> 0.15825820584477415
"chichén" ===> 0.1466159696464521
"priest'" ===> 0.14038275995903823
"stacked" ===> 0.14038275995903823
"tablud" ===> 0.14038275995903823
"tablero" ===> 0.14038275995903823
------------------------------------
----------------pc15-----------------
"goodyear" ===> 0.4531541377335057
"brooklyn" ===> 0.26656125749029724
"archivist" ===> 0.26656125749029724
"http:www.brooklynmuseum.orgresearchdigital" ===> 0.26656125749029724
"email" ===> 0.26656125749029724
"archival" ===> 0.26656125749029724
"we'd" ===> 0.26656125749029724
"brooklynmuseum.org" ===> 0.26656125749029724
"brooklynmuseum" ===> 0.26656125749029724
"collectionsgoodyear" ===> 0.26656125749029724
------------------------------------
----------------pc16-----------------
"mètre" ===> 0.5037615667934414
"longueur" ===> 0.2518807833967207
"l'esplanade" ===> 0.15292761849086586
"président" ===> 0.12594039169836035
"viaduc" ===> 0.12594039169836035
"russe" ===> 0.12594039169836035
"constitué" ===> 0.12594039169836035
"l'amitié" ===> 0.12594039169836035
"possède" ===> 0.12594039169836035
"chacun" ===> 0.12594039169836035
------------------------------------
----------------pc17-----------------
"mitla" ===> 0.5865530130059606
"anger" ===> 0.41242008726981616
"transept'" ===> 0.13747336242327202
"normand" ===> 0.13747336242327202
"1032" ===> 0.13747336242327202
"en.wikipedia.orgwikiangers_cathedral" ===> 0.13747336242327202
"doué" ===> 0.13747336242327202
"beaumont" ===> 0.13747336242327202
"glasswork" ===> 0.13747336242327202
"cathédral" ===> 0.13747336242327202
------------------------------------
----------------pc18-----------------
"normandy" ===> 0.2617559591695721
"arromanche" ===> 0.13087797958478606
"airborne" ===> 0.13087797958478606
"normandie" ===> 0.13087797958478606
"2ndarmoureddivision" ===> 0.13087797958478606
"angovilleauplain" ===> 0.13087797958478606
"worldwar2" ===> 0.13087797958478606
"dday" ===> 0.13087797958478606
"batterie" ===> 0.13087797958478606
"patton" ===> 0.13087797958478606
------------------------------------
----------------pc19-----------------
"黎" ===> 0.3835879911914297
"洲" ===> 0.2615372667214292
"法" ===> 0.2615372667214292
"國" ===> 0.2615372667214292
"塔" ===> 0.25281935783071485
"panasonic" ===> 0.1414318157855045
"vario" ===> 0.1307692923730862
"1635mm" ===> 0.1307686333607146
"1235mm" ===> 0.1307686333607146
"micro" ===> 0.1307686333607146
------------------------------------
----------------pc20-----------------
"gard" ===> 0.4194255251464871
"villaflor" ===> 0.20971276257324356
"maría" ===> 0.20971276257324356
"organization" ===> 0.20971276257324356
"vincenti" ===> 0.10485638128662178
"adela" ===> 0.10485638128662178
"abduction" ===> 0.10485638128662178
"admitted" ===> 0.10485638128662178
"arcushin" ===> 0.10485638128662178
"sra" ===> 0.10485638128662178
------------------------------------
----------------pc21-----------------
"download" ===> 0.5703297560829087
"button" ===> 0.28516487804145435
"caipirinha" ===> 0.1806044227595877
"internacional" ===> 0.16159343089015746
"firework" ===> 0.14258243902072718
"reveillon" ===> 0.14258243902072718
"portobay" ===> 0.14258243902072718
"avenidaatlântida" ===> 0.14258243902072718
"portobayhotelsresort" ===> 0.14258243902072718
"mice" ===> 0.14258243902072718
------------------------------------
----------------pc22-----------------
"parlamento" ===> 0.41325856281906637
"palácio" ===> 0.32470315650069453
"berlim" ===> 0.25582551050791685
"relógio" ===> 0.16727132304581258
"câmara" ===> 0.14759234386395212
"wikipédia" ===> 0.13775285427302203
"edifício" ===> 0.1279133646820918
"alemanha" ===> 0.10974497684069565
"grãbretanha" ===> 0.09839489590930156
"evangelical" ===> 0.09371465786698456
------------------------------------
----------------pc23-----------------
"denni" ===> 0.3219551777199946
"iamcanadian" ===> 0.3115695268258009
"dennisjarvi" ===> 0.3115695268258009
"archer10" ===> 0.3115695268258009
"dennisgjarvi" ===> 0.3115695268258009
"18200vr" ===> 0.29079822503741415
"invitation" ===> 0.23886997056644738
"tunisia" ===> 0.23886997056644738
"70300mmvr" ===> 0.19732736698967365
"freepicture" ===> 0.15578476341290046
------------------------------------
----------------pc24-----------------
"holocaust" ===> 0.251002230127403
"stelae" ===> 0.18825167259555214
"wolfgangstaudt" ===> 0.15687639382962687
"hauptstadt" ===> 0.15687639382962687
"encyclopedia" ===> 0.15687639382962687
"66111" ===> 0.15687639382962687
"jewish" ===> 0.1255011150637015
"jew" ===> 0.1255011150637015
"dorotheenstadt" ===> 0.1255011150637015
"eisenman" ===> 0.1255011150637015
------------------------------------
----------------pc25-----------------
"scrapbook" ===> 0.6499007339251751
"tupper" ===> 0.3304580003009362
"annotated" ===> 0.22030533353395773
"albumen" ===> 0.16873237560410653
"4098b" ===> 0.1652290001504681
"vaughn" ===> 0.1652290001504681
"bpl" ===> 0.1652290001504681
"v3" ===> 0.1652290001504681
"transcription" ===> 0.1652290001504681
"bpldc" ===> 0.1652290001504681
------------------------------------
----------------pc26-----------------
"ceramica" ===> 0.3585512239223389
"tesela" ===> 0.2075822875339857
"tecnica" ===> 0.2075822875339857
"ceramico" ===> 0.2075822875339857
"amb" ===> 0.18871117048544161
"caracteristica" ===> 0.15096893638835318
"trencadi" ===> 0.13528808341322465
"imagene" ===> 0.13209781933980919
"tratada" ===> 0.13209781933980919
"mosaico" ===> 0.1038361756224112
------------------------------------
----------------pc27-----------------
"175days.no" ===> 0.5662428156868923
"http:www" ===> 0.28312140784344614
"travelblog" ===> 0.28312140784344614
"ceramica" ===> 0.24244500759834667
"lal" ===> 0.14156070392172307
"qila" ===> 0.14156070392172307
"popularity" ===> 0.14156070392172307
"spotlight" ===> 0.14156070392172307
"cambodian" ===> 0.14156070392172307
"ceramico" ===> 0.14036289913588507
------------------------------------
----------------pc28-----------------
"b.c.e" ===> 0.5014823934943741
"column.html" ===> 0.22794654249744292
"clerestory" ===> 0.18235723399795423
"constitutio" ===> 0.17095990687308205
"gaudí1904" ===> 0.17095990687308205
"smarthistory.orggothic.html" ===> 0.17095990687308205
"expressionism" ===> 0.17095990687308205
"hispania" ===> 0.17095990687308205
"http:smarthistory.orggothic.html" ===> 0.17095990687308205
"narthex" ===> 0.17095990687308205
------------------------------------
----------------pc29-----------------
"etiquette" ===> 0.3668956999793578
"tokina" ===> 0.3554302093550029
"michelle" ===> 0.1949133406140341
"liisa" ===> 0.1949133406140341
"ultimate" ===> 0.1834478499896789
"sb" ===> 0.1834478499896789
"halle" ===> 0.1834478499896789
"box" ===> 0.1834478499896789
"atx165prodx" ===> 0.17198235936532408
"sb800" ===> 0.17198235936532408
------------------------------------
Total execution time 1.7591361999511719 sec
