Total execution time till reading dataframe 0.26877427101135254
----------------sv1-----------------
"earthquake" ===> 0.10253410486688462
"metope" ===> 0.0865843552209248
"cella" ===> 0.07519167690238204
"treasury" ===> 0.06835606991125641
"taylor'" ===> 0.06835606991125641
"italianate" ===> 0.06835606991125641
"sarmiento" ===> 0.06835606991125641
"usnationalregisterofhistoricplace" ===> 0.05240632026529658
"nrhp" ===> 0.05240632026529658
"supervisor" ===> 0.05126997468876426
------------------------------------
----------------sv2-----------------
"frieden" ===> 0.1450362575130275
"bogen" ===> 0.10877719313477062
"étex" ===> 0.10877719313477062
"triumphbogen" ===> 0.10877719313477062
"cortot" ===> 0.08938411367024475
"bildhauern" ===> 0.07809644635316866
"zeigen" ===> 0.07251812875651376
"auszug" ===> 0.07251812875651376
"28pari" ===> 0.07251812875651376
"auftrag" ===> 0.07251812875651376
------------------------------------
----------------sv3-----------------
"belgian" ===> 0.009542212138633384
"belgium" ===> 0.005097835673467268
"martelaarsplaat" ===> 0.003939445378334883
"jenneval" ===> 0.003282871148612403
"dutch" ===> 0.0030969272365462593
"brussel" ===> 0.002405302952424612
"flemish" ===> 0.002298009804028682
"brabançonne" ===> 0.0019697226891674416
"mérode" ===> 0.0019697226891674416
"sach" ===> 0.0016414355743062015
------------------------------------
----------------sv4-----------------
"guacharaca" ===> 0.268235308154637
"venezuela" ===> 0.2402107237205704
"su" ===> 0.21219182148492072
"caraca" ===> 0.19617209103846583
"maraca" ===> 0.19016682294545156
"pero" ===> 0.13812116613932798
"cual" ===> 0.1341176540773185
"otra" ===> 0.12410887392229471
"mucho" ===> 0.11810360582928046
"ya" ===> 0.1161018497982757
------------------------------------
----------------sv5-----------------
"vision:beach075" ===> -8.153608739215051e-22
"vision:text069" ===> -8.153608739215051e-22
"vision:text070" ===> -8.153608739215051e-22
"vision:beach068" ===> -8.153608739215051e-22
"vision:sunset056" ===> -8.153608739215051e-22
"vision:text052" ===> -1.6307217478430103e-21
"arapacisfaustodellechiaie" ===> -1.2230413108822578e-20
"delle" ===> -1.2230413108822578e-20
"l'artista" ===> -1.2230413108822578e-20
"chiaie" ===> -1.2230413108822578e-20
------------------------------------
Total execution time 0.88 sec
