Total execution time till reading dataframe 0.38777828216552734
----------------Topic-1-----------------
"guacharaca" ===> 0.005241553138784992
"venezuela" ===> 0.004693928592661594
"walnut" ===> 0.004693928592661594
"su" ===> 0.004146304046538197
"caraca" ===> 0.0038333757344676837
"maraca" ===> 0.0037160276174412416
"哥" ===> 0.002855474759247331
"pero" ===> 0.0026990106032120744
"cual" ===> 0.0026207785251944463
"otra" ===> 0.0024251983301503757
------------------------------------
----------------Topic-2-----------------
"jardim" ===> 0.004006713937924653
"botânico" ===> 0.0034343270502023996
"scrapbook" ===> 0.0033770883614301743
"goodyear" ===> 0.0029191788512523712
"dalbera" ===> 0.0026902240961634697
"mostro" ===> 0.002575746718619019
"botanical" ===> 0.0020319791752828782
"immigration" ===> 0.00194612114212454
"brooklynmuseum.org" ===> 0.0017171663870356386
"archivist" ===> 0.0017171663870356386
------------------------------------
----------------Topic-3-----------------
"belgian" ===> 0.01365151235693128
"belgium" ===> 0.007498939965005231
"martelaarsplaat" ===> 0.005635947306890219
"martyr" ===> 0.005463737901518243
"jenneval" ===> 0.004696623277588532
"dutch" ===> 0.0044617922702631105
"brussel" ===> 0.003715029666968269
"flemish" ===> 0.0032876372336360015
"mérode" ===> 0.0028179752189851585
"ambrareview" ===> 0.0028179752189851585
------------------------------------
----------------Topic-4-----------------
"provence" ===> 0.005416559240811644
"aix" ===> 0.004297923222204911
"mitla" ===> 0.00376804300286488
"download" ===> 0.0035325406831582
"morro" ===> 0.0027377203541481534
"anger" ===> 0.002649406984258148
"riviera" ===> 0.002649406984258148
"marin" ===> 0.002649406984258148
"cerro" ===> 0.002138955706293918
"dominican" ===> 0.002119526764918117
------------------------------------
----------------Topic-5-----------------
"digiensemble" ===> 0.004371824787965178
"pinakothek" ===> 0.0030894245600290296
"belfast" ===> 0.002681388123867528
"chevreuse" ===> 0.002623097204415885
"b.c.e" ===> 0.0025648062849642416
"黎" ===> 0.0025648062849642416
"tula" ===> 0.0022733516877060265
"skelett" ===> 0.0022733516877060265
"exemplar" ===> 0.00215676984880274
"münchen" ===> 0.002098478929351097
------------------------------------
Total execution time 87.16 sec
