Total execution time till reading dataframe 0.2564351558685303
----------------pc1-----------------
"belgian" ===> 0.5859419261734123
"belgium" ===> 0.31448346099427144
"martelaarsplaat" ===> 0.24190263007159218
"martyr" ===> 0.2318300313336271
"jenneval" ===> 0.20158552505966004
"dutch" ===> 0.1915064598414814
"brussel" ===> 0.14872516978801897
"flemish" ===> 0.14110986754176225
"mérode" ===> 0.12095131503579609
"brabançonne" ===> 0.12095131503579609
------------------------------------
----------------pc2-----------------
"guacharaca" ===> 0.26824497703035965
"venezuela" ===> 0.24021938241524715
"su" ===> 0.21219171365086698
"caraca" ===> 0.19617916230578542
"maraca" ===> 0.19017367774540395
"pero" ===> 0.13812614488876704
"cual" ===> 0.13412248851517983
"otra" ===> 0.12411334758121097
"mucho" ===> 0.11810786302082985
"ya" ===> 0.11610603483403609
------------------------------------
----------------pc3-----------------
"frieden" ===> 0.17138991950544363
"étex" ===> 0.1285424396290829
"bogen" ===> 0.1285424396290829
"triumphbogen" ===> 0.1285424396290829
"earthquake" ===> 0.11391449308851456
"cortot" ===> 0.1083844162807746
"metope" ===> 0.09619446083030114
"walnut" ===> 0.09585701365793743
"bildhauern" ===> 0.09228687973370042
"gegeben" ===> 0.08569495975272182
------------------------------------
----------------pc4-----------------
"walnut" ===> 0.25009980879489013
"earthquake" ===> 0.12252169289232649
"metope" ===> 0.10346276288685348
"canyon" ===> 0.0951474486472542
"anasazi" ===> 0.09378742829808384
"ancestral" ===> 0.09378742829808384
"cella" ===> 0.08984924145437273
"en.wikipedia.orgwikiwikipedia:text_of_creative_commons_" ===> 0.08545076800492087
"http:en.wikipedia.orgwikiwikipedia:text_of_creative_commons_attribution" ===> 0.08545076800492087
"sharealike_3.0_unported_license" ===> 0.08545076800492087
------------------------------------
----------------pc5-----------------
"walnut" ===> 0.4486788362385059
"canyon" ===> 0.170753653402986
"anasazi" ===> 0.16825456358943972
"ancestral" ===> 0.16825456358943972
"sharealike_3.0_unported_license" ===> 0.15329860238148948
"en.wikipedia.orgwikiwikipedia:text_of_creative_commons_" ===> 0.15329860238148948
"http:en.wikipedia.orgwikiwikipedia:text_of_creative_commons_attribution" ===> 0.15329860238148948
"coconino" ===> 0.1308646605695643
"neighboring" ===> 0.11216970905962648
"a.m" ===> 0.11216970905962648
------------------------------------
----------------pc6-----------------
"ambrareview" ===> 0.43114331989985455
"www.flickr.comphotosbehindthesteeringwheelset" ===> 0.21557165994992727
"https:www.facebook.compdambra" ===> 0.21557165994992727
"http:instagram.compauldambraau" ===> 0.21557165994992727
"http:triptease.comprofilepaul" ===> 0.21557165994992727
"triptease.comprofilepaul" ===> 0.21557165994992727
"http:www.flickr.comphotosbehindthesteeringwheelset" ===> 0.21557165994992727
"www.facebook.compdambra" ===> 0.21557165994992727
"http:pinterest.compauldambraboard" ===> 0.21557165994992727
"triptease" ===> 0.21557165994992727
------------------------------------
----------------pc7-----------------
"provence" ===> 0.44275924050134247
"aix" ===> 0.3513198321369357
"dominican" ===> 0.1732536158483515
"emmanuel" ===> 0.15881581452765536
"jule" ===> 0.14437801320695962
"l'eglise" ===> 0.11550241056556777
"jarente" ===> 0.11550241056556777
"fame" ===> 0.08945470957678758
"classified" ===> 0.07700160704371185
"socle" ===> 0.07296605736777272
------------------------------------
----------------pc8-----------------
"jardim" ===> 0.3580320104870976
"botânico" ===> 0.30688458041751226
"botanical" ===> 0.17901227294487226
"botanische" ===> 0.15344229020875613
"garten" ===> 0.12788115230447283
"área" ===> 0.10229486013917083
"institute" ===> 0.10229486013917083
"tropical" ===> 0.10229486013917083
"br" ===> 0.10229486013917083
"botany" ===> 0.10229486013917083
------------------------------------
----------------pc9-----------------
"digiensemble" ===> 0.5513270057641513
"thumbjam" ===> 0.22053080230566074
"motion" ===> 0.22053080230566074
"aria" ===> 0.22053080230566074
"midi" ===> 0.1655074512957025
"device" ===> 0.1653936466881895
"digiensemble.combach" ===> 0.11026540115283037
"trekel" ===> 0.11026540115283037
"appmusik" ===> 0.11026540115283037
"appmusic" ===> 0.11026540115283037
------------------------------------
----------------pc10-----------------
"pinakothek" ===> 0.40862518496952027
"skelett" ===> 0.3006864568643641
"exemplar" ===> 0.2852666385636271
"münchen" ===> 0.277556729413259
"moderne" ===> 0.2621369111125224
"brandhorst" ===> 0.2621369111125224
"archaeopteryx" ===> 0.20045763790957563
"bayern" ===> 0.1233585464058929
"solnhofen" ===> 0.1156486372555246
"fund" ===> 0.11562809668394998
------------------------------------
----------------sv1-----------------
"pinakothek" ===> 0.4088917735457248
"skelett" ===> 0.3008826258166654
"exemplar" ===> 0.28545274756965694
"münchen" ===> 0.2777378084461527
"moderne" ===> 0.26230793019914417
"brandhorst" ===> 0.26230793019914417
"archaeopteryx" ===> 0.2005884172111103
"bayern" ===> 0.12343902597606786
"solnhofen" ===> 0.11572408685256362
"fund" ===> 0.11566410031380796
------------------------------------
----------------sv2-----------------
"digiensemble" ===> 0.5515002233938691
"aria" ===> 0.2206000893575476
"thumbjam" ===> 0.2206000893575476
"motion" ===> 0.2206000893575476
"midi" ===> 0.16562229363997838
"device" ===> 0.16545239522671135
"bach" ===> 0.110308824870509
"ipodtouch" ===> 0.1103000446787738
"herr" ===> 0.1103000446787738
"singer" ===> 0.1103000446787738
------------------------------------
----------------sv3-----------------
"jardim" ===> 0.35794169134834886
"botânico" ===> 0.30680716401287045
"botanical" ===> 0.17897205598870883
"botanische" ===> 0.15340358200643522
"garten" ===> 0.12785566819763736
"hlpt" ===> 0.1022690546709568
"institute" ===> 0.1022690546709568
"área" ===> 0.1022690546709568
"botany" ===> 0.1022690546709568
"2f" ===> 0.1022690546709568
------------------------------------
----------------sv4-----------------
"ambrareview" ===> 0.04896168473823864
"pinterest" ===> 0.02448084236911932
"pinterest.compauldambraboard" ===> 0.02448084236911932
"http:pinterest.compauldambraboard" ===> 0.02448084236911932
"www.facebook.compdambra" ===> 0.02448084236911932
"http:triptease.comprofilepaul" ===> 0.02448084236911932
"http:www.flickr.comphotosbehindthesteeringwheelset" ===> 0.02448084236911932
"https:www.facebook.compdambra" ===> 0.02448084236911932
"http:instagram.compauldambraau" ===> 0.02448084236911932
"triptease" ===> 0.02448084236911932
------------------------------------
----------------sv5-----------------
"walnut" ===> 0.011372326191949124
"earthquake" ===> 0.005221323418563694
"metope" ===> 0.004409117553453786
"canyon" ===> 0.004328349569427336
"ancestral" ===> 0.004264622321980921
"anasazi" ===> 0.004264622321980921
"en.wikipedia.orgwikiwikipedia:text_of_creative_commons_" ===> 0.003885544782249284
"sharealike_3.0_unported_license" ===> 0.003885544782249284
"http:en.wikipedia.orgwikiwikipedia:text_of_creative_commons_attribution" ===> 0.003885544782249284
"cella" ===> 0.003828970506946709
------------------------------------
----------------sv6-----------------
"earthquake" ===> 0.1025341048668837
"metope" ===> 0.08658435522092402
"cella" ===> 0.07519167690238139
"treasury" ===> 0.06835606991125581
"taylor'" ===> 0.06835606991125581
"italianate" ===> 0.06835606991125581
"sarmiento" ===> 0.06835606991125581
"usnationalregisterofhistoricplace" ===> 0.05240632026529612
"nrhp" ===> 0.05240632026529612
"supervisor" ===> 0.051269974688763806
------------------------------------
----------------sv7-----------------
"frieden" ===> 0.14503625751302532
"bogen" ===> 0.10877719313476898
"étex" ===> 0.10877719313476898
"triumphbogen" ===> 0.10877719313476898
"cortot" ===> 0.08938411367024335
"bildhauern" ===> 0.07809644635316747
"zeigen" ===> 0.07251812875651266
"auszug" ===> 0.07251812875651266
"28pari" ===> 0.07251812875651266
"auftrag" ===> 0.07251812875651266
------------------------------------
----------------sv8-----------------
"belgian" ===> 0.009542212138633505
"belgium" ===> 0.005097835673467334
"martelaarsplaat" ===> 0.0039394453783349334
"jenneval" ===> 0.0032828711486124445
"dutch" ===> 0.0030969272365462984
"brussel" ===> 0.0024053029524246437
"flemish" ===> 0.0022980098040287114
"brabançonne" ===> 0.0019697226891674667
"mérode" ===> 0.0019697226891674667
"sach" ===> 0.0016414355743062223
------------------------------------
----------------sv9-----------------
"belgian" ===> 0.00043195440142282826
"belgium" ===> 0.00023132739722301495
"martelaarsplaat" ===> 0.00017832979875254375
"martyr" ===> 0.00016438497573694058
"jenneval" ===> 0.00014860816562711982
"dutch" ===> 0.00014119520181332922
"brussel" ===> 0.00010920539294469509
"flemish" ===> 0.00010402571593898387
"mérode" ===> 8.916489937627188e-05
"brabançonne" ===> 8.916489937627188e-05
------------------------------------
----------------sv10-----------------
"belgian" ===> 0.5859127321968722
"belgium" ===> 0.3144821192086727
"martelaarsplaat" ===> 0.2418905775124702
"martyr" ===> 0.2318243163015388
"jenneval" ===> 0.20157548126039185
"dutch" ===> 0.19151646409172393
"brussel" ===> 0.14873855317832346
"flemish" ===> 0.1411028368822743
"mérode" ===> 0.1209452887562351
"brabançonne" ===> 0.1209452887562351
------------------------------------
----------------Topic-1-----------------
"guacharaca" ===> 0.00823075167830276
"venezuela" ===> 0.007370823040217872
"su" ===> 0.0065108944021329855
"caraca" ===> 0.006019506608941622
"maraca" ===> 0.00583523618649486
"pero" ===> 0.004238225858622928
"cual" ===> 0.004115378910325087
"otra" ===> 0.0038082615395804847
"mucho" ===> 0.0036239911171337233
"ya" ===> 0.0035625676429848025
------------------------------------
----------------Topic-2-----------------
"walnut" ===> 0.013747289537965095
"哥" ===> 0.008362938955887585
"吴" ===> 0.005384362038142579
"canyon" ===> 0.005201064997050578
"ancestral" ===> 0.005155240736777578
"anasazi" ===> 0.005155240736777578
"en.wikipedia.orgwikiwikipedia:text_of_creative_commons_" ===> 0.004696998134047578
"sharealike_3.0_unported_license" ===> 0.004696998134047578
"http:en.wikipedia.orgwikiwikipedia:text_of_creative_commons_attribution" ===> 0.004696998134047578
"窟" ===> 0.004696998134047578
------------------------------------
----------------Topic-3-----------------
"belgian" ===> 0.0307887699004422
"belgium" ===> 0.016524251337512227
"martelaarsplaat" ===> 0.012710964196926985
"martyr" ===> 0.012181340982956814
"jenneval" ===> 0.010592471341046298
"dutch" ===> 0.010062848127076125
"brussel" ===> 0.008143493599648222
"flemish" ===> 0.007414732057225265
"mérode" ===> 0.0063554856292849194
"brabançonne" ===> 0.0063554856292849194
------------------------------------
----------------Topic-4-----------------
"jardim" ===> 0.006426283786287923
"botânico" ===> 0.005508244556874262
"goodyear" ===> 0.0046820092504019665
"botanical" ===> 0.0032590484448107916
"archival" ===> 0.002754126868633278
"archivist" ===> 0.002754126868633278
"http:www.brooklynmuseum.orgresearchdigital" ===> 0.002754126868633278
"brooklyn" ===> 0.002754126868633278
"collectionsgoodyear" ===> 0.002754126868633278
"brooklynmuseum" ===> 0.002754126868633278
------------------------------------
----------------Topic-5-----------------
"pinakothek" ===> 0.00528706689015821
"frieden" ===> 0.0051873110993170945
"randy" ===> 0.004489020563429286
"gard" ===> 0.00438926477258817
"skelett" ===> 0.003890485818382592
"triumphbogen" ===> 0.003890485818382592
"étex" ===> 0.003890485818382592
"bogen" ===> 0.003890485818382592
"exemplar" ===> 0.0036909742367003608
"münchen" ===> 0.0035912184458592455
------------------------------------
----------------Topic-6-----------------
"ambrareview" ===> 0.007643307157837947
"https:www.facebook.compdambra" ===> 0.00382165782519601
"http:triptease.comprofilepaul" ===> 0.00382165782519601
"pinterest.compauldambraboard" ===> 0.00382165782519601
"http:pinterest.compauldambraboard" ===> 0.00382165782519601
"pinterest" ===> 0.00382165782519601
"earthquake" ===> 0.00382165782519601
"http:instagram.compauldambraau" ===> 0.00382165782519601
"nouhailler" ===> 0.00382165782519601
"http:www.flickr.comphotosbehindthesteeringwheelset" ===> 0.00382165782519601
------------------------------------
----------------Topic-7-----------------
"download" ===> 0.005698577638341836
"175days.no" ===> 0.005698577638341836
"dalbera" ===> 0.0044638878745173775
"marin" ===> 0.004273935603159768
"mostro" ===> 0.004273935603159768
"crow" ===> 0.004178959467480964
"ceramica" ===> 0.0036091026534081374
"_blank" ===> 0.0029699132602897835
"mendocino" ===> 0.002944269703656506
"censorship" ===> 0.002849293567977702
------------------------------------
----------------Topic-8-----------------
"provence" ===> 0.008313551995839035
"aix" ===> 0.0065966246455324415
"mitla" ===> 0.005783343269071423
"morro" ===> 0.0042019628148416656
"riviera" ===> 0.004066415918764829
"anger" ===> 0.004066415918764829
"cerro" ===> 0.0032829548594407155
"dominican" ===> 0.003253134542303811
"之" ===> 0.003072405347534696
"特" ===> 0.0029820407501501387
------------------------------------
----------------Topic-9-----------------
"digiensemble" ===> 0.008460591076184283
"scrapbook" ===> 0.006655667386496556
"belfast" ===> 0.005189166888625277
"chevreuse" ===> 0.005076359158019794
"tula" ===> 0.004399512774386896
"immigration" ===> 0.0038354741213594817
"puuc" ===> 0.003609858660148516
"motion" ===> 0.00338424319893755
"thumbjam" ===> 0.00338424319893755
"chateau" ===> 0.00338424319893755
------------------------------------
----------------Topic-10-----------------
"黎" ===> 0.006468813838502049
"b.c.e" ===> 0.006468813838502049
"http:www.eutouring.com" ===> 0.004410559567738376
"www.eutouring.com" ===> 0.004410559567738376
"洲" ===> 0.004410559567738376
"國" ===> 0.004410559567738376
"法" ===> 0.004410559567738376
"塔" ===> 0.0042635414055409715
"weltkulturerbe" ===> 0.004116523243343566
"queensbury" ===> 0.0038224869189487556
------------------------------------
Total execution time 207.39 sec
