Total execution time till reading dataframe 0.5578711032867432
----------------pc1-----------------
"belgian" ===> 0.5859419261734126
"belgium" ===> 0.3144834609942714
"martelaarsplaat" ===> 0.24190263007159218
"martyr" ===> 0.23183003133362717
"jenneval" ===> 0.2015855250596603
"dutch" ===> 0.19150645984148162
"brussel" ===> 0.14872516978801886
"flemish" ===> 0.14110986754176225
"mérode" ===> 0.12095131503579609
"brabançonne" ===> 0.12095131503579609
------------------------------------
----------------pc2-----------------
"guacharaca" ===> 0.2682449770303511
"venezuela" ===> 0.2402193824152401
"su" ===> 0.2121917136508625
"caraca" ===> 0.19617916230577903
"maraca" ===> 0.19017367774539826
"pero" ===> 0.1381261448887629
"cual" ===> 0.13412248851517555
"otra" ===> 0.1241133475812072
"mucho" ===> 0.11810786302082626
"ya" ===> 0.11610603483403255
------------------------------------
----------------pc3-----------------
"frieden" ===> 0.171389915554693
"bogen" ===> 0.1285424366660198
"étex" ===> 0.1285424366660198
"triumphbogen" ===> 0.1285424366660198
"earthquake" ===> 0.11391449113468194
"cortot" ===> 0.10838441378984626
"metope" ===> 0.09619445918039808
"walnut" ===> 0.09585701472327203
"bildhauern" ===> 0.09228687760637312
"handelt" ===> 0.0856949577773465
------------------------------------
----------------pc4-----------------
"walnut" ===> 0.2500997996112439
"earthquake" ===> 0.12252169143596167
"metope" ===> 0.1034627616570344
"canyon" ===> 0.09514744374463299
"anasazi" ===> 0.09378742485421611
"ancestral" ===> 0.09378742485421611
"cella" ===> 0.08984924038637193
"en.wikipedia.orgwikiwikipedia:text_of_creative_commons_" ===> 0.08545076486717448
"http:en.wikipedia.orgwikiwikipedia:text_of_creative_commons_attribution" ===> 0.08545076486717448
"sharealike_3.0_unported_license" ===> 0.08545076486717448
------------------------------------
----------------pc5-----------------
"walnut" ===> 0.44867882512120544
"canyon" ===> 0.17075364823349576
"anasazi" ===> 0.16825455942045192
"ancestral" ===> 0.16825455942045192
"http:en.wikipedia.orgwikiwikipedia:text_of_creative_commons_attribution" ===> 0.1532985985830786
"sharealike_3.0_unported_license" ===> 0.1532985985830786
"en.wikipedia.orgwikiwikipedia:text_of_creative_commons_" ===> 0.1532985985830786
"coconino" ===> 0.13086465732701819
"mst" ===> 0.11216970628030136
"a.m" ===> 0.11216970628030136
------------------------------------
----------------pc6-----------------
"ambrareview" ===> 0.43114329901921933
"triptease.comprofilepaul" ===> 0.21557164950960966
"pinterest.compauldambraboard" ===> 0.21557164950960966
"www.facebook.compdambra" ===> 0.21557164950960966
"http:instagram.compauldambraau" ===> 0.21557164950960966
"http:pinterest.compauldambraboard" ===> 0.21557164950960966
"http:triptease.comprofilepaul" ===> 0.21557164950960966
"http:www.flickr.comphotosbehindthesteeringwheelset" ===> 0.21557164950960966
"https:www.facebook.compdambra" ===> 0.21557164950960966
"triptease" ===> 0.21557164950960966
------------------------------------
----------------pc7-----------------
"provence" ===> 0.4427592562282391
"aix" ===> 0.35131984461588517
"dominican" ===> 0.1732536220023547
"emmanuel" ===> 0.15881582016882498
"jule" ===> 0.14437801833529532
"jarente" ===> 0.11550241466823628
"l'eglise" ===> 0.11550241466823628
"fame" ===> 0.08945471308925664
"classified" ===> 0.07700160977882418
"socle" ===> 0.0729660665528256
------------------------------------
----------------pc8-----------------
"jardim" ===> 0.35803192648109006
"botânico" ===> 0.3068845084123627
"botanical" ===> 0.1790122305275448
"botanische" ===> 0.15344225420618135
"garten" ===> 0.1278811684181373
"histórico" ===> 0.10229483613745431
"área" ===> 0.10229483613745431
"br" ===> 0.10229483613745431
"botany" ===> 0.10229483613745431
"2f" ===> 0.10229483613745431
------------------------------------
----------------pc9-----------------
"digiensemble" ===> 0.5512935510590193
"aria" ===> 0.2205174204236079
"motion" ===> 0.2205174204236079
"thumbjam" ===> 0.2205174204236079
"midi" ===> 0.16549841058906264
"device" ===> 0.16538369261983124
"synth" ===> 0.11025871021180395
"mobilemusicmaking" ===> 0.11025871021180395
"requirement" ===> 0.11025871021180395
"geo" ===> 0.11025871021180395
------------------------------------
----------------pc10-----------------
"pinakothek" ===> 0.40872298994775264
"skelett" ===> 0.30075842656532725
"exemplar" ===> 0.2853349175106956
"münchen" ===> 0.27762316298337897
"brandhorst" ===> 0.26219965392874695
"moderne" ===> 0.26219965392874695
"archaeopteryx" ===> 0.2005056177102183
"bayern" ===> 0.12338807243705753
"solnhofen" ===> 0.11567631790974144
"fund" ===> 0.11565614890760699
------------------------------------
Total execution time 1.99 sec
