Total execution time till reading dataframe 0.2607412338256836
----------------Topic-1-----------------
"guacharaca" ===> 0.005244209607348042
"walnut" ===> 0.0046963075199401025
"venezuela" ===> 0.0046963075199401025
"su" ===> 0.004164451136520539
"caraca" ===> 0.0038353185254419125
"maraca" ===> 0.0037179109352830685
"哥" ===> 0.0028569219407848785
"pero" ===> 0.002700378487239753
"cual" ===> 0.0026221067604671904
"otra" ===> 0.0024264274435357833
------------------------------------
----------------Topic-2-----------------
"jardim" ===> 0.0040137624377934375
"botânico" ===> 0.0034403686229569673
"scrapbook" ===> 0.0033830292414733206
"goodyear" ===> 0.002924314189604145
"dalbera" ===> 0.002694956663669557
"mostro" ===> 0.0025802779007022625
"botanical" ===> 0.0020355537766076166
"immigration" ===> 0.0019495447043821458
"we'd" ===> 0.001720187178447558
"http:www.brooklynmuseum.orgresearchdigital" ===> 0.001720187178447558
------------------------------------
----------------Topic-3-----------------
"belgian" ===> 0.013637613357278514
"belgium" ===> 0.007491305077291357
"martelaarsplaat" ===> 0.005630209185895755
"martyr" ===> 0.005458175111901204
"jenneval" ===> 0.004691841509561839
"dutch" ===> 0.00445724959047836
"brussel" ===> 0.003711247287792896
"flemish" ===> 0.0032842899950609634
"ambrareview" ===> 0.002815106156894005
"mérode" ===> 0.002815106156894005
------------------------------------
----------------Topic-4-----------------
"provence" ===> 0.005406792935635427
"aix" ===> 0.004290173869166226
"mitla" ===> 0.0037612490482071314
"download" ===> 0.0035261713500030893
"morro" ===> 0.0027327841185644463
"riviera" ===> 0.0026446299817379304
"marin" ===> 0.0026446299817379304
"anger" ===> 0.0026446299817379304
"cerro" ===> 0.002135099070880669
"dominican" ===> 0.0021157051607788354
------------------------------------
----------------Topic-5-----------------
"digiensemble" ===> 0.004376825319739649
"pinakothek" ===> 0.0030929582711054166
"belfast" ===> 0.0026844551192672515
"chevreuse" ===> 0.002626097526147514
"黎" ===> 0.002567739933027776
"b.c.e" ===> 0.002567739933027776
"tula" ===> 0.002275951967429087
"skelett" ===> 0.002275951967429087
"exemplar" ===> 0.0021592367811896114
"münchen" ===> 0.0021008791880698734
------------------------------------
Total execution time 39.44 sec
