Total execution time till reading dataframe 0.4633603096008301
----------------pc1-----------------
"belgian" ===> 0.5859419261734122
"belgium" ===> 0.3144834609942712
"martelaarsplaat" ===> 0.24190263007159235
"martyr" ===> 0.23183003133362703
"jenneval" ===> 0.20158552505966
"dutch" ===> 0.19150645984148137
"brussel" ===> 0.14872516978801892
"flemish" ===> 0.14110986754176214
"brabançonne" ===> 0.12095131503579618
"mérode" ===> 0.12095131503579618
------------------------------------
----------------pc2-----------------
"guacharaca" ===> 0.26824497703035444
"venezuela" ===> 0.24021938241524282
"su" ===> 0.21219171365086414
"caraca" ===> 0.19617916230578147
"maraca" ===> 0.19017367774540037
"pero" ===> 0.1381261448887648
"cual" ===> 0.13412248851517722
"otra" ===> 0.12411334758120869
"mucho" ===> 0.11810786302082776
"ya" ===> 0.11610603483403403
------------------------------------
----------------pc3-----------------
"frieden" ===> 0.17138992851676543
"étex" ===> 0.12854244638757417
"bogen" ===> 0.12854244638757417
"triumphbogen" ===> 0.12854244638757417
"earthquake" ===> 0.11391449439099958
"cortot" ===> 0.10838442192732277
"metope" ===> 0.09619446193017749
"walnut" ===> 0.09585701813907542
"bildhauern" ===> 0.0922868845859505
"gegeben" ===> 0.08569496425838272
------------------------------------
----------------pc4-----------------
"walnut" ===> 0.25009980245092633
"earthquake" ===> 0.12252169169549554
"metope" ===> 0.10346276187619634
"canyon" ===> 0.09514744582813904
"anasazi" ===> 0.09378742591909738
"ancestral" ===> 0.09378742591909738
"cella" ===> 0.08984924057669669
"http:en.wikipedia.orgwikiwikipedia:text_of_creative_commons_attribution" ===> 0.08545076583739979
"en.wikipedia.orgwikiwikipedia:text_of_creative_commons_" ===> 0.08545076583739979
"sharealike_3.0_unported_license" ===> 0.08545076583739979
------------------------------------
----------------pc5-----------------
"walnut" ===> 0.4486788357412
"canyon" ===> 0.17075365353071836
"ancestral" ===> 0.16825456340295009
"anasazi" ===> 0.16825456340295009
"en.wikipedia.orgwikiwikipedia:text_of_creative_commons_" ===> 0.1532986022115767
"http:en.wikipedia.orgwikiwikipedia:text_of_creative_commons_attribution" ===> 0.1532986022115767
"sharealike_3.0_unported_license" ===> 0.1532986022115767
"coconino" ===> 0.13086466042451664
"p.m" ===> 0.1121697089353
"mst" ===> 0.1121697089353
------------------------------------
----------------pc6-----------------
"ambrareview" ===> 0.4311433270947767
"http:pinterest.compauldambraboard" ===> 0.21557166354738835
"facebook" ===> 0.21557166354738835
"http:instagram.compauldambraau" ===> 0.21557166354738835
"triptease" ===> 0.21557166354738835
"www.facebook.compdambra" ===> 0.21557166354738835
"www.flickr.comphotosbehindthesteeringwheelset" ===> 0.21557166354738835
"https:www.facebook.compdambra" ===> 0.21557166354738835
"http:triptease.comprofilepaul" ===> 0.21557166354738835
"pinterest" ===> 0.21557166354738835
------------------------------------
----------------pc7-----------------
"provence" ===> 0.442759241090772
"aix" ===> 0.35131983260463445
"dominican" ===> 0.17325361607899792
"emmanuel" ===> 0.15881581473908135
"jule" ===> 0.14437801339916484
"jarente" ===> 0.11550241071933183
"l'eglise" ===> 0.11550241071933183
"fame" ===> 0.0894547097719886
"classified" ===> 0.07700160714622124
"socle" ===> 0.07296605776403926
------------------------------------
----------------pc8-----------------
"jardim" ===> 0.3580319184269963
"botânico" ===> 0.30688450150885377
"botanical" ===> 0.17901222636928496
"botanische" ===> 0.15344225075442688
"garten" ===> 0.12788117324062268
"2f" ===> 0.10229483383628454
"botany" ===> 0.10229483383628454
"br" ===> 0.10229483383628454
"brazilian" ===> 0.10229483383628454
"histórico" ===> 0.10229483383628454
------------------------------------
----------------pc9-----------------
"digiensemble" ===> 0.5513248441956763
"aria" ===> 0.2205299376782704
"thumbjam" ===> 0.2205299376782704
"motion" ===> 0.2205299376782704
"midi" ===> 0.1655070341398294
"device" ===> 0.16539302922699367
"appmusik" ===> 0.1102649688391352
"smartphone" ===> 0.1102649688391352
"mobiledevice" ===> 0.1102649688391352
"herr" ===> 0.1102649688391352
------------------------------------
----------------pc10-----------------
"pinakothek" ===> 0.4087195144623888
"skelett" ===> 0.3007558691327006
"exemplar" ===> 0.2853324912284599
"münchen" ===> 0.27762080227633973
"brandhorst" ===> 0.26219742437209836
"moderne" ===> 0.26219742437209836
"archaeopteryx" ===> 0.20050391275513385
"bayern" ===> 0.12338702323392857
"solnhofen" ===> 0.11567533428180818
"fund" ===> 0.11565568306306957
------------------------------------
----------------pc11-----------------
"哥" ===> 0.5914764867095116
"吴" ===> 0.38081362842941147
"窟" ===> 0.3321991226724654
"暹" ===> 0.2187652759062577
"粒" ===> 0.2187652759062577
"柬" ===> 0.2106628582801
"吳" ===> 0.2106628582801
"佛" ===> 0.2106628582801
"埔" ===> 0.2106628582801
"寨" ===> 0.2106628582801
------------------------------------
----------------pc12-----------------
"morro" ===> 0.380222686955466
"cerro" ===> 0.2943814053118236
"baird" ===> 0.2698584440405141
"http:santalucia.sierraclub.orgninesis.html" ===> 0.24532585821864944
"hike" ===> 0.18830922133242717
"estuary" ===> 0.18808315796763123
"tiki" ===> 0.18808315796763123
"oso" ===> 0.17172810075305456
"fitness" ===> 0.17172810075305456
"mikebaird" ===> 0.13084045771661298
------------------------------------
----------------pc13-----------------
"dalbera" ===> 0.3830612824859398
"objid24" ===> 0.24450720158677
"égyptien" ===> 0.15485456100495446
"museum.de" ===> 0.1333449050503832
"p2" ===> 0.12259354959536142
"www.smb.museumsmbstandorteindex.php" ===> 0.122253600793385
"n2" ===> 0.122253600793385
"collectionneuesmuseum" ===> 0.122253600793385
"http:www.smb.museumsmbstandorteindex.php" ===> 0.122253600793385
"musicienne" ===> 0.122253600793385
------------------------------------
----------------pc14-----------------
"tula" ===> 0.34218317752485666
"puuc" ===> 0.28076568412295944
"950" ===> 0.20180033546337725
"http:archaeology.about.comodttermsgtula.htm" ===> 0.20180033546337725
"toltec" ===> 0.1582581645568328
"chichén" ===> 0.14661597234623042
"stacked" ===> 0.14038284206147972
"priest'" ===> 0.14038284206147972
"tablero" ===> 0.14038284206147972
"tablud" ===> 0.14038284206147972
------------------------------------
----------------pc15-----------------
"goodyear" ===> 0.45315416798773167
"brooklyn" ===> 0.266561275286901
"http:www.brooklynmuseum.orgresearchdigital" ===> 0.266561275286901
"collectionsgoodyear" ===> 0.266561275286901
"email" ===> 0.266561275286901
"brooklynmuseum.org" ===> 0.266561275286901
"archival" ===> 0.266561275286901
"archivist" ===> 0.266561275286901
"we'd" ===> 0.266561275286901
"brooklynmuseum" ===> 0.266561275286901
------------------------------------
----------------pc16-----------------
"mètre" ===> 0.5037619489104581
"longueur" ===> 0.25188097445522906
"l'esplanade" ===> 0.15292773449067484
"22,50" ===> 0.12594048722761453
"pontdepari" ===> 0.12594048722761453
"président" ===> 0.12594048722761453
"décoration" ===> 0.12594048722761453
"l'inaugure" ===> 0.12594048722761453
"ingénieur" ===> 0.12594048722761453
"l'amitié" ===> 0.12594048722761453
------------------------------------
----------------pc17-----------------
"mitla" ===> 0.586564242510065
"anger" ===> 0.4124279830148895
"normand" ===> 0.13747599433829652
"beaumont" ===> 0.13747599433829652
"glasswork" ===> 0.13747599433829652
"http:en.wikipedia.orgwikiangers_cathedral" ===> 0.13747599433829652
"en.wikipedia.orgwikiangers_cathedral" ===> 0.13747599433829652
"transept'" ===> 0.13747599433829652
"cathédral" ===> 0.13747599433829652
"doué" ===> 0.13747599433829652
------------------------------------
----------------pc18-----------------
"normandy" ===> 0.2618740919764529
"stemariedumont" ===> 0.13093704598822645
"reenactment" ===> 0.13093704598822645
"2ndarmoureddivision" ===> 0.13093704598822645
"c47" ===> 0.13093704598822645
"ranville" ===> 0.13093704598822645
"airborne" ===> 0.13093704598822645
"bunker" ===> 0.13093704598822645
"quineville" ===> 0.13093704598822645
"benouville" ===> 0.13093704598822645
------------------------------------
----------------pc19-----------------
"黎" ===> 0.3836780902103348
"洲" ===> 0.2615986978706825
"法" ===> 0.2615986978706825
"國" ===> 0.2615986978706825
"塔" ===> 0.25287874127499343
"panasonic" ===> 0.1424620337982116
"vario" ===> 0.1308000075688326
"em5" ===> 0.13079934893534126
"asph" ===> 0.13079934893534126
"1235mm" ===> 0.13079934893534126
------------------------------------
----------------pc20-----------------
"gard" ===> 0.41955654589285446
"organization" ===> 0.20977827294642723
"maría" ===> 0.20977827294642723
"villaflor" ===> 0.20977827294642723
"buela" ===> 0.10488913647321361
"berta" ===> 0.10488913647321361
"kidnapped" ===> 0.10488913647321361
"kety" ===> 0.10488913647321361
"dove" ===> 0.10488913647321361
"raquel" ===> 0.10488913647321361
------------------------------------
----------------pc21-----------------
"download" ===> 0.5705319838189331
"button" ===> 0.28526599190946655
"caipirinha" ===> 0.18066846154266217
"internacional" ===> 0.16165072874869782
"mice" ===> 0.14263299595473328
"deluxeroom" ===> 0.14263299595473328
"pãodeaçúcar" ===> 0.14263299595473328
"portobayriointernacional" ===> 0.14263299595473328
"portobayhotelsresort" ===> 0.14263299595473328
"portobay" ===> 0.14263299595473328
------------------------------------
----------------pc22-----------------
"parlamento" ===> 0.41323373475562225
"palácio" ===> 0.3246836487365609
"berlim" ===> 0.25580991025142846
"relógio" ===> 0.16726127359156118
"câmara" ===> 0.1475834766984365
"wikipédia" ===> 0.13774457825187417
"edifício" ===> 0.12790567980531165
"alemanha" ===> 0.10957806160105063
"grãbretanha" ===> 0.09838898446562451
"evangelical" ===> 0.09389325940818731
------------------------------------
----------------pc23-----------------
"denni" ===> 0.3219459997955353
"iamcanadian" ===> 0.3115606449634214
"dennisgjarvi" ===> 0.3115606449634214
"dennisjarvi" ===> 0.3115606449634214
"archer10" ===> 0.3115606449634214
"18200vr" ===> 0.2907899352991934
"invitation" ===> 0.23886316113862321
"tunisia" ===> 0.23886316113862321
"70300mmvr" ===> 0.1973217418101668
"freepicture" ===> 0.1557803224817107
------------------------------------
----------------pc24-----------------
"holocaust" ===> 0.2510133990079848
"stelae" ===> 0.18826004925598885
"66111" ===> 0.1568833743799906
"wolfgangstaudt" ===> 0.1568833743799906
"encyclopedia" ===> 0.1568833743799906
"hauptstadt" ===> 0.1568833743799906
"jew" ===> 0.1255066995039924
"eisenman" ===> 0.1255066995039924
"jewish" ===> 0.1255066995039924
"dorotheenstadt" ===> 0.1255066995039924
------------------------------------
----------------pc25-----------------
"scrapbook" ===> 0.6489089060426355
"tupper" ===> 0.32995368103862815
"annotated" ===> 0.219969120692419
"albumen" ===> 0.1695076904441767
"vaughn" ===> 0.16497684051931408
"williamvaughntupper" ===> 0.16497684051931408
"v3" ===> 0.16497684051931408
"genre" ===> 0.16497684051931408
"bpl" ===> 0.16497684051931408
"bpldc" ===> 0.16497684051931408
------------------------------------
----------------pc26-----------------
"ceramica" ===> 0.3727555673286237
"tecnica" ===> 0.21580585476920314
"tesela" ===> 0.21580585476920314
"ceramico" ===> 0.21580585476920314
"amb" ===> 0.1961871406992757
"caracteristica" ===> 0.15694971255942028
"trencadi" ===> 0.14064681359544712
"tratada" ===> 0.1373309984894928
"imagene" ===> 0.1373309984894928
"mosaico" ===> 0.10794941767821917
------------------------------------
----------------pc27-----------------
"175days.no" ===> 0.5862323092944577
"http:www" ===> 0.29311615464722884
"travelblog" ===> 0.29311615464722884
"ceramica" ===> 0.21958834617373202
"lal" ===> 0.14655807732361442
"cambodian" ===> 0.14655807732361442
"qila" ===> 0.14655807732361442
"spotlight" ===> 0.14655807732361442
"popularity" ===> 0.14655807732361442
"tesela" ===> 0.1271300951532133
------------------------------------
----------------pc28-----------------
"b.c.e" ===> 0.5003320845837766
"column.html" ===> 0.2274236748108075
"clerestory" ===> 0.18193893984864593
"remodeled" ===> 0.17056775610810554
"middleage" ===> 0.17056775610810554
"narthex" ===> 0.17056775610810554
"expressionism" ===> 0.17056775610810554
"constitutio" ===> 0.17056775610810554
"townhouse" ===> 0.17056775610810554
"highclassical" ===> 0.17056775610810554
------------------------------------
----------------pc29-----------------
"etiquette" ===> 0.3661433103858426
"tokina" ===> 0.354701331936285
"michelle" ===> 0.1945136336424787
"liisa" ===> 0.1945136336424787
"halle" ===> 0.1830716551929213
"sb" ===> 0.1830716551929213
"box" ===> 0.1830716551929213
"ultimate" ===> 0.1830716551929213
"tokinaaf1650mmf28" ===> 0.1716296767433637
"harbordigital" ===> 0.1716296767433637
------------------------------------
Total execution time 1.8737576007843018 sec
