Total execution time till reading dataframe 0.46711206436157227
----------------Topic-1-----------------
"guacharaca" ===> 0.00823075167830276
"venezuela" ===> 0.007370823040217872
"su" ===> 0.0065108944021329855
"caraca" ===> 0.006019506608941622
"maraca" ===> 0.00583523618649486
"pero" ===> 0.004238225858622928
"cual" ===> 0.004115378910325087
"otra" ===> 0.0038082615395804847
"mucho" ===> 0.0036239911171337233
"ya" ===> 0.0035625676429848025
------------------------------------
----------------Topic-2-----------------
"walnut" ===> 0.013747289537965095
"哥" ===> 0.008362938955887585
"吴" ===> 0.005384362038142579
"canyon" ===> 0.005201064997050578
"ancestral" ===> 0.005155240736777578
"anasazi" ===> 0.005155240736777578
"en.wikipedia.orgwikiwikipedia:text_of_creative_commons_" ===> 0.004696998134047578
"sharealike_3.0_unported_license" ===> 0.004696998134047578
"http:en.wikipedia.orgwikiwikipedia:text_of_creative_commons_attribution" ===> 0.004696998134047578
"窟" ===> 0.004696998134047578
------------------------------------
----------------Topic-3-----------------
"belgian" ===> 0.0307887699004422
"belgium" ===> 0.016524251337512227
"martelaarsplaat" ===> 0.012710964196926985
"martyr" ===> 0.012181340982956814
"jenneval" ===> 0.010592471341046298
"dutch" ===> 0.010062848127076125
"brussel" ===> 0.008143493599648222
"flemish" ===> 0.007414732057225265
"mérode" ===> 0.0063554856292849194
"brabançonne" ===> 0.0063554856292849194
------------------------------------
----------------Topic-4-----------------
"jardim" ===> 0.006426283786287923
"botânico" ===> 0.005508244556874262
"goodyear" ===> 0.0046820092504019665
"botanical" ===> 0.0032590484448107916
"archival" ===> 0.002754126868633278
"archivist" ===> 0.002754126868633278
"http:www.brooklynmuseum.orgresearchdigital" ===> 0.002754126868633278
"brooklyn" ===> 0.002754126868633278
"collectionsgoodyear" ===> 0.002754126868633278
"brooklynmuseum" ===> 0.002754126868633278
------------------------------------
----------------Topic-5-----------------
"pinakothek" ===> 0.00528706689015821
"frieden" ===> 0.0051873110993170945
"randy" ===> 0.004489020563429286
"gard" ===> 0.00438926477258817
"skelett" ===> 0.003890485818382592
"triumphbogen" ===> 0.003890485818382592
"étex" ===> 0.003890485818382592
"bogen" ===> 0.003890485818382592
"exemplar" ===> 0.0036909742367003608
"münchen" ===> 0.0035912184458592455
------------------------------------
----------------Topic-6-----------------
"ambrareview" ===> 0.007643307157837947
"https:www.facebook.compdambra" ===> 0.00382165782519601
"http:triptease.comprofilepaul" ===> 0.00382165782519601
"pinterest.compauldambraboard" ===> 0.00382165782519601
"http:pinterest.compauldambraboard" ===> 0.00382165782519601
"pinterest" ===> 0.00382165782519601
"earthquake" ===> 0.00382165782519601
"http:instagram.compauldambraau" ===> 0.00382165782519601
"nouhailler" ===> 0.00382165782519601
"http:www.flickr.comphotosbehindthesteeringwheelset" ===> 0.00382165782519601
------------------------------------
----------------Topic-7-----------------
"download" ===> 0.005698577638341836
"175days.no" ===> 0.005698577638341836
"dalbera" ===> 0.0044638878745173775
"marin" ===> 0.004273935603159768
"mostro" ===> 0.004273935603159768
"crow" ===> 0.004178959467480964
"ceramica" ===> 0.0036091026534081374
"_blank" ===> 0.0029699132602897835
"mendocino" ===> 0.002944269703656506
"censorship" ===> 0.002849293567977702
------------------------------------
----------------Topic-8-----------------
"provence" ===> 0.008313551995839035
"aix" ===> 0.0065966246455324415
"mitla" ===> 0.005783343269071423
"morro" ===> 0.0042019628148416656
"riviera" ===> 0.004066415918764829
"anger" ===> 0.004066415918764829
"cerro" ===> 0.0032829548594407155
"dominican" ===> 0.003253134542303811
"之" ===> 0.003072405347534696
"特" ===> 0.0029820407501501387
------------------------------------
----------------Topic-9-----------------
"digiensemble" ===> 0.008460591076184283
"scrapbook" ===> 0.006655667386496556
"belfast" ===> 0.005189166888625277
"chevreuse" ===> 0.005076359158019794
"tula" ===> 0.004399512774386896
"immigration" ===> 0.0038354741213594817
"puuc" ===> 0.003609858660148516
"motion" ===> 0.00338424319893755
"thumbjam" ===> 0.00338424319893755
"chateau" ===> 0.00338424319893755
------------------------------------
----------------Topic-10-----------------
"黎" ===> 0.006468813838502049
"b.c.e" ===> 0.006468813838502049
"http:www.eutouring.com" ===> 0.004410559567738376
"www.eutouring.com" ===> 0.004410559567738376
"洲" ===> 0.004410559567738376
"國" ===> 0.004410559567738376
"法" ===> 0.004410559567738376
"塔" ===> 0.0042635414055409715
"weltkulturerbe" ===> 0.004116523243343566
"queensbury" ===> 0.0038224869189487556
------------------------------------
Total execution time 99.68 sec
