Total execution time till reading dataframe 0.2588341236114502
----------------pc1-----------------
"belgian" ===> 0.5859419261734129
"belgium" ===> 0.31448346099427144
"martelaarsplaat" ===> 0.24190263007159232
"martyr" ===> 0.23183003133362698
"jenneval" ===> 0.20158552505966051
"dutch" ===> 0.1915064598414819
"brussel" ===> 0.14872516978801903
"flemish" ===> 0.1411098675417623
"brabançonne" ===> 0.12095131503579616
"mérode" ===> 0.12095131503579616
------------------------------------
----------------pc2-----------------
"guacharaca" ===> 0.26824497703035083
"venezuela" ===> 0.24021938241523919
"su" ===> 0.21219171365086134
"caraca" ===> 0.19617916230577856
"maraca" ===> 0.1901736777453976
"pero" ===> 0.1381261448887626
"cual" ===> 0.13412248851517541
"otra" ===> 0.12411334758120701
"mucho" ===> 0.11810786302082601
"ya" ===> 0.11610603483403222
------------------------------------
----------------pc3-----------------
"frieden" ===> 0.17138993488712506
"étex" ===> 0.12854245116534388
"bogen" ===> 0.12854245116534388
"triumphbogen" ===> 0.12854245116534388
"earthquake" ===> 0.11391449605559907
"cortot" ===> 0.10838442592729325
"metope" ===> 0.09619446333583927
"walnut" ===> 0.09585702220605015
"bildhauern" ===> 0.0922868880161443
"gegeben" ===> 0.08569496744356253
------------------------------------
----------------pc4-----------------
"walnut" ===> 0.25009979853200176
"earthquake" ===> 0.12252169192434358
"metope" ===> 0.10346276206944569
"canyon" ===> 0.09514744296243803
"anasazi" ===> 0.09378742444950065
"ancestral" ===> 0.09378742444950065
"cella" ===> 0.08984924074451858
"en.wikipedia.orgwikiwikipedia:text_of_creative_commons_" ===> 0.08545076449843356
"http:en.wikipedia.orgwikiwikipedia:text_of_creative_commons_attribution" ===> 0.08545076449843356
"sharealike_3.0_unported_license" ===> 0.08545076449843356
------------------------------------
----------------pc5-----------------
"walnut" ===> 0.44867883539965003
"canyon" ===> 0.17075365260892142
"ancestral" ===> 0.16825456327486857
"anasazi" ===> 0.16825456327486857
"en.wikipedia.orgwikiwikipedia:text_of_creative_commons_" ===> 0.15329860209488058
"http:en.wikipedia.orgwikiwikipedia:text_of_creative_commons_attribution" ===> 0.15329860209488058
"sharealike_3.0_unported_license" ===> 0.15329860209488058
"coconino" ===> 0.13086466032489788
"p.m" ===> 0.11216970884991251
"mst" ===> 0.11216970884991251
------------------------------------
----------------pc6-----------------
"ambrareview" ===> 0.43114332960972634
"facebook" ===> 0.21557166480486317
"www.facebook.compdambra" ===> 0.21557166480486317
"www.flickr.comphotosbehindthesteeringwheelset" ===> 0.21557166480486317
"http:instagram.compauldambraau" ===> 0.21557166480486317
"http:www.flickr.comphotosbehindthesteeringwheelset" ===> 0.21557166480486317
"https:www.facebook.compdambra" ===> 0.21557166480486317
"triptease" ===> 0.21557166480486317
"triptease.comprofilepaul" ===> 0.21557166480486317
"pinterest.compauldambraboard" ===> 0.21557166480486317
------------------------------------
----------------pc7-----------------
"provence" ===> 0.44275916985053143
"aix" ===> 0.35131977607705217
"dominican" ===> 0.17325358820238182
"emmanuel" ===> 0.15881578918551645
"jule" ===> 0.14437799016865133
"jarente" ===> 0.11550239213492117
"l'eglise" ===> 0.11550239213492117
"fame" ===> 0.08945469462567478
"classified" ===> 0.07700159475661418
"socle" ===> 0.07296604633459426
------------------------------------
----------------pc8-----------------
"jardim" ===> 0.3580317996978376
"botânico" ===> 0.3068843997410034
"botanical" ===> 0.179012166516591
"botanische" ===> 0.1534421998705017
"garten" ===> 0.12788117162502835
"artístico" ===> 0.10229479991366783
"brazilian" ===> 0.10229479991366783
"tropical" ===> 0.10229479991366783
"botany" ===> 0.10229479991366783
"histórico" ===> 0.10229479991366783
------------------------------------
----------------pc9-----------------
"digiensemble" ===> 0.5512968623862842
"aria" ===> 0.22051874495451368
"motion" ===> 0.22051874495451368
"thumbjam" ===> 0.22051874495451368
"midi" ===> 0.16549864984621285
"device" ===> 0.16538451171814628
"physically" ===> 0.11025937247725684
"starker" ===> 0.11025937247725684
"smartphone" ===> 0.11025937247725684
"requirement" ===> 0.11025937247725684
------------------------------------
----------------pc10-----------------
"pinakothek" ===> 0.4081482069091358
"skelett" ===> 0.30033547300860897
"exemplar" ===> 0.28493365387996233
"münchen" ===> 0.2772327443156395
"moderne" ===> 0.2618309251869929
"brandhorst" ===> 0.2618309251869929
"archaeopteryx" ===> 0.20022364867240616
"bayern" ===> 0.12321455302917306
"solnhofen" ===> 0.11551364346484976
"fund" ===> 0.11549298247503573
------------------------------------
----------------sv1-----------------
"pinakothek" ===> 0.4088917735457248
"skelett" ===> 0.3008826258166654
"exemplar" ===> 0.28545274756965694
"münchen" ===> 0.2777378084461527
"moderne" ===> 0.26230793019914417
"brandhorst" ===> 0.26230793019914417
"archaeopteryx" ===> 0.2005884172111103
"bayern" ===> 0.12343902597606786
"solnhofen" ===> 0.11572408685256362
"fund" ===> 0.11566410031380796
------------------------------------
----------------sv2-----------------
"digiensemble" ===> 0.5515002233938691
"aria" ===> 0.2206000893575476
"thumbjam" ===> 0.2206000893575476
"motion" ===> 0.2206000893575476
"midi" ===> 0.16562229363997838
"device" ===> 0.16545239522671135
"bach" ===> 0.110308824870509
"ipodtouch" ===> 0.1103000446787738
"herr" ===> 0.1103000446787738
"singer" ===> 0.1103000446787738
------------------------------------
----------------sv3-----------------
"jardim" ===> 0.35794169134834886
"botânico" ===> 0.30680716401287045
"botanical" ===> 0.17897205598870883
"botanische" ===> 0.15340358200643522
"garten" ===> 0.12785566819763736
"hlpt" ===> 0.1022690546709568
"institute" ===> 0.1022690546709568
"área" ===> 0.1022690546709568
"botany" ===> 0.1022690546709568
"2f" ===> 0.1022690546709568
------------------------------------
----------------sv4-----------------
"ambrareview" ===> 0.04896168473823864
"pinterest" ===> 0.02448084236911932
"pinterest.compauldambraboard" ===> 0.02448084236911932
"http:pinterest.compauldambraboard" ===> 0.02448084236911932
"www.facebook.compdambra" ===> 0.02448084236911932
"http:triptease.comprofilepaul" ===> 0.02448084236911932
"http:www.flickr.comphotosbehindthesteeringwheelset" ===> 0.02448084236911932
"https:www.facebook.compdambra" ===> 0.02448084236911932
"http:instagram.compauldambraau" ===> 0.02448084236911932
"triptease" ===> 0.02448084236911932
------------------------------------
----------------sv5-----------------
"walnut" ===> 0.011372326191949124
"earthquake" ===> 0.005221323418563694
"metope" ===> 0.004409117553453786
"canyon" ===> 0.004328349569427336
"ancestral" ===> 0.004264622321980921
"anasazi" ===> 0.004264622321980921
"en.wikipedia.orgwikiwikipedia:text_of_creative_commons_" ===> 0.003885544782249284
"sharealike_3.0_unported_license" ===> 0.003885544782249284
"http:en.wikipedia.orgwikiwikipedia:text_of_creative_commons_attribution" ===> 0.003885544782249284
"cella" ===> 0.003828970506946709
------------------------------------
----------------sv6-----------------
"earthquake" ===> 0.1025341048668837
"metope" ===> 0.08658435522092402
"cella" ===> 0.07519167690238139
"treasury" ===> 0.06835606991125581
"taylor'" ===> 0.06835606991125581
"italianate" ===> 0.06835606991125581
"sarmiento" ===> 0.06835606991125581
"usnationalregisterofhistoricplace" ===> 0.05240632026529612
"nrhp" ===> 0.05240632026529612
"supervisor" ===> 0.051269974688763806
------------------------------------
----------------sv7-----------------
"frieden" ===> 0.14503625751302532
"bogen" ===> 0.10877719313476898
"étex" ===> 0.10877719313476898
"triumphbogen" ===> 0.10877719313476898
"cortot" ===> 0.08938411367024335
"bildhauern" ===> 0.07809644635316747
"zeigen" ===> 0.07251812875651266
"auszug" ===> 0.07251812875651266
"28pari" ===> 0.07251812875651266
"auftrag" ===> 0.07251812875651266
------------------------------------
----------------sv8-----------------
"belgian" ===> 0.009542212138633505
"belgium" ===> 0.005097835673467334
"martelaarsplaat" ===> 0.0039394453783349334
"jenneval" ===> 0.0032828711486124445
"dutch" ===> 0.0030969272365462984
"brussel" ===> 0.0024053029524246437
"flemish" ===> 0.0022980098040287114
"brabançonne" ===> 0.0019697226891674667
"mérode" ===> 0.0019697226891674667
"sach" ===> 0.0016414355743062223
------------------------------------
----------------sv9-----------------
"belgian" ===> 0.00043195440142282826
"belgium" ===> 0.00023132739722301495
"martelaarsplaat" ===> 0.00017832979875254375
"martyr" ===> 0.00016438497573694058
"jenneval" ===> 0.00014860816562711982
"dutch" ===> 0.00014119520181332922
"brussel" ===> 0.00010920539294469509
"flemish" ===> 0.00010402571593898387
"mérode" ===> 8.916489937627188e-05
"brabançonne" ===> 8.916489937627188e-05
------------------------------------
----------------sv10-----------------
"belgian" ===> 0.5859127321968722
"belgium" ===> 0.3144821192086727
"martelaarsplaat" ===> 0.2418905775124702
"martyr" ===> 0.2318243163015388
"jenneval" ===> 0.20157548126039185
"dutch" ===> 0.19151646409172393
"brussel" ===> 0.14873855317832346
"flemish" ===> 0.1411028368822743
"mérode" ===> 0.1209452887562351
"brabançonne" ===> 0.1209452887562351
------------------------------------
----------------Topic-1-----------------
"guacharaca" ===> 0.00823075167830276
"venezuela" ===> 0.007370823040217872
"su" ===> 0.0065108944021329855
"caraca" ===> 0.006019506608941622
"maraca" ===> 0.00583523618649486
"pero" ===> 0.004238225858622928
"cual" ===> 0.004115378910325087
"otra" ===> 0.0038082615395804847
"mucho" ===> 0.0036239911171337233
"ya" ===> 0.0035625676429848025
------------------------------------
----------------Topic-2-----------------
"walnut" ===> 0.013747289537965095
"哥" ===> 0.008362938955887585
"吴" ===> 0.005384362038142579
"canyon" ===> 0.005201064997050578
"ancestral" ===> 0.005155240736777578
"anasazi" ===> 0.005155240736777578
"en.wikipedia.orgwikiwikipedia:text_of_creative_commons_" ===> 0.004696998134047578
"sharealike_3.0_unported_license" ===> 0.004696998134047578
"http:en.wikipedia.orgwikiwikipedia:text_of_creative_commons_attribution" ===> 0.004696998134047578
"窟" ===> 0.004696998134047578
------------------------------------
----------------Topic-3-----------------
"belgian" ===> 0.0307887699004422
"belgium" ===> 0.016524251337512227
"martelaarsplaat" ===> 0.012710964196926985
"martyr" ===> 0.012181340982956814
"jenneval" ===> 0.010592471341046298
"dutch" ===> 0.010062848127076125
"brussel" ===> 0.008143493599648222
"flemish" ===> 0.007414732057225265
"mérode" ===> 0.0063554856292849194
"brabançonne" ===> 0.0063554856292849194
------------------------------------
----------------Topic-4-----------------
"jardim" ===> 0.006426283786287923
"botânico" ===> 0.005508244556874262
"goodyear" ===> 0.0046820092504019665
"botanical" ===> 0.0032590484448107916
"archival" ===> 0.002754126868633278
"archivist" ===> 0.002754126868633278
"http:www.brooklynmuseum.orgresearchdigital" ===> 0.002754126868633278
"brooklyn" ===> 0.002754126868633278
"collectionsgoodyear" ===> 0.002754126868633278
"brooklynmuseum" ===> 0.002754126868633278
------------------------------------
----------------Topic-5-----------------
"pinakothek" ===> 0.00528706689015821
"frieden" ===> 0.0051873110993170945
"randy" ===> 0.004489020563429286
"gard" ===> 0.00438926477258817
"skelett" ===> 0.003890485818382592
"triumphbogen" ===> 0.003890485818382592
"étex" ===> 0.003890485818382592
"bogen" ===> 0.003890485818382592
"exemplar" ===> 0.0036909742367003608
"münchen" ===> 0.0035912184458592455
------------------------------------
----------------Topic-6-----------------
"ambrareview" ===> 0.007643307157837947
"https:www.facebook.compdambra" ===> 0.00382165782519601
"http:triptease.comprofilepaul" ===> 0.00382165782519601
"pinterest.compauldambraboard" ===> 0.00382165782519601
"http:pinterest.compauldambraboard" ===> 0.00382165782519601
"pinterest" ===> 0.00382165782519601
"earthquake" ===> 0.00382165782519601
"http:instagram.compauldambraau" ===> 0.00382165782519601
"nouhailler" ===> 0.00382165782519601
"http:www.flickr.comphotosbehindthesteeringwheelset" ===> 0.00382165782519601
------------------------------------
----------------Topic-7-----------------
"download" ===> 0.005698577638341836
"175days.no" ===> 0.005698577638341836
"dalbera" ===> 0.0044638878745173775
"marin" ===> 0.004273935603159768
"mostro" ===> 0.004273935603159768
"crow" ===> 0.004178959467480964
"ceramica" ===> 0.0036091026534081374
"_blank" ===> 0.0029699132602897835
"mendocino" ===> 0.002944269703656506
"censorship" ===> 0.002849293567977702
------------------------------------
----------------Topic-8-----------------
"provence" ===> 0.008313551995839035
"aix" ===> 0.0065966246455324415
"mitla" ===> 0.005783343269071423
"morro" ===> 0.0042019628148416656
"riviera" ===> 0.004066415918764829
"anger" ===> 0.004066415918764829
"cerro" ===> 0.0032829548594407155
"dominican" ===> 0.003253134542303811
"之" ===> 0.003072405347534696
"特" ===> 0.0029820407501501387
------------------------------------
----------------Topic-9-----------------
"digiensemble" ===> 0.008460591076184283
"scrapbook" ===> 0.006655667386496556
"belfast" ===> 0.005189166888625277
"chevreuse" ===> 0.005076359158019794
"tula" ===> 0.004399512774386896
"immigration" ===> 0.0038354741213594817
"puuc" ===> 0.003609858660148516
"motion" ===> 0.00338424319893755
"thumbjam" ===> 0.00338424319893755
"chateau" ===> 0.00338424319893755
------------------------------------
----------------Topic-10-----------------
"黎" ===> 0.006468813838502049
"b.c.e" ===> 0.006468813838502049
"http:www.eutouring.com" ===> 0.004410559567738376
"www.eutouring.com" ===> 0.004410559567738376
"洲" ===> 0.004410559567738376
"國" ===> 0.004410559567738376
"法" ===> 0.004410559567738376
"塔" ===> 0.0042635414055409715
"weltkulturerbe" ===> 0.004116523243343566
"queensbury" ===> 0.0038224869189487556
------------------------------------
