-------------start-pca---------------------
1)135426569===>0.0
2)135426732===>0.0
3)11933848736===>1.6186483071991297e-06
4)10661400056===>2.277081111130048e-06
5)5834728587===>4.993320777744602e-06
6)10633240256===>5.127154682570096e-06
-------------end-pca---------------------
-------------start-svd---------------------
1)135426569===>0.0
2)135426732===>3.679716080070721e-17
3)7473334684===>2.021715209100136e-08
4)7473797700===>2.0217152091098516e-08
5)7473343860===>2.021715209304934e-08
6)7473328636===>2.0217152093851367e-08
-------------end-svd---------------------
-------------start-lda---------------------
1)135426732===>0.0
2)135426569===>0.0
3)11429070336===>5.041835215922005e-05
4)10659610274===>6.811802765792777e-05
5)4207511469===>7.636861437201164e-05
6)50742725===>0.00010354208349340354
-------------end-lda---------------------
-------------------------------------------------------
Total execution time 13.87 sec
