-------------start-pca---------------------
1)albert_memorial(id:11)===>0.0
2)bok_tower_gardens(id:19)===>4.85228791167403
3)berlin_cathedral(id:18)===>14.433647075100357
4)castillo_de_san_marcos(id:24)===>17.576697895096537
5)big_ben(id:2)===>20.087140459087816
6)altes_museum(id:12)===>22.807409212167563
-------------end-pca---------------------
-------------start-svd---------------------
1)albert_memorial(id:11)===>0.0
2)big_ben(id:2)===>0.007819970319560816
3)castillo_de_san_marcos(id:24)===>0.010085425000576872
4)neues_museum(id:6)===>0.010721741838785043
5)bok_tower_gardens(id:19)===>0.011311811511963709
6)altes_museum(id:12)===>0.011336282223315874
-------------end-svd---------------------
-------------start-lda---------------------
1)albert_memorial(id:11)===>0.0
2)neues_museum(id:6)===>27.964475838324233
3)big_ben(id:2)===>28.748789637623638
4)castillo_de_san_marcos(id:24)===>29.415699451602553
5)civic_center_san_francisco(id:28)===>32.436316581440735
6)bok_tower_gardens(id:19)===>32.52079718107982
-------------end-lda---------------------
-------------------------------------------------------
Total execution time 0.28 sec
