[array([[-7.32474948e-06, -1.10196874e-05,  2.00208764e-04, ...,
         2.50752202e-05, -1.27195153e-04,  4.34899225e-04],
       [-7.32474948e-06, -1.10196874e-05,  2.00208764e-04, ...,
         2.50752202e-05, -1.27195153e-04,  4.34899225e-04],
       [-3.61215368e-06, -6.65447871e-05,  1.19821271e-02, ...,
        -3.45633511e-04,  1.29464456e-04,  8.71614177e-05],
       ...,
       [-2.61691250e-06, -3.93543504e-06, -1.57053461e-05, ...,
        -2.65971084e-06, -1.87352304e-05, -1.53617116e-05],
       [-7.32474948e-06, -1.10196874e-05,  2.00208764e-04, ...,
         2.50752202e-05, -1.27195153e-04,  4.34899225e-04],
       [-1.22079158e-05, -1.83661457e-05,  3.33681273e-04, ...,
         4.17920337e-05, -2.11991922e-04,  7.24832041e-04]]), array([[ 1.53484370e-07,  1.53745885e-06,  4.53442444e-05, ...,
        -1.07238913e-05, -1.21138796e-07,  2.34444107e-06],
       [-4.45758371e-07,  3.96752671e-06, -4.39074716e-06, ...,
        -9.88863144e-05, -1.60992129e-07,  1.42366020e-05],
       [-8.38195949e-06,  8.60310625e-06, -3.42653124e-06, ...,
        -2.48858537e-04, -7.94097159e-06,  3.68504915e-06],
       ...,
       [ 2.79465458e-05,  1.97424475e-04,  1.65401736e-03, ...,
        -9.83206034e-05, -8.42897493e-06,  1.56599345e-06],
       [-7.19901470e-07, -1.52081094e-07, -2.24911729e-06, ...,
        -5.18006313e-05, -1.31124212e-05,  5.17802971e-06],
       [ 2.83697075e-06,  8.11320938e-07,  1.19370642e-05, ...,
        -2.48652273e-05, -2.43122969e-06,  1.53297727e-05]]), array([[6.14234741e-09, 1.14560651e-08, 7.06164285e-09, ...,
        9.03645974e-09, 1.12807731e-08, 1.47018162e-08],
       [6.14234741e-09, 1.14560651e-08, 7.06164285e-09, ...,
        9.03645974e-09, 1.12807731e-08, 1.47018162e-08],
       [6.14234741e-09, 1.71842122e-03, 7.06164285e-09, ...,
        9.03645974e-09, 1.12807731e-08, 1.47018162e-08],
       ...,
       [6.14234741e-09, 1.14560651e-08, 7.06164285e-09, ...,
        9.03736338e-05, 1.12807731e-08, 1.47018162e-08],
       [6.14234741e-09, 1.14560651e-08, 7.06164285e-09, ...,
        9.03645974e-09, 1.12807731e-08, 1.47018162e-08],
       [6.14234741e-09, 1.14560651e-08, 7.06164285e-09, ...,
        9.03645974e-09, 1.12807731e-08, 1.47018162e-08]])]
----------------None---------------------
dsjkf
----------------None---------------------
----------------None---------------------
dsjkf
----------------None---------------------
----------------None---------------------
dsjkf
----------------None---------------------
-------------------------------------------------------
Total execution time 0.38 sec
----------------None---------------------
dsjkf
----------------None---------------------
-------------------------------------------------------
Total execution time 0.39 sec
