['user', 'all', '10', '20181028', '141906.pkl']
----------------None---------------------
[]
----------------None---------------------
['user', 'all', '10', '20181028', '141906.pkl']
----------------None---------------------
[]
----------------None---------------------
['user', 'all', '10', '20181028', '141906.pkl']
----------------None---------------------
[]
----------------None---------------------
-------------------------------------------------------
Total execution time 0.37 sec
['user', 'all', '10', '20181028', '141906.pkl']
----------------None---------------------
[]
----------------None---------------------
-------------------------------------------------------
Total execution time 0.38 sec
