['user', 'pca', '10', '20181028', '141906.pkl']
-------------start-pca---------------------
1)23377363@N04===>0.0
2)42311564@N00===>0.048130542936857396
3)98392258@N00===>0.04937726268096997
4)68668328@N08===>0.04956335378203039
5)74442039@N00===>0.053700131974361555
6)54037354@N00===>0.05768476767523914
-------------end-pca---------------------
['user', 'svd', '10', '20181028', '141906.pkl']
-------------start-svd---------------------
1)23377363@N04===>0.0
2)98392258@N00===>0.00020087641816153218
3)68668328@N08===>0.00026760982561039286
4)42311564@N00===>0.00026933028876272534
5)57004829@N03===>0.00027039458479259415
6)56593651@N00===>0.00030025907388895787
-------------end-svd---------------------
['user', 'lda', '10', '20181028', '141906.pkl']
-------------start-lda---------------------
1)23377363@N04===>0.0
2)10579466@N06===>0.00538936382709406
3)20741443@N00===>0.005509195207996477
4)49491198@N00===>0.006831787678741332
5)57217704@N00===>0.00717987568171256
6)96407553@N00===>0.011200272541108251
-------------end-lda---------------------
-------------------------------------------------------
Total execution time 0.71 sec
