Total execution time till reading dataframe 0.6929833889007568
----------------pc1-----------------
"belgian" ===> 0.5859419261734113
"belgium" ===> 0.31448346099427055
"martelaarsplaat" ===> 0.24190263007159174
"martyr" ===> 0.23183003133362648
"jenneval" ===> 0.20158552505966
"dutch" ===> 0.1915064598414812
"brussel" ===> 0.14872516978801856
"flemish" ===> 0.1411098675417618
"brabançonne" ===> 0.12095131503579587
"mérode" ===> 0.12095131503579587
------------------------------------
----------------pc2-----------------
"guacharaca" ===> 0.26824497703007844
"venezuela" ===> 0.2402193824149954
"su" ===> 0.21219171365062292
"caraca" ===> 0.1961791623055795
"maraca" ===> 0.19017367774520455
"pero" ===> 0.1381261448886223
"cual" ===> 0.13412248851503922
"otra" ===> 0.1241133475810809
"mucho" ===> 0.11810786302070612
"ya" ===> 0.11610603483391439
------------------------------------
----------------pc3-----------------
"frieden" ===> 0.17139007999230726
"triumphbogen" ===> 0.12854255999423042
"bogen" ===> 0.12854255999423042
"étex" ===> 0.12854255999423042
"earthquake" ===> 0.1139144928040918
"cortot" ===> 0.1083845165819041
"metope" ===> 0.09619446059012196
"walnut" ===> 0.09585692358276426
"bildhauern" ===> 0.09228696614970382
"auftrag" ===> 0.08569503999615363
------------------------------------
Total execution time 2.177183151245117 sec
