Total execution time till reading dataframe 0.33856868743896484
----------------pc1-----------------
"belgian" ===> 0.5859419261734125
"belgium" ===> 0.31448346099427127
"martelaarsplaat" ===> 0.24190263007159224
"martyr" ===> 0.23183003133362692
"jenneval" ===> 0.20158552505966038
"dutch" ===> 0.19150645984148165
"brussel" ===> 0.1487251697880189
"flemish" ===> 0.14110986754176208
"brabançonne" ===> 0.12095131503579612
"mérode" ===> 0.12095131503579612
------------------------------------
----------------pc2-----------------
"guacharaca" ===> 0.2682449770303552
"venezuela" ===> 0.2402193824152429
"su" ===> 0.21219171365086434
"caraca" ===> 0.19617916230578197
"maraca" ===> 0.19017367774540045
"pero" ===> 0.13812614488876473
"cual" ===> 0.1341224885151776
"otra" ===> 0.12411334758120895
"mucho" ===> 0.11810786302082779
"ya" ===> 0.11610603483403405
------------------------------------
----------------pc3-----------------
"frieden" ===> 0.17138992851571946
"triumphbogen" ===> 0.1285424463867895
"étex" ===> 0.1285424463867895
"bogen" ===> 0.1285424463867895
"earthquake" ===> 0.11391449438145039
"cortot" ===> 0.10838442192656295
"metope" ===> 0.0961944619221138
"walnut" ===> 0.09585701812265009
"bildhauern" ===> 0.09228688458538739
"auszug" ===> 0.08569496425785973
------------------------------------
----------------pc4-----------------
"walnut" ===> 0.2500998024825477
"earthquake" ===> 0.12252169173680258
"metope" ===> 0.10346276191107778
"canyon" ===> 0.09514744579929287
"ancestral" ===> 0.09378742593095532
"anasazi" ===> 0.09378742593095532
"cella" ===> 0.0898492406069886
"en.wikipedia.orgwikiwikipedia:text_of_creative_commons_" ===> 0.08545076584820378
"http:en.wikipedia.orgwikiwikipedia:text_of_creative_commons_attribution" ===> 0.08545076584820378
"sharealike_3.0_unported_license" ===> 0.08545076584820378
------------------------------------
----------------pc5-----------------
"walnut" ===> 0.448678835747602
"canyon" ===> 0.17075365346626353
"ancestral" ===> 0.16825456340535072
"anasazi" ===> 0.16825456340535072
"en.wikipedia.orgwikiwikipedia:text_of_creative_commons_" ===> 0.15329860221376407
"http:en.wikipedia.orgwikiwikipedia:text_of_creative_commons_attribution" ===> 0.15329860221376407
"sharealike_3.0_unported_license" ===> 0.15329860221376407
"coconino" ===> 0.13086466042638392
"p.m" ===> 0.1121697089369005
"mst" ===> 0.1121697089369005
------------------------------------
----------------pc6-----------------
"ambrareview" ===> 0.43114332717646
"triptease.comprofilepaul" ===> 0.21557166358823
"www.facebook.compdambra" ===> 0.21557166358823
"http:pinterest.compauldambraboard" ===> 0.21557166358823
"http:www.flickr.comphotosbehindthesteeringwheelset" ===> 0.21557166358823
"http:instagram.compauldambraau" ===> 0.21557166358823
"triptease" ===> 0.21557166358823
"www.flickr.comphotosbehindthesteeringwheelset" ===> 0.21557166358823
"http:triptease.comprofilepaul" ===> 0.21557166358823
"instagram.compauldambraau" ===> 0.21557166358823
------------------------------------
----------------pc7-----------------
"provence" ===> 0.44275924110185316
"aix" ===> 0.3513198326134266
"dominican" ===> 0.17325361608333378
"emmanuel" ===> 0.15881581474305592
"jule" ===> 0.14437801340277817
"jarente" ===> 0.11550241072222255
"l'eglise" ===> 0.11550241072222255
"fame" ===> 0.08945470977417794
"classified" ===> 0.0770016071481483
"socle" ===> 0.0729660578492431
------------------------------------
----------------pc8-----------------
"jardim" ===> 0.3580319186843628
"botânico" ===> 0.30688450172945375
"botanical" ===> 0.17901222649903578
"botanische" ===> 0.15344225086472688
"garten" ===> 0.12788117333898266
"2f" ===> 0.102294833909818
"botany" ===> 0.102294833909818
"br" ===> 0.102294833909818
"brazilian" ===> 0.102294833909818
"histórico" ===> 0.102294833909818
------------------------------------
----------------pc9-----------------
"digiensemble" ===> 0.551324885099743
"motion" ===> 0.22052995403989717
"thumbjam" ===> 0.22052995403989717
"aria" ===> 0.22052995403989717
"midi" ===> 0.16550704404804986
"device" ===> 0.16539304101370805
"aspiration" ===> 0.11026497701994858
"controller" ===> 0.11026497701994858
"musikmachen" ===> 0.11026497701994858
"musizieren" ===> 0.11026497701994858
------------------------------------
----------------pc10-----------------
"pinakothek" ===> 0.40871936347411186
"skelett" ===> 0.3007557580281202
"exemplar" ===> 0.2853323858215502
"münchen" ===> 0.27762069971826486
"brandhorst" ===> 0.26219732751169483
"moderne" ===> 0.26219732751169483
"archaeopteryx" ===> 0.20050383868541358
"bayern" ===> 0.1233869776525622
"solnhofen" ===> 0.11567529154927698
"fund" ===> 0.11565566515532687
------------------------------------
----------------pc11-----------------
"哥" ===> 0.5914744064153569
"吴" ===> 0.3808122890619421
"窟" ===> 0.33219795428807714
"暹" ===> 0.21876450648239207
"粒" ===> 0.21876450648239207
"埔" ===> 0.21066211735341467
"柬" ===> 0.21066211735341467
"佛" ===> 0.21066211735341467
"吳" ===> 0.21066211735341467
"寨" ===> 0.21066211735341467
------------------------------------
----------------pc12-----------------
"morro" ===> 0.38022237782705653
"cerro" ===> 0.2943811400392317
"baird" ===> 0.2698582204265271
"http:santalucia.sierraclub.orgninesis.html" ===> 0.24532565493320627
"hike" ===> 0.18830922797236493
"tiki" ===> 0.18808300211545828
"estuary" ===> 0.18808300211545828
"fitness" ===> 0.1717279584532445
"oso" ===> 0.1717279584532445
"mikebaird" ===> 0.13084034929771007
------------------------------------
----------------pc13-----------------
"dalbera" ===> 0.38306168216025277
"objid24" ===> 0.24450745669803367
"égyptien" ===> 0.15485472257542132
"museum.de" ===> 0.13334532035384852
"p2" ===> 0.12259377818088198
"collectionneuesmuseum" ===> 0.12225372834901684
"musicienne" ===> 0.12225372834901684
"n2" ===> 0.12225372834901684
"http:www.smb.museumsmbstandorteindex.php" ===> 0.12225372834901684
"www.smb.museumsmbstandorteindex.php" ===> 0.12225372834901684
------------------------------------
----------------pc14-----------------
"tula" ===> 0.3421839678780178
"puuc" ===> 0.2807663326178606
"http:archaeology.about.comodttermsgtula.htm" ===> 0.20180080156908722
"950" ===> 0.20180080156908722
"toltec" ===> 0.1582581829276688
"chichén" ===> 0.14661567083939164
"priest'" ===> 0.1403831663089303
"tablud" ===> 0.1403831663089303
"tablero" ===> 0.1403831663089303
"stacked" ===> 0.1403831663089303
------------------------------------
----------------pc15-----------------
"goodyear" ===> 0.45315309545914706
"email" ===> 0.26656064438773347
"brooklyn" ===> 0.26656064438773347
"http:www.brooklynmuseum.orgresearchdigital" ===> 0.26656064438773347
"we'd" ===> 0.26656064438773347
"collectionsgoodyear" ===> 0.26656064438773347
"archivist" ===> 0.26656064438773347
"archival" ===> 0.26656064438773347
"brooklynmuseum" ===> 0.26656064438773347
"brooklynmuseum.org" ===> 0.26656064438773347
------------------------------------
----------------pc16-----------------
"mètre" ===> 0.5037614010682457
"longueur" ===> 0.25188070053412287
"l'esplanade" ===> 0.1529275681814314
"largeur" ===> 0.12594035026706143
"154" ===> 0.12594035026706143
"métallique" ===> 0.12594035026706143
"métroinvalide" ===> 0.12594035026706143
"possède" ===> 0.12594035026706143
"22,50" ===> 0.12594035026706143
"expositionuniversellede1900" ===> 0.12594035026706143
------------------------------------
----------------pc17-----------------
"mitla" ===> 0.5865656945447285
"anger" ===> 0.41242900397676235
"transept'" ===> 0.13747633465892062
"1032" ===> 0.13747633465892062
"glasswork" ===> 0.13747633465892062
"doué" ===> 0.13747633465892062
"http:en.wikipedia.orgwikiangers_cathedral" ===> 0.13747633465892062
"en.wikipedia.orgwikiangers_cathedral" ===> 0.13747633465892062
"julian" ===> 0.13747633465892062
"beaumont" ===> 0.13747633465892062
------------------------------------
----------------pc18-----------------
"normandy" ===> 0.26180879778474997
"quineville" ===> 0.13090439889237498
"omaha" ===> 0.13090439889237498
"ranville" ===> 0.13090439889237498
"dakota" ===> 0.13090439889237498
"arromanche" ===> 0.13090439889237498
"reenactment" ===> 0.13090439889237498
"patton" ===> 0.13090439889237498
"azeville" ===> 0.13090439889237498
"bayeux" ===> 0.13090439889237498
------------------------------------
----------------pc19-----------------
"黎" ===> 0.38364089045298094
"法" ===> 0.2615733343997598
"國" ===> 0.2615733343997598
"洲" ===> 0.2615733343997598
"塔" ===> 0.2528542232531012
"panasonic" ===> 0.1418593881557164
"vario" ===> 0.13078732412483213
"gx" ===> 0.1307866671998799
"d800" ===> 0.1307866671998799
"om" ===> 0.1307866671998799
------------------------------------
----------------pc20-----------------
"gard" ===> 0.41989769908237035
"villaflor" ===> 0.20994884954118517
"organization" ===> 0.20994884954118517
"maría" ===> 0.20994884954118517
"caimi" ===> 0.10497442477059259
"abduction" ===> 0.10497442477059259
"sra" ===> 0.10497442477059259
"unite" ===> 0.10497442477059259
"unaccounted" ===> 0.10497442477059259
"berta" ===> 0.10497442477059259
------------------------------------
----------------pc21-----------------
"download" ===> 0.5709570689407195
"button" ===> 0.28547853447035976
"caipirinha" ===> 0.18080307183122762
"internacional" ===> 0.16177116953320386
"avenidaatlântida" ===> 0.14273926723517988
"accommodation" ===> 0.14273926723517988
"pãodeaçúcar" ===> 0.14273926723517988
"firework" ===> 0.14273926723517988
"portobayriointernacional" ===> 0.14273926723517988
"portobayhotelsresort" ===> 0.14273926723517988
------------------------------------
----------------pc22-----------------
"parlamento" ===> 0.41328917761749073
"palácio" ===> 0.32472721098517177
"berlim" ===> 0.25584431926627343
"relógio" ===> 0.16728371474993686
"câmara" ===> 0.14760327772053242
"wikipédia" ===> 0.13776305920583032
"edifício" ===> 0.12792284069112814
"alemanha" ===> 0.10949196536648685
"grãbretanha" ===> 0.09840218514702168
"evangelical" ===> 0.09393680944729853
------------------------------------
----------------pc23-----------------
"denni" ===> 0.32187496499765167
"archer10" ===> 0.31149190161063056
"iamcanadian" ===> 0.31149190161063056
"dennisgjarvi" ===> 0.31149190161063056
"dennisjarvi" ===> 0.31149190161063056
"18200vr" ===> 0.29072577483658835
"tunisia" ===> 0.2388104579014833
"invitation" ===> 0.2388104579014833
"70300mmvr" ===> 0.19727820435339943
"freepicture" ===> 0.15574595080531528
------------------------------------
----------------pc24-----------------
"holocaust" ===> 0.25095608151457166
"stelae" ===> 0.1882170611359285
"encyclopedia" ===> 0.15684755094660718
"66111" ===> 0.15684755094660718
"wolfgangstaudt" ===> 0.15684755094660718
"hauptstadt" ===> 0.15684755094660718
"jewish" ===> 0.12547804075728583
"eisenman" ===> 0.12547804075728583
"jew" ===> 0.12547804075728583
"dorotheenstadt" ===> 0.12547804075728583
------------------------------------
----------------pc25-----------------
"scrapbook" ===> 0.6500423412399882
"tupper" ===> 0.3305300040203328
"annotated" ===> 0.22035333601355547
"albumen" ===> 0.16832990698195155
"bpldc" ===> 0.1652650020101664
"bpl" ===> 0.1652650020101664
"williamvaughntupper" ===> 0.1652650020101664
"cataloger" ===> 0.1652650020101664
"transcription" ===> 0.1652650020101664
"vaughn" ===> 0.1652650020101664
------------------------------------
----------------pc26-----------------
"ceramica" ===> 0.3456074669170832
"tecnica" ===> 0.20008853347831138
"ceramico" ===> 0.20008853347831138
"tesela" ===> 0.20008853347831138
"amb" ===> 0.1818986667984649
"caracteristica" ===> 0.14551893343877195
"trencadi" ===> 0.13039690596367012
"tratada" ===> 0.12732906675892547
"imagene" ===> 0.12732906675892547
"mosaico" ===> 0.10007555343266895
------------------------------------
----------------pc27-----------------
"175days.no" ===> 0.544863552886111
"http:www" ===> 0.2724317764430555
"travelblog" ===> 0.2724317764430555
"ceramica" ===> 0.2604693535432536
"tecnica" ===> 0.15079804678819958
"ceramico" ===> 0.15079804678819958
"tesela" ===> 0.15079804678819958
"amb" ===> 0.13708913344381773
"cambodian" ===> 0.13621588822152775
"spotlight" ===> 0.13621588822152775
------------------------------------
----------------pc28-----------------
"b.c.e" ===> 0.4969716039415966
"column.html" ===> 0.22589618360981673
"clerestory" ===> 0.18071694688785328
"highclassical" ===> 0.1694221377073625
"gaudí1904" ===> 0.1694221377073625
"expressionism" ===> 0.1694221377073625
"hispania" ===> 0.1694221377073625
"constitutio" ===> 0.1694221377073625
"middleage" ===> 0.1694221377073625
"townhouse" ===> 0.1694221377073625
------------------------------------
----------------pc29-----------------
"etiquette" ===> 0.37094996037491224
"tokina" ===> 0.3593577741131962
"michelle" ===> 0.19706716644917213
"liisa" ===> 0.19706716644917213
"halle" ===> 0.18547498018745612
"box" ===> 0.18547498018745612
"sb" ===> 0.18547498018745612
"ultimate" ===> 0.18547498018745612
"nikond200" ===> 0.17388279392574005
"etiquettelounge" ===> 0.17388279392574005
------------------------------------
----------------pc30-----------------
"deadmau5" ===> 0.2976415657044909
"groove" ===> 0.2976415657044909
"billy" ===> 0.2976415657044909
"afterpart" ===> 0.2976415657044909
"armada" ===> 0.2976415657044909
"fischerspooner" ===> 0.2976415657044909
"loveevolution" ===> 0.2976415657044909
"halliwell" ===> 0.2976415657044909
"collevetion" ===> 0.2976415657044909
"eddie" ===> 0.2976415657044909
------------------------------------
