Total execution time till reading dataframe 0.1868908405303955
----------------pc1-----------------
"belgian" ===> 0.5859419261734128
"belgium" ===> 0.31448346099427177
"martelaarsplaat" ===> 0.2419026300715926
"martyr" ===> 0.23183003133362706
"jenneval" ===> 0.2015855250596604
"dutch" ===> 0.19150645984148162
"brussel" ===> 0.14872516978801903
"flemish" ===> 0.1411098675417622
"brabançonne" ===> 0.1209513150357963
"mérode" ===> 0.1209513150357963
------------------------------------
----------------pc2-----------------
"guacharaca" ===> 0.26824497703035444
"venezuela" ===> 0.24021938241524268
"su" ===> 0.21219171365086428
"caraca" ===> 0.19617916230578156
"maraca" ===> 0.19017367774540056
"pero" ===> 0.13812614488876468
"cual" ===> 0.13412248851517722
"otra" ===> 0.12411334758120875
"mucho" ===> 0.11810786302082772
"ya" ===> 0.11610603483403402
------------------------------------
----------------pc3-----------------
"frieden" ===> 0.17138992855263402
"étex" ===> 0.12854244641447563
"bogen" ===> 0.12854244641447563
"triumphbogen" ===> 0.12854244641447563
"earthquake" ===> 0.11391449441386715
"cortot" ===> 0.1083844219499948
"metope" ===> 0.09619446194948783
"walnut" ===> 0.09585701824330398
"bildhauern" ===> 0.09228688460526449
"gegeben" ===> 0.08569496427631701
------------------------------------
----------------pc4-----------------
"walnut" ===> 0.25009980240579527
"earthquake" ===> 0.12252169169544778
"metope" ===> 0.1034627618761559
"canyon" ===> 0.09514744575532691
"ancestral" ===> 0.09378742590217326
"anasazi" ===> 0.09378742590217326
"cella" ===> 0.08984924057666173
"http:en.wikipedia.orgwikiwikipedia:text_of_creative_commons_attribution" ===> 0.08545076582198008
"en.wikipedia.orgwikiwikipedia:text_of_creative_commons_" ===> 0.08545076582198008
"sharealike_3.0_unported_license" ===> 0.08545076582198008
------------------------------------
----------------pc5-----------------
"walnut" ===> 0.4486788358149083
"canyon" ===> 0.1707536534243378
"anasazi" ===> 0.1682545634305907
"ancestral" ===> 0.1682545634305907
"sharealike_3.0_unported_license" ===> 0.15329860223676048
"en.wikipedia.orgwikiwikipedia:text_of_creative_commons_" ===> 0.15329860223676048
"http:en.wikipedia.orgwikiwikipedia:text_of_creative_commons_attribution" ===> 0.15329860223676048
"coconino" ===> 0.13086466044601497
"neighboring" ===> 0.11216970895372708
"a.m" ===> 0.11216970895372708
------------------------------------
----------------pc6-----------------
"ambrareview" ===> 0.43114332710194053
"pinterest.compauldambraboard" ===> 0.21557166355097027
"triptease" ===> 0.21557166355097027
"instagram.compauldambraau" ===> 0.21557166355097027
"http:triptease.comprofilepaul" ===> 0.21557166355097027
"triptease.comprofilepaul" ===> 0.21557166355097027
"www.facebook.compdambra" ===> 0.21557166355097027
"http:www.flickr.comphotosbehindthesteeringwheelset" ===> 0.21557166355097027
"http:pinterest.compauldambraboard" ===> 0.21557166355097027
"pinterest" ===> 0.21557166355097027
------------------------------------
----------------pc7-----------------
"provence" ===> 0.44275924110224696
"aix" ===> 0.3513198326137396
"dominican" ===> 0.17325361608348822
"emmanuel" ===> 0.15881581474319742
"jule" ===> 0.14437801340290674
"jarente" ===> 0.11550241072232535
"l'eglise" ===> 0.11550241072232535
"fame" ===> 0.08945470977875473
"classified" ===> 0.07700160714821691
"socle" ===> 0.07296605811989815
------------------------------------
----------------pc8-----------------
"jardim" ===> 0.35803191844330645
"botânico" ===> 0.306884501522834
"botanical" ===> 0.17901222638312786
"botanische" ===> 0.153442250761417
"garten" ===> 0.12788117326782766
"artístico" ===> 0.10229483384094466
"tropical" ===> 0.10229483384094466
"brazilian" ===> 0.10229483384094466
"2f" ===> 0.10229483384094466
"br" ===> 0.10229483384094466
------------------------------------
----------------pc9-----------------
"digiensemble" ===> 0.5513249077576453
"motion" ===> 0.22052996310305797
"aria" ===> 0.22052996310305797
"thumbjam" ===> 0.22052996310305797
"midi" ===> 0.16550701811016877
"device" ===> 0.16539304615903186
"musikmachen" ===> 0.11026498155152899
"beta" ===> 0.11026498155152899
"großer" ===> 0.11026498155152899
"aspiration" ===> 0.11026498155152899
------------------------------------
----------------pc10-----------------
"pinakothek" ===> 0.40871943019755425
"skelett" ===> 0.30075580712650224
"exemplar" ===> 0.28533243240206635
"münchen" ===> 0.2776207450398478
"brandhorst" ===> 0.26219737031541224
"moderne" ===> 0.26219737031541224
"archaeopteryx" ===> 0.2005038714176681
"bayern" ===> 0.12338699779548808
"solnhofen" ===> 0.11567531043326996
"fund" ===> 0.11565565258219465
------------------------------------
----------------pc11-----------------
"哥" ===> 0.5914755884944657
"吴" ===> 0.3808130501265736
"窟" ===> 0.3321986181955217
"暹" ===> 0.21876494368973393
"粒" ===> 0.21876494368973393
"吳" ===> 0.21066253836789184
"埔" ===> 0.21066253836789184
"佛" ===> 0.21066253836789184
"柬" ===> 0.21066253836789184
"寨" ===> 0.21066253836789184
------------------------------------
----------------pc12-----------------
"morro" ===> 0.38022273920068245
"cerro" ===> 0.2943814221642278
"baird" ===> 0.2698584814642103
"http:santalucia.sierraclub.orgninesis.html" ===> 0.24532589224019113
"hike" ===> 0.1883092029202012
"estuary" ===> 0.1880831840508132
"tiki" ===> 0.1880831840508132
"fitness" ===> 0.17172812456813372
"oso" ===> 0.17172812456813372
"mikebaird" ===> 0.1308404758614353
------------------------------------
----------------pc13-----------------
"dalbera" ===> 0.3830614691204181
"objid24" ===> 0.24450732071516051
"égyptien" ===> 0.15485463645293507
"museum.de" ===> 0.1333451104381278
"p2" ===> 0.12259361289234462
"collectionneuesmuseum" ===> 0.12225366035758026
"www.smb.museumsmbstandorteindex.php" ===> 0.12225366035758026
"n2" ===> 0.12225366035758026
"http:www.smb.museumsmbstandorteindex.php" ===> 0.12225366035758026
"musicienne" ===> 0.12225366035758026
------------------------------------
----------------pc14-----------------
"tula" ===> 0.3421835581086642
"puuc" ===> 0.28076599639685257
"950" ===> 0.20180055991023785
"http:archaeology.about.comodttermsgtula.htm" ===> 0.20180055991023785
"toltec" ===> 0.15825817102093664
"chichén" ===> 0.14661544328922782
"tablero" ===> 0.14038299819842628
"tablud" ===> 0.14038299819842628
"priest'" ===> 0.14038299819842628
"stacked" ===> 0.14038299819842628
------------------------------------
----------------pc15-----------------
"goodyear" ===> 0.4531518631582224
"we'd" ===> 0.26655991950483676
"http:www.brooklynmuseum.orgresearchdigital" ===> 0.26655991950483676
"archival" ===> 0.26655991950483676
"brooklynmuseum.org" ===> 0.26655991950483676
"email" ===> 0.26655991950483676
"archivist" ===> 0.26655991950483676
"brooklynmuseum" ===> 0.26655991950483676
"brooklyn" ===> 0.26655991950483676
"collectionsgoodyear" ===> 0.26655991950483676
------------------------------------
----------------pc16-----------------
"mètre" ===> 0.5037610373164082
"longueur" ===> 0.2518805186582041
"l'esplanade" ===> 0.15292745775676664
"viaduc" ===> 0.12594025932910205
"l'exposition" ===> 0.12594025932910205
"président" ===> 0.12594025932910205
"possède" ===> 0.12594025932910205
"107,50" ===> 0.12594025932910205
"posée" ===> 0.12594025932910205
"l'amitié" ===> 0.12594025932910205
------------------------------------
----------------pc17-----------------
"mitla" ===> 0.5865619705034726
"anger" ===> 0.41242638551025385
"cathédral" ===> 0.13747546183675127
"en.wikipedia.orgwikiangers_cathedral" ===> 0.13747546183675127
"http:en.wikipedia.orgwikiangers_cathedral" ===> 0.13747546183675127
"doué" ===> 0.13747546183675127
"normand" ===> 0.13747546183675127
"1032" ===> 0.13747546183675127
"glasswork" ===> 0.13747546183675127
"transept'" ===> 0.13747546183675127
------------------------------------
----------------pc18-----------------
"normandy" ===> 0.2618128765201117
"paratrooper" ===> 0.13090643826005585
"skytrain" ===> 0.13090643826005585
"normandie" ===> 0.13090643826005585
"patton" ===> 0.13090643826005585
"stecomedumont" ===> 0.13090643826005585
"c47" ===> 0.13090643826005585
"pillbox" ===> 0.13090643826005585
"dakota" ===> 0.13090643826005585
"parachute" ===> 0.13090643826005585
------------------------------------
----------------pc19-----------------
"黎" ===> 0.3836524728388104
"洲" ===> 0.26158123148100715
"法" ===> 0.26158123148100715
"國" ===> 0.26158123148100715
"塔" ===> 0.25286185709830683
"panasonic" ===> 0.14183034040200246
"vario" ===> 0.13079127289676015
"taipei" ===> 0.13079061574050357
"d800" ===> 0.13079061574050357
"micro" ===> 0.13079061574050357
------------------------------------
----------------pc20-----------------
"gard" ===> 0.41941834423089713
"villaflor" ===> 0.20970917211544857
"maría" ===> 0.20970917211544857
"organization" ===> 0.20970917211544857
"agent" ===> 0.10485458605772428
"missing" ===> 0.10485458605772428
"berta" ===> 0.10485458605772428
"delicia" ===> 0.10485458605772428
"civilian" ===> 0.10485458605772428
"pepa" ===> 0.10485458605772428
------------------------------------
----------------pc21-----------------
"download" ===> 0.5703413790247716
"button" ===> 0.2851706895123858
"caipirinha" ===> 0.18060810335784427
"internacional" ===> 0.16159672405701864
"portobay" ===> 0.1425853447561929
"thesugarloafmountaincablecar" ===> 0.1425853447561929
"intend" ===> 0.1425853447561929
"pãodeaçúcar" ===> 0.1425853447561929
"mice" ===> 0.1425853447561929
"portobayriointernacional" ===> 0.1425853447561929
------------------------------------
----------------pc22-----------------
"parlamento" ===> 0.4132435001264735
"palácio" ===> 0.32469132152794355
"berlim" ===> 0.25581589233628743
"relógio" ===> 0.16726522624166787
"câmara" ===> 0.14758696433088342
"wikipédia" ===> 0.13774783337549115
"edifício" ===> 0.12790870242009897
"alemanha" ===> 0.10959559067977342
"grãbretanha" ===> 0.09839130955392225
"evangelical" ===> 0.09392621936196559
------------------------------------
----------------pc23-----------------
"denni" ===> 0.3219389869648649
"dennisjarvi" ===> 0.31155385835309507
"iamcanadian" ===> 0.31155385835309507
"dennisgjarvi" ===> 0.31155385835309507
"archer10" ===> 0.31155385835309507
"18200vr" ===> 0.2907836011295555
"tunisia" ===> 0.23885795807070656
"invitation" ===> 0.23885795807070656
"70300mmvr" ===> 0.19731744362362713
"freepicture" ===> 0.15577692917654754
------------------------------------
----------------pc24-----------------
"holocaust" ===> 0.2510389803501537
"stelae" ===> 0.18827923526261525
"wolfgangstaudt" ===> 0.15689936271884605
"hauptstadt" ===> 0.15689936271884605
"encyclopedia" ===> 0.15689936271884605
"66111" ===> 0.15689936271884605
"jewish" ===> 0.12551949017507685
"jew" ===> 0.12551949017507685
"dorotheenstadt" ===> 0.12551949017507685
"eisenman" ===> 0.12551949017507685
------------------------------------
----------------pc25-----------------
"scrapbook" ===> 0.6496169364512573
"tupper" ===> 0.33031369650063913
"annotated" ===> 0.22020913100042613
"albumen" ===> 0.16839619362223615
"bpldc" ===> 0.16515684825031957
"bpl" ===> 0.16515684825031957
"cataloger" ===> 0.16515684825031957
"v3" ===> 0.16515684825031957
"4098b" ===> 0.16515684825031957
"genre" ===> 0.16515684825031957
------------------------------------
----------------pc26-----------------
"ceramica" ===> 0.3544747912873697
"tesela" ===> 0.20522224758742452
"ceramico" ===> 0.20522224758742452
"tecnica" ===> 0.20522224758742452
"amb" ===> 0.18656567962493137
"caracteristica" ===> 0.1492525436999452
"trencadi" ===> 0.1337499667684446
"tratada" ===> 0.13059597573745205
"imagene" ===> 0.13059597573745205
"mosaico" ===> 0.10265565587666377
------------------------------------
----------------pc27-----------------
"175days.no" ===> 0.5600000367349113
"travelblog" ===> 0.28000001836745564
"http:www" ===> 0.28000001836745564
"ceramica" ===> 0.24785690699164134
"tecnica" ===> 0.14349610404779237
"ceramico" ===> 0.14349610404779237
"tesela" ===> 0.14349610404779237
"cambodian" ===> 0.14000000918372782
"spotlight" ===> 0.14000000918372782
"lal" ===> 0.14000000918372782
------------------------------------
----------------pc28-----------------
"b.c.e" ===> 0.502225044917179
"column.html" ===> 0.22828411132599047
"clerestory" ===> 0.18262728906079248
"gaudí1904" ===> 0.17121308349449288
"constitutio" ===> 0.17121308349449288
"smarthistory.orggothic.html" ===> 0.17121308349449288
"hispania" ===> 0.17121308349449288
"highclassical" ===> 0.17121308349449288
"http:smarthistory.orggothic.html" ===> 0.17121308349449288
"middleage" ===> 0.17121308349449288
------------------------------------
----------------pc29-----------------
"etiquette" ===> 0.36769616031115265
"tokina" ===> 0.3562056553014293
"michelle" ===> 0.1953385851652999
"liisa" ===> 0.1953385851652999
"halle" ===> 0.18384808015557633
"box" ===> 0.18384808015557633
"sb" ===> 0.18384808015557633
"ultimate" ===> 0.18384808015557633
"atxpro1650mmf28dx" ===> 0.17235757514585295
"eventphotography" ===> 0.17235757514585295
------------------------------------
----------------pc30-----------------
"armada" ===> 0.3008116238065853
"eddie" ===> 0.3008116238065853
"fischerspooner" ===> 0.3008116238065853
"loveevolution" ===> 0.3008116238065853
"afterpart" ===> 0.3008116238065853
"groove" ===> 0.3008116238065853
"billy" ===> 0.3008116238065853
"halliwell" ===> 0.3008116238065853
"deadmau5" ===> 0.3008116238065853
"collevetion" ===> 0.3008116238065853
------------------------------------
Total execution time 2.810389757156372 sec
