Total execution time till reading dataframe 0.17290091514587402
----------------sv1-----------------
"eddie" ===> 0.3051587953579362
"collevetion" ===> 0.3051587953579362
"groove" ===> 0.3051587953579362
"deadmau5" ===> 0.3051587953579362
"halliwell" ===> 0.3051587953579362
"afterpart" ===> 0.3051587953579362
"loveevolution" ===> 0.3051587953579362
"billy" ===> 0.3051587953579362
"fischerspooner" ===> 0.3051587953579362
"armada" ===> 0.3051587953579362
------------------------------------
----------------sv2-----------------
"etiquette" ===> 0.37356884584418804
"tokina" ===> 0.36189481941155716
"michelle" ===> 0.1984584493547249
"liisa" ===> 0.1984584493547249
"halle" ===> 0.18678442292209402
"box" ===> 0.18678442292209402
"ultimate" ===> 0.18678442292209402
"sb" ===> 0.18678442292209402
"northerncalifornia" ===> 0.17511039648946314
"partydressbirthdaycelebration" ===> 0.17511039648946314
------------------------------------
----------------sv3-----------------
"b.c.e" ===> 0.5015340600244179
"column.html" ===> 0.22797002728382634
"clerestory" ===> 0.18237602182706106
"constitutio" ===> 0.17097752046286974
"hispania" ===> 0.17097752046286974
"smarthistory.orggothic.html" ===> 0.17097752046286974
"expressionism" ===> 0.17097752046286974
"townhouse" ===> 0.17097752046286974
"gaudí1904" ===> 0.17097752046286974
"http:smarthistory.orggothic.html" ===> 0.17097752046286974
------------------------------------
----------------sv4-----------------
"175days.no" ===> 0.686107406365969
"travelblog" ===> 0.3430537031829845
"http:www" ===> 0.3430537031829845
"cambodian" ===> 0.17152685159149225
"spotlight" ===> 0.17152685159149225
"qila" ===> 0.17152685159149225
"popularity" ===> 0.17152685159149225
"lal" ===> 0.17152685159149225
"redfortofagra" ===> 0.14865660471262662
"lalqila" ===> 0.14865660471262662
------------------------------------
----------------sv5-----------------
"ceramica" ===> 0.428174444550356
"ceramico" ===> 0.24789046789757457
"tesela" ===> 0.24789046789757457
"tecnica" ===> 0.24789046789757457
"amb" ===> 0.22535497081597686
"caracteristica" ===> 0.18028397665278148
"trencadi" ===> 0.1615684464512906
"tratada" ===> 0.1577484795711838
"imagene" ===> 0.1577484795711838
"mosaico" ===> 0.12400994350360545
------------------------------------
----------------sv6-----------------
"download" ===> 0.014645997420470167
"gard" ===> 0.010219003443897213
"button" ===> 0.007322998710235083
"dalbera" ===> 0.006446425807203732
"villaflor" ===> 0.005109501721948607
"organization" ===> 0.005109501721948607
"maría" ===> 0.005109501721948607
"caipirinha" ===> 0.004637899183148886
"internacional" ===> 0.004149699269133214
"objid24" ===> 0.004114739876938552
------------------------------------
----------------sv7-----------------
"holocaust" ===> 0.2502586096055324
"stelae" ===> 0.18769395720414933
"66111" ===> 0.15641163100345779
"encyclopedia" ===> 0.15641163100345779
"wolfgangstaudt" ===> 0.15641163100345779
"hauptstadt" ===> 0.15641163100345779
"jewish" ===> 0.1251293048027662
"eisenman" ===> 0.1251293048027662
"jew" ===> 0.1251293048027662
"dorotheenstadt" ===> 0.1251293048027662
------------------------------------
----------------sv8-----------------
"tula" ===> 0.00810880298730397
"puuc" ===> 0.006653376810095565
"parlamento" ===> 0.005699449102963445
"950" ===> 0.004782114582256187
"http:archaeology.about.comodttermsgtula.htm" ===> 0.004782114582256187
"goodyear" ===> 0.004528955761517791
"palácio" ===> 0.0044781385808998495
"mitla" ===> 0.003928003871791584
"berlim" ===> 0.003527141376783536
"tablud" ===> 0.0033266884050477826
------------------------------------
----------------sv9-----------------
"download" ===> 0.011917367660970334
"gard" ===> 0.009688147719242542
"pinakothek" ===> 0.008701254887664479
"skelett" ===> 0.006402810200356881
"exemplar" ===> 0.006074460959312938
"button" ===> 0.005958683830485167
"münchen" ===> 0.005910286338790967
"jardim" ===> 0.00587679794022442
"frieden" ===> 0.005699836169803696
"brandhorst" ===> 0.005581937097747024
------------------------------------
----------------sv10-----------------
"gard" ===> 0.031438554220478976
"maría" ===> 0.015719277110239488
"villaflor" ===> 0.015719277110239488
"organization" ===> 0.015719277110239488
"disappeared" ===> 0.007859910382791702
"antokoletz" ===> 0.007859638555119744
"secrecy" ===> 0.007859638555119744
"kidnapped" ===> 0.007859638555119744
"kety" ===> 0.007859638555119744
"mirta" ===> 0.007859638555119744
------------------------------------
----------------sv11-----------------
"mitla" ===> 0.001993520427752867
"黎" ===> 0.001941070063415075
"morro" ===> 0.001695185846715175
"ambrareview" ===> 0.0016138833253226288
"walnut" ===> 0.001463436051104027
"anger" ===> 0.0014016940507637343
"earthquake" ===> 0.0013732251607845897
"國" ===> 0.0013234568614193694
"洲" ===> 0.0013234568614193694
"法" ===> 0.0013234568614193694
------------------------------------
----------------sv12-----------------
"mètre" ===> 0.024752456665909993
"longueur" ===> 0.012376228332954996
"l'esplanade" ===> 0.007514138630722676
"russe" ===> 0.006188114166477498
"22,50" ===> 0.006188114166477498
"amédéealby" ===> 0.006188114166477498
"constitué" ===> 0.006188114166477498
"viaduc" ===> 0.006188114166477498
"fil" ===> 0.006188114166477498
"expositionuniversellede1900" ===> 0.006188114166477498
------------------------------------
----------------sv13-----------------
"normandy" ===> 0.2800797265095563
"utah" ===> 0.1400556674581584
"azeville" ===> 0.14003986325477816
"normandie" ===> 0.14003986325477816
"paratrooper" ===> 0.14003986325477816
"reenactment" ===> 0.14003986325477816
"fortdelahougue" ===> 0.14003986325477816
"ranville" ===> 0.14003986325477816
"angovilleauplain" ===> 0.14003986325477816
"caen" ===> 0.14003986325477816
------------------------------------
----------------sv14-----------------
"tula" ===> 0.0040160293238789835
"mètre" ===> 0.00390667637541578
"puuc" ===> 0.00329520354779814
"http:archaeology.about.comodttermsgtula.htm" ===> 0.0023684275499799134
"950" ===> 0.0023684275499799134
"longueur" ===> 0.00195333818770789
"toltec" ===> 0.0017972434496665534
"chichén" ===> 0.0016777881887233542
"tablero" ===> 0.00164760177389907
"priest'" ===> 0.00164760177389907
------------------------------------
----------------sv15-----------------
"mètre" ===> 0.5029115346619573
"longueur" ===> 0.25145576733097863
"l'esplanade" ===> 0.1526695730223799
"relie" ===> 0.12572788366548932
"métallique" ===> 0.12572788366548932
"universelle" ===> 0.12572788366548932
"encadrée" ===> 0.12572788366548932
"possède" ===> 0.12572788366548932
"posée" ===> 0.12572788366548932
"décoration" ===> 0.12572788366548932
------------------------------------
----------------sv16-----------------
"dalbera" ===> 0.007518547617796363
"objid24" ===> 0.0047990729475295936
"égyptien" ===> 0.0030394128667687423
"tula" ===> 0.0030288634945504485
"museum.de" ===> 0.002627367840929975
"puuc" ===> 0.0024852213288619066
"p2" ===> 0.0024087507718908254
"http:www.smb.museumsmbstandorteindex.php" ===> 0.0023995364737647968
"musicienne" ===> 0.0023995364737647968
"collectionneuesmuseum" ===> 0.0023995364737647968
------------------------------------
----------------sv17-----------------
"tula" ===> 0.3434069236380849
"puuc" ===> 0.2817697834979158
"950" ===> 0.20252203188912699
"http:archaeology.about.comodttermsgtula.htm" ===> 0.20252203188912699
"toltec" ===> 0.15897084917965226
"chichén" ===> 0.14743485470108358
"tablud" ===> 0.1408848917489579
"priest'" ===> 0.1408848917489579
"tablero" ===> 0.1408848917489579
"stacked" ===> 0.1408848917489579
------------------------------------
----------------sv18-----------------
"morro" ===> 0.008461670601902754
"cerro" ===> 0.006542486324084101
"baird" ===> 0.005995474251392339
"http:santalucia.sierraclub.orgninesis.html" ===> 0.005450431137629399
"tiki" ===> 0.00417866387218254
"estuary" ===> 0.00417866387218254
"hike" ===> 0.004175582111971095
"oso" ===> 0.0038153017963405795
"fitness" ===> 0.0038153017963405795
"mikebaird" ===> 0.0029068966067356795
------------------------------------
----------------sv19-----------------
"walnut" ===> 0.0028806038328201113
"jardim" ===> 0.0022693699001051773
"botânico" ===> 0.001945174200090152
"guacharaca" ===> 0.0014040675229256504
"venezuela" ===> 0.001257373901127448
"botanical" ===> 0.0011347031282054913
"su" ===> 0.0011109328461599867
"ancestral" ===> 0.0010802264373075418
"anasazi" ===> 0.0010802264373075418
"caraca" ===> 0.001026855352587416
------------------------------------
----------------sv20-----------------
"哥" ===> 0.5932316584588959
"吴" ===> 0.38194367051463163
"窟" ===> 0.3331849040659553
"粒" ===> 0.21941444901904372
"暹" ===> 0.21941444901904372
"寨" ===> 0.21128798794426432
"柬" ===> 0.21128798794426432
"吳" ===> 0.21128798794426432
"佛" ===> 0.21128798794426432
"埔" ===> 0.21128798794426432
------------------------------------
----------------sv21-----------------
"frieden" ===> 0.006795385448070058
"étex" ===> 0.005096539086052543
"triumphbogen" ===> 0.005096539086052543
"bogen" ===> 0.005096539086052543
"cortot" ===> 0.004253781076016637
"jardim" ===> 0.004157477571317015
"bildhauern" ===> 0.003659053702806954
"botânico" ===> 0.0035635522039860136
"gegeben" ===> 0.003397692724035029
"28pari" ===> 0.003397692724035029
------------------------------------
----------------sv22-----------------
"jardim" ===> 0.001003666455959345
"botânico" ===> 0.0008602855336794386
"botanical" ===> 0.000501840457961608
"botanische" ===> 0.0004301427668397193
"provence" ===> 0.0004280135653020381
"garten" ===> 0.00035659453270654143
"aix" ===> 0.00033961945942444325
"brazilian" ===> 0.0002867618445598129
"tropical" ===> 0.0002867618445598129
"hlpt" ===> 0.0002867618445598129
------------------------------------
----------------sv23-----------------
"provence" ===> 0.007444076709776449
"frieden" ===> 0.007115705354993176
"walnut" ===> 0.0059815492652525075
"aix" ===> 0.005906713041453052
"bogen" ===> 0.005336779016244882
"triumphbogen" ===> 0.005336779016244882
"étex" ===> 0.005336779016244882
"cortot" ===> 0.004455149764876347
"bildhauern" ===> 0.003831533652688633
"auszug" ===> 0.003557852677496588
------------------------------------
----------------sv24-----------------
"ambrareview" ===> 0.048961684738284654
"pinterest" ===> 0.024480842369142327
"pinterest.compauldambraboard" ===> 0.024480842369142327
"http:pinterest.compauldambraboard" ===> 0.024480842369142327
"www.facebook.compdambra" ===> 0.024480842369142327
"http:triptease.comprofilepaul" ===> 0.024480842369142327
"http:www.flickr.comphotosbehindthesteeringwheelset" ===> 0.024480842369142327
"https:www.facebook.compdambra" ===> 0.024480842369142327
"http:instagram.compauldambraau" ===> 0.024480842369142327
"triptease" ===> 0.024480842369142327
------------------------------------
----------------sv25-----------------
"ambrareview" ===> 0.4288585258793473
"https:www.facebook.compdambra" ===> 0.21442926293967365
"pinterest" ===> 0.21442926293967365
"http:triptease.comprofilepaul" ===> 0.21442926293967365
"http:pinterest.compauldambraboard" ===> 0.21442926293967365
"http:instagram.compauldambraau" ===> 0.21442926293967365
"www.flickr.comphotosbehindthesteeringwheelset" ===> 0.21442926293967365
"http:www.flickr.comphotosbehindthesteeringwheelset" ===> 0.21442926293967365
"instagram.compauldambraau" ===> 0.21442926293967365
"pinterest.compauldambraboard" ===> 0.21442926293967365
------------------------------------
----------------sv26-----------------
"earthquake" ===> 0.10253410486688962
"metope" ===> 0.086584355220929
"cella" ===> 0.0751916769023857
"treasury" ===> 0.06835606991125974
"taylor'" ===> 0.06835606991125974
"italianate" ===> 0.06835606991125974
"sarmiento" ===> 0.06835606991125974
"usnationalregisterofhistoricplace" ===> 0.052406320265299136
"nrhp" ===> 0.052406320265299136
"supervisor" ===> 0.051269974688766755
------------------------------------
----------------sv27-----------------
"walnut" ===> 0.2505079176282536
"earthquake" ===> 0.11371925478577063
"metope" ===> 0.09602959293020631
"canyon" ===> 0.09542179330958622
"anasazi" ===> 0.09394046911059509
"ancestral" ===> 0.09394046911059509
"sharealike_3.0_unported_license" ===> 0.08559020518965331
"http:en.wikipedia.orgwikiwikipedia:text_of_creative_commons_attribution" ===> 0.08559020518965331
"en.wikipedia.orgwikiwikipedia:text_of_creative_commons_" ===> 0.08559020518965331
"cella" ===> 0.0833941201762318
------------------------------------
----------------sv28-----------------
"frieden" ===> 0.16364980769169066
"walnut" ===> 0.12400463108749359
"étex" ===> 0.12273735576876799
"bogen" ===> 0.12273735576876799
"triumphbogen" ===> 0.12273735576876799
"earthquake" ===> 0.11796042695508735
"cortot" ===> 0.10359180121791874
"metope" ===> 0.09961102720651821
"bildhauern" ===> 0.08811912721860266
"cella" ===> 0.08650431310039738
------------------------------------
----------------sv29-----------------
"belgian" ===> 0.0004319544014236276
"belgium" ===> 0.00023132739722344373
"martelaarsplaat" ===> 0.00017832979875287379
"martyr" ===> 0.00016438497573724768
"jenneval" ===> 0.0001486081656273948
"dutch" ===> 0.00014119520181359128
"brussel" ===> 0.00010920539294489714
"flemish" ===> 0.00010402571593917637
"mérode" ===> 8.916489937643689e-05
"brabançonne" ===> 8.916489937643689e-05
------------------------------------
----------------sv30-----------------
"belgian" ===> 0.5859127321968717
"belgium" ===> 0.3144821192086723
"martelaarsplaat" ===> 0.24189057751246998
"martyr" ===> 0.23182431630153857
"jenneval" ===> 0.20157548126039165
"dutch" ===> 0.19151646409172374
"brussel" ===> 0.14873855317832332
"flemish" ===> 0.14110283688227415
"mérode" ===> 0.12094528875623499
"brabançonne" ===> 0.12094528875623499
------------------------------------
Total execution time 2.6984546184539795 sec
