Total execution time till reading dataframe 0.3794279098510742
----------------Topic-1-----------------
"debby" ===> 0.011893557306157833
"naomi" ===> 0.01115021229747612
"cornell" ===> 0.01115021229747612
"max" ===> 0.008920177271430983
"canyon" ===> 0.0076602074817154805
"deirdre" ===> 0.006690142245385845
"kristen" ===> 0.006690142245385845
"brian" ===> 0.005760960984533704
"freely" ===> 0.005575124732363277
"alhikesaz" ===> 0.005575124732363277
------------------------------------
----------------Topic-2-----------------
"tula" ===> 0.018293753491928518
"puuc" ===> 0.015010267694622879
"http:archaeology.about.comodttermsgtula.htm" ===> 0.010788643098087058
"950" ===> 0.010788643098087058
"toltec" ===> 0.010554108398279513
"chichén" ===> 0.0099630809547645
"itzá" ===> 0.008799788843719071
"tablud" ===> 0.00750515730078142
"priest'" ===> 0.00750515730078142
"tablero" ===> 0.00750515730078142
------------------------------------
----------------Topic-3-----------------
"download" ===> 0.02512471574048674
"button" ===> 0.012562378807471592
"unrestricted" ===> 0.012562378807471592
"davidholtlondon" ===> 0.012562378807471592
"k1000" ===> 0.012562378807471592
"06121987" ===> 0.012562378807471592
"davidholt" ===> 0.012562378807471592
"davehighbury" ===> 0.012562378807471592
"remark" ===> 0.011724889678603917
"id198491" ===> 0.011724889678603917
------------------------------------
----------------Topic-4-----------------
"mètre" ===> 0.02617621318468263
"longueur" ===> 0.013088129963918496
"guanabara" ===> 0.013088129963918496
"agra" ===> 0.010545302366741465
"l'esplanade" ===> 0.007946382984332584
"daoula" ===> 0.007478951440733865
"ancientart" ===> 0.0070115198971351465
"southtyneside" ===> 0.0070115198971351465
"collosseum" ===> 0.0070115198971351465
"mughalarchitecture" ===> 0.0070115198971351465
------------------------------------
----------------Topic-5-----------------
"belgian" ===> 0.04362648822449809
"belgium" ===> 0.02341422079302591
"martelaarsplaat" ===> 0.018010941380652158
"martyr" ===> 0.017260485906711358
"jenneval" ===> 0.015009119484888964
"dutch" ===> 0.014258664010948163
"brussel" ===> 0.011203809928359818
"flemish" ===> 0.01050638664124417
"mérode" ===> 0.009005475693362573
"brabançonne" ===> 0.009005475693362573
------------------------------------
----------------Topic-6-----------------
"guacharaca" ===> 0.010329415052522686
"venezuela" ===> 0.009250223240461966
"su" ===> 0.008171031428401247
"caraca" ===> 0.007554350392937979
"maraca" ===> 0.0073230950046392525
"pero" ===> 0.005318881639383631
"cual" ===> 0.005164711380517814
"otra" ===> 0.004779285733353272
"mucho" ===> 0.004548030345054546
"lo" ===> 0.004478653728564928
------------------------------------
----------------Topic-7-----------------
"parlamento" ===> 0.012144511126326415
"palácio" ===> 0.009542122081135147
"berlim" ===> 0.007518041712653052
"relógio" ===> 0.004915652667461784
"baire" ===> 0.004337343990752613
"http:www.flickr.comgroupsworldpooltagsitaly" ===> 0.004337343990752613
"http:www.flickr.comgroupsworld" ===> 0.004337343990752613
"lufthansa" ===> 0.004337343990752613
"anfiteatroflavio" ===> 0.004337343990752613
"http:instagram.comyouthhotspotsgermany" ===> 0.004337343990752613
------------------------------------
----------------Topic-8-----------------
"dmcg10" ===> 0.021837810745896916
"馬" ===> 0.015043840278218914
"microfourthirdsmicro43" ===> 0.014558556673384772
"microfourthird" ===> 0.014558556673384772
"exif:filenamedscjpg" ===> 0.01407327306855063
"exif:orientationhorizontalnormal" ===> 0.01407327306855063
"panasonic" ===> 0.0109189296371287
"exif:flashflashdidnotfire" ===> 0.01067628783471163
"海" ===> 0.00776458620570677
"羅" ===> 0.0075219444032896985
------------------------------------
----------------Topic-9-----------------
"frieden" ===> 0.011651532811090232
"étex" ===> 0.008738655210005369
"bogen" ===> 0.008738655210005369
"triumphbogen" ===> 0.008738655210005369
"cortot" ===> 0.007282216409462937
"bildhauern" ===> 0.006273912624472022
"auszug" ===> 0.005825777608920505
"zeigen" ===> 0.005825777608920505
"worden" ===> 0.005825777608920505
"gegeben" ===> 0.005825777608920505
------------------------------------
----------------Topic-10-----------------
"黎" ===> 0.0161322581109968
"etiquette" ===> 0.011732561352763033
"tokina" ===> 0.011365919956243552
"洲" ===> 0.010999278559724072
"國" ===> 0.010999278559724072
"法" ===> 0.010999278559724072
"塔" ===> 0.01063263716320459
"1,000" ===> 0.006232940404970823
"liisa" ===> 0.006232940404970823
"michelle" ===> 0.006232940404970823
------------------------------------
----------------Topic-11-----------------
"scrapbook" ===> 0.020463829600823855
"tupper" ===> 0.010405354133428177
"coliseu" ===> 0.009711666170159509
"annotated" ===> 0.006936914317084838
"inputmodeparallel" ===> 0.006243226353816171
"http:www.schillr.combild.php5" ===> 0.006243226353816171
"mercosul" ===> 0.00520269440891317
"vaughn" ===> 0.00520269440891317
"v3" ===> 0.00520269440891317
"unitedkiingdom" ===> 0.00520269440891317
------------------------------------
----------------Topic-12-----------------
"jardim" ===> 0.006610736328542246
"botânico" ===> 0.005666346773592719
"earthquake" ===> 0.004249762441168426
"lincoln" ===> 0.004249762441168426
"metope" ===> 0.0035886897527037565
"botanical" ===> 0.003305372886218898
"cella" ===> 0.0031164949752289926
"botanische" ===> 0.002833178108744134
"italianate" ===> 0.002833178108744134
"hornet" ===> 0.002833178108744134
------------------------------------
----------------Topic-13-----------------
"pinakothek" ===> 0.014056440533531618
"skelett" ===> 0.010343425511495006
"exemplar" ===> 0.009812994794061204
"münchen" ===> 0.009547779435344303
"moderne" ===> 0.009017348717910502
"brandhorst" ===> 0.009017348717910502
"zensursula" ===> 0.007956487283042898
"sperrwache" ===> 0.007956487283042898
"kellinghusen" ===> 0.007956487283042898
"censorship" ===> 0.007956487283042898
------------------------------------
----------------Topic-14-----------------
"dalbera" ===> 0.014427738625310186
"objid24" ===> 0.009209205970480236
"architecte" ===> 0.008288288443157304
"égyptien" ===> 0.00583250837029615
"museum.de" ===> 0.004930009193519676
"l'arc" ===> 0.004705919261871095
"barcelone" ===> 0.004604618333865573
"nationsoldestcity" ===> 0.004604618333865573
"http:www.smb.museumsmbstandorteindex.php" ===> 0.004604618333865573
"beavercreek" ===> 0.004604618333865573
------------------------------------
----------------Topic-15-----------------
"_blank" ===> 0.013520015657730264
"http:en.wikipedia.orgwikiplace_de_l'étoile" ===> 0.012995554097583364
"strong" ===> 0.012995554097583364
"http:en.wikipedia.orgwikichamp" ===> 0.012995554097583364
"http:en.wikipedia.orgwikipari" ===> 0.012995554097583364
"target" ===> 0.008813785374642155
"l'étoile" ===> 0.007537440869859878
"男" ===> 0.00742605080398797
"castro" ===> 0.006961925529521688
"viagen" ===> 0.006961925529521688
------------------------------------
----------------Topic-16-----------------
"nouhailler" ===> 0.016208187875675698
"tuzigoot" ===> 0.013506829232748955
"normandy" ===> 0.010805470589822213
"airme" ===> 0.010085108285041748
"cat" ===> 0.007924021370700354
"sòla" ===> 0.006483296761139423
"zealand" ===> 0.006483296761139423
"battesimo" ===> 0.006483296761139423
"wellington" ===> 0.006483296761139423
"dell’ara" ===> 0.006483296761139423
------------------------------------
----------------Topic-17-----------------
"ambrareview" ===> 0.04434199921199428
"www.flickr.comphotosbehindthesteeringwheelset" ===> 0.022171024240413777
"instagram.compauldambraau" ===> 0.022171024240413777
"pinterest.compauldambraboard" ===> 0.022171024240413777
"pinterest" ===> 0.022171024240413777
"http:instagram.compauldambraau" ===> 0.022171024240413777
"http:pinterest.compauldambraboard" ===> 0.022171024240413777
"http:triptease.comprofilepaul" ===> 0.022171024240413777
"http:www.flickr.comphotosbehindthesteeringwheelset" ===> 0.022171024240413777
"facebook" ===> 0.022171024240413777
------------------------------------
----------------Topic-18-----------------
"哥" ===> 0.046795214868909155
"吴" ===> 0.030128448842675792
"窟" ===> 0.02628227206739117
"lego" ===> 0.023077124754653986
"webster" ===> 0.019230947979369365
"暹" ===> 0.017307859591727055
"粒" ===> 0.017307859591727055
"佛" ===> 0.016666830129179615
"埔" ===> 0.016666830129179615
"吳" ===> 0.016666830129179615
------------------------------------
----------------Topic-19-----------------
"crow" ===> 0.018487431537310053
"mendocino" ===> 0.013025248269884963
"denni" ===> 0.013025248269884963
"iamcanadian" ===> 0.012605080326236879
"dennisgjarvi" ===> 0.012605080326236879
"dennisjarvi" ===> 0.012605080326236879
"archer10" ===> 0.012605080326236879
"l'etoile" ===> 0.012605080326236879
"pcla" ===> 0.011764744438940712
"20130612" ===> 0.011764744438940712
------------------------------------
----------------Topic-20-----------------
"goodyear" ===> 0.019847017156778713
"mostro" ===> 0.017512078540174586
"gard" ===> 0.017122922104073898
"brooklyn" ===> 0.01167473199866426
"brooklynmuseum.org" ===> 0.01167473199866426
"we'd" ===> 0.01167473199866426
"archivist" ===> 0.01167473199866426
"brooklynmuseum" ===> 0.01167473199866426
"email" ===> 0.01167473199866426
"http:www.brooklynmuseum.orgresearchdigital" ===> 0.01167473199866426
------------------------------------
----------------Topic-21-----------------
"175days.no" ===> 0.01711110452651557
"ceramica" ===> 0.010837043323561866
"stockholm" ===> 0.008555566522487791
"http:www" ===> 0.008555566522487791
"dioramasky" ===> 0.008555566522487791
"grotte" ===> 0.008555566522487791
"travelblog" ===> 0.008555566522487791
"tecnica" ===> 0.006274089721413718
"yonder" ===> 0.006274089721413718
"tesela" ===> 0.006274089721413718
------------------------------------
----------------Topic-22-----------------
"mitla" ===> 0.020813848160027806
"anger" ===> 0.014634746642365673
"之" ===> 0.011057372079508649
"特" ===> 0.01073215621015801
"家" ===> 0.010406940340807372
"蔞" ===> 0.010406940340807372
"40d" ===> 0.009756508602106093
"隆" ===> 0.0073173895819763045
"zapotec" ===> 0.006829565777950347
"oaxaca" ===> 0.005691310235223111
------------------------------------
----------------Topic-23-----------------
"belfast" ===> 0.017228819992818598
"b.c.e" ===> 0.016479742491125403
"berlín" ===> 0.009738044975886637
"recoleta" ===> 0.008239889972500244
"column.html" ===> 0.0074908124708070465
"clerestory" ===> 0.0059926574674206545
"mercadodesantelmo" ===> 0.005618118716574056
"unaltravoltaicecream" ===> 0.005618118716574056
"jenelle" ===> 0.005618118716574056
"highclassical" ===> 0.005618118716574056
------------------------------------
----------------Topic-24-----------------
"randy" ===> 0.020335161580801342
"halliwell" ===> 0.011749223548769736
"groove" ===> 0.011749223548769736
"loveevolution" ===> 0.011749223548769736
"deadmau5" ===> 0.011749223548769736
"collevetion" ===> 0.011749223548769736
"billy" ===> 0.011749223548769736
"fischerspooner" ===> 0.011749223548769736
"eddie" ===> 0.011749223548769736
"armada" ===> 0.011749223548769736
------------------------------------
----------------Topic-25-----------------
"chevreuse" ===> 0.012693817591431322
"chateau" ===> 0.008462554463761165
"craigslist" ===> 0.008462554463761165
"marienkirche" ===> 0.006770049212693103
"holocaust" ===> 0.006770049212693103
"château" ===> 0.005641712378647727
"yveline" ===> 0.005641712378647727
"stelae" ===> 0.0050775439616250395
"racchi" ===> 0.004795459753113696
"cuzco" ===> 0.004795459753113696
------------------------------------
----------------Topic-26-----------------
"vondran" ===> 0.009747949095209756
"u2" ===> 0.009423018541804608
"angkor" ===> 0.006963294252527645
"ακρόπολη" ===> 0.0059560095369716876
"50view" ===> 0.005848782454347989
"cambodia" ===> 0.005380882457444577
"wat" ===> 0.005322394957831651
"athína" ===> 0.004873990794132548
"stleu" ===> 0.004873990794132548
"ddr" ===> 0.004873990794132548
------------------------------------
----------------Topic-27-----------------
"digiensemble" ===> 0.04236095472879508
"riviera" ===> 0.025416595429756113
"motion" ===> 0.01694441578023663
"thumbjam" ===> 0.01694441578023663
"aria" ===> 0.01694441578023663
"key.comblogsjon" ===> 0.01412035589706347
"device" ===> 0.01270832595547689
"midi" ===> 0.01270832595547689
"himoff" ===> 0.011296296013890308
"ancientworld" ===> 0.00960186008398641
------------------------------------
----------------Topic-28-----------------
"immigration" ===> 0.018213226652707526
"www.eutouring.com" ===> 0.016070500407466184
"http:www.eutouring.com" ===> 0.016070500407466184
"mayanpyramid" ===> 0.008035276987811157
"devata" ===> 0.008035276987811157
"pisnulok" ===> 0.008035276987811157
"akbar" ===> 0.008035276987811157
"antico" ===> 0.008035276987811157
"adorning" ===> 0.008035276987811157
"defendable" ===> 0.008035276987811157
------------------------------------
----------------Topic-29-----------------
"walnut" ===> 0.028979506603542596
"canyon" ===> 0.010966343301526663
"anasazi" ===> 0.010867330069808919
"ancestral" ===> 0.010867330069808919
"http:en.wikipedia.orgwikiwikipedia:text_of_creative_commons_attribution" ===> 0.009901347321343122
"en.wikipedia.orgwikiwikipedia:text_of_creative_commons_" ===> 0.009901347321343122
"sharealike_3.0_unported_license" ===> 0.009901347321343122
"coconino" ===> 0.008452373198644428
"a.m" ===> 0.007244894763062183
"mst" ===> 0.007244894763062183
------------------------------------
----------------Topic-30-----------------
"provence" ===> 0.021366747111607947
"aix" ===> 0.01695405413496389
"marin" ===> 0.010451138169383173
"dominican" ===> 0.008360915180446514
"emmanuel" ===> 0.007664174184134294
"jule" ===> 0.006967433187822074
"l'eglise" ===> 0.005573951195197635
"jarente" ===> 0.005573951195197635
"fame" ===> 0.004319817401835639
"nuernberg" ===> 0.004180469202573195
------------------------------------
