Total execution time till reading dataframe 0.16690492630004883
----------------sv1-----------------
"etiquette" ===> 0.029987092898174025
"tokina" ===> 0.029049996245106086
"liisa" ===> 0.015930643102154952
"michelle" ===> 0.015930643102154952
"sb" ===> 0.014993546449087012
"box" ===> 0.014993546449087012
"halle" ===> 0.014993546449087012
"ultimate" ===> 0.014993546449087012
"atx165prodx" ===> 0.014056449796019074
"eventphotography" ===> 0.014056449796019074
------------------------------------
----------------sv2-----------------
"etiquette" ===> 0.37356884584418854
"tokina" ===> 0.36189481941155766
"michelle" ===> 0.19845844935472517
"liisa" ===> 0.19845844935472517
"halle" ===> 0.18678442292209427
"box" ===> 0.18678442292209427
"ultimate" ===> 0.18678442292209427
"sb" ===> 0.18678442292209427
"northerncalifornia" ===> 0.1751103964894634
"partydressbirthdaycelebration" ===> 0.1751103964894634
------------------------------------
----------------sv3-----------------
"b.c.e" ===> 0.5015340600244175
"column.html" ===> 0.22797002728382612
"clerestory" ===> 0.18237602182706092
"constitutio" ===> 0.1709775204628696
"hispania" ===> 0.1709775204628696
"smarthistory.orggothic.html" ===> 0.1709775204628696
"expressionism" ===> 0.1709775204628696
"townhouse" ===> 0.1709775204628696
"gaudí1904" ===> 0.1709775204628696
"http:smarthistory.orggothic.html" ===> 0.1709775204628696
------------------------------------
----------------sv4-----------------
"175days.no" ===> 0.6861074063659728
"travelblog" ===> 0.3430537031829864
"http:www" ===> 0.3430537031829864
"cambodian" ===> 0.1715268515914932
"spotlight" ===> 0.1715268515914932
"qila" ===> 0.1715268515914932
"popularity" ===> 0.1715268515914932
"lal" ===> 0.1715268515914932
"redfortofagra" ===> 0.14865660471262743
"lalqila" ===> 0.14865660471262743
------------------------------------
----------------sv5-----------------
"guacharaca" ===> 0.005719412634705594
"venezuela" ===> 0.005121862060930382
"parlamento" ===> 0.004993589399934558
"mitla" ===> 0.0047930682113199105
"su" ===> 0.004265473267882531
"caraca" ===> 0.004182854016426479
"maraca" ===> 0.00405480746490322
"palácio" ===> 0.00392353452852001
"anger" ===> 0.003370126086084312
"berlim" ===> 0.003091250159939351
------------------------------------
----------------sv6-----------------
"scrapbook" ===> 0.6502607186598541
"tupper" ===> 0.33064104338636646
"annotated" ===> 0.22042736225757767
"albumen" ===> 0.16963005910646325
"transcription" ===> 0.16532052169318323
"4098b" ===> 0.16532052169318323
"vaughn" ===> 0.16532052169318323
"v3" ===> 0.16532052169318323
"williamvaughntupper" ===> 0.16532052169318323
"bpldc" ===> 0.16532052169318323
------------------------------------
----------------sv7-----------------
"parlamento" ===> 0.07165125747548738
"palácio" ===> 0.056297416587882954
"berlim" ===> 0.04433700064124428
"relógio" ===> 0.029001699454363945
"câmara" ===> 0.025589734812674066
"wikipédia" ===> 0.02388375249182913
"edifício" ===> 0.02217777017098419
"alemanha" ===> 0.019132097877343938
"grãbretanha" ===> 0.017059823208449378
"evangelical" ===> 0.015810231677247603
------------------------------------
----------------sv8-----------------
"tula" ===> 0.008108802987303794
"puuc" ===> 0.006653376810095421
"parlamento" ===> 0.005699449102969333
"950" ===> 0.004782114582256084
"http:archaeology.about.comodttermsgtula.htm" ===> 0.004782114582256084
"goodyear" ===> 0.0045289557615178075
"palácio" ===> 0.004478138580904476
"mitla" ===> 0.003928003871792072
"berlim" ===> 0.003527141376787181
"tablud" ===> 0.0033266884050477106
------------------------------------
----------------sv9-----------------
"download" ===> 0.011917367660926841
"gard" ===> 0.009688147719253078
"pinakothek" ===> 0.00870125488766443
"skelett" ===> 0.006402810200356845
"exemplar" ===> 0.006074460959312904
"button" ===> 0.0059586838304634205
"münchen" ===> 0.0059102863387909335
"jardim" ===> 0.005876797940224715
"frieden" ===> 0.005699836169803504
"brandhorst" ===> 0.005581937097746992
------------------------------------
----------------sv10-----------------
"gard" ===> 0.031438554220535014
"maría" ===> 0.015719277110267507
"villaflor" ===> 0.015719277110267507
"organization" ===> 0.015719277110267507
"disappeared" ===> 0.007859910382805714
"antokoletz" ===> 0.007859638555133754
"secrecy" ===> 0.007859638555133754
"kidnapped" ===> 0.007859638555133754
"kety" ===> 0.007859638555133754
"mirta" ===> 0.007859638555133754
------------------------------------
----------------sv11-----------------
"gard" ===> 0.43461939835308117
"villaflor" ===> 0.21730969917654058
"maría" ===> 0.21730969917654058
"organization" ===> 0.21730969917654058
"mother" ===> 0.10868415735369084
"disappeared" ===> 0.10865893216685166
"abducted" ===> 0.1086582480178284
"baravalle" ===> 0.10865484958827029
"civilian" ===> 0.10865484958827029
"raquel" ===> 0.10865484958827029
------------------------------------
----------------sv12-----------------
"mètre" ===> 0.024752456665911138
"longueur" ===> 0.012376228332955569
"l'esplanade" ===> 0.007514138630723025
"russe" ===> 0.0061881141664777845
"22,50" ===> 0.0061881141664777845
"amédéealby" ===> 0.0061881141664777845
"constitué" ===> 0.0061881141664777845
"viaduc" ===> 0.0061881141664777845
"fil" ===> 0.0061881141664777845
"expositionuniversellede1900" ===> 0.0061881141664777845
------------------------------------
----------------sv13-----------------
"dalbera" ===> 0.0021408923637613302
"walnut" ===> 0.001981404108002873
"provence" ===> 0.0017128843646578564
"objid24" ===> 0.0013665270406987213
"aix" ===> 0.001359136506739386
"égyptien" ===> 0.0008654671257758568
"museum.de" ===> 0.0007507891954895735
"ancestral" ===> 0.0007430265405010774
"anasazi" ===> 0.0007430265405010774
"p2" ===> 0.0006833276481528508
------------------------------------
----------------sv14-----------------
"tula" ===> 0.004016029323877664
"mètre" ===> 0.0039066763754093264
"puuc" ===> 0.0032952035477970577
"http:archaeology.about.comodttermsgtula.htm" ===> 0.002368427549979135
"950" ===> 0.002368427549979135
"longueur" ===> 0.0019533381877046632
"toltec" ===> 0.0017972434496659419
"chichén" ===> 0.0016777881887227828
"tablero" ===> 0.0016476017738985289
"priest'" ===> 0.0016476017738985289
------------------------------------
----------------sv15-----------------
"dalbera" ===> 0.06795642016131855
"objid24" ===> 0.04337643840084163
"goodyear" ===> 0.029133437774943233
"égyptien" ===> 0.027471744320533027
"museum.de" ===> 0.02383834011719065
"p2" ===> 0.021782489592357734
"www.smb.museumsmbstandorteindex.php" ===> 0.021688219200420814
"collectionneuesmuseum" ===> 0.021688219200420814
"http:www.smb.museumsmbstandorteindex.php" ===> 0.021688219200420814
"musicienne" ===> 0.021688219200420814
------------------------------------
----------------sv16-----------------
"goodyear" ===> 0.45409439526760187
"brooklyn" ===> 0.26711435015741286
"we'd" ===> 0.26711435015741286
"brooklynmuseum" ===> 0.26711435015741286
"brooklynmuseum.org" ===> 0.26711435015741286
"collectionsgoodyear" ===> 0.26711435015741286
"email" ===> 0.26711435015741286
"http:www.brooklynmuseum.orgresearchdigital" ===> 0.26711435015741286
"archivist" ===> 0.26711435015741286
"archival" ===> 0.26711435015741286
------------------------------------
----------------sv17-----------------
"tula" ===> 0.34340692363808484
"puuc" ===> 0.2817697834979157
"950" ===> 0.20252203188912693
"http:archaeology.about.comodttermsgtula.htm" ===> 0.20252203188912693
"toltec" ===> 0.15897084917965223
"chichén" ===> 0.14743485470108353
"tablud" ===> 0.14088489174895785
"priest'" ===> 0.14088489174895785
"tablero" ===> 0.14088489174895785
"stacked" ===> 0.14088489174895785
------------------------------------
----------------sv18-----------------
"dalbera" ===> 0.3856758254839362
"objid24" ===> 0.24617605881953375
"égyptien" ===> 0.15591150391903805
"museum.de" ===> 0.1345751840599899
"p2" ===> 0.12359326917429919
"musicienne" ===> 0.12308802940976687
"n2" ===> 0.12308802940976687
"www.smb.museumsmbstandorteindex.php" ===> 0.12308802940976687
"http:www.smb.museumsmbstandorteindex.php" ===> 0.12308802940976687
"collectionneuesmuseum" ===> 0.12308802940976687
------------------------------------
----------------sv19-----------------
"walnut" ===> 0.0028806038328213846
"jardim" ===> 0.0022693699001061847
"botânico" ===> 0.0019451742000910154
"guacharaca" ===> 0.0014040675229257122
"venezuela" ===> 0.0012573739011275036
"botanical" ===> 0.001134703128205995
"su" ===> 0.001110932846160037
"ancestral" ===> 0.0010802264373080193
"anasazi" ===> 0.0010802264373080193
"caraca" ===> 0.0010268553525874613
------------------------------------
----------------sv20-----------------
"jardim" ===> 0.0001042047686784403
"pinakothek" ===> 9.60252831954936e-05
"botânico" ===> 8.931837315294882e-05
"skelett" ===> 7.066011404951415e-05
"exemplar" ===> 6.703651845723138e-05
"münchen" ===> 6.522472066108999e-05
"moderne" ===> 6.160112506880722e-05
"brandhorst" ===> 6.160112506880722e-05
"botanical" ===> 5.21029901821407e-05
"archaeopteryx" ===> 4.7106742699676105e-05
------------------------------------
----------------sv21-----------------
"pinakothek" ===> 0.408891773545725
"skelett" ===> 0.3008826258166655
"exemplar" ===> 0.28545274756965705
"münchen" ===> 0.27773780844615276
"moderne" ===> 0.2623079301991443
"brandhorst" ===> 0.2623079301991443
"archaeopteryx" ===> 0.20058841721111034
"bayern" ===> 0.12343902597606791
"solnhofen" ===> 0.11572408685256368
"fund" ===> 0.11566410031380801
------------------------------------
----------------sv22-----------------
"digiensemble" ===> 0.5515002233938692
"aria" ===> 0.2206000893575477
"thumbjam" ===> 0.2206000893575477
"motion" ===> 0.2206000893575477
"midi" ===> 0.16562229363997844
"device" ===> 0.16545239522671143
"bach" ===> 0.11030882487050904
"ipodtouch" ===> 0.11030004467877386
"herr" ===> 0.11030004467877386
"singer" ===> 0.11030004467877386
------------------------------------
----------------sv23-----------------
"jardim" ===> 0.3579416913483488
"botânico" ===> 0.30680716401287045
"botanical" ===> 0.1789720559887088
"botanische" ===> 0.15340358200643522
"garten" ===> 0.12785566819763736
"hlpt" ===> 0.1022690546709568
"institute" ===> 0.1022690546709568
"área" ===> 0.1022690546709568
"botany" ===> 0.1022690546709568
"2f" ===> 0.1022690546709568
------------------------------------
----------------sv24-----------------
"provence" ===> 0.44024833210988057
"aix" ===> 0.3493274809132748
"dominican" ===> 0.17227108647777936
"emmanuel" ===> 0.15791516260463107
"jule" ===> 0.1435592387314828
"jarente" ===> 0.11484739098518623
"l'eglise" ===> 0.11484739098518623
"fame" ===> 0.08894478074064507
"classified" ===> 0.07656492732345749
"socle" ===> 0.07262494612115347
------------------------------------
----------------sv25-----------------
"ambrareview" ===> 0.42885852587935136
"https:www.facebook.compdambra" ===> 0.21442926293967568
"pinterest" ===> 0.21442926293967568
"http:triptease.comprofilepaul" ===> 0.21442926293967568
"http:pinterest.compauldambraboard" ===> 0.21442926293967568
"http:instagram.compauldambraau" ===> 0.21442926293967568
"www.flickr.comphotosbehindthesteeringwheelset" ===> 0.21442926293967568
"http:www.flickr.comphotosbehindthesteeringwheelset" ===> 0.21442926293967568
"instagram.compauldambraau" ===> 0.21442926293967568
"pinterest.compauldambraboard" ===> 0.21442926293967568
------------------------------------
----------------sv26-----------------
"walnut" ===> 0.44118119801990974
"canyon" ===> 0.1680210481844434
"ancestral" ===> 0.16544294925746617
"anasazi" ===> 0.16544294925746617
"http:en.wikipedia.orgwikiwikipedia:text_of_creative_commons_attribution" ===> 0.15073690932346917
"sharealike_3.0_unported_license" ===> 0.15073690932346917
"en.wikipedia.orgwikiwikipedia:text_of_creative_commons_" ===> 0.15073690932346917
"coconino" ===> 0.12867784942247368
"00" ===> 0.11029595382501729
"neighboring" ===> 0.11029529950497743
------------------------------------
----------------sv27-----------------
"walnut" ===> 0.250507917628265
"earthquake" ===> 0.11371925478577187
"metope" ===> 0.09602959293020735
"canyon" ===> 0.09542179330959057
"anasazi" ===> 0.09394046911059939
"ancestral" ===> 0.09394046911059939
"sharealike_3.0_unported_license" ===> 0.08559020518965722
"http:en.wikipedia.orgwikiwikipedia:text_of_creative_commons_attribution" ===> 0.08559020518965722
"en.wikipedia.orgwikiwikipedia:text_of_creative_commons_" ===> 0.08559020518965722
"cella" ===> 0.08339412017623271
------------------------------------
----------------sv28-----------------
"belgian" ===> 0.00954221213863343
"belgium" ===> 0.005097835673467293
"martelaarsplaat" ===> 0.003939445378334902
"jenneval" ===> 0.0032828711486124185
"dutch" ===> 0.0030969272365462745
"brussel" ===> 0.0024053029524246246
"flemish" ===> 0.0022980098040286927
"brabançonne" ===> 0.001969722689167451
"mérode" ===> 0.001969722689167451
"sach" ===> 0.0016414355743062093
------------------------------------
----------------sv29-----------------
"belgian" ===> 0.0004319544014226357
"belgium" ===> 0.00023132739722291139
"martelaarsplaat" ===> 0.00017832979875246428
"martyr" ===> 0.00016438497573686002
"jenneval" ===> 0.00014860816562705357
"dutch" ===> 0.0001411952018132669
"brussel" ===> 0.00010920539294464554
"flemish" ===> 0.00010402571593893751
"mérode" ===> 8.916489937623214e-05
"brabançonne" ===> 8.916489937623214e-05
------------------------------------
----------------sv30-----------------
"artistadistradadiroma" ===> 6.4089239158323805e-21
"arapacisfaustodellechiaie" ===> 6.4089239158323805e-21
"cielo" ===> 6.4089239158323805e-21
"faustodellechiaie" ===> 6.4089239158323805e-21
"fausto" ===> 6.4089239158323805e-21
"aperto" ===> 6.4089239158323805e-21
"delle" ===> 6.4089239158323805e-21
"l'artista" ===> 6.4089239158323805e-21
"chiaie" ===> 6.4089239158323805e-21
"vision:text052" ===> 8.545231887776507e-22
------------------------------------
Total execution time 2.936319351196289 sec
