Total execution time till reading dataframe 0.31998586654663086
----------------Topic-1-----------------
"walnut" ===> 0.003942916383624376
"哥" ===> 0.0023986087536278533
"canyon" ===> 0.002123590565051877
"mitla" ===> 0.0021028902712880936
"download" ===> 0.001971459834692645
"175days.no" ===> 0.001971459834692645
"mètre" ===> 0.0018400293980971965
"frieden" ===> 0.0017085989615017478
"goodyear" ===> 0.0016757413523528855
"吴" ===> 0.0015443109157574368
----------------Topic-2-----------------
"belgian" ===> 0.010323474956073563
"belgium" ===> 0.005670808984509668
"martelaarsplaat" ===> 0.004261986463858005
"martyr" ===> 0.004131759172033062
"jenneval" ===> 0.003551655781176495
"dutch" ===> 0.0033743098874003444
"brussel" ===> 0.0028093602177743163
"flemish" ===> 0.002486159757154229
"mérode" ===> 0.0021309944158134737
"ambrareview" ===> 0.0021309944158134737
----------------Topic-3-----------------
"guacharaca" ===> 0.0036771431534388336
"venezuela" ===> 0.0032929643047055587
"su" ===> 0.0029636681486484664
"caraca" ===> 0.002689254685267556
"maraca" ===> 0.002606930646253283
"provence" ===> 0.0025246066072390095
"aix" ===> 0.00200322102681528
"pero" ===> 0.0018934556414629158
"cual" ===> 0.0018385729487867335
"otra" ===> 0.0017013662170962784
Total execution time 77.7533802986145 sec
