Total execution time till reading dataframe 0.18389248847961426
----------------sv1-----------------
"etiquette" ===> 0.029987092898178906
"tokina" ===> 0.029049996245110815
"liisa" ===> 0.015930643102157544
"michelle" ===> 0.015930643102157544
"sb" ===> 0.014993546449089453
"box" ===> 0.014993546449089453
"halle" ===> 0.014993546449089453
"ultimate" ===> 0.014993546449089453
"atx165prodx" ===> 0.014056449796021362
"eventphotography" ===> 0.014056449796021362
------------------------------------
----------------sv2-----------------
"etiquette" ===> 0.3735688458441881
"tokina" ===> 0.3618948194115572
"michelle" ===> 0.1984584493547249
"liisa" ===> 0.1984584493547249
"halle" ===> 0.18678442292209405
"box" ===> 0.18678442292209405
"ultimate" ===> 0.18678442292209405
"sb" ===> 0.18678442292209405
"northerncalifornia" ===> 0.17511039648946317
"partydressbirthdaycelebration" ===> 0.17511039648946317
------------------------------------
----------------sv3-----------------
"ceramica" ===> 0.07605501720741768
"tecnica" ===> 0.04403185206745234
"tesela" ===> 0.04403185206745234
"ceramico" ===> 0.04403185206745234
"amb" ===> 0.04002895642495667
"caracteristica" ===> 0.03202316513996534
"trencadi" ===> 0.028599680197382897
"imagene" ===> 0.02802026949746967
"tratada" ===> 0.02802026949746967
"trosso" ===> 0.02201592603372617
------------------------------------
----------------sv4-----------------
"175days.no" ===> 0.686107406365955
"travelblog" ===> 0.3430537031829775
"http:www" ===> 0.3430537031829775
"cambodian" ===> 0.17152685159148875
"spotlight" ===> 0.17152685159148875
"qila" ===> 0.17152685159148875
"popularity" ===> 0.17152685159148875
"lal" ===> 0.17152685159148875
"redfortofagra" ===> 0.1486566047126236
"lalqila" ===> 0.1486566047126236
------------------------------------
----------------sv5-----------------
"guacharaca" ===> 0.0057194126347057395
"venezuela" ===> 0.005121862060930513
"parlamento" ===> 0.004993589399935856
"mitla" ===> 0.0047930682113198906
"su" ===> 0.004265473267882648
"caraca" ===> 0.0041828540164265855
"maraca" ===> 0.004054807464903322
"palácio" ===> 0.003923534528521029
"anger" ===> 0.003370126086084298
"berlim" ===> 0.003091250159940154
------------------------------------
----------------sv6-----------------
"scrapbook" ===> 0.6502607186598545
"tupper" ===> 0.3306410433863667
"annotated" ===> 0.22042736225757775
"albumen" ===> 0.1696300591064633
"transcription" ===> 0.16532052169318334
"4098b" ===> 0.16532052169318334
"vaughn" ===> 0.16532052169318334
"v3" ===> 0.16532052169318334
"williamvaughntupper" ===> 0.16532052169318334
"bpldc" ===> 0.16532052169318334
------------------------------------
----------------sv7-----------------
"holocaust" ===> 0.2502586096055326
"stelae" ===> 0.18769395720414947
"66111" ===> 0.1564116310034579
"encyclopedia" ===> 0.1564116310034579
"wolfgangstaudt" ===> 0.1564116310034579
"hauptstadt" ===> 0.1564116310034579
"jewish" ===> 0.1251293048027663
"eisenman" ===> 0.1251293048027663
"jew" ===> 0.1251293048027663
"dorotheenstadt" ===> 0.1251293048027663
------------------------------------
----------------sv8-----------------
"tula" ===> 0.008108802987303777
"puuc" ===> 0.006653376810095407
"parlamento" ===> 0.005699449102964398
"950" ===> 0.004782114582256074
"http:archaeology.about.comodttermsgtula.htm" ===> 0.004782114582256074
"goodyear" ===> 0.00452895576151798
"palácio" ===> 0.004478138580900599
"mitla" ===> 0.003928003871790566
"berlim" ===> 0.0035271413767841266
"tablud" ===> 0.0033266884050477037
------------------------------------
----------------sv9-----------------
"download" ===> 0.011917367660953169
"gard" ===> 0.009688147719246669
"pinakothek" ===> 0.008701254887664317
"skelett" ===> 0.006402810200356761
"exemplar" ===> 0.006074460959312825
"button" ===> 0.005958683830476584
"münchen" ===> 0.005910286338790856
"jardim" ===> 0.00587679794022431
"frieden" ===> 0.005699836169803738
"brandhorst" ===> 0.00558193709774692
------------------------------------
----------------sv10-----------------
"download" ===> 0.5940876488514755
"button" ===> 0.29704382442573773
"caipirinha" ===> 0.1881277554696339
"internacional" ===> 0.16832483384125138
"option" ===> 0.14852572983481147
"reveillon" ===> 0.14852191221286887
"accommodation" ===> 0.14852191221286887
"deluxeroom" ===> 0.14852191221286887
"avenidaatlântida" ===> 0.14852191221286887
"portobay" ===> 0.14852191221286887
------------------------------------
----------------sv11-----------------
"mitla" ===> 0.0019935204277512007
"黎" ===> 0.0019410700634128904
"morro" ===> 0.001695185846714661
"ambrareview" ===> 0.0016138833253225638
"walnut" ===> 0.0014634360511036968
"anger" ===> 0.0014016940507625632
"earthquake" ===> 0.0013732251607845775
"國" ===> 0.0013234568614178797
"洲" ===> 0.0013234568614178797
"法" ===> 0.0013234568614178797
------------------------------------
----------------sv12-----------------
"黎" ===> 0.41028888259382806
"國" ===> 0.2797424199503373
"法" ===> 0.2797424199503373
"洲" ===> 0.2797424199503373
"塔" ===> 0.2704176726186594
"panasonic" ===> 0.152714750755413
"歐" ===> 0.13987772442949442
"em5" ===> 0.13987120997516864
"asph" ===> 0.13987120997516864
"gx" ===> 0.13987120997516864
------------------------------------
----------------sv13-----------------
"normandy" ===> 0.28007972650955626
"utah" ===> 0.1400556674581584
"azeville" ===> 0.14003986325477813
"normandie" ===> 0.14003986325477813
"paratrooper" ===> 0.14003986325477813
"reenactment" ===> 0.14003986325477813
"fortdelahougue" ===> 0.14003986325477813
"ranville" ===> 0.14003986325477813
"angovilleauplain" ===> 0.14003986325477813
"caen" ===> 0.14003986325477813
------------------------------------
----------------sv14-----------------
"tula" ===> 0.0040160293238783625
"mètre" ===> 0.003906676375425086
"puuc" ===> 0.00329520354779763
"http:archaeology.about.comodttermsgtula.htm" ===> 0.002368427549979547
"950" ===> 0.002368427549979547
"longueur" ===> 0.001953338187712543
"toltec" ===> 0.0017972434496662808
"chichén" ===> 0.0016777881887230985
"tablero" ===> 0.001647601773898815
"priest'" ===> 0.001647601773898815
------------------------------------
----------------sv15-----------------
"mètre" ===> 0.5029115346619564
"longueur" ===> 0.2514557673309782
"l'esplanade" ===> 0.15266957302237963
"relie" ===> 0.1257278836654891
"métallique" ===> 0.1257278836654891
"universelle" ===> 0.1257278836654891
"encadrée" ===> 0.1257278836654891
"possède" ===> 0.1257278836654891
"posée" ===> 0.1257278836654891
"décoration" ===> 0.1257278836654891
------------------------------------
----------------sv16-----------------
"goodyear" ===> 0.4540943952676014
"brooklyn" ===> 0.2671143501574126
"we'd" ===> 0.2671143501574126
"brooklynmuseum" ===> 0.2671143501574126
"brooklynmuseum.org" ===> 0.2671143501574126
"collectionsgoodyear" ===> 0.2671143501574126
"email" ===> 0.2671143501574126
"http:www.brooklynmuseum.orgresearchdigital" ===> 0.2671143501574126
"archivist" ===> 0.2671143501574126
"archival" ===> 0.2671143501574126
------------------------------------
----------------sv17-----------------
"walnut" ===> 0.004920183089190072
"ambrareview" ===> 0.003227359578284156
"canyon" ===> 0.0018491394864090039
"ancestral" ===> 0.0018450686584462772
"anasazi" ===> 0.0018450686584462772
"sharealike_3.0_unported_license" ===> 0.0016810625554732747
"en.wikipedia.orgwikiwikipedia:text_of_creative_commons_" ===> 0.0016810625554732747
"http:en.wikipedia.orgwikiwikipedia:text_of_creative_commons_attribution" ===> 0.0016810625554732747
"triptease" ===> 0.001613679789142078
"facebook" ===> 0.001613679789142078
------------------------------------
----------------sv18-----------------
"dalbera" ===> 0.38567582548393653
"objid24" ===> 0.246176058819534
"égyptien" ===> 0.15591150391903819
"museum.de" ===> 0.13457518405999006
"p2" ===> 0.12359326917429933
"musicienne" ===> 0.123088029409767
"n2" ===> 0.123088029409767
"www.smb.museumsmbstandorteindex.php" ===> 0.123088029409767
"http:www.smb.museumsmbstandorteindex.php" ===> 0.123088029409767
"collectionneuesmuseum" ===> 0.123088029409767
------------------------------------
----------------sv19-----------------
"morro" ===> 0.3837523995055812
"cerro" ===> 0.2971365404897044
"baird" ===> 0.2723749237075108
"http:santalucia.sierraclub.orgninesis.html" ===> 0.24761356700682804
"hike" ===> 0.19013865774495836
"estuary" ===> 0.18983706803856817
"tiki" ===> 0.18983706803856817
"fitness" ===> 0.17332949690477964
"oso" ===> 0.17332949690477964
"mikebaird" ===> 0.13206056907030828
------------------------------------
----------------sv20-----------------
"jardim" ===> 0.00010420476867771806
"pinakothek" ===> 9.602528319485799e-05
"botânico" ===> 8.931837315232977e-05
"skelett" ===> 7.066011404904644e-05
"exemplar" ===> 6.703651845678765e-05
"münchen" ===> 6.522472066065826e-05
"moderne" ===> 6.160112506839947e-05
"brandhorst" ===> 6.160112506839947e-05
"botanical" ===> 5.210299018177953e-05
"archaeopteryx" ===> 4.7106742699364295e-05
------------------------------------
----------------sv21-----------------
"frieden" ===> 0.006795385448069984
"étex" ===> 0.005096539086052488
"triumphbogen" ===> 0.005096539086052488
"bogen" ===> 0.005096539086052488
"cortot" ===> 0.004253781076016591
"jardim" ===> 0.00415747757131777
"bildhauern" ===> 0.003659053702806914
"botânico" ===> 0.00356355220398666
"gegeben" ===> 0.003397692724034992
"28pari" ===> 0.003397692724034992
------------------------------------
----------------sv22-----------------
"jardim" ===> 0.0010036664559590419
"botânico" ===> 0.0008602855336791788
"botanical" ===> 0.0005018404579614563
"botanische" ===> 0.0004301427668395894
"provence" ===> 0.00042801356530239255
"garten" ===> 0.0003565945327064316
"aix" ===> 0.00033961945942472454
"brazilian" ===> 0.00028676184455972626
"tropical" ===> 0.00028676184455972626
"hlpt" ===> 0.00028676184455972626
------------------------------------
----------------sv23-----------------
"provence" ===> 0.007444076709780012
"frieden" ===> 0.0071157053549935016
"walnut" ===> 0.005981549265257906
"aix" ===> 0.00590671304145588
"bogen" ===> 0.005336779016245126
"triumphbogen" ===> 0.005336779016245126
"étex" ===> 0.005336779016245126
"cortot" ===> 0.004455149764876539
"bildhauern" ===> 0.0038315336526888086
"auszug" ===> 0.0035578526774967508
------------------------------------
----------------sv24-----------------
"provence" ===> 0.4402483321098736
"aix" ===> 0.3493274809132693
"dominican" ===> 0.1722710864777766
"emmanuel" ===> 0.15791516260462857
"jule" ===> 0.14355923873148052
"jarente" ===> 0.11484739098518441
"l'eglise" ===> 0.11484739098518441
"fame" ===> 0.08894478074064366
"classified" ===> 0.07656492732345628
"socle" ===> 0.07262494612115232
------------------------------------
----------------sv25-----------------
"walnut" ===> 0.01137232619194815
"earthquake" ===> 0.005221323418565941
"metope" ===> 0.004409117553455684
"canyon" ===> 0.004328349569426956
"ancestral" ===> 0.004264622321980556
"anasazi" ===> 0.004264622321980556
"en.wikipedia.orgwikiwikipedia:text_of_creative_commons_" ===> 0.003885544782248951
"sharealike_3.0_unported_license" ===> 0.003885544782248951
"http:en.wikipedia.orgwikiwikipedia:text_of_creative_commons_attribution" ===> 0.003885544782248951
"cella" ===> 0.0038289705069483575
------------------------------------
----------------sv26-----------------
"earthquake" ===> 0.10253410486688798
"metope" ===> 0.08658435522092763
"cella" ===> 0.07519167690238451
"treasury" ===> 0.06835606991125866
"taylor'" ===> 0.06835606991125866
"italianate" ===> 0.06835606991125866
"sarmiento" ===> 0.06835606991125866
"usnationalregisterofhistoricplace" ===> 0.0524063202652983
"nrhp" ===> 0.0524063202652983
"supervisor" ===> 0.051269974688765936
------------------------------------
----------------sv27-----------------
"frieden" ===> 0.14503625751301882
"bogen" ===> 0.10877719313476412
"étex" ===> 0.10877719313476412
"triumphbogen" ===> 0.10877719313476412
"cortot" ===> 0.08938411367023932
"bildhauern" ===> 0.07809644635316398
"zeigen" ===> 0.07251812875650941
"auszug" ===> 0.07251812875650941
"28pari" ===> 0.07251812875650941
"auftrag" ===> 0.07251812875650941
------------------------------------
----------------sv28-----------------
"belgian" ===> 0.009542212138633873
"belgium" ===> 0.005097835673467534
"martelaarsplaat" ===> 0.003939445378335085
"jenneval" ===> 0.0032828711486125707
"dutch" ===> 0.003096927236546422
"brussel" ===> 0.0024053029524247374
"flemish" ===> 0.0022980098040287994
"brabançonne" ===> 0.0019697226891675426
"mérode" ===> 0.0019697226891675426
"sach" ===> 0.0016414355743062854
------------------------------------
----------------sv29-----------------
"belgian" ===> 0.00043195440142348643
"belgium" ===> 0.00023132739722336824
"martelaarsplaat" ===> 0.00017832979875281548
"martyr" ===> 0.00016438497573719647
"jenneval" ===> 0.00014860816562734625
"dutch" ===> 0.0001411952018135455
"brussel" ===> 0.00010920539294486155
"flemish" ===> 0.00010402571593914237
"mérode" ===> 8.916489937640774e-05
"brabançonne" ===> 8.916489937640774e-05
------------------------------------
----------------sv30-----------------
"belgian" ===> 0.5859127321968722
"belgium" ===> 0.31448211920867264
"martelaarsplaat" ===> 0.24189057751247017
"martyr" ===> 0.2318243163015388
"jenneval" ===> 0.20157548126039182
"dutch" ===> 0.1915164640917239
"brussel" ===> 0.14873855317832343
"flemish" ===> 0.14110283688227426
"mérode" ===> 0.12094528875623509
"brabançonne" ===> 0.12094528875623509
------------------------------------
Total execution time 3.0782361030578613 sec
