Total execution time till reading dataframe 0.18389487266540527
----------------pc1-----------------
"belgian"===> 0.5859419261734126
"belgium"===> 0.31448346099427127
"martelaarsplaat"===> 0.24190263007159216
"martyr"===> 0.23183003133362692
"jenneval"===> 0.20158552505966032
"dutch"===> 0.1915064598414816
"brussel"===> 0.1487251697880189
"flemish"===> 0.1411098675417621
"brabançonne"===> 0.12095131503579608
"mérode"===> 0.12095131503579608
------------------------------------
----------------pc2-----------------
"guacharaca"===> 0.26824497703035466
"venezuela"===> 0.24021938241524268
"su"===> 0.2121917136508641
"caraca"===> 0.19617916230578167
"maraca"===> 0.19017367774540056
"pero"===> 0.13812614488876448
"cual"===> 0.13412248851517733
"otra"===> 0.12411334758120872
"mucho"===> 0.11810786302082776
"ya"===> 0.116106034834034
------------------------------------
----------------pc3-----------------
"frieden"===> 0.17138992853175367
"étex"===> 0.12854244639881532
"bogen"===> 0.12854244639881532
"triumphbogen"===> 0.12854244639881532
"earthquake"===> 0.11391449437896942
"cortot"===> 0.10838442193655692
"metope"===> 0.09619446192001876
"walnut"===> 0.09585701819372698
"bildhauern"===> 0.09228688459402128
"gegeben"===> 0.08569496426587683
------------------------------------
----------------pc4-----------------
"walnut"===> 0.2500998024889481
"earthquake"===> 0.12252169170510868
"metope"===> 0.1034627618843141
"canyon"===> 0.0951474458422366
"ancestral"===> 0.09378742593335553
"anasazi"===> 0.09378742593335553
"cella"===> 0.08984924058374644
"en.wikipedia.orgwikiwikipedia:text_of_creative_commons_"===> 0.08545076585039045
"http:en.wikipedia.orgwikiwikipedia:text_of_creative_commons_attribution"===> 0.08545076585039045
"sharealike_3.0_unported_license"===> 0.08545076585039045
------------------------------------
----------------pc5-----------------
"walnut"===> 0.44867883586575286
"canyon"===> 0.17075365320957994
"anasazi"===> 0.1682545634496573
"ancestral"===> 0.1682545634496573
"http:en.wikipedia.orgwikiwikipedia:text_of_creative_commons_attribution"===> 0.15329860225413225
"sharealike_3.0_unported_license"===> 0.15329860225413225
"en.wikipedia.orgwikiwikipedia:text_of_creative_commons_"===> 0.15329860225413225
"coconino"===> 0.1308646604608446
"mst"===> 0.11216970896643821
"a.m"===> 0.11216970896643821
------------------------------------
----------------pc6-----------------
"ambrareview"===> 0.4311433270895683
"facebook"===> 0.21557166354478416
"instagram.compauldambraau"===> 0.21557166354478416
"pinterest.compauldambraboard"===> 0.21557166354478416
"triptease"===> 0.21557166354478416
"http:pinterest.compauldambraboard"===> 0.21557166354478416
"www.facebook.compdambra"===> 0.21557166354478416
"https:www.facebook.compdambra"===> 0.21557166354478416
"www.flickr.comphotosbehindthesteeringwheelset"===> 0.21557166354478416
"http:triptease.comprofilepaul"===> 0.21557166354478416
------------------------------------
----------------pc7-----------------
"provence"===> 0.4427592411573919
"aix"===> 0.35131983265749556
"dominican"===> 0.17325361610506623
"emmanuel"===> 0.1588158147629774
"jule"===> 0.14437801342088852
"l'eglise"===> 0.11550241073671087
"jarente"===> 0.11550241073671087
"fame"===> 0.08945470979545792
"classified"===> 0.07700160715780718
"socle"===> 0.0729660578635732
------------------------------------
----------------pc8-----------------
"jardim"===> 0.35803191851709376
"botânico"===> 0.3068845015860804
"botanical"===> 0.17901222642253023
"botanische"===> 0.1534422507930402
"garten"===> 0.12788117327768447
"artístico"===> 0.1022948338620268
"tropical"===> 0.1022948338620268
"brazilian"===> 0.1022948338620268
"2f"===> 0.1022948338620268
"br"===> 0.1022948338620268
------------------------------------
----------------pc9-----------------
"digiensemble"===> 0.5513249615418402
"aria"===> 0.22052998461673592
"motion"===> 0.22052998461673592
"thumbjam"===> 0.22052998461673592
"midi"===> 0.1655070321582376
"device"===> 0.1653930631695956
"themself"===> 0.11026499230836796
"herr"===> 0.11026499230836796
"smartphone"===> 0.11026499230836796
"großer"===> 0.11026499230836796
------------------------------------
----------------pc10-----------------
"pinakothek"===> 0.40871944986631487
"skelett"===> 0.3007558215997411
"exemplar"===> 0.28533244613308784
"münchen"===> 0.2776207583997611
"brandhorst"===> 0.26219738293310796
"moderne"===> 0.26219738293310796
"archaeopteryx"===> 0.20050388106649408
"bayern"===> 0.12338700373322715
"solnhofen"===> 0.11567531599990039
"fund"===> 0.11565565901176227
------------------------------------
----------------pc11-----------------
"哥"===> 0.591475686732466
"吴"===> 0.3808131133756974
"窟"===> 0.3321986733702889
"粒"===> 0.21876498002433672
"暹"===> 0.21876498002433672
"吳"===> 0.2106625733567687
"柬"===> 0.2106625733567687
"佛"===> 0.2106625733567687
"埔"===> 0.2106625733567687
"寨"===> 0.2106625733567687
------------------------------------
----------------pc12-----------------
"morro"===> 0.38022263825391117
"cerro"===> 0.2943812536352002
"baird"===> 0.2698584077016827
"http:santalucia.sierraclub.orgninesis.html"===> 0.24532582518334775
"hike"===> 0.1883089143728742
"tiki"===> 0.18808313264056659
"estuary"===> 0.18808313264056659
"fitness"===> 0.17172807762834336
"oso"===> 0.17172807762834336
"mikebaird"===> 0.13084044009778548
------------------------------------
----------------pc13-----------------
"dalbera"===> 0.383061448554899
"objid24"===> 0.24450730758823325
"égyptien"===> 0.15485462813921452
"museum.de"===> 0.13334497800610678
"p2"===> 0.1225935122062165
"musicienne"===> 0.12225365379411662
"n2"===> 0.12225365379411662
"http:www.smb.museumsmbstandorteindex.php"===> 0.12225365379411662
"www.smb.museumsmbstandorteindex.php"===> 0.12225365379411662
"collectionneuesmuseum"===> 0.12225365379411662
------------------------------------
----------------pc14-----------------
"tula"===> 0.34218295317303843
"puuc"===> 0.2807655000394161
"http:archaeology.about.comodttermsgtula.htm"===> 0.2018002031533305
"950"===> 0.2018002031533305
"toltec"===> 0.15825818983451442
"chichén"===> 0.1466157000332396
"tablud"===> 0.14038275001970804
"tablero"===> 0.14038275001970804
"stacked"===> 0.14038275001970804
"priest'"===> 0.14038275001970804
------------------------------------
----------------pc15-----------------
"goodyear"===> 0.4531545729026182
"brooklyn"===> 0.2665615134721285
"collectionsgoodyear"===> 0.2665615134721285
"http:www.brooklynmuseum.orgresearchdigital"===> 0.2665615134721285
"archival"===> 0.2665615134721285
"email"===> 0.2665615134721285
"brooklynmuseum.org"===> 0.2665615134721285
"brooklynmuseum"===> 0.2665615134721285
"archivist"===> 0.2665615134721285
"we'd"===> 0.2665615134721285
------------------------------------
----------------pc16-----------------
"mètre"===> 0.5037607858834897
"longueur"===> 0.25188039294174486
"l'esplanade"===> 0.15292738142891657
"107,50"===> 0.12594019647087243
"décoration"===> 0.12594019647087243
"constitué"===> 0.12594019647087243
"métallique"===> 0.12594019647087243
"métroinvalide"===> 0.12594019647087243
"pontdepari"===> 0.12594019647087243
"expositionuniversellede1900"===> 0.12594019647087243
------------------------------------
----------------pc17-----------------
"mitla"===> 0.5865650830752892
"anger"===> 0.4124285740373128
"cathédral"===> 0.13747619134577097
"doué"===> 0.13747619134577097
"beaumont"===> 0.13747619134577097
"http:en.wikipedia.orgwikiangers_cathedral"===> 0.13747619134577097
"transept'"===> 0.13747619134577097
"1032"===> 0.13747619134577097
"julian"===> 0.13747619134577097
"en.wikipedia.orgwikiangers_cathedral"===> 0.13747619134577097
------------------------------------
----------------pc18-----------------
"normandy"===> 0.2618016490286397
"vierville"===> 0.13090082451431986
"dakota"===> 0.13090082451431986
"3rdarmy"===> 0.13090082451431986
"airborne"===> 0.13090082451431986
"portenbessin"===> 0.13090082451431986
"bayeux"===> 0.13090082451431986
"arromanche"===> 0.13090082451431986
"worldwar2"===> 0.13090082451431986
"pillbox"===> 0.13090082451431986
------------------------------------
----------------pc19-----------------
"黎"===> 0.38363701013644125
"國"===> 0.2615706887293917
"法"===> 0.2615706887293917
"洲"===> 0.2615706887293917
"塔"===> 0.2528516657717453
"panasonic"===> 0.14186676974713994
"vario"===> 0.1307860023603867
"1635mm"===> 0.13078534436469585
"micro"===> 0.13078534436469585
"om"===> 0.13078534436469585
------------------------------------
----------------pc20-----------------
"gard"===> 0.41909760147176817
"maría"===> 0.20954880073588408
"villaflor"===> 0.20954880073588408
"organization"===> 0.20954880073588408
"missing"===> 0.10477440036794204
"adela"===> 0.10477440036794204
"madre"===> 0.10477440036794204
"abduction"===> 0.10477440036794204
"raquel"===> 0.10477440036794204
"decade"===> 0.10477440036794204
------------------------------------
----------------pc21-----------------
"download"===> 0.5698467559741376
"button"===> 0.2849233779870688
"caipirinha"===> 0.18045147272514336
"internacional"===> 0.16145658085933892
"portobayhotelsresort"===> 0.1424616889935344
"deluxeroom"===> 0.1424616889935344
"portobay"===> 0.1424616889935344
"avenidaatlântida"===> 0.1424616889935344
"accommodation"===> 0.1424616889935344
"firework"===> 0.1424616889935344
------------------------------------
----------------pc22-----------------
"parlamento"===> 0.4132335606215432
"palácio"===> 0.3246835119169268
"berlim"===> 0.25580996802590944
"relógio"===> 0.16726120310872
"câmara"===> 0.14758341450769408
"wikipédia"===> 0.13774452020718114
"edifício"===> 0.1279056259066682
"alemanha"===> 0.10976855179139557
"grãbretanha"===> 0.09838894300512932
"evangelical"===> 0.09380265174911159
------------------------------------
----------------pc23-----------------
"denni"===> 0.3217311417705757
"iamcanadian"===> 0.3113527178424926
"dennisjarvi"===> 0.3113527178424926
"archer10"===> 0.3113527178424926
"dennisgjarvi"===> 0.3113527178424926
"18200vr"===> 0.29059586998632636
"tunisia"===> 0.23870375034591085
"invitation"===> 0.23870375034591085
"70300mmvr"===> 0.1971900546335786
"freepicture"===> 0.1556763589212463
------------------------------------
----------------pc24-----------------
"holocaust"===> 0.25100291855495216
"stelae"===> 0.1882521889162141
"wolfgangstaudt"===> 0.15687682409684509
"66111"===> 0.15687682409684509
"hauptstadt"===> 0.15687682409684509
"encyclopedia"===> 0.15687682409684509
"jew"===> 0.12550145927747608
"jewish"===> 0.12550145927747608
"dorotheenstadt"===> 0.12550145927747608
"eisenman"===> 0.12550145927747608
------------------------------------
----------------pc25-----------------
"scrapbook"===> 0.649815418146857
"tupper"===> 0.33041461939670674
"annotated"===> 0.22027641293113798
"albumen"===> 0.1690995135978195
"cataloger"===> 0.16520730969835337
"bpldc"===> 0.16520730969835337
"bpl"===> 0.16520730969835337
"vaughn"===> 0.16520730969835337
"v3"===> 0.16520730969835337
"genre"===> 0.16520730969835337
------------------------------------
----------------pc26-----------------
"ceramica"===> 0.3676738431392061
"tecnica"===> 0.21286380392269816
"tesela"===> 0.21286380392269816
"ceramico"===> 0.21286380392269816
"amb"===> 0.19351254902063467
"caracteristica"===> 0.15481003921650774
"trencadi"===> 0.13872089747805486
"tratada"===> 0.13545878431444433
"imagene"===> 0.13545878431444433
"mosaico"===> 0.10646515172860158
------------------------------------
----------------pc27-----------------
"175days.no"===> 0.5782107214776993
"http:www"===> 0.2891053607388496
"travelblog"===> 0.2891053607388496
"ceramica"===> 0.23068147474564396
"popularity"===> 0.1445526803694248
"spotlight"===> 0.1445526803694248
"lal"===> 0.1445526803694248
"cambodian"===> 0.1445526803694248
"qila"===> 0.1445526803694248
"tesela"===> 0.13355243274747802
------------------------------------
----------------pc28-----------------
"b.c.e"===> 0.5026698325740055
"column.html"===> 0.22848628753363898
"clerestory"===> 0.1827890300269111
"remodeled"===> 0.17136471565022912
"gaudí1904"===> 0.17136471565022912
"highclassical"===> 0.17136471565022912
"smarthistory.orggothic.html"===> 0.17136471565022912
"hispania"===> 0.17136471565022912
"middleage"===> 0.17136471565022912
"narthex"===> 0.17136471565022912
------------------------------------
----------------pc29-----------------
"etiquette"===> 0.3693947722217918
"tokina"===> 0.357851185589861
"liisa"===> 0.19624097274282698
"michelle"===> 0.19624097274282698
"box"===> 0.1846973861108959
"sb"===> 0.1846973861108959
"halle"===> 0.1846973861108959
"ultimate"===> 0.1846973861108959
"harbordigital"===> 0.173153799478965
"dxoopticspro"===> 0.173153799478965
------------------------------------
----------------pc30-----------------
"fischerspooner"===> 0.30183433633600765
"collevetion"===> 0.30183433633600765
"loveevolution"===> 0.30183433633600765
"halliwell"===> 0.30183433633600765
"groove"===> 0.30183433633600765
"billy"===> 0.30183433633600765
"afterpart"===> 0.30183433633600765
"armada"===> 0.30183433633600765
"deadmau5"===> 0.30183433633600765
"eddie"===> 0.30183433633600765
------------------------------------
Total execution time 2.353652000427246 sec
