Total execution time till reading dataframe 0.1968855857849121
----------------sv1-----------------
"eddie" ===> 0.3051587953579362
"collevetion" ===> 0.3051587953579362
"groove" ===> 0.3051587953579362
"deadmau5" ===> 0.3051587953579362
"halliwell" ===> 0.3051587953579362
"afterpart" ===> 0.3051587953579362
"loveevolution" ===> 0.3051587953579362
"billy" ===> 0.3051587953579362
"fischerspooner" ===> 0.3051587953579362
"armada" ===> 0.3051587953579362
------------------------------------
----------------sv2-----------------
"黎" ===> 0.0036063068539856223
"洲" ===> 0.002458845582262925
"國" ===> 0.002458845582262925
"法" ===> 0.002458845582262925
"塔" ===> 0.0023768840628541604
"denni" ===> 0.0015685584113606485
"dennisjarvi" ===> 0.0015179597529296597
"dennisgjarvi" ===> 0.0015179597529296597
"iamcanadian" ===> 0.0015179597529296597
"archer10" ===> 0.0015179597529296597
------------------------------------
----------------sv3-----------------
"ceramica" ===> 0.0760550172074273
"tecnica" ===> 0.04403185206745791
"tesela" ===> 0.04403185206745791
"ceramico" ===> 0.04403185206745791
"amb" ===> 0.04002895642496174
"caracteristica" ===> 0.03202316513996939
"trencadi" ===> 0.028599680197386533
"imagene" ===> 0.028020269497473216
"tratada" ===> 0.028020269497473216
"trosso" ===> 0.022015926033728955
------------------------------------
----------------sv4-----------------
"ceramica" ===> 0.01921338271176997
"tesela" ===> 0.011123537359445773
"ceramico" ===> 0.011123537359445773
"tecnica" ===> 0.011123537359445773
"amb" ===> 0.010112306690405248
"caracteristica" ===> 0.0080898453523242
"trencadi" ===> 0.007248007654251756
"imagene" ===> 0.007078614683283673
"tratada" ===> 0.007078614683283673
"mosaico" ===> 0.005561842169609279
------------------------------------
----------------sv5-----------------
"guacharaca" ===> 0.005719412634705604
"venezuela" ===> 0.005121862060930391
"parlamento" ===> 0.004993589399935249
"mitla" ===> 0.004793068211319426
"su" ===> 0.004265473267882529
"caraca" ===> 0.004182854016426487
"maraca" ===> 0.004054807464903227
"palácio" ===> 0.003923534528520552
"anger" ===> 0.003370126086083971
"berlim" ===> 0.003091250159939778
------------------------------------
----------------sv6-----------------
"download" ===> 0.014645997420470536
"gard" ===> 0.010219003443896136
"button" ===> 0.007322998710235268
"dalbera" ===> 0.006446425807202604
"villaflor" ===> 0.005109501721948068
"organization" ===> 0.005109501721948068
"maría" ===> 0.005109501721948068
"caipirinha" ===> 0.004637899183149003
"internacional" ===> 0.004149699269133319
"objid24" ===> 0.004114739876937832
------------------------------------
----------------sv7-----------------
"holocaust" ===> 0.2502586096055323
"stelae" ===> 0.18769395720414922
"66111" ===> 0.1564116310034577
"encyclopedia" ===> 0.1564116310034577
"wolfgangstaudt" ===> 0.1564116310034577
"hauptstadt" ===> 0.1564116310034577
"jewish" ===> 0.12512930480276616
"eisenman" ===> 0.12512930480276616
"jew" ===> 0.12512930480276616
"dorotheenstadt" ===> 0.12512930480276616
------------------------------------
----------------sv8-----------------
"tula" ===> 0.008108802987303832
"puuc" ===> 0.0066533768100954516
"parlamento" ===> 0.005699449102964086
"950" ===> 0.004782114582256106
"http:archaeology.about.comodttermsgtula.htm" ===> 0.004782114582256106
"goodyear" ===> 0.004528955761519436
"palácio" ===> 0.004478138580900353
"mitla" ===> 0.003928003871791545
"berlim" ===> 0.0035271413767839327
"tablud" ===> 0.0033266884050477258
------------------------------------
----------------sv9-----------------
"download" ===> 0.01191736766096088
"gard" ===> 0.009688147719265069
"pinakothek" ===> 0.00870125488766374
"skelett" ===> 0.006402810200356337
"exemplar" ===> 0.0060744609593124214
"button" ===> 0.00595868383048044
"münchen" ===> 0.005910286338790464
"jardim" ===> 0.005876797940223933
"frieden" ===> 0.005699836169804036
"brandhorst" ===> 0.005581937097746549
------------------------------------
----------------sv10-----------------
"download" ===> 0.5940876488514696
"button" ===> 0.2970438244257348
"caipirinha" ===> 0.18812775546963204
"internacional" ===> 0.16832483384124972
"option" ===> 0.14852572983481
"reveillon" ===> 0.1485219122128674
"accommodation" ===> 0.1485219122128674
"deluxeroom" ===> 0.1485219122128674
"avenidaatlântida" ===> 0.1485219122128674
"portobay" ===> 0.1485219122128674
------------------------------------
----------------sv11-----------------
"mitla" ===> 0.001993520427753872
"黎" ===> 0.0019410700634127853
"morro" ===> 0.0016951858467150862
"ambrareview" ===> 0.0016138833253226963
"walnut" ===> 0.001463436051104413
"anger" ===> 0.0014016940507644412
"earthquake" ===> 0.0013732251607846983
"國" ===> 0.0013234568614178082
"洲" ===> 0.0013234568614178082
"法" ===> 0.0013234568614178082
------------------------------------
----------------sv12-----------------
"mètre" ===> 0.024752456665912435
"longueur" ===> 0.012376228332956218
"l'esplanade" ===> 0.007514138630723419
"russe" ===> 0.006188114166478109
"22,50" ===> 0.006188114166478109
"amédéealby" ===> 0.006188114166478109
"constitué" ===> 0.006188114166478109
"viaduc" ===> 0.006188114166478109
"fil" ===> 0.006188114166478109
"expositionuniversellede1900" ===> 0.006188114166478109
------------------------------------
----------------sv13-----------------
"normandy" ===> 0.28007972650955604
"utah" ===> 0.14005566745815828
"azeville" ===> 0.14003986325477802
"normandie" ===> 0.14003986325477802
"paratrooper" ===> 0.14003986325477802
"reenactment" ===> 0.14003986325477802
"fortdelahougue" ===> 0.14003986325477802
"ranville" ===> 0.14003986325477802
"angovilleauplain" ===> 0.14003986325477802
"caen" ===> 0.14003986325477802
------------------------------------
----------------sv14-----------------
"tula" ===> 0.0040160293238794545
"mètre" ===> 0.0039066763754368175
"puuc" ===> 0.003295203547798527
"http:archaeology.about.comodttermsgtula.htm" ===> 0.0023684275499801914
"950" ===> 0.0023684275499801914
"longueur" ===> 0.0019533381877184087
"toltec" ===> 0.0017972434496667778
"chichén" ===> 0.0016777881887235623
"tablero" ===> 0.0016476017738992635
"priest'" ===> 0.0016476017738992635
------------------------------------
----------------sv15-----------------
"mètre" ===> 0.5029115346619565
"longueur" ===> 0.25145576733097824
"l'esplanade" ===> 0.15266957302237966
"relie" ===> 0.12572788366548912
"métallique" ===> 0.12572788366548912
"universelle" ===> 0.12572788366548912
"encadrée" ===> 0.12572788366548912
"possède" ===> 0.12572788366548912
"posée" ===> 0.12572788366548912
"décoration" ===> 0.12572788366548912
------------------------------------
----------------sv16-----------------
"goodyear" ===> 0.4540943952676011
"brooklyn" ===> 0.2671143501574124
"we'd" ===> 0.2671143501574124
"brooklynmuseum" ===> 0.2671143501574124
"brooklynmuseum.org" ===> 0.2671143501574124
"collectionsgoodyear" ===> 0.2671143501574124
"email" ===> 0.2671143501574124
"http:www.brooklynmuseum.orgresearchdigital" ===> 0.2671143501574124
"archivist" ===> 0.2671143501574124
"archival" ===> 0.2671143501574124
------------------------------------
----------------sv17-----------------
"walnut" ===> 0.004920183089190025
"ambrareview" ===> 0.0032273595782840634
"canyon" ===> 0.0018491394864089878
"ancestral" ===> 0.0018450686584462592
"anasazi" ===> 0.0018450686584462592
"sharealike_3.0_unported_license" ===> 0.0016810625554732584
"en.wikipedia.orgwikiwikipedia:text_of_creative_commons_" ===> 0.0016810625554732584
"http:en.wikipedia.orgwikiwikipedia:text_of_creative_commons_attribution" ===> 0.0016810625554732584
"triptease" ===> 0.0016136797891420317
"facebook" ===> 0.0016136797891420317
------------------------------------
----------------sv18-----------------
"dalbera" ===> 0.38567582548393586
"objid24" ===> 0.24617605881953353
"égyptien" ===> 0.1559115039190379
"museum.de" ===> 0.13457518405998978
"p2" ===> 0.12359326917429911
"musicienne" ===> 0.12308802940976676
"n2" ===> 0.12308802940976676
"www.smb.museumsmbstandorteindex.php" ===> 0.12308802940976676
"http:www.smb.museumsmbstandorteindex.php" ===> 0.12308802940976676
"collectionneuesmuseum" ===> 0.12308802940976676
------------------------------------
----------------sv19-----------------
"morro" ===> 0.383752399505582
"cerro" ===> 0.297136540489705
"baird" ===> 0.27237492370751143
"http:santalucia.sierraclub.orgninesis.html" ===> 0.24761356700682857
"hike" ===> 0.19013865774495875
"estuary" ===> 0.18983706803856856
"tiki" ===> 0.18983706803856856
"fitness" ===> 0.17332949690478
"oso" ===> 0.17332949690478
"mikebaird" ===> 0.13206056907030855
------------------------------------
----------------sv20-----------------
"哥" ===> 0.5932316584588955
"吴" ===> 0.3819436705146313
"窟" ===> 0.33318490406595497
"粒" ===> 0.21941444901904353
"暹" ===> 0.21941444901904353
"寨" ===> 0.21128798794426415
"柬" ===> 0.21128798794426415
"吳" ===> 0.21128798794426415
"佛" ===> 0.21128798794426415
"埔" ===> 0.21128798794426415
------------------------------------
----------------sv21-----------------
"pinakothek" ===> 0.408891773545725
"skelett" ===> 0.3008826258166655
"exemplar" ===> 0.28545274756965705
"münchen" ===> 0.2777378084461528
"moderne" ===> 0.26230793019914433
"brandhorst" ===> 0.26230793019914433
"archaeopteryx" ===> 0.20058841721111037
"bayern" ===> 0.12343902597606793
"solnhofen" ===> 0.11572408685256368
"fund" ===> 0.11566410031380801
------------------------------------
----------------sv22-----------------
"jardim" ===> 0.001003666455959194
"botânico" ===> 0.0008602855336793093
"botanical" ===> 0.0005018404579615323
"botanische" ===> 0.00043014276683965466
"provence" ===> 0.00042801356530129995
"garten" ===> 0.0003565945327064865
"aix" ===> 0.0003396194594238576
"brazilian" ===> 0.0002867618445597698
"tropical" ===> 0.0002867618445597698
"hlpt" ===> 0.0002867618445597698
------------------------------------
----------------sv23-----------------
"jardim" ===> 0.3579416913483495
"botânico" ===> 0.306807164012871
"botanical" ===> 0.17897205598870916
"botanische" ===> 0.1534035820064355
"garten" ===> 0.12785566819763758
"hlpt" ===> 0.10226905467095701
"institute" ===> 0.10226905467095701
"área" ===> 0.10226905467095701
"botany" ===> 0.10226905467095701
"2f" ===> 0.10226905467095701
------------------------------------
----------------sv24-----------------
"ambrareview" ===> 0.04896168473824075
"pinterest" ===> 0.024480842369120376
"pinterest.compauldambraboard" ===> 0.024480842369120376
"http:pinterest.compauldambraboard" ===> 0.024480842369120376
"www.facebook.compdambra" ===> 0.024480842369120376
"http:triptease.comprofilepaul" ===> 0.024480842369120376
"http:www.flickr.comphotosbehindthesteeringwheelset" ===> 0.024480842369120376
"https:www.facebook.compdambra" ===> 0.024480842369120376
"http:instagram.compauldambraau" ===> 0.024480842369120376
"triptease" ===> 0.024480842369120376
------------------------------------
----------------sv25-----------------
"walnut" ===> 0.011372326191948258
"earthquake" ===> 0.005221323418564054
"metope" ===> 0.0044091175534540904
"canyon" ===> 0.004328349569427004
"ancestral" ===> 0.004264622321980597
"anasazi" ===> 0.004264622321980597
"en.wikipedia.orgwikiwikipedia:text_of_creative_commons_" ===> 0.003885544782248988
"sharealike_3.0_unported_license" ===> 0.003885544782248988
"http:en.wikipedia.orgwikiwikipedia:text_of_creative_commons_attribution" ===> 0.003885544782248988
"cella" ===> 0.0038289705069469732
------------------------------------
----------------sv26-----------------
"walnut" ===> 0.4411811980199271
"canyon" ===> 0.16802104818445
"ancestral" ===> 0.16544294925747266
"anasazi" ===> 0.16544294925747266
"http:en.wikipedia.orgwikiwikipedia:text_of_creative_commons_attribution" ===> 0.15073690932347508
"sharealike_3.0_unported_license" ===> 0.15073690932347508
"en.wikipedia.orgwikiwikipedia:text_of_creative_commons_" ===> 0.15073690932347508
"coconino" ===> 0.12867784942247873
"00" ===> 0.11029595382502162
"neighboring" ===> 0.11029529950498178
------------------------------------
----------------sv27-----------------
"walnut" ===> 0.2505079176282357
"earthquake" ===> 0.11371925478577578
"metope" ===> 0.09602959293021067
"canyon" ===> 0.09542179330957941
"anasazi" ===> 0.09394046911058838
"ancestral" ===> 0.09394046911058838
"sharealike_3.0_unported_license" ===> 0.08559020518964719
"http:en.wikipedia.orgwikiwikipedia:text_of_creative_commons_attribution" ===> 0.08559020518964719
"en.wikipedia.orgwikiwikipedia:text_of_creative_commons_" ===> 0.08559020518964719
"cella" ===> 0.08339412017623558
------------------------------------
----------------sv28-----------------
"frieden" ===> 0.16364980769169155
"walnut" ===> 0.12400463108749116
"étex" ===> 0.12273735576876865
"bogen" ===> 0.12273735576876865
"triumphbogen" ===> 0.12273735576876865
"earthquake" ===> 0.11796042695508666
"cortot" ===> 0.10359180121791928
"metope" ===> 0.09961102720651763
"bildhauern" ===> 0.08811912721860314
"cella" ===> 0.08650431310039688
------------------------------------
----------------sv29-----------------
"guacharaca" ===> 0.26823530815463725
"venezuela" ===> 0.2402107237205707
"su" ===> 0.21219182148492097
"caraca" ===> 0.19617209103846608
"maraca" ===> 0.19016682294545184
"pero" ===> 0.13812116613932815
"cual" ===> 0.13411765407731863
"otra" ===> 0.12410887392229486
"mucho" ===> 0.1181036058292806
"ya" ===> 0.11610184979827586
------------------------------------
----------------sv30-----------------
"artistadistradadiroma" ===> 2.1206085783945824e-20
"arapacisfaustodellechiaie" ===> 2.1206085783945824e-20
"cielo" ===> 2.1206085783945824e-20
"faustodellechiaie" ===> 2.1206085783945824e-20
"fausto" ===> 2.1206085783945824e-20
"aperto" ===> 2.1206085783945824e-20
"delle" ===> 2.1206085783945824e-20
"l'artista" ===> 2.1206085783945824e-20
"chiaie" ===> 2.1206085783945824e-20
"vision:text052" ===> 2.82747810452611e-21
------------------------------------
