Total execution time till reading dataframe 0.19910502433776855
----------------pc1-----------------
"belgian" ===> 0.5859419261734133
"belgium" ===> 0.3144834609942719
"martelaarsplaat" ===> 0.24190263007159246
"martyr" ===> 0.23183003133362717
"jenneval" ===> 0.20158552505966032
"dutch" ===> 0.19150645984148162
"brussel" ===> 0.14872516978801903
"flemish" ===> 0.14110986754176233
"mérode" ===> 0.12095131503579623
"brabançonne" ===> 0.12095131503579623
------------------------------------
----------------pc2-----------------
"guacharaca" ===> 0.26824497703035444
"venezuela" ===> 0.24021938241524296
"su" ===> 0.21219171365086448
"caraca" ===> 0.1961791623057818
"maraca" ===> 0.19017367774540067
"pero" ===> 0.1381261448887646
"cual" ===> 0.13412248851517722
"otra" ===> 0.12411334758120893
"mucho" ===> 0.11810786302082779
"ya" ===> 0.1161060348340341
------------------------------------
----------------pc3-----------------
"frieden" ===> 0.17138992853333443
"étex" ===> 0.1285424464000008
"bogen" ===> 0.1285424464000008
"triumphbogen" ===> 0.1285424464000008
"earthquake" ===> 0.11391449439247499
"cortot" ===> 0.10838442193769478
"metope" ===> 0.09619446193142338
"walnut" ===> 0.09585701817331269
"bildhauern" ===> 0.09228688459487236
"gegeben" ===> 0.08569496426666721
------------------------------------
----------------pc4-----------------
"walnut" ===> 0.25009980241427704
"earthquake" ===> 0.1225216916992709
"metope" ===> 0.1034627618793843
"canyon" ===> 0.09514744589729188
"ancestral" ===> 0.0937874259053539
"anasazi" ===> 0.0937874259053539
"cella" ===> 0.08984924057946522
"en.wikipedia.orgwikiwikipedia:text_of_creative_commons_" ===> 0.08545076582487802
"http:en.wikipedia.orgwikiwikipedia:text_of_creative_commons_attribution" ===> 0.08545076582487802
"sharealike_3.0_unported_license" ===> 0.08545076582487802
------------------------------------
----------------pc5-----------------
"walnut" ===> 0.44867883589233365
"canyon" ===> 0.17075365322306257
"anasazi" ===> 0.16825456345962508
"ancestral" ===> 0.16825456345962508
"sharealike_3.0_unported_license" ===> 0.153298602263214
"en.wikipedia.orgwikiwikipedia:text_of_creative_commons_" ===> 0.153298602263214
"http:en.wikipedia.orgwikiwikipedia:text_of_creative_commons_attribution" ===> 0.153298602263214
"coconino" ===> 0.13086466046859743
"neighboring" ===> 0.11216970897308341
"a.m" ===> 0.11216970897308341
------------------------------------
----------------pc6-----------------
"ambrareview" ===> 0.43114332713734776
"http:www.flickr.comphotosbehindthesteeringwheelset" ===> 0.21557166356867388
"http:triptease.comprofilepaul" ===> 0.21557166356867388
"http:instagram.compauldambraau" ===> 0.21557166356867388
"triptease.comprofilepaul" ===> 0.21557166356867388
"https:www.facebook.compdambra" ===> 0.21557166356867388
"instagram.compauldambraau" ===> 0.21557166356867388
"facebook" ===> 0.21557166356867388
"pinterest.compauldambraboard" ===> 0.21557166356867388
"pinterest" ===> 0.21557166356867388
------------------------------------
----------------pc7-----------------
"provence" ===> 0.4427592411314236
"aix" ===> 0.35131983263689087
"dominican" ===> 0.1732536160949049
"emmanuel" ===> 0.15881581475366285
"jule" ===> 0.14437801341242087
"jarente" ===> 0.11550241072993664
"l'eglise" ===> 0.11550241072993664
"fame" ===> 0.08945470978054257
"classified" ===> 0.07700160715329117
"socle" ===> 0.07296605805651703
------------------------------------
----------------pc8-----------------
"jardim" ===> 0.358031918407914
"botânico" ===> 0.30688450149249785
"botanical" ===> 0.17901222636315825
"botanische" ===> 0.15344225074624893
"garten" ===> 0.12788117324512185
"hlpt" ===> 0.10229483383083264
"tropical" ===> 0.10229483383083264
"artístico" ===> 0.10229483383083264
"prevhp" ===> 0.10229483383083264
"2f" ===> 0.10229483383083264
------------------------------------
----------------pc9-----------------
"digiensemble" ===> 0.5513249447737241
"aria" ===> 0.22052997790948947
"thumbjam" ===> 0.22052997790948947
"motion" ===> 0.22052997790948947
"midi" ===> 0.16550707460526096
"device" ===> 0.16539305758479675
"controller" ===> 0.11026498895474474
"appmusik" ===> 0.11026498895474474
"starker" ===> 0.11026498895474474
"simultaneously" ===> 0.11026498895474474
------------------------------------
----------------pc10-----------------
"pinakothek" ===> 0.40871936673223364
"skelett" ===> 0.3007557604256055
"exemplar" ===> 0.2853323880960875
"münchen" ===> 0.2776207019313283
"moderne" ===> 0.26219732960181
"brandhorst" ===> 0.26219732960181
"archaeopteryx" ===> 0.20050384028373688
"bayern" ===> 0.12338697863614585
"solnhofen" ===> 0.11567529247138673
"fund" ===> 0.11565564494577131
------------------------------------
----------------pc11-----------------
"哥" ===> 0.5914756954711677
"吴" ===> 0.38081311900198467
"窟" ===> 0.33219867827832716
"粒" ===> 0.21876498325645932
"暹" ===> 0.21876498325645932
"佛" ===> 0.21066257646918304
"寨" ===> 0.21066257646918304
"柬" ===> 0.21066257646918304
"埔" ===> 0.21066257646918304
"吳" ===> 0.21066257646918304
------------------------------------
----------------pc12-----------------
"morro" ===> 0.3802223247611889
"cerro" ===> 0.2943811264057655
"baird" ===> 0.26985818548256124
"http:santalucia.sierraclub.orgninesis.html" ===> 0.24532562316596476
"hike" ===> 0.1883091211428207
"tiki" ===> 0.18808297776057298
"estuary" ===> 0.18808297776057298
"fitness" ===> 0.17172793621617533
"oso" ===> 0.17172793621617533
"mikebaird" ===> 0.13084033235518122
------------------------------------
----------------pc13-----------------
"dalbera" ===> 0.3830639825970853
"objid24" ===> 0.24450892506196936
"égyptien" ===> 0.15485565253924724
"museum.de" ===> 0.13334572983181736
"p2" ===> 0.12259419956074394
"www.smb.museumsmbstandorteindex.php" ===> 0.12225446253098468
"n2" ===> 0.12225446253098468
"http:www.smb.museumsmbstandorteindex.php" ===> 0.12225446253098468
"musicienne" ===> 0.12225446253098468
"collectionneuesmuseum" ===> 0.12225446253098468
------------------------------------
----------------pc14-----------------
"tula" ===> 0.3421825236191059
"puuc" ===> 0.2807651475849077
"http:archaeology.about.comodttermsgtula.htm" ===> 0.20179994982665217
"950" ===> 0.20179994982665217
"toltec" ===> 0.1582579026206422
"chichén" ===> 0.14661580303855776
"tablud" ===> 0.14038257379245386
"stacked" ===> 0.14038257379245386
"tablero" ===> 0.14038257379245386
"priest'" ===> 0.14038257379245386
------------------------------------
----------------pc15-----------------
"goodyear" ===> 0.45315430990078265
"archivist" ===> 0.26656135876516623
"brooklynmuseum.org" ===> 0.26656135876516623
"http:www.brooklynmuseum.orgresearchdigital" ===> 0.26656135876516623
"brooklynmuseum" ===> 0.26656135876516623
"brooklyn" ===> 0.26656135876516623
"archival" ===> 0.26656135876516623
"we'd" ===> 0.26656135876516623
"collectionsgoodyear" ===> 0.26656135876516623
"email" ===> 0.26656135876516623
------------------------------------
----------------pc16-----------------
"mètre" ===> 0.5037621259766336
"longueur" ===> 0.2518810629883168
"l'esplanade" ===> 0.15292778824290668
"président" ===> 0.1259405314941584
"ingénieur" ===> 0.1259405314941584
"participe" ===> 0.1259405314941584
"posée" ===> 0.1259405314941584
"fil" ===> 0.1259405314941584
"22,50" ===> 0.1259405314941584
"chacun" ===> 0.1259405314941584
------------------------------------
----------------pc17-----------------
"mitla" ===> 0.5865650410567455
"anger" ===> 0.412428544493024
"beaumont" ===> 0.13747618149767468
"http:en.wikipedia.orgwikiangers_cathedral" ===> 0.13747618149767468
"transept'" ===> 0.13747618149767468
"doué" ===> 0.13747618149767468
"1032" ===> 0.13747618149767468
"julian" ===> 0.13747618149767468
"en.wikipedia.orgwikiangers_cathedral" ===> 0.13747618149767468
"glasswork" ===> 0.13747618149767468
------------------------------------
----------------pc18-----------------
"normandy" ===> 0.2617885941393538
"ranville" ===> 0.1308942970696769
"angovilleauplain" ===> 0.1308942970696769
"stemereeglise" ===> 0.1308942970696769
"normandie" ===> 0.1308942970696769
"patton" ===> 0.1308942970696769
"stemariedumont" ===> 0.1308942970696769
"stecomedumont" ===> 0.1308942970696769
"fortdelahougue" ===> 0.1308942970696769
"omaha" ===> 0.1308942970696769
------------------------------------
----------------pc19-----------------
"黎" ===> 0.38363309375775445
"國" ===> 0.261568018471196
"洲" ===> 0.261568018471196
"法" ===> 0.261568018471196
"塔" ===> 0.2528490845221561
"panasonic" ===> 0.14168112437783886
"vario" ===> 0.13078466391831758
"1235mm" ===> 0.130784009235598
"1235mmf28" ===> 0.130784009235598
"m43" ===> 0.130784009235598
------------------------------------
----------------pc20-----------------
"gard" ===> 0.41942922797530324
"organization" ===> 0.20971461398765162
"maría" ===> 0.20971461398765162
"villaflor" ===> 0.20971461398765162
"dove" ===> 0.10485730699382581
"buela" ===> 0.10485730699382581
"kidnapped" ===> 0.10485730699382581
"azucena" ===> 0.10485730699382581
"gather" ===> 0.10485730699382581
"regime" ===> 0.10485730699382581
------------------------------------
----------------pc21-----------------
"download" ===> 0.5703213882723758
"button" ===> 0.2851606941361879
"caipirinha" ===> 0.18060177295291882
"internacional" ===> 0.16159106001050624
"firework" ===> 0.14258034706809394
"avenidaatlântida" ===> 0.14258034706809394
"mice" ===> 0.14258034706809394
"intend" ===> 0.14258034706809394
"accommodation" ===> 0.14258034706809394
"portobay" ===> 0.14258034706809394
------------------------------------
----------------pc22-----------------
"parlamento" ===> 0.4131704442821948
"palácio" ===> 0.32463392050743856
"berlim" ===> 0.2557707660767987
"relógio" ===> 0.16723565601898363
"câmara" ===> 0.14756087295792666
"wikipédia" ===> 0.13772348142739824
"edifício" ===> 0.12788608989686973
"alemanha" ===> 0.10951922476532408
"grãbretanha" ===> 0.0983739153052845
"evangelical" ===> 0.09390871286742207
------------------------------------
----------------pc23-----------------
"denni" ===> 0.32193782552030004
"iamcanadian" ===> 0.311552734374484
"dennisgjarvi" ===> 0.311552734374484
"dennisjarvi" ===> 0.311552734374484
"archer10" ===> 0.311552734374484
"18200vr" ===> 0.29078255208285164
"invitation" ===> 0.23885709635377092
"tunisia" ===> 0.23885709635377092
"70300mmvr" ===> 0.19731673177050643
"freepicture" ===> 0.155776367187242
------------------------------------
----------------pc24-----------------
"holocaust" ===> 0.25098777028583
"stelae" ===> 0.18824082771437234
"encyclopedia" ===> 0.15686735642864374
"wolfgangstaudt" ===> 0.15686735642864374
"hauptstadt" ===> 0.15686735642864374
"66111" ===> 0.15686735642864374
"dorotheenstadt" ===> 0.125493885142915
"eisenman" ===> 0.125493885142915
"jewish" ===> 0.125493885142915
"jew" ===> 0.125493885142915
------------------------------------
----------------pc25-----------------
"scrapbook" ===> 0.6499863011288809
"tupper" ===> 0.33050150904858333
"annotated" ===> 0.22033433936572233
"albumen" ===> 0.1690253134413215
"v3" ===> 0.16525075452429167
"bpl" ===> 0.16525075452429167
"vaughn" ===> 0.16525075452429167
"cataloger" ===> 0.16525075452429167
"williamvaughntupper" ===> 0.16525075452429167
"bpldc" ===> 0.16525075452429167
------------------------------------
----------------pc26-----------------
"ceramica" ===> 0.35065953102332187
"ceramico" ===> 0.2030134126977127
"tecnica" ===> 0.2030134126977127
"tesela" ===> 0.2030134126977127
"amb" ===> 0.1845576479070116
"caracteristica" ===> 0.14764611832560925
"trencadi" ===> 0.13230943138485268
"tratada" ===> 0.12919035353490815
"imagene" ===> 0.12919035353490815
"mosaico" ===> 0.1015487884693266
------------------------------------
----------------pc27-----------------
"175days.no" ===> 0.5528208043628438
"http:www" ===> 0.2764104021814219
"travelblog" ===> 0.2764104021814219
"ceramica" ===> 0.2543708589262739
"ceramico" ===> 0.1472673393783691
"tesela" ===> 0.1472673393783691
"tecnica" ===> 0.1472673393783691
"qila" ===> 0.13820520109071094
"cambodian" ===> 0.13820520109071094
"lal" ===> 0.13820520109071094
------------------------------------
----------------pc28-----------------
"b.c.e" ===> 0.5014702200099511
"column.html" ===> 0.22794100909543222
"clerestory" ===> 0.18235280727634584
"expressionism" ===> 0.1709557568215743
"smarthistory.orggothic.html" ===> 0.1709557568215743
"http:smarthistory.orggothic.html" ===> 0.1709557568215743
"narthex" ===> 0.1709557568215743
"constitutio" ===> 0.1709557568215743
"hispania" ===> 0.1709557568215743
"remodeled" ===> 0.1709557568215743
------------------------------------
----------------pc29-----------------
"etiquette" ===> 0.3719451909363122
"tokina" ===> 0.3603219037195527
"michelle" ===> 0.19759588268491599
"liisa" ===> 0.19759588268491599
"sb" ===> 0.1859725954681561
"ultimate" ===> 0.1859725954681561
"box" ===> 0.1859725954681561
"halle" ===> 0.1859725954681561
"atx165prodx" ===> 0.17434930825139633
"eventphotography" ===> 0.17434930825139633
------------------------------------
----------------pc30-----------------
"halliwell" ===> 0.302898479794333
"eddie" ===> 0.302898479794333
"collevetion" ===> 0.302898479794333
"armada" ===> 0.302898479794333
"loveevolution" ===> 0.302898479794333
"groove" ===> 0.302898479794333
"deadmau5" ===> 0.302898479794333
"fischerspooner" ===> 0.302898479794333
"afterpart" ===> 0.302898479794333
"billy" ===> 0.302898479794333
------------------------------------
Total execution time 2.431997537612915 sec
