Total execution time till reading dataframe 0.18189740180969238
----------------pc1-----------------
"belgian" ===> 0.5859419261734119
"belgium" ===> 0.3144834609942715
"martelaarsplaat" ===> 0.2419026300715921
"martyr" ===> 0.23183003133362687
"jenneval" ===> 0.20158552505966007
"dutch" ===> 0.19150645984148146
"brussel" ===> 0.14872516978801892
"flemish" ===> 0.14110986754176208
"brabançonne" ===> 0.12095131503579605
"mérode" ===> 0.12095131503579605
------------------------------------
----------------pc2-----------------
"guacharaca" ===> 0.2682449770303545
"venezuela" ===> 0.2402193824152429
"su" ===> 0.21219171365086417
"caraca" ===> 0.19617916230578178
"maraca" ===> 0.19017367774540073
"pero" ===> 0.13812614488876473
"cual" ===> 0.13412248851517725
"otra" ===> 0.12411334758120873
"mucho" ===> 0.1181078630208277
"ya" ===> 0.11610603483403402
------------------------------------
----------------pc3-----------------
"frieden" ===> 0.17138992853715204
"bogen" ===> 0.128542446402864
"étex" ===> 0.128542446402864
"triumphbogen" ===> 0.128542446402864
"earthquake" ===> 0.1139144944204763
"cortot" ===> 0.10838442194039186
"metope" ===> 0.0961944619550689
"walnut" ===> 0.0958570181642008
"bildhauern" ===> 0.09228688459692809
"handelt" ===> 0.08569496426857602
------------------------------------
----------------pc4-----------------
"walnut" ===> 0.2500998024644945
"earthquake" ===> 0.12252169172542669
"metope" ===> 0.10346276190147134
"canyon" ===> 0.09514744572731552
"anasazi" ===> 0.09378742592418543
"ancestral" ===> 0.09378742592418543
"cella" ===> 0.08984924059864619
"en.wikipedia.orgwikiwikipedia:text_of_creative_commons_" ===> 0.0854507658420356
"sharealike_3.0_unported_license" ===> 0.0854507658420356
"http:en.wikipedia.orgwikiwikipedia:text_of_creative_commons_attribution" ===> 0.0854507658420356
------------------------------------
----------------pc5-----------------
"walnut" ===> 0.4486788358040107
"canyon" ===> 0.17075365337105594
"anasazi" ===> 0.16825456342650386
"ancestral" ===> 0.16825456342650386
"http:en.wikipedia.orgwikiwikipedia:text_of_creative_commons_attribution" ===> 0.15329860223303698
"sharealike_3.0_unported_license" ===> 0.15329860223303698
"en.wikipedia.orgwikiwikipedia:text_of_creative_commons_" ===> 0.15329860223303698
"coconino" ===> 0.13086466044283634
"mst" ===> 0.11216970895100267
"a.m" ===> 0.11216970895100267
------------------------------------
----------------pc6-----------------
"ambrareview" ===> 0.43114332707648867
"facebook" ===> 0.21557166353824433
"instagram.compauldambraau" ===> 0.21557166353824433
"pinterest.compauldambraboard" ===> 0.21557166353824433
"triptease" ===> 0.21557166353824433
"http:pinterest.compauldambraboard" ===> 0.21557166353824433
"www.facebook.compdambra" ===> 0.21557166353824433
"https:www.facebook.compdambra" ===> 0.21557166353824433
"www.flickr.comphotosbehindthesteeringwheelset" ===> 0.21557166353824433
"http:triptease.comprofilepaul" ===> 0.21557166353824433
------------------------------------
----------------pc7-----------------
"provence" ===> 0.44275924102671704
"aix" ===> 0.3513198325538083
"dominican" ===> 0.17325361605393272
"emmanuel" ===> 0.15881581471610506
"jule" ===> 0.14437801337827724
"jarente" ===> 0.11550241070262192
"l'eglise" ===> 0.11550241070262192
"fame" ===> 0.0894547097560281
"classified" ===> 0.07700160713508124
"socle" ===> 0.0729660575290085
------------------------------------
----------------pc8-----------------
"jardim" ===> 0.3580319185142531
"botânico" ===> 0.3068845015836456
"botanical" ===> 0.17901222641771417
"botanische" ===> 0.1534422507918228
"garten" ===> 0.12788117329137952
"artístico" ===> 0.10229483386121527
"tropical" ===> 0.10229483386121527
"brazilian" ===> 0.10229483386121527
"2f" ===> 0.10229483386121527
"br" ===> 0.10229483386121527
------------------------------------
----------------pc9-----------------
"digiensemble" ===> 0.551324953689488
"thumbjam" ===> 0.22052998147579517
"motion" ===> 0.22052998147579517
"aria" ===> 0.22052998147579517
"midi" ===> 0.16550707791166083
"device" ===> 0.16539306060840356
"starker" ===> 0.11026499073789758
"ipodtouch" ===> 0.11026499073789758
"digiensemble.combach" ===> 0.11026499073789758
"iosmusic" ===> 0.11026499073789758
------------------------------------
----------------pc10-----------------
"pinakothek" ===> 0.40871927961339216
"skelett" ===> 0.3007556963192887
"exemplar" ===> 0.2853323272772739
"münchen" ===> 0.2776206427562662
"moderne" ===> 0.2621972737142517
"brandhorst" ===> 0.2621972737142517
"archaeopteryx" ===> 0.20050379754619227
"bayern" ===> 0.12338695233611845
"solnhofen" ===> 0.11567526781511098
"fund" ===> 0.11565562652093664
------------------------------------
----------------pc11-----------------
"哥" ===> 0.5914754399757294
"吴" ===> 0.3808129545049215
"窟" ===> 0.33219853478088895
"暹" ===> 0.21876488875814626
"粒" ===> 0.21876488875814626
"吳" ===> 0.21066248547080774
"埔" ===> 0.21066248547080774
"寨" ===> 0.21066248547080774
"佛" ===> 0.21066248547080774
"柬" ===> 0.21066248547080774
------------------------------------
----------------pc12-----------------
"morro" ===> 0.3802217241702524
"cerro" ===> 0.29438064678930015
"baird" ===> 0.2698577611639673
"http:santalucia.sierraclub.orgninesis.html" ===> 0.24532523742178836
"hike" ===> 0.18830901154873875
"tiki" ===> 0.1880826820233711
"estuary" ===> 0.1880826820233711
"oso" ===> 0.171727666195252
"fitness" ===> 0.171727666195252
"mikebaird" ===> 0.13084012662495373
------------------------------------
----------------pc13-----------------
"dalbera" ===> 0.3830597697898921
"objid24" ===> 0.24450623603610133
"égyptien" ===> 0.154853949489531
"museum.de" ===> 0.13334468794155277
"p2" ===> 0.12259301663008669
"http:www.smb.museumsmbstandorteindex.php" ===> 0.12225311801805067
"collectionneuesmuseum" ===> 0.12225311801805067
"musicienne" ===> 0.12225311801805067
"n2" ===> 0.12225311801805067
"www.smb.museumsmbstandorteindex.php" ===> 0.12225311801805067
------------------------------------
----------------pc14-----------------
"tula" ===> 0.34218308485572635
"puuc" ===> 0.28076560808675
"950" ===> 0.2018002808123516
"http:archaeology.about.comodttermsgtula.htm" ===> 0.2018002808123516
"toltec" ===> 0.15825796547111545
"chichén" ===> 0.14661539045632227
"tablud" ===> 0.140382804043375
"tablero" ===> 0.140382804043375
"priest'" ===> 0.140382804043375
"stacked" ===> 0.140382804043375
------------------------------------
----------------pc15-----------------
"goodyear" ===> 0.45315600410493106
"email" ===> 0.2665623553558418
"collectionsgoodyear" ===> 0.2665623553558418
"brooklyn" ===> 0.2665623553558418
"archivist" ===> 0.2665623553558418
"archival" ===> 0.2665623553558418
"we'd" ===> 0.2665623553558418
"http:www.brooklynmuseum.orgresearchdigital" ===> 0.2665623553558418
"brooklynmuseum.org" ===> 0.2665623553558418
"brooklynmuseum" ===> 0.2665623553558418
------------------------------------
----------------pc16-----------------
"mètre" ===> 0.5037555837215646
"longueur" ===> 0.2518777918607823
"l'esplanade" ===> 0.15292580220118915
"russe" ===> 0.12593889593039115
"viaduc" ===> 0.12593889593039115
"expositionuniversellede1900" ===> 0.12593889593039115
"ingénieur" ===> 0.12593889593039115
"154" ===> 0.12593889593039115
"encadrée" ===> 0.12593889593039115
"alby" ===> 0.12593889593039115
------------------------------------
----------------pc17-----------------
"mitla" ===> 0.5865615873271839
"anger" ===> 0.41242611608942625
"julian" ===> 0.13747537202980875
"http:en.wikipedia.orgwikiangers_cathedral" ===> 0.13747537202980875
"1032" ===> 0.13747537202980875
"cathédral" ===> 0.13747537202980875
"en.wikipedia.orgwikiangers_cathedral" ===> 0.13747537202980875
"transept'" ===> 0.13747537202980875
"doué" ===> 0.13747537202980875
"glasswork" ===> 0.13747537202980875
------------------------------------
----------------pc18-----------------
"normandy" ===> 0.26179460089646245
"pillbox" ===> 0.13089730044823122
"crisbecq" ===> 0.13089730044823122
"2ndarmoureddivision" ===> 0.13089730044823122
"vierville" ===> 0.13089730044823122
"reenactment" ===> 0.13089730044823122
"ranville" ===> 0.13089730044823122
"quineville" ===> 0.13089730044823122
"bunker" ===> 0.13089730044823122
"3rdarmy" ===> 0.13089730044823122
------------------------------------
----------------pc19-----------------
"黎" ===> 0.3836275381329278
"國" ===> 0.2615642305451781
"洲" ===> 0.2615642305451781
"法" ===> 0.2615642305451781
"塔" ===> 0.25284542286033884
"panasonic" ===> 0.1417789985932741
"vario" ===> 0.13078277388431786
"micro" ===> 0.13078211527258904
"m5" ===> 0.13078211527258904
"m43" ===> 0.13078211527258904
------------------------------------
----------------pc20-----------------
"gard" ===> 0.4194178481219878
"organization" ===> 0.2097089240609939
"maría" ===> 0.2097089240609939
"villaflor" ===> 0.2097089240609939
"cándida" ===> 0.10485446203049695
"bereaved" ===> 0.10485446203049695
"raquel" ===> 0.10485446203049695
"haydée" ===> 0.10485446203049695
"headscarf" ===> 0.10485446203049695
"baravalle" ===> 0.10485446203049695
------------------------------------
----------------pc21-----------------
"download" ===> 0.5702983482228341
"button" ===> 0.28514917411141705
"caipirinha" ===> 0.1805944769372308
"internacional" ===> 0.16158453199646963
"portobay" ===> 0.14257458705570852
"intend" ===> 0.14257458705570852
"reveillon" ===> 0.14257458705570852
"firework" ===> 0.14257458705570852
"portobayriointernacional" ===> 0.14257458705570852
"deluxeroom" ===> 0.14257458705570852
------------------------------------
----------------pc22-----------------
"parlamento" ===> 0.4131934294238535
"palácio" ===> 0.3246519802615992
"berlim" ===> 0.25578505594200235
"relógio" ===> 0.16724495952870255
"câmara" ===> 0.14756908193709048
"wikipédia" ===> 0.13773114314128446
"edifício" ===> 0.12789320434547838
"alemanha" ===> 0.10965089333200674
"grãbretanha" ===> 0.0983793879580603
"evangelical" ===> 0.09390178578465767
------------------------------------
----------------pc23-----------------
"denni" ===> 0.3219498128075897
"iamcanadian" ===> 0.3115643349750866
"dennisgjarvi" ===> 0.3115643349750866
"archer10" ===> 0.3115643349750866
"dennisjarvi" ===> 0.3115643349750866
"18200vr" ===> 0.2907933793100808
"tunisia" ===> 0.23886599014756654
"invitation" ===> 0.23886599014756654
"70300mmvr" ===> 0.19732407881755487
"freepicture" ===> 0.1557821674875433
------------------------------------
----------------pc24-----------------
"holocaust" ===> 0.25102442557517607
"stelae" ===> 0.18826831918138212
"encyclopedia" ===> 0.15689026598448513
"hauptstadt" ===> 0.15689026598448513
"wolfgangstaudt" ===> 0.15689026598448513
"66111" ===> 0.15689026598448513
"eisenman" ===> 0.12551221278758803
"dorotheenstadt" ===> 0.12551221278758803
"jewish" ===> 0.12551221278758803
"jew" ===> 0.12551221278758803
------------------------------------
----------------pc25-----------------
"scrapbook" ===> 0.6491839408329675
"tupper" ===> 0.3300935292371023
"annotated" ===> 0.22006235282473477
"albumen" ===> 0.1697141941443367
"4098b" ===> 0.16504676461855114
"cataloger" ===> 0.16504676461855114
"vaughn" ===> 0.16504676461855114
"bpldc" ===> 0.16504676461855114
"bpl" ===> 0.16504676461855114
"v3" ===> 0.16504676461855114
------------------------------------
----------------pc26-----------------
"ceramica" ===> 0.33095605729670013
"tesela" ===> 0.19160613843493163
"ceramico" ===> 0.19160613843493163
"tecnica" ===> 0.19160613843493163
"amb" ===> 0.17418739857721063
"caracteristica" ===> 0.13934991886176845
"trencadi" ===> 0.12487863231734933
"imagene" ===> 0.12193117900404743
"tratada" ===> 0.12193117900404743
"mosaico" ===> 0.09584782815357631
------------------------------------
----------------pc27-----------------
"175days.no" ===> 0.521543174207887
"ceramica" ===> 0.27411407066297283
"travelblog" ===> 0.2607715871039435
"http:www" ===> 0.2607715871039435
"tesela" ===> 0.15869761985751055
"ceramico" ===> 0.15869761985751055
"tecnica" ===> 0.15869761985751055
"amb" ===> 0.1442705635068278
"spotlight" ===> 0.13038579355197175
"cambodian" ===> 0.13038579355197175
------------------------------------
----------------pc28-----------------
"b.c.e" ===> 0.5032244455079615
"column.html" ===> 0.2287383843218006
"clerestory" ===> 0.18299070745744053
"townhouse" ===> 0.17155378824135048
"gaudí1904" ===> 0.17155378824135048
"expressionism" ===> 0.17155378824135048
"narthex" ===> 0.17155378824135048
"remodeled" ===> 0.17155378824135048
"http:smarthistory.orggothic.html" ===> 0.17155378824135048
"constitutio" ===> 0.17155378824135048
------------------------------------
----------------pc29-----------------
"etiquette" ===> 0.3624059636297602
"tokina" ===> 0.35108077726633025
"liisa" ===> 0.19252816817831006
"michelle" ===> 0.19252816817831006
"halle" ===> 0.1812029818148801
"ultimate" ===> 0.1812029818148801
"box" ===> 0.1812029818148801
"sb" ===> 0.1812029818148801
"atxpro1650mmf28dx" ===> 0.16987779545145004
"ultimatelightboxsystem" ===> 0.16987779545145004
------------------------------------
----------------pc30-----------------
"afterpart" ===> 0.2961369366655995
"groove" ===> 0.2961369366655995
"armada" ===> 0.2961369366655995
"deadmau5" ===> 0.2961369366655995
"collevetion" ===> 0.2961369366655995
"billy" ===> 0.2961369366655995
"eddie" ===> 0.2961369366655995
"halliwell" ===> 0.2961369366655995
"loveevolution" ===> 0.2961369366655995
"fischerspooner" ===> 0.2961369366655995
------------------------------------
Total execution time 1.954453706741333 sec
