Total execution time till reading dataframe 0.17889738082885742
----------------sv1-----------------
"etiquette" ===> 0.02998709289815811
"tokina" ===> 0.029049996245090668
"liisa" ===> 0.015930643102146497
"michelle" ===> 0.015930643102146497
"sb" ===> 0.014993546449079055
"box" ===> 0.014993546449079055
"halle" ===> 0.014993546449079055
"ultimate" ===> 0.014993546449079055
"atx165prodx" ===> 0.014056449796011613
"eventphotography" ===> 0.014056449796011613
------------------------------------
----------------sv2-----------------
"etiquette" ===> 0.3735688458441899
"tokina" ===> 0.36189481941155893
"michelle" ===> 0.19845844935472592
"liisa" ===> 0.19845844935472592
"halle" ===> 0.18678442292209496
"box" ===> 0.18678442292209496
"ultimate" ===> 0.18678442292209496
"sb" ===> 0.18678442292209496
"northerncalifornia" ===> 0.17511039648946403
"partydressbirthdaycelebration" ===> 0.17511039648946403
------------------------------------
----------------sv3-----------------
"b.c.e" ===> 0.5015340600244177
"column.html" ===> 0.2279700272838262
"clerestory" ===> 0.18237602182706097
"constitutio" ===> 0.17097752046286965
"hispania" ===> 0.17097752046286965
"smarthistory.orggothic.html" ===> 0.17097752046286965
"expressionism" ===> 0.17097752046286965
"townhouse" ===> 0.17097752046286965
"gaudí1904" ===> 0.17097752046286965
"http:smarthistory.orggothic.html" ===> 0.17097752046286965
------------------------------------
----------------sv4-----------------
"175days.no" ===> 0.6861074063659733
"travelblog" ===> 0.34305370318298667
"http:www" ===> 0.34305370318298667
"cambodian" ===> 0.17152685159149333
"spotlight" ===> 0.17152685159149333
"qila" ===> 0.17152685159149333
"popularity" ===> 0.17152685159149333
"lal" ===> 0.17152685159149333
"redfortofagra" ===> 0.14865660471262757
"lalqila" ===> 0.14865660471262757
------------------------------------
----------------sv5-----------------
"ceramica" ===> 0.42817444455035847
"ceramico" ===> 0.247890467897576
"tesela" ===> 0.247890467897576
"tecnica" ===> 0.247890467897576
"amb" ===> 0.22535497081597816
"caracteristica" ===> 0.18028397665278253
"trencadi" ===> 0.16156844645129154
"tratada" ===> 0.1577484795711847
"imagene" ===> 0.1577484795711847
"mosaico" ===> 0.12400994350360615
------------------------------------
----------------sv6-----------------
"scrapbook" ===> 0.6502607186598545
"tupper" ===> 0.3306410433863667
"annotated" ===> 0.22042736225757778
"albumen" ===> 0.16963005910646334
"transcription" ===> 0.16532052169318334
"4098b" ===> 0.16532052169318334
"vaughn" ===> 0.16532052169318334
"v3" ===> 0.16532052169318334
"williamvaughntupper" ===> 0.16532052169318334
"bpldc" ===> 0.16532052169318334
------------------------------------
----------------sv7-----------------
"holocaust" ===> 0.25025860960553215
"stelae" ===> 0.1876939572041491
"66111" ===> 0.1564116310034576
"encyclopedia" ===> 0.1564116310034576
"wolfgangstaudt" ===> 0.1564116310034576
"hauptstadt" ===> 0.1564116310034576
"jewish" ===> 0.12512930480276607
"eisenman" ===> 0.12512930480276607
"jew" ===> 0.12512930480276607
"dorotheenstadt" ===> 0.12512930480276607
------------------------------------
----------------sv8-----------------
"tula" ===> 0.008108802987303917
"puuc" ===> 0.006653376810095522
"parlamento" ===> 0.005699449102967545
"950" ===> 0.004782114582256156
"http:archaeology.about.comodttermsgtula.htm" ===> 0.004782114582256156
"goodyear" ===> 0.0045289557615179315
"palácio" ===> 0.00447813858090307
"mitla" ===> 0.003928003871790916
"berlim" ===> 0.003527141376786073
"tablud" ===> 0.003326688405047761
------------------------------------
----------------sv9-----------------
"parlamento" ===> 0.41511802640322487
"palácio" ===> 0.32616416360253386
"berlim" ===> 0.2569911970592247
"relógio" ===> 0.168023963067972
"câmara" ===> 0.14825643800115176
"wikipédia" ===> 0.13837267546774165
"edifício" ===> 0.1284889129343315
"alemanha" ===> 0.11072020441102925
"grãbretanha" ===> 0.09883762533410118
"evangelical" ===> 0.0946727218116186
------------------------------------
----------------sv10-----------------
"download" ===> 0.5940876488514724
"button" ===> 0.2970438244257362
"caipirinha" ===> 0.1881277554696329
"internacional" ===> 0.1683248338412505
"option" ===> 0.14852572983481066
"reveillon" ===> 0.1485219122128681
"accommodation" ===> 0.1485219122128681
"deluxeroom" ===> 0.1485219122128681
"avenidaatlântida" ===> 0.1485219122128681
"portobay" ===> 0.1485219122128681
------------------------------------
----------------sv11-----------------
"mitla" ===> 0.001993520427752212
"黎" ===> 0.0019410700634131287
"morro" ===> 0.0016951858467142923
"ambrareview" ===> 0.0016138833253223257
"walnut" ===> 0.0014634360511035828
"anger" ===> 0.001401694050763274
"earthquake" ===> 0.0013732251607845947
"國" ===> 0.0013234568614180423
"洲" ===> 0.0013234568614180423
"法" ===> 0.0013234568614180423
------------------------------------
----------------sv12-----------------
"黎" ===> 0.41028888259382845
"國" ===> 0.27974241995033755
"法" ===> 0.27974241995033755
"洲" ===> 0.27974241995033755
"塔" ===> 0.2704176726186596
"panasonic" ===> 0.15271475075541313
"歐" ===> 0.13987772442949456
"em5" ===> 0.13987120997516878
"asph" ===> 0.13987120997516878
"gx" ===> 0.13987120997516878
------------------------------------
----------------sv13-----------------
"normandy" ===> 0.2800797265095564
"utah" ===> 0.14005566745815848
"azeville" ===> 0.1400398632547782
"normandie" ===> 0.1400398632547782
"paratrooper" ===> 0.1400398632547782
"reenactment" ===> 0.1400398632547782
"fortdelahougue" ===> 0.1400398632547782
"ranville" ===> 0.1400398632547782
"angovilleauplain" ===> 0.1400398632547782
"caen" ===> 0.1400398632547782
------------------------------------
----------------sv14-----------------
"tula" ===> 0.004016029323877361
"mètre" ===> 0.003906676375425719
"puuc" ===> 0.003295203547796809
"http:archaeology.about.comodttermsgtula.htm" ===> 0.0023684275499789562
"950" ===> 0.0023684275499789562
"longueur" ===> 0.0019533381877128594
"toltec" ===> 0.0017972434496658128
"chichén" ===> 0.001677788188722664
"tablero" ===> 0.0016476017738984044
"priest'" ===> 0.0016476017738984044
------------------------------------
----------------sv15-----------------
"mètre" ===> 0.502911534661957
"longueur" ===> 0.2514557673309785
"l'esplanade" ===> 0.1526695730223798
"relie" ===> 0.12572788366548926
"métallique" ===> 0.12572788366548926
"universelle" ===> 0.12572788366548926
"encadrée" ===> 0.12572788366548926
"possède" ===> 0.12572788366548926
"posée" ===> 0.12572788366548926
"décoration" ===> 0.12572788366548926
------------------------------------
----------------sv16-----------------
"dalbera" ===> 0.007518547617796512
"objid24" ===> 0.004799072947529689
"égyptien" ===> 0.003039412866768803
"tula" ===> 0.003028863494549455
"museum.de" ===> 0.002627367840930026
"puuc" ===> 0.002485221328861091
"p2" ===> 0.0024087507718908736
"http:www.smb.museumsmbstandorteindex.php" ===> 0.0023995364737648445
"musicienne" ===> 0.0023995364737648445
"collectionneuesmuseum" ===> 0.0023995364737648445
------------------------------------
----------------sv17-----------------
"tula" ===> 0.34340692363808456
"puuc" ===> 0.28176978349791554
"950" ===> 0.20252203188912682
"http:archaeology.about.comodttermsgtula.htm" ===> 0.20252203188912682
"toltec" ===> 0.1589708491796521
"chichén" ===> 0.14743485470108345
"tablud" ===> 0.14088489174895777
"priest'" ===> 0.14088489174895777
"tablero" ===> 0.14088489174895777
"stacked" ===> 0.14088489174895777
------------------------------------
----------------sv18-----------------
"dalbera" ===> 0.38567582548393653
"objid24" ===> 0.24617605881953394
"égyptien" ===> 0.15591150391903819
"museum.de" ===> 0.13457518405999
"p2" ===> 0.1235932691742993
"musicienne" ===> 0.12308802940976697
"n2" ===> 0.12308802940976697
"www.smb.museumsmbstandorteindex.php" ===> 0.12308802940976697
"http:www.smb.museumsmbstandorteindex.php" ===> 0.12308802940976697
"collectionneuesmuseum" ===> 0.12308802940976697
------------------------------------
----------------sv19-----------------
"walnut" ===> 0.0028806038328197552
"jardim" ===> 0.0022693699001051447
"botânico" ===> 0.0019451742000901242
"guacharaca" ===> 0.001404067522925551
"venezuela" ===> 0.001257373901127359
"botanical" ===> 0.001134703128205475
"su" ===> 0.0011109328461599074
"ancestral" ===> 0.001080226437307408
"anasazi" ===> 0.001080226437307408
"caraca" ===> 0.0010268553525873431
------------------------------------
----------------sv20-----------------
"jardim" ===> 0.0001042047686777226
"pinakothek" ===> 9.602528319317891e-05
"botânico" ===> 8.931837315233366e-05
"skelett" ===> 7.06601140478109e-05
"exemplar" ===> 6.703651845561548e-05
"münchen" ===> 6.522472065951775e-05
"moderne" ===> 6.160112506732232e-05
"brandhorst" ===> 6.160112506732232e-05
"botanical" ===> 5.210299018178159e-05
"archaeopteryx" ===> 4.71067426985406e-05
------------------------------------
----------------sv21-----------------
"pinakothek" ===> 0.4088917735457249
"skelett" ===> 0.3008826258166655
"exemplar" ===> 0.285452747569657
"münchen" ===> 0.27773780844615276
"moderne" ===> 0.2623079301991443
"brandhorst" ===> 0.2623079301991443
"archaeopteryx" ===> 0.20058841721111034
"bayern" ===> 0.1234390259760679
"solnhofen" ===> 0.11572408685256365
"fund" ===> 0.11566410031380803
------------------------------------
----------------sv22-----------------
"digiensemble" ===> 0.5515002233938688
"aria" ===> 0.22060008935754755
"thumbjam" ===> 0.22060008935754755
"motion" ===> 0.22060008935754755
"midi" ===> 0.16562229363997832
"device" ===> 0.16545239522671132
"bach" ===> 0.11030882487050897
"ipodtouch" ===> 0.11030004467877377
"herr" ===> 0.11030004467877377
"singer" ===> 0.11030004467877377
------------------------------------
----------------sv23-----------------
"provence" ===> 0.00744407670977812
"frieden" ===> 0.007115705354993622
"walnut" ===> 0.005981549265255216
"aix" ===> 0.005906713041454378
"bogen" ===> 0.005336779016245217
"triumphbogen" ===> 0.005336779016245217
"étex" ===> 0.005336779016245217
"cortot" ===> 0.004455149764876628
"bildhauern" ===> 0.0038315336526888732
"auszug" ===> 0.003557852677496811
------------------------------------
----------------sv24-----------------
"ambrareview" ===> 0.04896168473831792
"pinterest" ===> 0.02448084236915896
"pinterest.compauldambraboard" ===> 0.02448084236915896
"http:pinterest.compauldambraboard" ===> 0.02448084236915896
"www.facebook.compdambra" ===> 0.02448084236915896
"http:triptease.comprofilepaul" ===> 0.02448084236915896
"http:www.flickr.comphotosbehindthesteeringwheelset" ===> 0.02448084236915896
"https:www.facebook.compdambra" ===> 0.02448084236915896
"http:instagram.compauldambraau" ===> 0.02448084236915896
"triptease" ===> 0.02448084236915896
------------------------------------
----------------sv25-----------------
"walnut" ===> 0.011372326191947594
"earthquake" ===> 0.005221323418565415
"metope" ===> 0.004409117553455239
"canyon" ===> 0.004328349569426745
"ancestral" ===> 0.004264622321980348
"anasazi" ===> 0.004264622321980348
"en.wikipedia.orgwikiwikipedia:text_of_creative_commons_" ===> 0.0038855447822487613
"sharealike_3.0_unported_license" ===> 0.0038855447822487613
"http:en.wikipedia.orgwikiwikipedia:text_of_creative_commons_attribution" ===> 0.0038855447822487613
"cella" ===> 0.0038289705069479703
------------------------------------
----------------sv26-----------------
"walnut" ===> 0.4411811980199181
"canyon" ===> 0.1680210481844466
"ancestral" ===> 0.1654429492574693
"anasazi" ===> 0.1654429492574693
"http:en.wikipedia.orgwikiwikipedia:text_of_creative_commons_attribution" ===> 0.15073690932347203
"sharealike_3.0_unported_license" ===> 0.15073690932347203
"en.wikipedia.orgwikiwikipedia:text_of_creative_commons_" ===> 0.15073690932347203
"coconino" ===> 0.12867784942247612
"00" ===> 0.11029595382501939
"neighboring" ===> 0.11029529950497953
------------------------------------
----------------sv27-----------------
"walnut" ===> 0.2505079176282549
"earthquake" ===> 0.11371925478577238
"metope" ===> 0.0960295929302078
"canyon" ===> 0.09542179330958671
"anasazi" ===> 0.0939404691105956
"ancestral" ===> 0.0939404691105956
"sharealike_3.0_unported_license" ===> 0.08559020518965375
"http:en.wikipedia.orgwikiwikipedia:text_of_creative_commons_attribution" ===> 0.08559020518965375
"en.wikipedia.orgwikiwikipedia:text_of_creative_commons_" ===> 0.08559020518965375
"cella" ===> 0.0833941201762331
------------------------------------
----------------sv28-----------------
"frieden" ===> 0.16364980769169207
"walnut" ===> 0.12400463108748452
"étex" ===> 0.12273735576876905
"bogen" ===> 0.12273735576876905
"triumphbogen" ===> 0.12273735576876905
"earthquake" ===> 0.11796042695508736
"cortot" ===> 0.10359180121791964
"metope" ===> 0.09961102720651821
"bildhauern" ===> 0.08811912721860342
"cella" ===> 0.0865043131003974
------------------------------------
----------------sv29-----------------
"guacharaca" ===> 0.26823530815463686
"venezuela" ===> 0.2402107237205703
"su" ===> 0.2121918214849206
"caraca" ===> 0.19617209103846575
"maraca" ===> 0.1901668229454515
"pero" ===> 0.1381211661393279
"cual" ===> 0.13411765407731843
"otra" ===> 0.12410887392229465
"mucho" ===> 0.1181036058292804
"ya" ===> 0.11610184979827565
------------------------------------
----------------sv30-----------------
"vision:beach075" ===> -4.573165551097483e-22
"vision:text069" ===> -4.573165551097483e-22
"vision:text070" ===> -4.573165551097483e-22
"vision:beach068" ===> -4.573165551097483e-22
"vision:sunset056" ===> -4.573165551097483e-22
"vision:text052" ===> -9.146331102194966e-22
"arapacisfaustodellechiaie" ===> -6.859748326646223e-21
"delle" ===> -6.859748326646223e-21
"l'artista" ===> -6.859748326646223e-21
"chiaie" ===> -6.859748326646223e-21
------------------------------------
Total execution time 2.6304943561553955 sec
