Total execution time till reading dataframe 0.41176533699035645
Topic 0: "guacharaca" "venezuela" "su" "caraca" "maraca" "pero" "cual" "otra"
Topic 1: "mètre" "ceramica" "lego" "davehighbury" "davidholt" "unrestricted" "censorship" "06121987"
Topic 2: "tula" "puuc" "chichén" "dioramasky" "itzá" "950" "http:archaeology.about.comodttermsgtula.htm" "senegal"
Topic 3: "哥" "吴" "crow" "窟" "denni" "mendocino" "dennisgjarvi" "dennisjarvi"
Topic 4: "provence" "aix" "dominican" "emmanuel" "jule" "jarente" "l'eglise" "socle"
Topic 5: "dmcg10" "gard" "microfourthirdsmicro43" "microfourthird" "berlín" "holocaust" "panasonic" "organization"
Topic 6: "immigration" "redcyan" "recoleta" "3d" "http:www.schillr.combild.php5" "inputmodeparallel" "touri" "palermo"
Topic 7: "dalbera" "mostro" "objid24" "coliseu" "égyptien" "st.pancra" "museum.de" "marla"
Topic 8: "walnut" "175days.no" "frieden" "goodyear" "canyon" "ancestral" "anasazi" "sharealike_3.0_unported_license"
Topic 9: "ambrareview" "pinakothek" "earthquake" "triptease" "http:instagram.compauldambraau" "instagram.compauldambraau" "https:www.facebook.compdambra" "triptease.comprofilepaul"
Topic 10: "jardim" "botânico" "scrapbook" "belfast" "botanical" "botanische" "tupper" "garten"
Topic 11: "debby" "naomi" "l'etoile" "pcla" "20130612" "kristen" "deirdre" "hearst"
Topic 12: "digiensemble" "lincoln" "aria" "motion" "thumbjam" "hornet" "webster" "u2"
Topic 13: "mitla" "download" "morro" "anger" "cerro" "baird" "etiquette" "tokina"
Topic 14: "belgian" "belgium" "martelaarsplaat" "martyr" "jenneval" "dutch" "brussel" "flemish"
Topic 15: "billy" "fischerspooner" "collevetion" "afterpart" "halliwell" "eddie" "groove" "deadmau5"
Topic 16: "chevreuse" "craigslist" "cornell" "chateau" "airme" "guanabara" "queensbury" "yveline"
Topic 17: "riviera" "parlamento" "palácio" "berlim" "key.comblogsjon" "himoff" "relógio" "ancientworld"
Topic 18: "馬" "http:www.eutouring.com" "www.eutouring.com" "ακρόπολη" "50view" "acropoli" "海" "athen"
Topic 19: "marin" "randy" "nouhailler" "黎" "b.c.e" "tuzigoot" "法" "洲"
Total execution time 362.0028121471405 sec
