Total execution time till reading dataframe 0.1868915557861328
----------------sv1-----------------
"afterpart" ===> -0.30515879535793694
"deadmau5" ===> -0.30515879535793694
"groove" ===> -0.30515879535793694
"billy" ===> -0.30515879535793694
"collevetion" ===> -0.30515879535793694
"eddie" ===> -0.30515879535793694
"halliwell" ===> -0.30515879535793694
"fischerspooner" ===> -0.30515879535793694
"loveevolution" ===> -0.30515879535793694
"armada" ===> -0.30515879535793694
------------------------------------
----------------sv2-----------------
"黎" ===> -0.003606306853985545
"國" ===> -0.0024588455822628715
"洲" ===> -0.0024588455822628715
"法" ===> -0.0024588455822628715
"塔" ===> -0.002376884062854109
"denni" ===> -0.0015685584113609289
"iamcanadian" ===> -0.0015179597529299308
"dennisjarvi" ===> -0.0015179597529299308
"archer10" ===> -0.0015179597529299308
"dennisgjarvi" ===> -0.0015179597529299308
------------------------------------
----------------sv3-----------------
"ceramica" ===> -0.07605501720741727
"tecnica" ===> -0.044031852067452096
"ceramico" ===> -0.044031852067452096
"tesela" ===> -0.044031852067452096
"amb" ===> -0.04002895642495645
"caracteristica" ===> -0.032023165139965164
"trencadi" ===> -0.028599680197382744
"imagene" ===> -0.028020269497469517
"tratada" ===> -0.028020269497469517
"creando" ===> -0.022015926033726048
------------------------------------
----------------sv4-----------------
"ceramica" ===> -0.019213382711764176
"tecnica" ===> -0.011123537359442416
"tesela" ===> -0.011123537359442416
"ceramico" ===> -0.011123537359442416
"amb" ===> -0.010112306690402197
"caracteristica" ===> -0.008089845352321759
"trencadi" ===> -0.007248007654249568
"imagene" ===> -0.0070786146832815386
"tratada" ===> -0.0070786146832815386
"mosaico" ===> -0.005561842169607599
------------------------------------
----------------sv5-----------------
"ceramica" ===> -0.42817444455035825
"tesela" ===> -0.24789046789757582
"ceramico" ===> -0.24789046789757582
"tecnica" ===> -0.24789046789757582
"amb" ===> -0.225354970815978
"caracteristica" ===> -0.18028397665278242
"trencadi" ===> -0.16156844645129143
"imagene" ===> -0.1577484795711846
"tratada" ===> -0.1577484795711846
"mosaico" ===> -0.12400994350360607
------------------------------------
----------------sv6-----------------
"download" ===> -0.014645997420471983
"gard" ===> -0.010219003443896821
"button" ===> -0.007322998710235991
"dalbera" ===> -0.006446425807202958
"maría" ===> -0.005109501721948411
"villaflor" ===> -0.005109501721948411
"organization" ===> -0.005109501721948411
"caipirinha" ===> -0.004637899183149461
"internacional" ===> -0.004149699269133728
"objid24" ===> -0.004114739876938058
------------------------------------
----------------sv7-----------------
"holocaust" ===> -0.2502586096055327
"stelae" ===> -0.1876939572041495
"encyclopedia" ===> -0.15641163100345792
"hauptstadt" ===> -0.15641163100345792
"wolfgangstaudt" ===> -0.15641163100345792
"66111" ===> -0.15641163100345792
"jewish" ===> -0.12512930480276635
"jew" ===> -0.12512930480276635
"dorotheenstadt" ===> -0.12512930480276635
"eisenman" ===> -0.12512930480276635
------------------------------------
----------------sv8-----------------
"denni" ===> -0.32207080006882854
"dennisgjarvi" ===> -0.311681419421447
"dennisjarvi" ===> -0.311681419421447
"iamcanadian" ===> -0.311681419421447
"archer10" ===> -0.311681419421447
"18200vr" ===> -0.29090265812668387
"invitation" ===> -0.23895575488977602
"tunisia" ===> -0.23895575488977602
"70300mmvr" ===> -0.19739823230024975
"freepicture" ===> -0.1558407097107235
------------------------------------
----------------sv9-----------------
"parlamento" ===> -0.41511802640322576
"palácio" ===> -0.32616416360253453
"berlim" ===> -0.25699119705922524
"relógio" ===> -0.16802396306797235
"câmara" ===> -0.14825643800115207
"wikipédia" ===> -0.13837267546774193
"edifício" ===> -0.1284889129343318
"alemanha" ===> -0.11072020441102949
"grãbretanha" ===> -0.09883762533410138
"evangelical" ===> -0.09467272181161876
------------------------------------
----------------sv10-----------------
"download" ===> -0.594087648851465
"button" ===> -0.2970438244257325
"caipirinha" ===> -0.1881277554696306
"internacional" ===> -0.16832483384124844
"option" ===> -0.14852572983480886
"reveillon" ===> -0.14852191221286626
"avenidaatlântida" ===> -0.14852191221286626
"intend" ===> -0.14852191221286626
"mice" ===> -0.14852191221286626
"thesugarloafmountaincablecar" ===> -0.14852191221286626
------------------------------------
----------------sv11-----------------
"mitla" ===> -0.0019935204277504266
"黎" ===> -0.001941070063412525
"morro" ===> -0.0016951858467154316
"ambrareview" ===> -0.0016138833253227576
"walnut" ===> -0.0014634360511033757
"anger" ===> -0.0014016940507620187
"earthquake" ===> -0.0013732251607846853
"法" ===> -0.0013234568614176308
"國" ===> -0.0013234568614176308
"洲" ===> -0.0013234568614176308
------------------------------------
----------------sv12-----------------
"黎" ===> -0.410288882593828
"洲" ===> -0.2797424199503373
"法" ===> -0.2797424199503373
"國" ===> -0.2797424199503373
"塔" ===> -0.2704176726186594
"panasonic" ===> -0.15271475075541296
"歐" ===> -0.13987772442949442
"micro" ===> -0.13987120997516864
"d800" ===> -0.13987120997516864
"asph" ===> -0.13987120997516864
------------------------------------
----------------sv13-----------------
"normandy" ===> -0.28007972650955615
"utah" ===> -0.1400556674581583
"patton" ===> -0.14003986325477807
"dday" ===> -0.14003986325477807
"benouville" ===> -0.14003986325477807
"portenbessin" ===> -0.14003986325477807
"pillbox" ===> -0.14003986325477807
"paratrooper" ===> -0.14003986325477807
"parachute" ===> -0.14003986325477807
"fortdelahougue" ===> -0.14003986325477807
------------------------------------
----------------sv14-----------------
"mitla" ===> -0.591824830611836
"anger" ===> -0.41612683402394723
"http:en.wikipedia.orgwikiangers_cathedral" ===> -0.13870894467464906
"beaumont" ===> -0.13870894467464906
"en.wikipedia.orgwikiangers_cathedral" ===> -0.13870894467464906
"cathédral" ===> -0.13870894467464906
"transept'" ===> -0.13870894467464906
"julian" ===> -0.13870894467464906
"glasswork" ===> -0.13870894467464906
"1032" ===> -0.13870894467464906
------------------------------------
----------------sv15-----------------
"mètre" ===> -0.5029115346619574
"longueur" ===> -0.2514557673309787
"l'esplanade" ===> -0.15266957302237993
"alby" ===> -0.12572788366548934
"22,50" ===> -0.12572788366548934
"l'exposition" ===> -0.12572788366548934
"l'inaugure" ===> -0.12572788366548934
"largeur" ===> -0.12572788366548934
"fil" ===> -0.12572788366548934
"expositionuniversellede1900" ===> -0.12572788366548934
------------------------------------
----------------sv16-----------------
"dalbera" ===> -0.00751854761779764
"objid24" ===> -0.004799072947530408
"égyptien" ===> -0.0030394128667692584
"tula" ===> -0.0030288634945604734
"museum.de" ===> -0.0026273678409304193
"puuc" ===> -0.0024852213288701318
"p2" ===> -0.0024087507718912366
"www.smb.museumsmbstandorteindex.php" ===> -0.002399536473765204
"musicienne" ===> -0.002399536473765204
"http:www.smb.museumsmbstandorteindex.php" ===> -0.002399536473765204
------------------------------------
----------------sv17-----------------
"walnut" ===> -0.004920183089190676
"ambrareview" ===> -0.003227359578283769
"canyon" ===> -0.0018491394864092372
"anasazi" ===> -0.0018450686584465033
"ancestral" ===> -0.0018450686584465033
"http:en.wikipedia.orgwikiwikipedia:text_of_creative_commons_attribution" ===> -0.001681062555473481
"sharealike_3.0_unported_license" ===> -0.001681062555473481
"en.wikipedia.orgwikiwikipedia:text_of_creative_commons_" ===> -0.001681062555473481
"http:www.flickr.comphotosbehindthesteeringwheelset" ===> -0.0016136797891418845
"https:www.facebook.compdambra" ===> -0.0016136797891418845
------------------------------------
----------------sv18-----------------
"morro" ===> -0.008461670601899243
"cerro" ===> -0.006542486324081374
"baird" ===> -0.005995474251389836
"http:santalucia.sierraclub.orgninesis.html" ===> -0.005450431137627124
"estuary" ===> -0.004178663872180795
"tiki" ===> -0.004178663872180795
"hike" ===> -0.004175582111969347
"oso" ===> -0.003815301796338986
"fitness" ===> -0.003815301796338986
"mikebaird" ===> -0.002906896606734466
------------------------------------
----------------sv19-----------------
"morro" ===> -0.38375239950558204
"cerro" ===> -0.29713654048970506
"baird" ===> -0.2723749237075115
"http:santalucia.sierraclub.orgninesis.html" ===> -0.2476135670068286
"hike" ===> -0.1901386577449588
"estuary" ===> -0.1898370680385686
"tiki" ===> -0.1898370680385686
"fitness" ===> -0.17332949690478003
"oso" ===> -0.17332949690478003
"mikebaird" ===> -0.13206056907030858
------------------------------------
----------------sv20-----------------
"哥" ===> -0.5932316584588959
"吴" ===> -0.38194367051463163
"窟" ===> -0.33318490406595525
"粒" ===> -0.2194144490190437
"暹" ===> -0.2194144490190437
"吳" ===> -0.2112879879442643
"埔" ===> -0.2112879879442643
"柬" ===> -0.2112879879442643
"佛" ===> -0.2112879879442643
"寨" ===> -0.2112879879442643
------------------------------------
----------------sv21-----------------
"frieden" ===> -0.006795385448070343
"triumphbogen" ===> -0.0050965390860527576
"étex" ===> -0.0050965390860527576
"bogen" ===> -0.0050965390860527576
"cortot" ===> -0.004253781076016815
"jardim" ===> -0.004157477571316424
"bildhauern" ===> -0.0036590537028071074
"botânico" ===> -0.0035635522039855067
"auftrag" ===> -0.0033976927240351716
"gegeben" ===> -0.0033976927240351716
------------------------------------
----------------sv22-----------------
"jardim" ===> -0.0010036664559584835
"botânico" ===> -0.0008602855336787001
"botanical" ===> -0.000501840457961177
"botanische" ===> -0.00043014276683935005
"provence" ===> -0.00042801356530128173
"garten" ===> -0.00035659453270623227
"aix" ===> -0.00033961945942384314
"botany" ===> -0.0002867618445595667
"área" ===> -0.0002867618445595667
"brazilian" ===> -0.0002867618445595667
------------------------------------
----------------sv23-----------------
"provence" ===> -0.00744407670978636
"frieden" ===> -0.007115705354993056
"walnut" ===> -0.005981549265255911
"aix" ===> -0.005906713041460916
"bogen" ===> -0.005336779016244792
"triumphbogen" ===> -0.005336779016244792
"étex" ===> -0.005336779016244792
"cortot" ===> -0.0044551497648762685
"bildhauern" ===> -0.0038315336526885684
"auszug" ===> -0.003557852677496528
------------------------------------
----------------sv24-----------------
"ambrareview" ===> -0.04896168473824945
"www.flickr.comphotosbehindthesteeringwheelset" ===> -0.024480842369124726
"https:www.facebook.compdambra" ===> -0.024480842369124726
"pinterest" ===> -0.024480842369124726
"pinterest.compauldambraboard" ===> -0.024480842369124726
"facebook" ===> -0.024480842369124726
"instagram.compauldambraau" ===> -0.024480842369124726
"www.facebook.compdambra" ===> -0.024480842369124726
"http:www.flickr.comphotosbehindthesteeringwheelset" ===> -0.024480842369124726
"http:triptease.comprofilepaul" ===> -0.024480842369124726
------------------------------------
----------------sv25-----------------
"walnut" ===> -0.011372326191947406
"earthquake" ===> -0.005221323418564915
"metope" ===> -0.004409117553454818
"canyon" ===> -0.004328349569426675
"anasazi" ===> -0.0042646223219802775
"ancestral" ===> -0.0042646223219802775
"en.wikipedia.orgwikiwikipedia:text_of_creative_commons_" ===> -0.0038855447822486976
"sharealike_3.0_unported_license" ===> -0.0038855447822486976
"http:en.wikipedia.orgwikiwikipedia:text_of_creative_commons_attribution" ===> -0.0038855447822486976
"cella" ===> -0.003828970506947605
------------------------------------
----------------sv26-----------------
"earthquake" ===> -0.10253410486689259
"metope" ===> -0.08658435522093151
"cella" ===> -0.0751916769023879
"italianate" ===> -0.06835606991126171
"sarmiento" ===> -0.06835606991126171
"taylor'" ===> -0.06835606991126171
"treasury" ===> -0.06835606991126171
"nrhp" ===> -0.05240632026530065
"usnationalregisterofhistoricplace" ===> -0.05240632026530065
"supervisor" ===> -0.05126997468876824
------------------------------------
----------------sv27-----------------
"frieden" ===> -0.14503625751301386
"bogen" ===> -0.1087771931347604
"triumphbogen" ===> -0.1087771931347604
"étex" ===> -0.1087771931347604
"cortot" ===> -0.0893841136702362
"bildhauern" ===> -0.07809644635316132
"auftrag" ===> -0.07251812875650693
"auszug" ===> -0.07251812875650693
"handelt" ===> -0.07251812875650693
"worden" ===> -0.07251812875650693
------------------------------------
----------------sv28-----------------
"frieden" ===> -0.16364980769169485
"walnut" ===> -0.12400463108749175
"étex" ===> -0.12273735576877115
"triumphbogen" ===> -0.12273735576877115
"bogen" ===> -0.12273735576877115
"earthquake" ===> -0.1179604269550834
"cortot" ===> -0.10359180121792133
"metope" ===> -0.09961102720651487
"bildhauern" ===> -0.08811912721860493
"cella" ===> -0.08650431310039448
------------------------------------
----------------sv29-----------------
"guacharaca" ===> -0.2682353081546363
"venezuela" ===> -0.2402107237205698
"su" ===> -0.2121918214849202
"caraca" ===> -0.19617209103846536
"maraca" ===> -0.1901668229454511
"pero" ===> -0.13812116613932765
"cual" ===> -0.13411765407731815
"otra" ===> -0.1241088739222944
"mucho" ===> -0.11810360582928016
"ya" ===> -0.1161018497982754
------------------------------------
----------------sv30-----------------
"belgian" ===> -0.585912732196872
"belgium" ===> -0.31448211920867253
"martelaarsplaat" ===> -0.2418905775124701
"martyr" ===> -0.23182431630153869
"jenneval" ===> -0.20157548126039174
"dutch" ===> -0.19151646409172382
"brussel" ===> -0.14873855317832338
"flemish" ===> -0.1411028368822742
"mérode" ===> -0.12094528875623504
"brabançonne" ===> -0.12094528875623504
------------------------------------
Total execution time 3.1481971740722656 sec
